#
# A fatal error has been detected by the Java Runtime Environment:
#
#  EXCEPTION_ACCESS_VIOLATION (0xc0000005) at pc=0x00007ff9960889b9, pid=2508, tid=25412
#
# JRE version: OpenJDK Runtime Environment Corretto-11.0.22.7.1 (11.0.22+7) (build 11.0.22+7-LTS)
# Java VM: OpenJDK 64-Bit Server VM Corretto-11.0.22.7.1 (11.0.22+7-LTS, mixed mode, tiered, compressed oops, g1 gc, windows-amd64)
# Problematic frame:
# C  [nvoglv64.dll+0x8c89b9]
#
# No core dump will be written. Minidumps are not enabled by default on client versions of Windows
#
# If you would like to submit a bug report, please visit:
#   https://github.com/corretto/corretto-11/issues/
# The crash happened outside the Java Virtual Machine in native code.
# See problematic frame for where to report the bug.
#

---------------  S U M M A R Y ------------

Command Line: -Dfile.encoding=windows-1252 -Duser.country=GB -Duser.language=en -Duser.variant com.heslington_hustle.game.DesktopLauncher

Host: Intel(R) Core(TM) i5-14600K, 20 cores, 31G,  Windows 11 , 64 bit Build 22621 (10.0.22621.3085)
Time: Wed Mar 13 06:07:19 2024 GMT Standard Time elapsed time: 5.251452 seconds (0d 0h 0m 5s)

---------------  T H R E A D  ---------------

Current thread (0x000001b14b2fa800):  JavaThread "main" [_thread_in_native, id=25412, stack(0x000000476c100000,0x000000476c200000)]

Stack: [0x000000476c100000,0x000000476c200000],  sp=0x000000476c1fecc0,  free space=1019k
Native frames: (J=compiled Java code, j=interpreted, Vv=VM code, C=native code)
C  [nvoglv64.dll+0x8c89b9]

Java frames: (J=compiled Java code, j=interpreted, Vv=VM code)
J 1340  org.lwjgl.opengl.GL11C.nglDrawElements(IIIJ)V (0 bytes) @ 0x000001b15b67d51e [0x000001b15b67d4c0+0x000000000000005e]
J 1500 c2 com.badlogic.gdx.graphics.Mesh.render(Lcom/badlogic/gdx/graphics/glutils/ShaderProgram;IIIZ)V (324 bytes) @ 0x000001b15b69727c [0x000001b15b6970a0+0x00000000000001dc]
J 1506 c2 com.badlogic.gdx.graphics.g2d.SpriteBatch.flush()V (196 bytes) @ 0x000001b15b69e384 [0x000001b15b69e060+0x0000000000000324]
J 1520 c1 com.badlogic.gdx.graphics.g2d.SpriteBatch.draw(Lcom/badlogic/gdx/graphics/Texture;FFFF)V (279 bytes) @ 0x000001b1544b40cc [0x000001b1544b3e80+0x000000000000024c]
J 1566 c1 com.heslington_hustle.screens.GameScreen.render(F)V (463 bytes) @ 0x000001b1544d07ac [0x000001b1544ce360+0x000000000000244c]
J 1330 c1 com.heslington_hustle.game.Heslington_hustle.render()V (5 bytes) @ 0x000001b154442e34 [0x000001b154442be0+0x0000000000000254]
J 1327 c1 com.badlogic.gdx.backends.lwjgl3.Lwjgl3Window.update()Z (217 bytes) @ 0x000001b154445ac4 [0x000001b154444d20+0x0000000000000da4]
j  com.badlogic.gdx.backends.lwjgl3.Lwjgl3Application.loop()V+111
j  com.badlogic.gdx.backends.lwjgl3.Lwjgl3Application.<init>(Lcom/badlogic/gdx/ApplicationListener;Lcom/badlogic/gdx/backends/lwjgl3/Lwjgl3ApplicationConfiguration;)V+269
j  com.heslington_hustle.game.DesktopLauncher.main([Ljava/lang/String;)V+41
v  ~StubRoutines::call_stub

siginfo: EXCEPTION_ACCESS_VIOLATION (0xc0000005), reading address 0x000001b17d144000


Register to memory mapping:

RIP=0x00007ff9960889b9 nvoglv64.dll
RAX=0x0000006768c5f6dc is an unknown value
RBX=0x0000000000000001 is an unknown value
RCX=0x000193f1454c4c8c is an unknown value
RDX=0x0000006768c5f6dc is an unknown value
RSP=0x000000476c1fecc0 is pointing into the stack for thread: 0x000001b14b2fa800
RBP=0x000001b17d29b080 points into unknown readable memory: 0x0000000000000000 | 00 00 00 00 00 00 00 00
RSI=0x0000000000000006 is an unknown value
RDI=0x000001b17d29b080 points into unknown readable memory: 0x0000000000000000 | 00 00 00 00 00 00 00 00
R8 =0x0000000000000d66 is an unknown value
R9 =0x0 is NULL
R10=0x0000000000000001 is an unknown value
R11=0x00000219df13a932 is an unknown value
R12=0x0000000000001403 is an unknown value
R13=0x0000000000001403 is an unknown value
R14=0x000001b17d144000 is an unknown value
R15=0x0000000000000004 is an unknown value


Registers:
RAX=0x0000006768c5f6dc, RBX=0x0000000000000001, RCX=0x000193f1454c4c8c, RDX=0x0000006768c5f6dc
RSP=0x000000476c1fecc0, RBP=0x000001b17d29b080, RSI=0x0000000000000006, RDI=0x000001b17d29b080
R8 =0x0000000000000d66, R9 =0x0000000000000000, R10=0x0000000000000001, R11=0x00000219df13a932
R12=0x0000000000001403, R13=0x0000000000001403, R14=0x000001b17d144000, R15=0x0000000000000004
RIP=0x00007ff9960889b9, EFLAGS=0x0000000000010246

Top of Stack: (sp=0x000000476c1fecc0)
0x000000476c1fecc0:   0000000000000001 000001b15b6762be
0x000000476c1fecd0:   000001b103462638 000001b15b675bb4
0x000000476c1fece0:   0000000622d3ab40 0000000622d3aae8
0x000000476c1fecf0:   000000062332f2a0 000001b100000001
0x000000476c1fed00:   bf80000000000000 000000003b23d70a
0x000000476c1fed10:   0000000621e2baa0 0000000000000010
0x000000476c1fed20:   0000000622d240a0 0000000000001403
0x000000476c1fed30:   000001b17d29b080 0000000000000000
0x000000476c1fed40:   000001b17d144000 000000476c1fee60
0x000000476c1fed50:   0000000000000004 0000000000000006
0x000000476c1fed60:   000000476c1fee70 00007ff995ce0756
0x000000476c1fed70:   000001b17d29d1c0 0000000000000004
0x000000476c1fed80:   0000004700000000 000001b100000000
0x000000476c1fed90:   000001b100000006 000000470000000c
0x000000476c1feda0:   000001b17d144000 000001b100000000
0x000000476c1fedb0:   0000000000000000 000001b17d13077c 

Instructions: (pc=0x00007ff9960889b9)
0x00007ff9960888b9:   23 d8 41 8b 82 08 06 00 00 41 8b cb 41 0b 8a 14
0x00007ff9960888c9:   06 00 00 f7 d1 23 c8 c1 e8 14 a8 01 0f 85 18 09
0x00007ff9960888d9:   00 00 80 bd ac 0d 92 00 00 0f 85 0b 09 00 00 45
0x00007ff9960888e9:   3b c8 0f 82 02 09 00 00 85 f6 0f 8e fa 08 00 00
0x00007ff9960888f9:   41 83 ff 0e 0f 87 f0 08 00 00 3b 95 28 10 92 00
0x00007ff996088909:   0f 8f e4 08 00 00 41 83 ba 00 06 00 00 00 0f 85
0x00007ff996088919:   d6 08 00 00 41 80 ba 29 06 00 00 00 0f 85 c8 08
0x00007ff996088929:   00 00 41 80 ba 28 06 00 00 00 0f 85 ba 08 00 00
0x00007ff996088939:   80 bd 35 e2 90 00 00 0f 85 ad 08 00 00 80 bd 3c
0x00007ff996088949:   e2 90 00 00 0f 85 a0 08 00 00 f7 c1 00 00 03 00
0x00007ff996088959:   0f 85 94 08 00 00 44 0b d9 45 85 9a 48 08 00 00
0x00007ff996088969:   0f 85 84 08 00 00 48 89 5c 24 78 48 8d 8d 80 11
0x00007ff996088979:   92 00 bb 01 00 00 00 48 89 7c 24 70 8b d3 4c 89
0x00007ff996088989:   6c 24 68 e8 4f 71 e7 ff 41 81 fc 05 14 00 00 75
0x00007ff996088999:   16 41 8b 16 41 8b 4c b6 fc 3b d1 8b f9 0f 47 fa
0x00007ff9960889a9:   0f 42 ca 2b f9 eb 57 41 81 fc 03 14 00 00 75 20
0x00007ff9960889b9:   41 0f b7 16 41 0f b7 4c 76 fe 0f b7 c1 66 3b d1
0x00007ff9960889c9:   66 0f 47 c2 66 0f 42 ca 0f b7 f8 0f b7 c1 eb 2c
0x00007ff9960889d9:   41 81 fc 01 14 00 00 0f 85 c8 07 00 00 45 0f b6
0x00007ff9960889e9:   06 42 0f b6 54 36 ff 44 3a c2 8b ca 41 0f 47 c8
0x00007ff9960889f9:   0f b6 f9 8b ca 41 0f 42 c8 0f b6 c1 2b f8 48 8b
0x00007ff996088a09:   8c 24 b0 00 00 00 44 8d 6e ff e8 68 0c 00 00 48
0x00007ff996088a19:   8b 84 24 b0 00 00 00 44 8b 50 20 41 8b c2 0f af
0x00007ff996088a29:   c7 44 89 94 24 d0 00 00 00 3b 85 2c 10 92 00 0f
0x00007ff996088a39:   8f 70 07 00 00 0f 29 74 24 50 41 81 fc 05 14 00
0x00007ff996088a49:   00 0f 85 04 01 00 00 45 8b 3e 41 8b ff 49 8d 56
0x00007ff996088a59:   04 3b f3 0f 8e 7f 03 00 00 41 83 fd 08 0f 82 b3
0x00007ff996088a69:   00 00 00 83 3d dd 1e 19 02 02 0f 8c a6 00 00 00
0x00007ff996088a79:   41 8b c5 25 07 00 00 80 7d 07 ff c8 83 c8 f8 ff
0x00007ff996088a89:   c0 66 41 0f 6e cf 8b ce 66 0f 70 c9 00 2b c8 66
0x00007ff996088a99:   0f 6f d9 66 0f 6f e1 66 0f 6f d1 f3 0f 6f 02 83
0x00007ff996088aa9:   c3 08 66 0f 38 3b c8 66 0f 38 3f d0 f3 0f 6f 42 


Stack slot to memory mapping:
stack at sp + 0 slots: 0x0000000000000001 is an unknown value
stack at sp + 1 slots: 0x000001b15b6762be is at entry_point+254 in (nmethod*)0x000001b15b676010
stack at sp + 2 slots: 0x000001b103462638 is pointing into metadata
stack at sp + 3 slots: 0x000001b15b675bb4 is at entry_point+244 in (nmethod*)0x000001b15b675910
stack at sp + 4 slots: 0x0000000622d3ab40 is an oop: com.badlogic.gdx.utils.ObjectIntMap 
{0x0000000622d3ab40} - klass: 'com/badlogic/gdx/utils/ObjectIntMap'
 - ---- fields (total size 8 words):
 - public 'size' 'I' @12  2
 - 'loadFactor' 'F' @16  0.800000 (3f4ccccd)
 - 'threshold' 'I' @20  51 (33)
 - protected 'shift' 'I' @24  58 (3a)
 - protected 'mask' 'I' @28  63 (3f)
 - strict 'keyTable' '[Ljava/lang/Object;' @32  a 'java/lang/Object'[64] {0x0000000622d3ab80} (c45a7570)
 - 'valueTable' '[I' @36  [I{0x0000000622d3ac90} (c45a7592)
 - transient 'entries1' 'Lcom/badlogic/gdx/utils/ObjectIntMap$Entries;' @40  NULL (0)
 - transient 'entries2' 'Lcom/badlogic/gdx/utils/ObjectIntMap$Entries;' @44  NULL (0)
 - transient 'values1' 'Lcom/badlogic/gdx/utils/ObjectIntMap$Values;' @48  NULL (0)
 - transient 'values2' 'Lcom/badlogic/gdx/utils/ObjectIntMap$Values;' @52  NULL (0)
 - transient 'keys1' 'Lcom/badlogic/gdx/utils/ObjectIntMap$Keys;' @56  NULL (0)
 - transient 'keys2' 'Lcom/badlogic/gdx/utils/ObjectIntMap$Keys;' @60  NULL (0)
stack at sp + 5 slots: 0x0000000622d3aae8 is an oop: com.badlogic.gdx.graphics.glutils.ShaderProgram 
{0x0000000622d3aae8} - klass: 'com/badlogic/gdx/graphics/glutils/ShaderProgram'
 - ---- fields (total size 11 words):
 - private 'program' 'I' @12  18 (12)
 - private 'vertexShaderHandle' 'I' @16  16 (10)
 - private 'fragmentShaderHandle' 'I' @20  17 (11)
 - private 'refCount' 'I' @24  0
 - private 'isCompiled' 'Z' @28  true
 - private 'invalidated' 'Z' @29  false
 - private 'log' 'Ljava/lang/String;' @32  ""{0x0000000621e14430} (c43c2886)
 - private final strict 'uniforms' 'Lcom/badlogic/gdx/utils/ObjectIntMap;' @36  a 'com/badlogic/gdx/utils/ObjectIntMap'{0x0000000622d3ab40} (c45a7568)
 - private final strict 'uniformTypes' 'Lcom/badlogic/gdx/utils/ObjectIntMap;' @40  a 'com/badlogic/gdx/utils/ObjectIntMap'{0x0000000622d3ada0} (c45a75b4)
 - private final strict 'uniformSizes' 'Lcom/badlogic/gdx/utils/ObjectIntMap;' @44  a 'com/badlogic/gdx/utils/ObjectIntMap'{0x0000000622d3b000} (c45a7600)
 - private 'uniformNames' '[Ljava/lang/String;' @48  a 'java/lang/String'[2] {0x0000000622d3c268} (c45a784d)
 - private final strict 'attributes' 'Lcom/badlogic/gdx/utils/ObjectIntMap;' @52  a 'com/badlogic/gdx/utils/ObjectIntMap'{0x0000000622d3b260} (c45a764c)
 - private final strict 'attributeTypes' 'Lcom/badlogic/gdx/utils/ObjectIntMap;' @56  a 'com/badlogic/gdx/utils/ObjectIntMap'{0x0000000622d3b4c0} (c45a7698)
 - private final strict 'attributeSizes' 'Lcom/badlogic/gdx/utils/ObjectIntMap;' @60  a 'com/badlogic/gdx/utils/ObjectIntMap'{0x0000000622d3b720} (c45a76e4)
 - private 'attributeNames' '[Ljava/lang/String;' @64  a 'java/lang/String'[3] {0x0000000622d3bf80} (c45a77f0)
 - private final 'matrix' 'Ljava/nio/FloatBuffer;' @68  a 'java/nio/DirectFloatBufferU'{0x0000000622d3bb88} (c45a7771)
 - private final 'vertexShaderSource' 'Ljava/lang/String;' @72  "attribute vec4 a_position;\x0Aattribute vec4 a_color;\x0Aattribute vec2 a_texCoord0;\x0Auniform mat4 u_projTrans;\x0Avarying vec4 v_color;\x0Avarying vec2 v_texCoords;\x0A\x0Avoid main()\x0A{\x0A   v_color = a_color;\x0A   v_color.a = v_color.a * (255.0/254.0);\x0A   v_texCoords = a_texCoord0;\x0A   gl_Position =  u_projTrans * a_position;\x0A}\x0A"{0x0000000621e4b028} (c43c9605)
 - private final 'fragmentShaderSource' 'Ljava/lang/String;' @76  "#ifdef GL_ES\x0A#define LOWP lowp\x0Aprecision mediump float;\x0A#else\x0A#define LOWP \x0A#endif\x0Avarying LOWP vec4 v_color;\x0Avarying vec2 v_texCoords;\x0Auniform sampler2D u_texture;\x0Avoid main()\x0A{\x0A  gl_FragColor = v_color * texture2D(u_texture, v_texCoords);\x0A}"{0x0000000621e4cb38} (c43c9967)
 - 'params' 'Ljava/nio/IntBuffer;' @80  a 'java/nio/DirectIntBufferU'{0x0000000622d3ba08} (c45a7741)
 - 'type' 'Ljava/nio/IntBuffer;' @84  a 'java/nio/DirectIntBufferU'{0x0000000622d3bac8} (c45a7759)
stack at sp + 6 slots: 0x000000062332f2a0 is an oop: java.lang.String 
{0x000000062332f2a0} - klass: 'java/lang/String'
 - string: "u_texture"
stack at sp + 7 slots: 0x000001b100000001 is an unknown value


---------------  P R O C E S S  ---------------

Threads class SMR info:
_java_thread_list=0x000001b102732830, length=14, elements={
0x000001b14b2fa800, 0x000001b1798b9000, 0x000001b1798b4000, 0x000001b179905800,
0x000001b179907800, 0x000001b179908800, 0x000001b17990e000, 0x000001b179917000,
0x000001b179918000, 0x000001b179af2800, 0x000001b17b022800, 0x000001b1028c6000,
0x000001b1028c7000, 0x000001b1028c3800
}

Java Threads: ( => current thread )
=>0x000001b14b2fa800 JavaThread "main" [_thread_in_native, id=25412, stack(0x000000476c100000,0x000000476c200000)]
  0x000001b1798b9000 JavaThread "Reference Handler" daemon [_thread_blocked, id=13756, stack(0x000000476c800000,0x000000476c900000)]
  0x000001b1798b4000 JavaThread "Finalizer" daemon [_thread_blocked, id=26144, stack(0x000000476c900000,0x000000476ca00000)]
  0x000001b179905800 JavaThread "Signal Dispatcher" daemon [_thread_blocked, id=23188, stack(0x000000476ca00000,0x000000476cb00000)]
  0x000001b179907800 JavaThread "Attach Listener" daemon [_thread_blocked, id=21420, stack(0x000000476cb00000,0x000000476cc00000)]
  0x000001b179908800 JavaThread "Service Thread" daemon [_thread_blocked, id=23160, stack(0x000000476cc00000,0x000000476cd00000)]
  0x000001b17990e000 JavaThread "C2 CompilerThread0" daemon [_thread_blocked, id=23068, stack(0x000000476cd00000,0x000000476ce00000)]
  0x000001b179917000 JavaThread "C1 CompilerThread0" daemon [_thread_blocked, id=16408, stack(0x000000476ce00000,0x000000476cf00000)]
  0x000001b179918000 JavaThread "Sweeper thread" daemon [_thread_blocked, id=13476, stack(0x000000476cf00000,0x000000476d000000)]
  0x000001b179af2800 JavaThread "Common-Cleaner" daemon [_thread_blocked, id=5140, stack(0x000000476d300000,0x000000476d400000)]
  0x000001b17b022800 JavaThread "Thread-0" daemon [_thread_blocked, id=14528, stack(0x000000476db00000,0x000000476dc00000)]
  0x000001b1028c6000 JavaThread "C1 CompilerThread1" daemon [_thread_blocked, id=28424, stack(0x000000476d000000,0x000000476d100000)]
  0x000001b1028c7000 JavaThread "C1 CompilerThread2" daemon [_thread_blocked, id=9408, stack(0x000000476d100000,0x000000476d200000)]
  0x000001b1028c3800 JavaThread "C2 CompilerThread1" daemon [_thread_blocked, id=11072, stack(0x000000476d400000,0x000000476d500000)]

Other Threads:
  0x000001b179883800 VMThread "VM Thread" [stack: 0x000000476c700000,0x000000476c800000] [id=26332]
  0x000001b179aef800 WatcherThread [stack: 0x000000476d200000,0x000000476d300000] [id=23648]
  0x000001b14b30d800 GCTaskThread "GC Thread#0" [stack: 0x000000476c200000,0x000000476c300000] [id=20768]
  0x000001b17b702800 GCTaskThread "GC Thread#1" [stack: 0x000000476e100000,0x000000476e200000] [id=2356]
  0x000001b17b924800 GCTaskThread "GC Thread#2" [stack: 0x000000476e200000,0x000000476e300000] [id=23312]
  0x000001b17b8c3800 GCTaskThread "GC Thread#3" [stack: 0x000000476e300000,0x000000476e400000] [id=25356]
  0x000001b17b84c800 GCTaskThread "GC Thread#4" [stack: 0x000000476e400000,0x000000476e500000] [id=7844]
  0x000001b17b7d3800 GCTaskThread "GC Thread#5" [stack: 0x000000476e500000,0x000000476e600000] [id=6496]
  0x000001b17b977000 GCTaskThread "GC Thread#6" [stack: 0x000000476e600000,0x000000476e700000] [id=27096]
  0x000001b17b978000 GCTaskThread "GC Thread#7" [stack: 0x000000476e700000,0x000000476e800000] [id=16216]
  0x000001b17bb51000 GCTaskThread "GC Thread#8" [stack: 0x000000476e800000,0x000000476e900000] [id=12696]
  0x000001b17bb51800 GCTaskThread "GC Thread#9" [stack: 0x000000476e900000,0x000000476ea00000] [id=8196]
  0x000001b17b91d000 GCTaskThread "GC Thread#10" [stack: 0x000000476ea00000,0x000000476eb00000] [id=23448]
  0x000001b17b809800 GCTaskThread "GC Thread#11" [stack: 0x000000476eb00000,0x000000476ec00000] [id=23128]
  0x000001b14b38d000 ConcurrentGCThread "G1 Main Marker" [stack: 0x000000476c300000,0x000000476c400000] [id=12928]
  0x000001b14b38e800 ConcurrentGCThread "G1 Conc#0" [stack: 0x000000476c400000,0x000000476c500000] [id=16912]
  0x000001b178e62800 ConcurrentGCThread "G1 Refine#0" [stack: 0x000000476c500000,0x000000476c600000] [id=20824]
  0x000001b178e63800 ConcurrentGCThread "G1 Young RemSet Sampling" [stack: 0x000000476c600000,0x000000476c700000] [id=21484]

Threads with active compile tasks:

VM state:not at safepoint (normal execution)

VM Mutex/Monitor currently owned by a thread: None

Heap address: 0x0000000603a00000, size: 8134 MB, Compressed Oops mode: Zero based, Oop shift amount: 3
Narrow klass base: 0x0000000800000000, Narrow klass shift: 0
Compressed class space size: 1073741824 Address: 0x0000000800000000

Heap:
 garbage-first heap   total 522240K, used 14921K [0x0000000603a00000, 0x0000000800000000)
  region size 2048K, 9 young (18432K), 2 survivors (4096K)
 Metaspace       used 13987K, capacity 14157K, committed 14336K, reserved 1062912K
  class space    used 1096K, capacity 1167K, committed 1280K, reserved 1048576K
Heap Regions: E=young(eden), S=young(survivor), O=old, HS=humongous(starts), HC=humongous(continues), CS=collection set, F=free, A=archive, TAMS=top-at-mark-start (previous, next)
|   0|0x0000000603a00000, 0x0000000603a00000, 0x0000000603c00000|  0%| F|  |TAMS 0x0000000603a00000, 0x0000000603a00000| Untracked 
|   1|0x0000000603c00000, 0x0000000603c00000, 0x0000000603e00000|  0%| F|  |TAMS 0x0000000603c00000, 0x0000000603c00000| Untracked 
|   2|0x0000000603e00000, 0x0000000603e00000, 0x0000000604000000|  0%| F|  |TAMS 0x0000000603e00000, 0x0000000603e00000| Untracked 
|   3|0x0000000604000000, 0x0000000604000000, 0x0000000604200000|  0%| F|  |TAMS 0x0000000604000000, 0x0000000604000000| Untracked 
|   4|0x0000000604200000, 0x0000000604200000, 0x0000000604400000|  0%| F|  |TAMS 0x0000000604200000, 0x0000000604200000| Untracked 
|   5|0x0000000604400000, 0x0000000604400000, 0x0000000604600000|  0%| F|  |TAMS 0x0000000604400000, 0x0000000604400000| Untracked 
|   6|0x0000000604600000, 0x0000000604600000, 0x0000000604800000|  0%| F|  |TAMS 0x0000000604600000, 0x0000000604600000| Untracked 
|   7|0x0000000604800000, 0x0000000604800000, 0x0000000604a00000|  0%| F|  |TAMS 0x0000000604800000, 0x0000000604800000| Untracked 
|   8|0x0000000604a00000, 0x0000000604a00000, 0x0000000604c00000|  0%| F|  |TAMS 0x0000000604a00000, 0x0000000604a00000| Untracked 
|   9|0x0000000604c00000, 0x0000000604c00000, 0x0000000604e00000|  0%| F|  |TAMS 0x0000000604c00000, 0x0000000604c00000| Untracked 
|  10|0x0000000604e00000, 0x0000000604e00000, 0x0000000605000000|  0%| F|  |TAMS 0x0000000604e00000, 0x0000000604e00000| Untracked 
|  11|0x0000000605000000, 0x0000000605000000, 0x0000000605200000|  0%| F|  |TAMS 0x0000000605000000, 0x0000000605000000| Untracked 
|  12|0x0000000605200000, 0x0000000605200000, 0x0000000605400000|  0%| F|  |TAMS 0x0000000605200000, 0x0000000605200000| Untracked 
|  13|0x0000000605400000, 0x0000000605400000, 0x0000000605600000|  0%| F|  |TAMS 0x0000000605400000, 0x0000000605400000| Untracked 
|  14|0x0000000605600000, 0x0000000605600000, 0x0000000605800000|  0%| F|  |TAMS 0x0000000605600000, 0x0000000605600000| Untracked 
|  15|0x0000000605800000, 0x0000000605800000, 0x0000000605a00000|  0%| F|  |TAMS 0x0000000605800000, 0x0000000605800000| Untracked 
|  16|0x0000000605a00000, 0x0000000605a00000, 0x0000000605c00000|  0%| F|  |TAMS 0x0000000605a00000, 0x0000000605a00000| Untracked 
|  17|0x0000000605c00000, 0x0000000605c00000, 0x0000000605e00000|  0%| F|  |TAMS 0x0000000605c00000, 0x0000000605c00000| Untracked 
|  18|0x0000000605e00000, 0x0000000605e00000, 0x0000000606000000|  0%| F|  |TAMS 0x0000000605e00000, 0x0000000605e00000| Untracked 
|  19|0x0000000606000000, 0x0000000606000000, 0x0000000606200000|  0%| F|  |TAMS 0x0000000606000000, 0x0000000606000000| Untracked 
|  20|0x0000000606200000, 0x0000000606200000, 0x0000000606400000|  0%| F|  |TAMS 0x0000000606200000, 0x0000000606200000| Untracked 
|  21|0x0000000606400000, 0x0000000606400000, 0x0000000606600000|  0%| F|  |TAMS 0x0000000606400000, 0x0000000606400000| Untracked 
|  22|0x0000000606600000, 0x0000000606600000, 0x0000000606800000|  0%| F|  |TAMS 0x0000000606600000, 0x0000000606600000| Untracked 
|  23|0x0000000606800000, 0x0000000606800000, 0x0000000606a00000|  0%| F|  |TAMS 0x0000000606800000, 0x0000000606800000| Untracked 
|  24|0x0000000606a00000, 0x0000000606a00000, 0x0000000606c00000|  0%| F|  |TAMS 0x0000000606a00000, 0x0000000606a00000| Untracked 
|  25|0x0000000606c00000, 0x0000000606c00000, 0x0000000606e00000|  0%| F|  |TAMS 0x0000000606c00000, 0x0000000606c00000| Untracked 
|  26|0x0000000606e00000, 0x0000000606e00000, 0x0000000607000000|  0%| F|  |TAMS 0x0000000606e00000, 0x0000000606e00000| Untracked 
|  27|0x0000000607000000, 0x0000000607000000, 0x0000000607200000|  0%| F|  |TAMS 0x0000000607000000, 0x0000000607000000| Untracked 
|  28|0x0000000607200000, 0x0000000607200000, 0x0000000607400000|  0%| F|  |TAMS 0x0000000607200000, 0x0000000607200000| Untracked 
|  29|0x0000000607400000, 0x0000000607400000, 0x0000000607600000|  0%| F|  |TAMS 0x0000000607400000, 0x0000000607400000| Untracked 
|  30|0x0000000607600000, 0x0000000607600000, 0x0000000607800000|  0%| F|  |TAMS 0x0000000607600000, 0x0000000607600000| Untracked 
|  31|0x0000000607800000, 0x0000000607800000, 0x0000000607a00000|  0%| F|  |TAMS 0x0000000607800000, 0x0000000607800000| Untracked 
|  32|0x0000000607a00000, 0x0000000607a00000, 0x0000000607c00000|  0%| F|  |TAMS 0x0000000607a00000, 0x0000000607a00000| Untracked 
|  33|0x0000000607c00000, 0x0000000607c00000, 0x0000000607e00000|  0%| F|  |TAMS 0x0000000607c00000, 0x0000000607c00000| Untracked 
|  34|0x0000000607e00000, 0x0000000607e00000, 0x0000000608000000|  0%| F|  |TAMS 0x0000000607e00000, 0x0000000607e00000| Untracked 
|  35|0x0000000608000000, 0x0000000608000000, 0x0000000608200000|  0%| F|  |TAMS 0x0000000608000000, 0x0000000608000000| Untracked 
|  36|0x0000000608200000, 0x0000000608200000, 0x0000000608400000|  0%| F|  |TAMS 0x0000000608200000, 0x0000000608200000| Untracked 
|  37|0x0000000608400000, 0x0000000608400000, 0x0000000608600000|  0%| F|  |TAMS 0x0000000608400000, 0x0000000608400000| Untracked 
|  38|0x0000000608600000, 0x0000000608600000, 0x0000000608800000|  0%| F|  |TAMS 0x0000000608600000, 0x0000000608600000| Untracked 
|  39|0x0000000608800000, 0x0000000608800000, 0x0000000608a00000|  0%| F|  |TAMS 0x0000000608800000, 0x0000000608800000| Untracked 
|  40|0x0000000608a00000, 0x0000000608a00000, 0x0000000608c00000|  0%| F|  |TAMS 0x0000000608a00000, 0x0000000608a00000| Untracked 
|  41|0x0000000608c00000, 0x0000000608c00000, 0x0000000608e00000|  0%| F|  |TAMS 0x0000000608c00000, 0x0000000608c00000| Untracked 
|  42|0x0000000608e00000, 0x0000000608e00000, 0x0000000609000000|  0%| F|  |TAMS 0x0000000608e00000, 0x0000000608e00000| Untracked 
|  43|0x0000000609000000, 0x0000000609000000, 0x0000000609200000|  0%| F|  |TAMS 0x0000000609000000, 0x0000000609000000| Untracked 
|  44|0x0000000609200000, 0x0000000609200000, 0x0000000609400000|  0%| F|  |TAMS 0x0000000609200000, 0x0000000609200000| Untracked 
|  45|0x0000000609400000, 0x0000000609400000, 0x0000000609600000|  0%| F|  |TAMS 0x0000000609400000, 0x0000000609400000| Untracked 
|  46|0x0000000609600000, 0x0000000609600000, 0x0000000609800000|  0%| F|  |TAMS 0x0000000609600000, 0x0000000609600000| Untracked 
|  47|0x0000000609800000, 0x0000000609800000, 0x0000000609a00000|  0%| F|  |TAMS 0x0000000609800000, 0x0000000609800000| Untracked 
|  48|0x0000000609a00000, 0x0000000609a00000, 0x0000000609c00000|  0%| F|  |TAMS 0x0000000609a00000, 0x0000000609a00000| Untracked 
|  49|0x0000000609c00000, 0x0000000609c00000, 0x0000000609e00000|  0%| F|  |TAMS 0x0000000609c00000, 0x0000000609c00000| Untracked 
|  50|0x0000000609e00000, 0x0000000609e00000, 0x000000060a000000|  0%| F|  |TAMS 0x0000000609e00000, 0x0000000609e00000| Untracked 
|  51|0x000000060a000000, 0x000000060a000000, 0x000000060a200000|  0%| F|  |TAMS 0x000000060a000000, 0x000000060a000000| Untracked 
|  52|0x000000060a200000, 0x000000060a200000, 0x000000060a400000|  0%| F|  |TAMS 0x000000060a200000, 0x000000060a200000| Untracked 
|  53|0x000000060a400000, 0x000000060a400000, 0x000000060a600000|  0%| F|  |TAMS 0x000000060a400000, 0x000000060a400000| Untracked 
|  54|0x000000060a600000, 0x000000060a600000, 0x000000060a800000|  0%| F|  |TAMS 0x000000060a600000, 0x000000060a600000| Untracked 
|  55|0x000000060a800000, 0x000000060a800000, 0x000000060aa00000|  0%| F|  |TAMS 0x000000060a800000, 0x000000060a800000| Untracked 
|  56|0x000000060aa00000, 0x000000060aa00000, 0x000000060ac00000|  0%| F|  |TAMS 0x000000060aa00000, 0x000000060aa00000| Untracked 
|  57|0x000000060ac00000, 0x000000060ac00000, 0x000000060ae00000|  0%| F|  |TAMS 0x000000060ac00000, 0x000000060ac00000| Untracked 
|  58|0x000000060ae00000, 0x000000060ae00000, 0x000000060b000000|  0%| F|  |TAMS 0x000000060ae00000, 0x000000060ae00000| Untracked 
|  59|0x000000060b000000, 0x000000060b000000, 0x000000060b200000|  0%| F|  |TAMS 0x000000060b000000, 0x000000060b000000| Untracked 
|  60|0x000000060b200000, 0x000000060b200000, 0x000000060b400000|  0%| F|  |TAMS 0x000000060b200000, 0x000000060b200000| Untracked 
|  61|0x000000060b400000, 0x000000060b400000, 0x000000060b600000|  0%| F|  |TAMS 0x000000060b400000, 0x000000060b400000| Untracked 
|  62|0x000000060b600000, 0x000000060b600000, 0x000000060b800000|  0%| F|  |TAMS 0x000000060b600000, 0x000000060b600000| Untracked 
|  63|0x000000060b800000, 0x000000060b800000, 0x000000060ba00000|  0%| F|  |TAMS 0x000000060b800000, 0x000000060b800000| Untracked 
|  64|0x000000060ba00000, 0x000000060ba00000, 0x000000060bc00000|  0%| F|  |TAMS 0x000000060ba00000, 0x000000060ba00000| Untracked 
|  65|0x000000060bc00000, 0x000000060bc00000, 0x000000060be00000|  0%| F|  |TAMS 0x000000060bc00000, 0x000000060bc00000| Untracked 
|  66|0x000000060be00000, 0x000000060be00000, 0x000000060c000000|  0%| F|  |TAMS 0x000000060be00000, 0x000000060be00000| Untracked 
|  67|0x000000060c000000, 0x000000060c000000, 0x000000060c200000|  0%| F|  |TAMS 0x000000060c000000, 0x000000060c000000| Untracked 
|  68|0x000000060c200000, 0x000000060c200000, 0x000000060c400000|  0%| F|  |TAMS 0x000000060c200000, 0x000000060c200000| Untracked 
|  69|0x000000060c400000, 0x000000060c400000, 0x000000060c600000|  0%| F|  |TAMS 0x000000060c400000, 0x000000060c400000| Untracked 
|  70|0x000000060c600000, 0x000000060c600000, 0x000000060c800000|  0%| F|  |TAMS 0x000000060c600000, 0x000000060c600000| Untracked 
|  71|0x000000060c800000, 0x000000060c800000, 0x000000060ca00000|  0%| F|  |TAMS 0x000000060c800000, 0x000000060c800000| Untracked 
|  72|0x000000060ca00000, 0x000000060ca00000, 0x000000060cc00000|  0%| F|  |TAMS 0x000000060ca00000, 0x000000060ca00000| Untracked 
|  73|0x000000060cc00000, 0x000000060cc00000, 0x000000060ce00000|  0%| F|  |TAMS 0x000000060cc00000, 0x000000060cc00000| Untracked 
|  74|0x000000060ce00000, 0x000000060ce00000, 0x000000060d000000|  0%| F|  |TAMS 0x000000060ce00000, 0x000000060ce00000| Untracked 
|  75|0x000000060d000000, 0x000000060d000000, 0x000000060d200000|  0%| F|  |TAMS 0x000000060d000000, 0x000000060d000000| Untracked 
|  76|0x000000060d200000, 0x000000060d200000, 0x000000060d400000|  0%| F|  |TAMS 0x000000060d200000, 0x000000060d200000| Untracked 
|  77|0x000000060d400000, 0x000000060d400000, 0x000000060d600000|  0%| F|  |TAMS 0x000000060d400000, 0x000000060d400000| Untracked 
|  78|0x000000060d600000, 0x000000060d600000, 0x000000060d800000|  0%| F|  |TAMS 0x000000060d600000, 0x000000060d600000| Untracked 
|  79|0x000000060d800000, 0x000000060d800000, 0x000000060da00000|  0%| F|  |TAMS 0x000000060d800000, 0x000000060d800000| Untracked 
|  80|0x000000060da00000, 0x000000060da00000, 0x000000060dc00000|  0%| F|  |TAMS 0x000000060da00000, 0x000000060da00000| Untracked 
|  81|0x000000060dc00000, 0x000000060dc00000, 0x000000060de00000|  0%| F|  |TAMS 0x000000060dc00000, 0x000000060dc00000| Untracked 
|  82|0x000000060de00000, 0x000000060de00000, 0x000000060e000000|  0%| F|  |TAMS 0x000000060de00000, 0x000000060de00000| Untracked 
|  83|0x000000060e000000, 0x000000060e000000, 0x000000060e200000|  0%| F|  |TAMS 0x000000060e000000, 0x000000060e000000| Untracked 
|  84|0x000000060e200000, 0x000000060e200000, 0x000000060e400000|  0%| F|  |TAMS 0x000000060e200000, 0x000000060e200000| Untracked 
|  85|0x000000060e400000, 0x000000060e400000, 0x000000060e600000|  0%| F|  |TAMS 0x000000060e400000, 0x000000060e400000| Untracked 
|  86|0x000000060e600000, 0x000000060e600000, 0x000000060e800000|  0%| F|  |TAMS 0x000000060e600000, 0x000000060e600000| Untracked 
|  87|0x000000060e800000, 0x000000060e800000, 0x000000060ea00000|  0%| F|  |TAMS 0x000000060e800000, 0x000000060e800000| Untracked 
|  88|0x000000060ea00000, 0x000000060ea00000, 0x000000060ec00000|  0%| F|  |TAMS 0x000000060ea00000, 0x000000060ea00000| Untracked 
|  89|0x000000060ec00000, 0x000000060ec00000, 0x000000060ee00000|  0%| F|  |TAMS 0x000000060ec00000, 0x000000060ec00000| Untracked 
|  90|0x000000060ee00000, 0x000000060ee00000, 0x000000060f000000|  0%| F|  |TAMS 0x000000060ee00000, 0x000000060ee00000| Untracked 
|  91|0x000000060f000000, 0x000000060f000000, 0x000000060f200000|  0%| F|  |TAMS 0x000000060f000000, 0x000000060f000000| Untracked 
|  92|0x000000060f200000, 0x000000060f200000, 0x000000060f400000|  0%| F|  |TAMS 0x000000060f200000, 0x000000060f200000| Untracked 
|  93|0x000000060f400000, 0x000000060f400000, 0x000000060f600000|  0%| F|  |TAMS 0x000000060f400000, 0x000000060f400000| Untracked 
|  94|0x000000060f600000, 0x000000060f600000, 0x000000060f800000|  0%| F|  |TAMS 0x000000060f600000, 0x000000060f600000| Untracked 
|  95|0x000000060f800000, 0x000000060f800000, 0x000000060fa00000|  0%| F|  |TAMS 0x000000060f800000, 0x000000060f800000| Untracked 
|  96|0x000000060fa00000, 0x000000060fa00000, 0x000000060fc00000|  0%| F|  |TAMS 0x000000060fa00000, 0x000000060fa00000| Untracked 
|  97|0x000000060fc00000, 0x000000060fc00000, 0x000000060fe00000|  0%| F|  |TAMS 0x000000060fc00000, 0x000000060fc00000| Untracked 
|  98|0x000000060fe00000, 0x000000060fe00000, 0x0000000610000000|  0%| F|  |TAMS 0x000000060fe00000, 0x000000060fe00000| Untracked 
|  99|0x0000000610000000, 0x0000000610000000, 0x0000000610200000|  0%| F|  |TAMS 0x0000000610000000, 0x0000000610000000| Untracked 
| 100|0x0000000610200000, 0x0000000610200000, 0x0000000610400000|  0%| F|  |TAMS 0x0000000610200000, 0x0000000610200000| Untracked 
| 101|0x0000000610400000, 0x0000000610400000, 0x0000000610600000|  0%| F|  |TAMS 0x0000000610400000, 0x0000000610400000| Untracked 
| 102|0x0000000610600000, 0x0000000610600000, 0x0000000610800000|  0%| F|  |TAMS 0x0000000610600000, 0x0000000610600000| Untracked 
| 103|0x0000000610800000, 0x0000000610800000, 0x0000000610a00000|  0%| F|  |TAMS 0x0000000610800000, 0x0000000610800000| Untracked 
| 104|0x0000000610a00000, 0x0000000610a00000, 0x0000000610c00000|  0%| F|  |TAMS 0x0000000610a00000, 0x0000000610a00000| Untracked 
| 105|0x0000000610c00000, 0x0000000610c00000, 0x0000000610e00000|  0%| F|  |TAMS 0x0000000610c00000, 0x0000000610c00000| Untracked 
| 106|0x0000000610e00000, 0x0000000610e00000, 0x0000000611000000|  0%| F|  |TAMS 0x0000000610e00000, 0x0000000610e00000| Untracked 
| 107|0x0000000611000000, 0x0000000611000000, 0x0000000611200000|  0%| F|  |TAMS 0x0000000611000000, 0x0000000611000000| Untracked 
| 108|0x0000000611200000, 0x0000000611200000, 0x0000000611400000|  0%| F|  |TAMS 0x0000000611200000, 0x0000000611200000| Untracked 
| 109|0x0000000611400000, 0x0000000611400000, 0x0000000611600000|  0%| F|  |TAMS 0x0000000611400000, 0x0000000611400000| Untracked 
| 110|0x0000000611600000, 0x0000000611600000, 0x0000000611800000|  0%| F|  |TAMS 0x0000000611600000, 0x0000000611600000| Untracked 
| 111|0x0000000611800000, 0x0000000611800000, 0x0000000611a00000|  0%| F|  |TAMS 0x0000000611800000, 0x0000000611800000| Untracked 
| 112|0x0000000611a00000, 0x0000000611a00000, 0x0000000611c00000|  0%| F|  |TAMS 0x0000000611a00000, 0x0000000611a00000| Untracked 
| 113|0x0000000611c00000, 0x0000000611c00000, 0x0000000611e00000|  0%| F|  |TAMS 0x0000000611c00000, 0x0000000611c00000| Untracked 
| 114|0x0000000611e00000, 0x0000000611e00000, 0x0000000612000000|  0%| F|  |TAMS 0x0000000611e00000, 0x0000000611e00000| Untracked 
| 115|0x0000000612000000, 0x0000000612000000, 0x0000000612200000|  0%| F|  |TAMS 0x0000000612000000, 0x0000000612000000| Untracked 
| 116|0x0000000612200000, 0x0000000612200000, 0x0000000612400000|  0%| F|  |TAMS 0x0000000612200000, 0x0000000612200000| Untracked 
| 117|0x0000000612400000, 0x0000000612400000, 0x0000000612600000|  0%| F|  |TAMS 0x0000000612400000, 0x0000000612400000| Untracked 
| 118|0x0000000612600000, 0x0000000612600000, 0x0000000612800000|  0%| F|  |TAMS 0x0000000612600000, 0x0000000612600000| Untracked 
| 119|0x0000000612800000, 0x0000000612800000, 0x0000000612a00000|  0%| F|  |TAMS 0x0000000612800000, 0x0000000612800000| Untracked 
| 120|0x0000000612a00000, 0x0000000612a00000, 0x0000000612c00000|  0%| F|  |TAMS 0x0000000612a00000, 0x0000000612a00000| Untracked 
| 121|0x0000000612c00000, 0x0000000612c00000, 0x0000000612e00000|  0%| F|  |TAMS 0x0000000612c00000, 0x0000000612c00000| Untracked 
| 122|0x0000000612e00000, 0x0000000612e00000, 0x0000000613000000|  0%| F|  |TAMS 0x0000000612e00000, 0x0000000612e00000| Untracked 
| 123|0x0000000613000000, 0x0000000613000000, 0x0000000613200000|  0%| F|  |TAMS 0x0000000613000000, 0x0000000613000000| Untracked 
| 124|0x0000000613200000, 0x0000000613200000, 0x0000000613400000|  0%| F|  |TAMS 0x0000000613200000, 0x0000000613200000| Untracked 
| 125|0x0000000613400000, 0x0000000613400000, 0x0000000613600000|  0%| F|  |TAMS 0x0000000613400000, 0x0000000613400000| Untracked 
| 126|0x0000000613600000, 0x0000000613600000, 0x0000000613800000|  0%| F|  |TAMS 0x0000000613600000, 0x0000000613600000| Untracked 
| 127|0x0000000613800000, 0x0000000613800000, 0x0000000613a00000|  0%| F|  |TAMS 0x0000000613800000, 0x0000000613800000| Untracked 
| 128|0x0000000613a00000, 0x0000000613a00000, 0x0000000613c00000|  0%| F|  |TAMS 0x0000000613a00000, 0x0000000613a00000| Untracked 
| 129|0x0000000613c00000, 0x0000000613c00000, 0x0000000613e00000|  0%| F|  |TAMS 0x0000000613c00000, 0x0000000613c00000| Untracked 
| 130|0x0000000613e00000, 0x0000000613e00000, 0x0000000614000000|  0%| F|  |TAMS 0x0000000613e00000, 0x0000000613e00000| Untracked 
| 131|0x0000000614000000, 0x0000000614000000, 0x0000000614200000|  0%| F|  |TAMS 0x0000000614000000, 0x0000000614000000| Untracked 
| 132|0x0000000614200000, 0x0000000614200000, 0x0000000614400000|  0%| F|  |TAMS 0x0000000614200000, 0x0000000614200000| Untracked 
| 133|0x0000000614400000, 0x0000000614400000, 0x0000000614600000|  0%| F|  |TAMS 0x0000000614400000, 0x0000000614400000| Untracked 
| 134|0x0000000614600000, 0x0000000614600000, 0x0000000614800000|  0%| F|  |TAMS 0x0000000614600000, 0x0000000614600000| Untracked 
| 135|0x0000000614800000, 0x0000000614800000, 0x0000000614a00000|  0%| F|  |TAMS 0x0000000614800000, 0x0000000614800000| Untracked 
| 136|0x0000000614a00000, 0x0000000614a00000, 0x0000000614c00000|  0%| F|  |TAMS 0x0000000614a00000, 0x0000000614a00000| Untracked 
| 137|0x0000000614c00000, 0x0000000614c00000, 0x0000000614e00000|  0%| F|  |TAMS 0x0000000614c00000, 0x0000000614c00000| Untracked 
| 138|0x0000000614e00000, 0x0000000614e00000, 0x0000000615000000|  0%| F|  |TAMS 0x0000000614e00000, 0x0000000614e00000| Untracked 
| 139|0x0000000615000000, 0x0000000615000000, 0x0000000615200000|  0%| F|  |TAMS 0x0000000615000000, 0x0000000615000000| Untracked 
| 140|0x0000000615200000, 0x0000000615200000, 0x0000000615400000|  0%| F|  |TAMS 0x0000000615200000, 0x0000000615200000| Untracked 
| 141|0x0000000615400000, 0x0000000615400000, 0x0000000615600000|  0%| F|  |TAMS 0x0000000615400000, 0x0000000615400000| Untracked 
| 142|0x0000000615600000, 0x0000000615600000, 0x0000000615800000|  0%| F|  |TAMS 0x0000000615600000, 0x0000000615600000| Untracked 
| 143|0x0000000615800000, 0x0000000615800000, 0x0000000615a00000|  0%| F|  |TAMS 0x0000000615800000, 0x0000000615800000| Untracked 
| 144|0x0000000615a00000, 0x0000000615a00000, 0x0000000615c00000|  0%| F|  |TAMS 0x0000000615a00000, 0x0000000615a00000| Untracked 
| 145|0x0000000615c00000, 0x0000000615c00000, 0x0000000615e00000|  0%| F|  |TAMS 0x0000000615c00000, 0x0000000615c00000| Untracked 
| 146|0x0000000615e00000, 0x0000000615e00000, 0x0000000616000000|  0%| F|  |TAMS 0x0000000615e00000, 0x0000000615e00000| Untracked 
| 147|0x0000000616000000, 0x0000000616000000, 0x0000000616200000|  0%| F|  |TAMS 0x0000000616000000, 0x0000000616000000| Untracked 
| 148|0x0000000616200000, 0x0000000616200000, 0x0000000616400000|  0%| F|  |TAMS 0x0000000616200000, 0x0000000616200000| Untracked 
| 149|0x0000000616400000, 0x0000000616400000, 0x0000000616600000|  0%| F|  |TAMS 0x0000000616400000, 0x0000000616400000| Untracked 
| 150|0x0000000616600000, 0x0000000616600000, 0x0000000616800000|  0%| F|  |TAMS 0x0000000616600000, 0x0000000616600000| Untracked 
| 151|0x0000000616800000, 0x0000000616800000, 0x0000000616a00000|  0%| F|  |TAMS 0x0000000616800000, 0x0000000616800000| Untracked 
| 152|0x0000000616a00000, 0x0000000616a00000, 0x0000000616c00000|  0%| F|  |TAMS 0x0000000616a00000, 0x0000000616a00000| Untracked 
| 153|0x0000000616c00000, 0x0000000616c00000, 0x0000000616e00000|  0%| F|  |TAMS 0x0000000616c00000, 0x0000000616c00000| Untracked 
| 154|0x0000000616e00000, 0x0000000616e00000, 0x0000000617000000|  0%| F|  |TAMS 0x0000000616e00000, 0x0000000616e00000| Untracked 
| 155|0x0000000617000000, 0x0000000617000000, 0x0000000617200000|  0%| F|  |TAMS 0x0000000617000000, 0x0000000617000000| Untracked 
| 156|0x0000000617200000, 0x0000000617200000, 0x0000000617400000|  0%| F|  |TAMS 0x0000000617200000, 0x0000000617200000| Untracked 
| 157|0x0000000617400000, 0x0000000617400000, 0x0000000617600000|  0%| F|  |TAMS 0x0000000617400000, 0x0000000617400000| Untracked 
| 158|0x0000000617600000, 0x0000000617600000, 0x0000000617800000|  0%| F|  |TAMS 0x0000000617600000, 0x0000000617600000| Untracked 
| 159|0x0000000617800000, 0x0000000617800000, 0x0000000617a00000|  0%| F|  |TAMS 0x0000000617800000, 0x0000000617800000| Untracked 
| 160|0x0000000617a00000, 0x0000000617a00000, 0x0000000617c00000|  0%| F|  |TAMS 0x0000000617a00000, 0x0000000617a00000| Untracked 
| 161|0x0000000617c00000, 0x0000000617c00000, 0x0000000617e00000|  0%| F|  |TAMS 0x0000000617c00000, 0x0000000617c00000| Untracked 
| 162|0x0000000617e00000, 0x0000000617e00000, 0x0000000618000000|  0%| F|  |TAMS 0x0000000617e00000, 0x0000000617e00000| Untracked 
| 163|0x0000000618000000, 0x0000000618000000, 0x0000000618200000|  0%| F|  |TAMS 0x0000000618000000, 0x0000000618000000| Untracked 
| 164|0x0000000618200000, 0x0000000618200000, 0x0000000618400000|  0%| F|  |TAMS 0x0000000618200000, 0x0000000618200000| Untracked 
| 165|0x0000000618400000, 0x0000000618400000, 0x0000000618600000|  0%| F|  |TAMS 0x0000000618400000, 0x0000000618400000| Untracked 
| 166|0x0000000618600000, 0x0000000618600000, 0x0000000618800000|  0%| F|  |TAMS 0x0000000618600000, 0x0000000618600000| Untracked 
| 167|0x0000000618800000, 0x0000000618800000, 0x0000000618a00000|  0%| F|  |TAMS 0x0000000618800000, 0x0000000618800000| Untracked 
| 168|0x0000000618a00000, 0x0000000618a00000, 0x0000000618c00000|  0%| F|  |TAMS 0x0000000618a00000, 0x0000000618a00000| Untracked 
| 169|0x0000000618c00000, 0x0000000618c00000, 0x0000000618e00000|  0%| F|  |TAMS 0x0000000618c00000, 0x0000000618c00000| Untracked 
| 170|0x0000000618e00000, 0x0000000618e00000, 0x0000000619000000|  0%| F|  |TAMS 0x0000000618e00000, 0x0000000618e00000| Untracked 
| 171|0x0000000619000000, 0x0000000619000000, 0x0000000619200000|  0%| F|  |TAMS 0x0000000619000000, 0x0000000619000000| Untracked 
| 172|0x0000000619200000, 0x0000000619200000, 0x0000000619400000|  0%| F|  |TAMS 0x0000000619200000, 0x0000000619200000| Untracked 
| 173|0x0000000619400000, 0x0000000619400000, 0x0000000619600000|  0%| F|  |TAMS 0x0000000619400000, 0x0000000619400000| Untracked 
| 174|0x0000000619600000, 0x0000000619600000, 0x0000000619800000|  0%| F|  |TAMS 0x0000000619600000, 0x0000000619600000| Untracked 
| 175|0x0000000619800000, 0x0000000619800000, 0x0000000619a00000|  0%| F|  |TAMS 0x0000000619800000, 0x0000000619800000| Untracked 
| 176|0x0000000619a00000, 0x0000000619a00000, 0x0000000619c00000|  0%| F|  |TAMS 0x0000000619a00000, 0x0000000619a00000| Untracked 
| 177|0x0000000619c00000, 0x0000000619c00000, 0x0000000619e00000|  0%| F|  |TAMS 0x0000000619c00000, 0x0000000619c00000| Untracked 
| 178|0x0000000619e00000, 0x0000000619e00000, 0x000000061a000000|  0%| F|  |TAMS 0x0000000619e00000, 0x0000000619e00000| Untracked 
| 179|0x000000061a000000, 0x000000061a000000, 0x000000061a200000|  0%| F|  |TAMS 0x000000061a000000, 0x000000061a000000| Untracked 
| 180|0x000000061a200000, 0x000000061a200000, 0x000000061a400000|  0%| F|  |TAMS 0x000000061a200000, 0x000000061a200000| Untracked 
| 181|0x000000061a400000, 0x000000061a400000, 0x000000061a600000|  0%| F|  |TAMS 0x000000061a400000, 0x000000061a400000| Untracked 
| 182|0x000000061a600000, 0x000000061a600000, 0x000000061a800000|  0%| F|  |TAMS 0x000000061a600000, 0x000000061a600000| Untracked 
| 183|0x000000061a800000, 0x000000061a800000, 0x000000061aa00000|  0%| F|  |TAMS 0x000000061a800000, 0x000000061a800000| Untracked 
| 184|0x000000061aa00000, 0x000000061aa00000, 0x000000061ac00000|  0%| F|  |TAMS 0x000000061aa00000, 0x000000061aa00000| Untracked 
| 185|0x000000061ac00000, 0x000000061ac00000, 0x000000061ae00000|  0%| F|  |TAMS 0x000000061ac00000, 0x000000061ac00000| Untracked 
| 186|0x000000061ae00000, 0x000000061ae00000, 0x000000061b000000|  0%| F|  |TAMS 0x000000061ae00000, 0x000000061ae00000| Untracked 
| 187|0x000000061b000000, 0x000000061b000000, 0x000000061b200000|  0%| F|  |TAMS 0x000000061b000000, 0x000000061b000000| Untracked 
| 188|0x000000061b200000, 0x000000061b200000, 0x000000061b400000|  0%| F|  |TAMS 0x000000061b200000, 0x000000061b200000| Untracked 
| 189|0x000000061b400000, 0x000000061b400000, 0x000000061b600000|  0%| F|  |TAMS 0x000000061b400000, 0x000000061b400000| Untracked 
| 190|0x000000061b600000, 0x000000061b600000, 0x000000061b800000|  0%| F|  |TAMS 0x000000061b600000, 0x000000061b600000| Untracked 
| 191|0x000000061b800000, 0x000000061b800000, 0x000000061ba00000|  0%| F|  |TAMS 0x000000061b800000, 0x000000061b800000| Untracked 
| 192|0x000000061ba00000, 0x000000061ba00000, 0x000000061bc00000|  0%| F|  |TAMS 0x000000061ba00000, 0x000000061ba00000| Untracked 
| 193|0x000000061bc00000, 0x000000061bc00000, 0x000000061be00000|  0%| F|  |TAMS 0x000000061bc00000, 0x000000061bc00000| Untracked 
| 194|0x000000061be00000, 0x000000061be00000, 0x000000061c000000|  0%| F|  |TAMS 0x000000061be00000, 0x000000061be00000| Untracked 
| 195|0x000000061c000000, 0x000000061c000000, 0x000000061c200000|  0%| F|  |TAMS 0x000000061c000000, 0x000000061c000000| Untracked 
| 196|0x000000061c200000, 0x000000061c200000, 0x000000061c400000|  0%| F|  |TAMS 0x000000061c200000, 0x000000061c200000| Untracked 
| 197|0x000000061c400000, 0x000000061c400000, 0x000000061c600000|  0%| F|  |TAMS 0x000000061c400000, 0x000000061c400000| Untracked 
| 198|0x000000061c600000, 0x000000061c600000, 0x000000061c800000|  0%| F|  |TAMS 0x000000061c600000, 0x000000061c600000| Untracked 
| 199|0x000000061c800000, 0x000000061c800000, 0x000000061ca00000|  0%| F|  |TAMS 0x000000061c800000, 0x000000061c800000| Untracked 
| 200|0x000000061ca00000, 0x000000061ca00000, 0x000000061cc00000|  0%| F|  |TAMS 0x000000061ca00000, 0x000000061ca00000| Untracked 
| 201|0x000000061cc00000, 0x000000061cc00000, 0x000000061ce00000|  0%| F|  |TAMS 0x000000061cc00000, 0x000000061cc00000| Untracked 
| 202|0x000000061ce00000, 0x000000061ce00000, 0x000000061d000000|  0%| F|  |TAMS 0x000000061ce00000, 0x000000061ce00000| Untracked 
| 203|0x000000061d000000, 0x000000061d000000, 0x000000061d200000|  0%| F|  |TAMS 0x000000061d000000, 0x000000061d000000| Untracked 
| 204|0x000000061d200000, 0x000000061d200000, 0x000000061d400000|  0%| F|  |TAMS 0x000000061d200000, 0x000000061d200000| Untracked 
| 205|0x000000061d400000, 0x000000061d400000, 0x000000061d600000|  0%| F|  |TAMS 0x000000061d400000, 0x000000061d400000| Untracked 
| 206|0x000000061d600000, 0x000000061d600000, 0x000000061d800000|  0%| F|  |TAMS 0x000000061d600000, 0x000000061d600000| Untracked 
| 207|0x000000061d800000, 0x000000061d800000, 0x000000061da00000|  0%| F|  |TAMS 0x000000061d800000, 0x000000061d800000| Untracked 
| 208|0x000000061da00000, 0x000000061da00000, 0x000000061dc00000|  0%| F|  |TAMS 0x000000061da00000, 0x000000061da00000| Untracked 
| 209|0x000000061dc00000, 0x000000061dc00000, 0x000000061de00000|  0%| F|  |TAMS 0x000000061dc00000, 0x000000061dc00000| Untracked 
| 210|0x000000061de00000, 0x000000061de00000, 0x000000061e000000|  0%| F|  |TAMS 0x000000061de00000, 0x000000061de00000| Untracked 
| 211|0x000000061e000000, 0x000000061e000000, 0x000000061e200000|  0%| F|  |TAMS 0x000000061e000000, 0x000000061e000000| Untracked 
| 212|0x000000061e200000, 0x000000061e200000, 0x000000061e400000|  0%| F|  |TAMS 0x000000061e200000, 0x000000061e200000| Untracked 
| 213|0x000000061e400000, 0x000000061e400000, 0x000000061e600000|  0%| F|  |TAMS 0x000000061e400000, 0x000000061e400000| Untracked 
| 214|0x000000061e600000, 0x000000061e600000, 0x000000061e800000|  0%| F|  |TAMS 0x000000061e600000, 0x000000061e600000| Untracked 
| 215|0x000000061e800000, 0x000000061e800000, 0x000000061ea00000|  0%| F|  |TAMS 0x000000061e800000, 0x000000061e800000| Untracked 
| 216|0x000000061ea00000, 0x000000061ea00000, 0x000000061ec00000|  0%| F|  |TAMS 0x000000061ea00000, 0x000000061ea00000| Untracked 
| 217|0x000000061ec00000, 0x000000061ec00000, 0x000000061ee00000|  0%| F|  |TAMS 0x000000061ec00000, 0x000000061ec00000| Untracked 
| 218|0x000000061ee00000, 0x000000061ee00000, 0x000000061f000000|  0%| F|  |TAMS 0x000000061ee00000, 0x000000061ee00000| Untracked 
| 219|0x000000061f000000, 0x000000061f000000, 0x000000061f200000|  0%| F|  |TAMS 0x000000061f000000, 0x000000061f000000| Untracked 
| 220|0x000000061f200000, 0x000000061f200000, 0x000000061f400000|  0%| F|  |TAMS 0x000000061f200000, 0x000000061f200000| Untracked 
| 221|0x000000061f400000, 0x000000061f400000, 0x000000061f600000|  0%| F|  |TAMS 0x000000061f400000, 0x000000061f400000| Untracked 
| 222|0x000000061f600000, 0x000000061f600000, 0x000000061f800000|  0%| F|  |TAMS 0x000000061f600000, 0x000000061f600000| Untracked 
| 223|0x000000061f800000, 0x000000061f800000, 0x000000061fa00000|  0%| F|  |TAMS 0x000000061f800000, 0x000000061f800000| Untracked 
| 224|0x000000061fa00000, 0x000000061fa00000, 0x000000061fc00000|  0%| F|  |TAMS 0x000000061fa00000, 0x000000061fa00000| Untracked 
| 225|0x000000061fc00000, 0x000000061fc00000, 0x000000061fe00000|  0%| F|  |TAMS 0x000000061fc00000, 0x000000061fc00000| Untracked 
| 226|0x000000061fe00000, 0x000000061fe00000, 0x0000000620000000|  0%| F|  |TAMS 0x000000061fe00000, 0x000000061fe00000| Untracked 
| 227|0x0000000620000000, 0x0000000620000000, 0x0000000620200000|  0%| F|  |TAMS 0x0000000620000000, 0x0000000620000000| Untracked 
| 228|0x0000000620200000, 0x0000000620200000, 0x0000000620400000|  0%| F|  |TAMS 0x0000000620200000, 0x0000000620200000| Untracked 
| 229|0x0000000620400000, 0x0000000620400000, 0x0000000620600000|  0%| F|  |TAMS 0x0000000620400000, 0x0000000620400000| Untracked 
| 230|0x0000000620600000, 0x0000000620600000, 0x0000000620800000|  0%| F|  |TAMS 0x0000000620600000, 0x0000000620600000| Untracked 
| 231|0x0000000620800000, 0x0000000620800000, 0x0000000620a00000|  0%| F|  |TAMS 0x0000000620800000, 0x0000000620800000| Untracked 
| 232|0x0000000620a00000, 0x0000000620a00000, 0x0000000620c00000|  0%| F|  |TAMS 0x0000000620a00000, 0x0000000620a00000| Untracked 
| 233|0x0000000620c00000, 0x0000000620c00000, 0x0000000620e00000|  0%| F|  |TAMS 0x0000000620c00000, 0x0000000620c00000| Untracked 
| 234|0x0000000620e00000, 0x0000000620e00000, 0x0000000621000000|  0%| F|  |TAMS 0x0000000620e00000, 0x0000000620e00000| Untracked 
| 235|0x0000000621000000, 0x0000000621000000, 0x0000000621200000|  0%| F|  |TAMS 0x0000000621000000, 0x0000000621000000| Untracked 
| 236|0x0000000621200000, 0x0000000621200000, 0x0000000621400000|  0%| F|  |TAMS 0x0000000621200000, 0x0000000621200000| Untracked 
| 237|0x0000000621400000, 0x0000000621400000, 0x0000000621600000|  0%| F|  |TAMS 0x0000000621400000, 0x0000000621400000| Untracked 
| 238|0x0000000621600000, 0x0000000621600000, 0x0000000621800000|  0%| F|  |TAMS 0x0000000621600000, 0x0000000621600000| Untracked 
| 239|0x0000000621800000, 0x0000000621800000, 0x0000000621a00000|  0%| F|  |TAMS 0x0000000621800000, 0x0000000621800000| Untracked 
| 240|0x0000000621a00000, 0x0000000621a00000, 0x0000000621c00000|  0%| F|  |TAMS 0x0000000621a00000, 0x0000000621a00000| Untracked 
| 241|0x0000000621c00000, 0x0000000621c92498, 0x0000000621e00000| 28%| S|CS|TAMS 0x0000000621c00000, 0x0000000621c00000| Complete 
| 242|0x0000000621e00000, 0x0000000622000000, 0x0000000622000000|100%| S|CS|TAMS 0x0000000621e00000, 0x0000000621e00000| Complete 
| 243|0x0000000622000000, 0x0000000622000000, 0x0000000622200000|  0%| F|  |TAMS 0x0000000622000000, 0x0000000622000000| Untracked 
| 244|0x0000000622200000, 0x0000000622200000, 0x0000000622400000|  0%| F|  |TAMS 0x0000000622200000, 0x0000000622200000| Untracked 
| 245|0x0000000622400000, 0x0000000622400000, 0x0000000622600000|  0%| F|  |TAMS 0x0000000622400000, 0x0000000622400000| Untracked 
| 246|0x0000000622600000, 0x0000000622600000, 0x0000000622800000|  0%| F|  |TAMS 0x0000000622600000, 0x0000000622600000| Untracked 
| 247|0x0000000622800000, 0x0000000622800000, 0x0000000622a00000|  0%| F|  |TAMS 0x0000000622800000, 0x0000000622800000| Untracked 
| 248|0x0000000622a00000, 0x0000000622b00800, 0x0000000622c00000| 50%| E|  |TAMS 0x0000000622a00000, 0x0000000622a00000| Complete 
| 249|0x0000000622c00000, 0x0000000622e00000, 0x0000000622e00000|100%| E|CS|TAMS 0x0000000622c00000, 0x0000000622c00000| Complete 
| 250|0x0000000622e00000, 0x0000000623000000, 0x0000000623000000|100%| E|CS|TAMS 0x0000000622e00000, 0x0000000622e00000| Complete 
| 251|0x0000000623000000, 0x0000000623200000, 0x0000000623200000|100%| E|CS|TAMS 0x0000000623000000, 0x0000000623000000| Complete 
| 252|0x0000000623200000, 0x0000000623400000, 0x0000000623400000|100%| E|CS|TAMS 0x0000000623200000, 0x0000000623200000| Complete 
| 253|0x0000000623400000, 0x0000000623600000, 0x0000000623600000|100%| E|CS|TAMS 0x0000000623400000, 0x0000000623400000| Complete 
| 254|0x0000000623600000, 0x0000000623800000, 0x0000000623800000|100%| E|CS|TAMS 0x0000000623600000, 0x0000000623600000| Complete 

Card table byte_map: [0x000001b164510000,0x000001b165500000] _byte_map_base: 0x000001b1614f3000

Marking Bits (Prev, Next): (CMBitMap*) 0x000001b14b37c538, (CMBitMap*) 0x000001b14b37c570
 Prev Bits: [0x000001b1664f0000, 0x000001b16e408000)
 Next Bits: [0x000001b16e410000, 0x000001b176328000)

Polling page: 0x000001b148f60000

Metaspace:

Usage:
  Non-class:     12.69 MB capacity,    12.59 MB (>99%) used,    83.25 KB ( <1%) free+waste,    15.38 KB ( <1%) overhead. 
      Class:      1.14 MB capacity,     1.07 MB ( 94%) used,    64.79 KB (  6%) free+waste,     5.88 KB ( <1%) overhead. 
       Both:     13.83 MB capacity,    13.66 MB ( 99%) used,   148.04 KB (  1%) free+waste,    21.25 KB ( <1%) overhead. 

Virtual space:
  Non-class space:       14.00 MB reserved,      12.75 MB ( 91%) committed 
      Class space:        1.00 GB reserved,       1.25 MB ( <1%) committed 
             Both:        1.01 GB reserved,      14.00 MB (  1%) committed 

Chunk freelists:
   Non-Class:  66.00 KB
       Class:  17.00 KB
        Both:  83.00 KB

MaxMetaspaceSize: 17179869184.00 GB
CompressedClassSpaceSize: 1.00 GB
Initial GC threshold: 20.80 MB
Current GC threshold: 20.80 MB
CDS: off

CodeHeap 'non-profiled nmethods': size=119168Kb used=607Kb max_used=607Kb free=118560Kb
 bounds [0x000001b15b610000, 0x000001b15b880000, 0x000001b162a70000]
CodeHeap 'profiled nmethods': size=119168Kb used=3283Kb max_used=3283Kb free=115884Kb
 bounds [0x000001b1541b0000, 0x000001b1544f0000, 0x000001b15b610000]
CodeHeap 'non-nmethods': size=7424Kb used=2780Kb max_used=2800Kb free=4643Kb
 bounds [0x000001b153a70000, 0x000001b153d30000, 0x000001b1541b0000]
 total_blobs=2670 nmethods=1603 adapters=977
 compilation: enabled
              stopped_count=0, restarted_count=0
 full_count=0

Compilation events (20 events):
Event: 5.247 Thread 0x000001b1028c6000 1594       3       com.badlogic.gdx.utils.Json$FieldMetadata::<init> (59 bytes)
Event: 5.247 Thread 0x000001b1028c7000 nmethod 1593 0x000001b1544dae90 code [0x000001b1544db040, 0x000001b1544db178]
Event: 5.247 Thread 0x000001b1028c7000 1595       3       com.badlogic.gdx.utils.reflect.Field::getElementType (117 bytes)
Event: 5.247 Thread 0x000001b179917000 nmethod 1592 0x000001b1544db210 code [0x000001b1544db420, 0x000001b1544dba08]
Event: 5.247 Thread 0x000001b179917000 1596       3       java.lang.reflect.Field::getGenericType (20 bytes)
Event: 5.247 Thread 0x000001b179917000 nmethod 1596 0x000001b1544dbc10 code [0x000001b1544dbe00, 0x000001b1544dc1b8]
Event: 5.247 Thread 0x000001b179917000 1597       3       com.badlogic.gdx.utils.reflect.Field::isAnnotationPresent (9 bytes)
Event: 5.247 Thread 0x000001b1028c6000 nmethod 1594 0x000001b1544dc310 code [0x000001b1544dc5c0, 0x000001b1544dd2c8]
Event: 5.247 Thread 0x000001b1028c7000 nmethod 1595 0x000001b1544dd710 code [0x000001b1544dda00, 0x000001b1544deef8]
Event: 5.247 Thread 0x000001b1028c6000 1598       3       java.lang.reflect.AccessibleObject::isAnnotationPresent (6 bytes)
Event: 5.247 Thread 0x000001b1028c7000 1599       3       java.lang.reflect.AnnotatedElement::isAnnotationPresent (16 bytes)
Event: 5.247 Thread 0x000001b1028c6000 nmethod 1598 0x000001b1544df310 code [0x000001b1544df4e0, 0x000001b1544df768]
Event: 5.247 Thread 0x000001b1028c6000 1600       3       java.lang.reflect.Field::getAnnotation (23 bytes)
Event: 5.247 Thread 0x000001b1028c7000 nmethod 1599 0x000001b1544df810 code [0x000001b1544df9c0, 0x000001b1544dfbe8]
Event: 5.247 Thread 0x000001b179917000 nmethod 1597 0x000001b1544dfc90 code [0x000001b1544dfee0, 0x000001b1544e07e8]
Event: 5.247 Thread 0x000001b1028c7000 1601       3       com.badlogic.gdx.utils.OrderedMap::put (86 bytes)
Event: 5.248 Thread 0x000001b179917000 1602   !   3       com.badlogic.gdx.utils.reflect.Field::set (77 bytes)
Event: 5.248 Thread 0x000001b1028c6000 nmethod 1600 0x000001b1544e0a90 code [0x000001b1544e0cc0, 0x000001b1544e1368]
Event: 5.248 Thread 0x000001b1028c6000 1603       3       java.lang.reflect.Field::set (30 bytes)
Event: 5.248 Thread 0x000001b1028c7000 nmethod 1601 0x000001b1544e1590 code [0x000001b1544e17c0, 0x000001b1544e20a8]

GC Heap History (2 events):
Event: 0.417 GC heap before
{Heap before GC invocations=0 (full 0):
 garbage-first heap   total 522240K, used 24576K [0x0000000603a00000, 0x0000000800000000)
  region size 2048K, 12 young (24576K), 0 survivors (0K)
 Metaspace       used 12188K, capacity 12292K, committed 12544K, reserved 1060864K
  class space    used 938K, capacity 973K, committed 1024K, reserved 1048576K
}
Event: 0.419 GC heap after
{Heap after GC invocations=1 (full 0):
 garbage-first heap   total 522240K, used 2633K [0x0000000603a00000, 0x0000000800000000)
  region size 2048K, 2 young (4096K), 2 survivors (4096K)
 Metaspace       used 12188K, capacity 12292K, committed 12544K, reserved 1060864K
  class space    used 938K, capacity 973K, committed 1024K, reserved 1048576K
}

Deoptimization events (20 events):
Event: 3.248 Thread 0x000001b14b2fa800 DEOPT PACKING pc=0x000001b1544a66ce sp=0x000000476c1fef90
Event: 3.248 Thread 0x000001b14b2fa800 DEOPT UNPACKING pc=0x000001b153aba95e sp=0x000000476c1fe3b8 mode 0
Event: 3.248 Thread 0x000001b14b2fa800 DEOPT PACKING pc=0x000001b1544a66ce sp=0x000000476c1fef90
Event: 3.248 Thread 0x000001b14b2fa800 DEOPT UNPACKING pc=0x000001b153aba95e sp=0x000000476c1fe3b8 mode 0
Event: 5.244 Thread 0x000001b14b2fa800 Uncommon trap: trap_request=0xffffffd6 fr.pc=0x000001b15b6a042c relative=0x00000000000001cc
Event: 5.244 Thread 0x000001b14b2fa800 Uncommon trap: reason=array_check action=maybe_recompile pc=0x000001b15b6a042c method=com.badlogic.gdx.utils.Array.add(Ljava/lang/Object;)V @ 46 c2
Event: 5.244 Thread 0x000001b14b2fa800 DEOPT PACKING pc=0x000001b15b6a042c sp=0x000000476c1fee10
Event: 5.244 Thread 0x000001b14b2fa800 DEOPT UNPACKING pc=0x000001b153aba1af sp=0x000000476c1fedb8 mode 2
Event: 5.247 Thread 0x000001b14b2fa800 Uncommon trap: trap_request=0xffffffd6 fr.pc=0x000001b15b6a042c relative=0x00000000000001cc
Event: 5.247 Thread 0x000001b14b2fa800 Uncommon trap: reason=array_check action=maybe_recompile pc=0x000001b15b6a042c method=com.badlogic.gdx.utils.Array.add(Ljava/lang/Object;)V @ 46 c2
Event: 5.247 Thread 0x000001b14b2fa800 DEOPT PACKING pc=0x000001b15b6a042c sp=0x000000476c1fecf0
Event: 5.247 Thread 0x000001b14b2fa800 DEOPT UNPACKING pc=0x000001b153aba1af sp=0x000000476c1fec98 mode 2
Event: 5.247 Thread 0x000001b14b2fa800 Uncommon trap: trap_request=0xffffffd6 fr.pc=0x000001b15b6a042c relative=0x00000000000001cc
Event: 5.247 Thread 0x000001b14b2fa800 Uncommon trap: reason=array_check action=maybe_recompile pc=0x000001b15b6a042c method=com.badlogic.gdx.utils.Array.add(Ljava/lang/Object;)V @ 46 c2
Event: 5.247 Thread 0x000001b14b2fa800 DEOPT PACKING pc=0x000001b15b6a042c sp=0x000000476c1fecf0
Event: 5.247 Thread 0x000001b14b2fa800 DEOPT UNPACKING pc=0x000001b153aba1af sp=0x000000476c1fec98 mode 2
Event: 5.247 Thread 0x000001b14b2fa800 Uncommon trap: trap_request=0xffffffd6 fr.pc=0x000001b15b6a042c relative=0x00000000000001cc
Event: 5.247 Thread 0x000001b14b2fa800 Uncommon trap: reason=array_check action=maybe_recompile pc=0x000001b15b6a042c method=com.badlogic.gdx.utils.Array.add(Ljava/lang/Object;)V @ 46 c2
Event: 5.247 Thread 0x000001b14b2fa800 DEOPT PACKING pc=0x000001b15b6a042c sp=0x000000476c1fedd0
Event: 5.247 Thread 0x000001b14b2fa800 DEOPT UNPACKING pc=0x000001b153aba1af sp=0x000000476c1fed78 mode 2

Classes redefined (0 events):
No events

Internal exceptions (20 events):
Event: 5.178 Thread 0x000001b14b2fa800 Exception <a 'java/lang/NullPointerException'{0x0000000622dccac0}> (0x0000000622dccac0) thrown at [s\src\hotspot\share\interpreter\linkResolver.cpp, line 1358]
Event: 5.178 Thread 0x000001b14b2fa800 Exception <a 'java/lang/NullPointerException'{0x0000000622dccd90}> (0x0000000622dccd90) thrown at [s\src\hotspot\share\interpreter\linkResolver.cpp, line 1358]
Event: 5.185 Thread 0x000001b14b2fa800 Exception <a 'java/lang/NullPointerException'{0x0000000622dcd0e8}> (0x0000000622dcd0e8) thrown at [s\src\hotspot\share\interpreter\linkResolver.cpp, line 1358]
Event: 5.185 Thread 0x000001b14b2fa800 Exception <a 'java/lang/NullPointerException'{0x0000000622dcd3b8}> (0x0000000622dcd3b8) thrown at [s\src\hotspot\share\interpreter\linkResolver.cpp, line 1358]
Event: 5.192 Thread 0x000001b14b2fa800 Exception <a 'java/lang/NullPointerException'{0x0000000622dcd710}> (0x0000000622dcd710) thrown at [s\src\hotspot\share\interpreter\linkResolver.cpp, line 1358]
Event: 5.192 Thread 0x000001b14b2fa800 Exception <a 'java/lang/NullPointerException'{0x0000000622dcd9e0}> (0x0000000622dcd9e0) thrown at [s\src\hotspot\share\interpreter\linkResolver.cpp, line 1358]
Event: 5.199 Thread 0x000001b14b2fa800 Exception <a 'java/lang/NullPointerException'{0x0000000622dcdd38}> (0x0000000622dcdd38) thrown at [s\src\hotspot\share\interpreter\linkResolver.cpp, line 1358]
Event: 5.199 Thread 0x000001b14b2fa800 Exception <a 'java/lang/NullPointerException'{0x0000000622dce008}> (0x0000000622dce008) thrown at [s\src\hotspot\share\interpreter\linkResolver.cpp, line 1358]
Event: 5.206 Thread 0x000001b14b2fa800 Exception <a 'java/lang/NullPointerException'{0x0000000622dce360}> (0x0000000622dce360) thrown at [s\src\hotspot\share\interpreter\linkResolver.cpp, line 1358]
Event: 5.206 Thread 0x000001b14b2fa800 Exception <a 'java/lang/NullPointerException'{0x0000000622dce630}> (0x0000000622dce630) thrown at [s\src\hotspot\share\interpreter\linkResolver.cpp, line 1358]
Event: 5.213 Thread 0x000001b14b2fa800 Exception <a 'java/lang/NullPointerException'{0x0000000622dce988}> (0x0000000622dce988) thrown at [s\src\hotspot\share\interpreter\linkResolver.cpp, line 1358]
Event: 5.213 Thread 0x000001b14b2fa800 Exception <a 'java/lang/NullPointerException'{0x0000000622dcec58}> (0x0000000622dcec58) thrown at [s\src\hotspot\share\interpreter\linkResolver.cpp, line 1358]
Event: 5.220 Thread 0x000001b14b2fa800 Exception <a 'java/lang/NullPointerException'{0x0000000622dcefb0}> (0x0000000622dcefb0) thrown at [s\src\hotspot\share\interpreter\linkResolver.cpp, line 1358]
Event: 5.220 Thread 0x000001b14b2fa800 Exception <a 'java/lang/NullPointerException'{0x0000000622dcf280}> (0x0000000622dcf280) thrown at [s\src\hotspot\share\interpreter\linkResolver.cpp, line 1358]
Event: 5.227 Thread 0x000001b14b2fa800 Exception <a 'java/lang/NullPointerException'{0x0000000622dcf5d8}> (0x0000000622dcf5d8) thrown at [s\src\hotspot\share\interpreter\linkResolver.cpp, line 1358]
Event: 5.227 Thread 0x000001b14b2fa800 Exception <a 'java/lang/NullPointerException'{0x0000000622dcf8a8}> (0x0000000622dcf8a8) thrown at [s\src\hotspot\share\interpreter\linkResolver.cpp, line 1358]
Event: 5.234 Thread 0x000001b14b2fa800 Exception <a 'java/lang/NullPointerException'{0x0000000622dcfc00}> (0x0000000622dcfc00) thrown at [s\src\hotspot\share\interpreter\linkResolver.cpp, line 1358]
Event: 5.234 Thread 0x000001b14b2fa800 Exception <a 'java/lang/NullPointerException'{0x0000000622dcfed0}> (0x0000000622dcfed0) thrown at [s\src\hotspot\share\interpreter\linkResolver.cpp, line 1358]
Event: 5.241 Thread 0x000001b14b2fa800 Exception <a 'java/lang/NullPointerException'{0x0000000622dd0228}> (0x0000000622dd0228) thrown at [s\src\hotspot\share\interpreter\linkResolver.cpp, line 1358]
Event: 5.241 Thread 0x000001b14b2fa800 Exception <a 'java/lang/NullPointerException'{0x0000000622dd04f8}> (0x0000000622dd04f8) thrown at [s\src\hotspot\share\interpreter\linkResolver.cpp, line 1358]

Events (20 events):
Event: 3.211 loading class com/heslington_hustle/game/Recreation
Event: 3.211 loading class com/heslington_hustle/game/Recreation done
Event: 3.211 loading class com/heslington_hustle/game/Eat
Event: 3.211 loading class com/heslington_hustle/game/Eat done
Event: 3.211 loading class com/heslington_hustle/game/Sleep
Event: 3.211 loading class com/heslington_hustle/game/Sleep done
Event: 3.211 loading class com/badlogic/gdx/maps/tiled/tiles/AnimatedTiledMapTile
Event: 3.211 loading class com/badlogic/gdx/maps/tiled/tiles/AnimatedTiledMapTile done
Event: 3.414 Thread 0x000001b1028c8800 Thread exited: 0x000001b1028c8800
Event: 3.442 Thread 0x000001b1028c3800 Thread exited: 0x000001b1028c3800
Event: 4.005 Loaded shared library C:\Users\james\.jdks\corretto-11.0.22\bin\java.dll
Event: 5.241 loading class com/heslington_hustle/screens/ActivityScreen
Event: 5.241 loading class com/heslington_hustle/screens/ActivityScreen done
Event: 5.244 loading class com/badlogic/gdx/utils/ObjectSet$ObjectSetIterator
Event: 5.244 loading class com/badlogic/gdx/utils/ObjectSet$ObjectSetIterator done
Event: 5.246 Thread 0x000001b1028c3800 Thread added: 0x000001b1028c3800
Event: 5.247 loading class com/heslington_hustle/screens/ActivityScreen$1
Event: 5.247 loading class com/heslington_hustle/screens/ActivityScreen$1 done
Event: 5.248 loading class com/heslington_hustle/screens/ActivityScreen$2
Event: 5.248 loading class com/heslington_hustle/screens/ActivityScreen$2 done


Dynamic libraries:
0x00007ff7e54f0000 - 0x00007ff7e54fe000 	C:\Users\james\.jdks\corretto-11.0.22\bin\java.exe
0x00007ff9f4470000 - 0x00007ff9f4687000 	C:\Windows\SYSTEM32\ntdll.dll
0x00007ff9f36b0000 - 0x00007ff9f3774000 	C:\Windows\System32\KERNEL32.DLL
0x00007ff9f1b80000 - 0x00007ff9f1f26000 	C:\Windows\System32\KERNELBASE.dll
0x00007ff9f20a0000 - 0x00007ff9f21b1000 	C:\Windows\System32\ucrtbase.dll
0x00007ff9e4210000 - 0x00007ff9e4227000 	C:\Users\james\.jdks\corretto-11.0.22\bin\jli.dll
0x00007ff9e4740000 - 0x00007ff9e475b000 	C:\Users\james\.jdks\corretto-11.0.22\bin\VCRUNTIME140.dll
0x00007ff9f3e90000 - 0x00007ff9f403e000 	C:\Windows\System32\USER32.dll
0x00007ff9f18c0000 - 0x00007ff9f18e6000 	C:\Windows\System32\win32u.dll
0x00007ff9e4cb0000 - 0x00007ff9e4f43000 	C:\Windows\WinSxS\amd64_microsoft.windows.common-controls_6595b64144ccf1df_6.0.22621.2506_none_270c5ae97388e100\COMCTL32.dll
0x00007ff9f3580000 - 0x00007ff9f35a9000 	C:\Windows\System32\GDI32.dll
0x00007ff9f4380000 - 0x00007ff9f4427000 	C:\Windows\System32\msvcrt.dll
0x00007ff9f18f0000 - 0x00007ff9f1a08000 	C:\Windows\System32\gdi32full.dll
0x00007ff9f1820000 - 0x00007ff9f18ba000 	C:\Windows\System32\msvcp_win.dll
0x00007ff9f4340000 - 0x00007ff9f4371000 	C:\Windows\System32\IMM32.DLL
0x00007ff9e47d0000 - 0x00007ff9e47dc000 	C:\Users\james\.jdks\corretto-11.0.22\bin\vcruntime140_1.dll
0x00007ff9c8b90000 - 0x00007ff9c8c1d000 	C:\Users\james\.jdks\corretto-11.0.22\bin\msvcp140.dll
0x00007ff9786d0000 - 0x00007ff979293000 	C:\Users\james\.jdks\corretto-11.0.22\bin\server\jvm.dll
0x00007ff9f3430000 - 0x00007ff9f34e3000 	C:\Windows\System32\ADVAPI32.dll
0x00007ff9f4040000 - 0x00007ff9f40e8000 	C:\Windows\System32\sechost.dll
0x00007ff9f2070000 - 0x00007ff9f2098000 	C:\Windows\System32\bcrypt.dll
0x00007ff9f3bb0000 - 0x00007ff9f3cc7000 	C:\Windows\System32\RPCRT4.dll
0x00007ff9f3ba0000 - 0x00007ff9f3ba8000 	C:\Windows\System32\PSAPI.DLL
0x00007ff9ee440000 - 0x00007ff9ee449000 	C:\Windows\SYSTEM32\WSOCK32.dll
0x00007ff9e8710000 - 0x00007ff9e871a000 	C:\Windows\SYSTEM32\VERSION.dll
0x00007ff9ea190000 - 0x00007ff9ea1c4000 	C:\Windows\SYSTEM32\WINMM.dll
0x00007ff9f3780000 - 0x00007ff9f37f1000 	C:\Windows\System32\WS2_32.dll
0x00007ff9f08a0000 - 0x00007ff9f08b8000 	C:\Windows\SYSTEM32\kernel.appcore.dll
0x00007ff9e4730000 - 0x00007ff9e4740000 	C:\Users\james\.jdks\corretto-11.0.22\bin\verify.dll
0x00007ff9e2f10000 - 0x00007ff9e3143000 	C:\Windows\SYSTEM32\DBGHELP.DLL
0x00007ff9f30a0000 - 0x00007ff9f3429000 	C:\Windows\System32\combase.dll
0x00007ff9f40f0000 - 0x00007ff9f41c7000 	C:\Windows\System32\OLEAUT32.dll
0x00007ff9d49d0000 - 0x00007ff9d4a02000 	C:\Windows\SYSTEM32\dbgcore.DLL
0x00007ff9f1ff0000 - 0x00007ff9f206a000 	C:\Windows\System32\bcryptPrimitives.dll
0x00007ff9e41e0000 - 0x00007ff9e4208000 	C:\Users\james\.jdks\corretto-11.0.22\bin\java.dll
0x00007ff9e41d0000 - 0x00007ff9e41da000 	C:\Users\james\.jdks\corretto-11.0.22\bin\jimage.dll
0x00007ff9e3fe0000 - 0x00007ff9e3ff8000 	C:\Users\james\.jdks\corretto-11.0.22\bin\zip.dll
0x00007ff9f2350000 - 0x00007ff9f2bab000 	C:\Windows\System32\SHELL32.dll
0x00007ff9ef6d0000 - 0x00007ff9effc6000 	C:\Windows\SYSTEM32\windows.storage.dll
0x00007ff9ef590000 - 0x00007ff9ef6ce000 	C:\Windows\SYSTEM32\wintypes.dll
0x00007ff9f35b0000 - 0x00007ff9f36a3000 	C:\Windows\System32\SHCORE.dll
0x00007ff9f3800000 - 0x00007ff9f385e000 	C:\Windows\System32\shlwapi.dll
0x00007ff9f16e0000 - 0x00007ff9f1706000 	C:\Windows\SYSTEM32\profapi.dll
0x00007ff9e3fc0000 - 0x00007ff9e3fd9000 	C:\Users\james\.jdks\corretto-11.0.22\bin\net.dll
0x00007ff9eb7c0000 - 0x00007ff9eb8f7000 	C:\Windows\SYSTEM32\WINHTTP.dll
0x00007ff9f0d20000 - 0x00007ff9f0d89000 	C:\Windows\system32\mswsock.dll
0x00007ff9e3fa0000 - 0x00007ff9e3fb2000 	C:\Users\james\.jdks\corretto-11.0.22\bin\nio.dll
0x000000006e700000 - 0x000000006e72d000 	C:\Users\james\AppData\Local\Temp\libgdxjames\2a9d7f76\gdx64.dll
0x00007ff9cfb00000 - 0x00007ff9cfb7b000 	C:\Users\james\AppData\Local\Temp\lwjgl_james\3.3.3+5\x64\lwjgl.dll
0x00007ff988db0000 - 0x00007ff989020000 	C:\Users\james\AppData\Local\Temp\lwjgl_james\3.3.3+5\x64\jemalloc.dll
0x00007ff9c89a0000 - 0x00007ff9c8a22000 	C:\Users\james\AppData\Local\Temp\lwjgl_james\3.3.3+5\x64\glfw.dll
0x00007ff9cfa90000 - 0x00007ff9cfad6000 	C:\Windows\SYSTEM32\dinput8.dll
0x00007ff9aa240000 - 0x00007ff9aa251000 	C:\Windows\SYSTEM32\xinput1_4.dll
0x00007ff9f1470000 - 0x00007ff9f149c000 	C:\Windows\SYSTEM32\DEVOBJ.dll
0x00007ff9f14a0000 - 0x00007ff9f14ee000 	C:\Windows\SYSTEM32\cfgmgr32.dll
0x00007ff9eee90000 - 0x00007ff9eeebb000 	C:\Windows\SYSTEM32\dwmapi.dll
0x00007ff9cd4b0000 - 0x00007ff9cd6ba000 	C:\Windows\SYSTEM32\inputhost.dll
0x00007ff9ee0a0000 - 0x00007ff9ee1d4000 	C:\Windows\SYSTEM32\CoreMessaging.dll
0x00007ff9eec50000 - 0x00007ff9eecfb000 	C:\Windows\system32\uxtheme.dll
0x00007ff9f41d0000 - 0x00007ff9f4321000 	C:\Windows\System32\MSCTF.dll
0x00007ff9f0f60000 - 0x00007ff9f0f6c000 	C:\Windows\SYSTEM32\CRYPTBASE.DLL
0x00007ff988be0000 - 0x00007ff988da7000 	C:\Users\james\AppData\Local\Temp\lwjgl_james\3.3.3+5\x64\OpenAL.dll
0x00007ff9f3cd0000 - 0x00007ff9f3e70000 	C:\Windows\System32\ole32.dll
0x00007ff9f3860000 - 0x00007ff9f3910000 	C:\Windows\System32\clbcatq.dll
0x00007ff9e79c0000 - 0x00007ff9e7a5d000 	C:\Windows\System32\MMDevApi.dll
0x00007ff9e3710000 - 0x00007ff9e38fc000 	C:\Windows\SYSTEM32\AUDIOSES.DLL
0x00007ff9ef1a0000 - 0x00007ff9ef1b5000 	C:\Windows\SYSTEM32\resourcepolicyclient.dll
0x00007ff9f0600000 - 0x00007ff9f064d000 	C:\Windows\SYSTEM32\powrprof.dll
0x00007ff9f05e0000 - 0x00007ff9f05f3000 	C:\Windows\SYSTEM32\UMPDC.dll
0x00007ff9a6970000 - 0x00007ff9a6a70000 	C:\Windows\SYSTEM32\opengl32.dll
0x00007ff9a9730000 - 0x00007ff9a975d000 	C:\Windows\SYSTEM32\GLU32.dll
0x00007ff9eef00000 - 0x00007ff9eef39000 	C:\Windows\SYSTEM32\dxcore.dll
0x00007ff9eaa80000 - 0x00007ff9eabb5000 	C:\Windows\System32\AppXDeploymentClient.dll
0x00007ff9957c0000 - 0x00007ff998462000 	C:\Windows\System32\DriverStore\FileRepository\nvmdi.inf_amd64_92b25561841a09dd\nvoglv64.dll
0x00007ff9f2c00000 - 0x00007ff9f3074000 	C:\Windows\System32\SETUPAPI.dll
0x00007ff9f0650000 - 0x00007ff9f0664000 	C:\Windows\SYSTEM32\WTSAPI32.dll
0x00007ff9f1450000 - 0x00007ff9f1462000 	C:\Windows\SYSTEM32\msasn1.dll
0x00007ff9e86d0000 - 0x00007ff9e8702000 	C:\Windows\SYSTEM32\cryptnet.dll
0x00007ff9f1a10000 - 0x00007ff9f1b76000 	C:\Windows\System32\CRYPT32.dll
0x00007ff9e8420000 - 0x00007ff9e8578000 	C:\Windows\SYSTEM32\drvstore.dll
0x00007ff9f1060000 - 0x00007ff9f10ab000 	C:\Windows\SYSTEM32\wldp.dll
0x00007ff9f17b0000 - 0x00007ff9f181b000 	C:\Windows\System32\WINTRUST.dll
0x00007ff9f08c0000 - 0x00007ff9f08f4000 	C:\Windows\SYSTEM32\ntmarta.dll
0x00007ff9f3080000 - 0x00007ff9f309f000 	C:\Windows\System32\imagehlp.dll
0x00007ff9f0f40000 - 0x00007ff9f0f5b000 	C:\Windows\SYSTEM32\CRYPTSP.dll
0x00007ff9f0800000 - 0x00007ff9f0835000 	C:\Windows\system32\rsaenh.dll
0x00007ff9e0620000 - 0x00007ff9e283d000 	C:\Windows\System32\DriverStore\FileRepository\nvmdi.inf_amd64_92b25561841a09dd\nvgpucomp64.dll
0x00007ff9d5af0000 - 0x00007ff9d5dc1000 	C:\Windows\system32\nvspcap64.dll
0x00007ff9f0220000 - 0x00007ff9f0286000 	C:\Windows\SYSTEM32\WINSTA.dll
0x00007ff9c97a0000 - 0x00007ff9c97fe000 	C:\Users\james\AppData\Local\Temp\lwjgl_james\3.3.3+5\x64\lwjgl_opengl.dll
0x00007ff9cb870000 - 0x00007ff9cb9ba000 	C:\Windows\SYSTEM32\textinputframework.dll
0x00007ff9e97b0000 - 0x00007ff9e9b1c000 	C:\Windows\SYSTEM32\CoreUIComponents.dll

dbghelp: loaded successfully - version: 4.0.5 - missing functions: none
symbol engine: initialized successfully - sym options: 0x614 - pdb path: .;C:\Users\james\.jdks\corretto-11.0.22\bin;C:\Windows\SYSTEM32;C:\Windows\WinSxS\amd64_microsoft.windows.common-controls_6595b64144ccf1df_6.0.22621.2506_none_270c5ae97388e100;C:\Users\james\.jdks\corretto-11.0.22\bin\server;C:\Users\james\AppData\Local\Temp\libgdxjames\2a9d7f76;C:\Users\james\AppData\Local\Temp\lwjgl_james\3.3.3+5\x64;C:\Windows\System32\DriverStore\FileRepository\nvmdi.inf_amd64_92b25561841a09dd

VM Arguments:
jvm_args: -Dfile.encoding=windows-1252 -Duser.country=GB -Duser.language=en -Duser.variant 
java_command: com.heslington_hustle.game.DesktopLauncher
java_class_path (initial): C:\Users\james\Downloads\Group-12-ENG1\Heslington_hustle\desktop\build\classes\java\main;C:\Users\james\Downloads\Group-12-ENG1\Heslington_hustle\desktop\build\resources\main;C:\Users\james\.gradle\caches\modules-2\files-2.1\com.badlogicgames.gdx\gdx-backend-lwjgl3\1.12.1\12a144cacb34f0392cd8354f798d99e4836a51a8\gdx-backend-lwjgl3-1.12.1.jar;C:\Users\james\.gradle\caches\modules-2\files-2.1\com.badlogicgames.gdx\gdx-platform\1.12.1\5737be5ce3a4e8f9f77c2d9ab95ab479f9c3705f\gdx-platform-1.12.1-natives-desktop.jar;C:\Users\james\.gradle\caches\modules-2\files-2.1\com.badlogicgames.gdx\gdx-box2d-platform\1.12.1\4e82228fcdd2e8a7673fe7952588acfdb33d7820\gdx-box2d-platform-1.12.1-natives-desktop.jar;C:\Users\james\.gradle\caches\modules-2\files-2.1\com.badlogicgames.gdx\gdx-freetype-platform\1.12.1\a32f9ecca13ae01370d9649e48a30201080d4c18\gdx-freetype-platform-1.12.1-natives-desktop.jar;C:\Users\james\Downloads\Group-12-ENG1\Heslington_hustle\core\build\libs\core-1.0.jar;C:\Users\james\.gradle\caches\modules-2\files-2.1\com.badlogicgames.gdx\gdx-box2d\1.12.1\6c37ed04f97d062f1bdc4afe1f583182e539a269\gdx-box2d-1.12.1.jar;C:\Users\james\.gradle\caches\modules-2\files-2.1\com.badlogicgames.ashley\ashley\1.7.4\21a3a8932919099c4e5006a7d8378dcbe76ef8a5\ashley-1.7.4.jar;C:\Users\james\.gradle\caches\modules-2\files-2.1\com.badlogicgames.gdx\gdx-freetype\1.12.1\d5826997b0cfa595a72889610fadb18405056c1c\gdx-freetype-1.12.1.jar;C:\Users\james\.gradle\caches\modules-2\files-2.1\com.badlogicgames.gdx\gdx\1.12.1\a2d066c09329c457045c284c42d6f37122840aa\gdx-1.12.1.jar;C:\Users\james\.gradle\caches\modules-2\files-2.1\org.lwjgl\lwjgl-glfw\3.3.3\efa1eb78c5ccd840e9f329717109b5e892d72f8e\lwjgl-glfw-3.3.3.jar;C:\Users\james\.gradle\caches\modules-2\files-2.1\org.lwjgl\lwjgl-glfw\3.3.3\a03684c5e4b1b1dbbe0d29dbbdc27b985b6840f2\lwjgl-glfw-3.3.3-natives-linux.jar;C:\Users\james\.gradle\caches\modules-2\files-2.1\org.lwjgl\lwjgl-glfw\3.3.3\d9af485c32545b37dd5359b163161d4
Launcher Type: SUN_STANDARD

[Global flags]
     intx CICompilerCount                          = 12                                        {product} {ergonomic}
     uint ConcGCThreads                            = 4                                         {product} {ergonomic}
     uint G1ConcRefinementThreads                  = 15                                        {product} {ergonomic}
   size_t G1HeapRegionSize                         = 2097152                                   {product} {ergonomic}
    uintx GCDrainStackTargetSize                   = 64                                        {product} {ergonomic}
   size_t InitialHeapSize                          = 534773760                                 {product} {ergonomic}
   size_t MarkStackSize                            = 4194304                                   {product} {ergonomic}
   size_t MaxHeapSize                              = 8529117184                                {product} {ergonomic}
   size_t MaxNewSize                               = 5117050880                                {product} {ergonomic}
   size_t MinHeapDeltaBytes                        = 2097152                                   {product} {ergonomic}
    uintx NonNMethodCodeHeapSize                   = 7594288                                {pd product} {ergonomic}
    uintx NonProfiledCodeHeapSize                  = 122031976                              {pd product} {ergonomic}
    uintx ProfiledCodeHeapSize                     = 122031976                              {pd product} {ergonomic}
    uintx ReservedCodeCacheSize                    = 251658240                              {pd product} {ergonomic}
     bool SegmentedCodeCache                       = true                                      {product} {ergonomic}
     bool UseCompressedClassPointers               = true                                 {lp64_product} {ergonomic}
     bool UseCompressedOops                        = true                                 {lp64_product} {ergonomic}
     bool UseG1GC                                  = true                                      {product} {ergonomic}
     bool UseLargePagesIndividualAllocation        = false                                  {pd product} {ergonomic}

Logging:
Log output configuration:
 #0: stdout all=warning uptime,level,tags
 #1: stderr all=off uptime,level,tags

Environment Variables:
JAVA_HOME=C:\Program Files\Eclipse Adoptium\jdk-21.0.2.13-hotspot\
PATH=C:\Program Files\Eclipse Adoptium\jdk-21.0.2.13-hotspot\bin;C:\Windows\system32;C:\Windows;C:\Windows\System32\Wbem;C:\Windows\System32\WindowsPowerShell\v1.0\;C:\Windows\System32\OpenSSH\;C:\Program Files\NVIDIA Corporation\NVIDIA NvDLISR;C:\Program Files (x86)\NVIDIA Corporation\PhysX\Common;C:\Program Files\Git\cmd;C:\Users\james\AppData\Local\Microsoft\WindowsApps;C:\Program Files\JetBrains\IntelliJ IDEA 2023.3.4\bin;;C:\Users\james\AppData\Local\GitHubDesktop\bin
USERNAME=james
OS=Windows_NT
PROCESSOR_IDENTIFIER=Intel64 Family 6 Model 183 Stepping 1, GenuineIntel
TMP=C:\Users\james\AppData\Local\Temp
TEMP=C:\Users\james\AppData\Local\Temp



---------------  S Y S T E M  ---------------

OS: Windows 11 , 64 bit Build 22621 (10.0.22621.3085)
OS uptime: 5 days 3:22 hours
Hyper-V role detected

CPU:total 20 (initial active 20) (10 cores per cpu, 2 threads per core) family 6 model 183 stepping 1 microcode 0x11f, cmov, cx8, fxsr, mmx, sse, sse2, sse3, ssse3, sse4.1, sse4.2, popcnt, avx, avx2, aes, clmul, erms, 3dnowpref, lzcnt, ht, tsc, tscinvbit, bmi1, bmi2, adx, sha, fma

Memory: 4k page, system-wide physical 32535M (18837M free)
TotalPageFile size 34583M (AvailPageFile size 15520M)
current process WorkingSet (physical memory assigned to process): 162M, peak: 170M
current process commit charge ("private bytes"): 760M, peak: 768M

vm_info: OpenJDK 64-Bit Server VM (11.0.22+7-LTS) for windows-amd64 JRE (11.0.22+7-LTS), built on Jan 10 2024 19:54:00 by "Administrator" with MS VC++ 16.10 / 16.11 (VS2019)

END.
