#
# A fatal error has been detected by the Java Runtime Environment:
#
#  EXCEPTION_ACCESS_VIOLATION (0xc0000005) at pc=0x00007ffa9d2096a2, pid=24556, tid=1928
#
# JRE version: OpenJDK Runtime Environment Corretto-11.0.22.7.1 (11.0.22+7) (build 11.0.22+7-LTS)
# Java VM: OpenJDK 64-Bit Server VM Corretto-11.0.22.7.1 (11.0.22+7-LTS, mixed mode, tiered, compressed oops, g1 gc, windows-amd64)
# Problematic frame:
# C  [msvcrt.dll+0x796a2]
#
# No core dump will be written. Minidumps are not enabled by default on client versions of Windows
#
# If you would like to submit a bug report, please visit:
#   https://github.com/corretto/corretto-11/issues/
# The crash happened outside the Java Virtual Machine in native code.
# See problematic frame for where to report the bug.
#

---------------  S U M M A R Y ------------

Command Line: -Dfile.encoding=windows-1252 -Duser.country=GB -Duser.language=en -Duser.variant com.heslington_hustle.game.DesktopLauncher

Host: Intel(R) Core(TM) i5-14600K, 20 cores, 31G,  Windows 11 , 64 bit Build 22621 (10.0.22621.3235)
Time: Mon Mar 18 16:09:44 2024 GMT Standard Time elapsed time: 17.739178 seconds (0d 0h 0m 17s)

---------------  T H R E A D  ---------------

Current thread (0x0000028d05621800):  JavaThread "main" [_thread_in_native, id=1928, stack(0x000000dbedc00000,0x000000dbedd00000)]

Stack: [0x000000dbedc00000,0x000000dbedd00000],  sp=0x000000dbedcfedc8,  free space=1019k
Native frames: (J=compiled Java code, j=interpreted, Vv=VM code, C=native code)
C  [msvcrt.dll+0x796a2]
C  [gdx64.dll+0x20e6]

Java frames: (J=compiled Java code, j=interpreted, Vv=VM code)
J 1338  com.badlogic.gdx.utils.BufferUtils.copyJni([FLjava/nio/Buffer;II)V (0 bytes) @ 0x0000028d159af940 [0x0000028d159af8c0+0x0000000000000080]
J 1513 c2 com.badlogic.gdx.graphics.g2d.SpriteBatch.flush()V (196 bytes) @ 0x0000028d159d47a8 [0x0000028d159d4640+0x0000000000000168]
J 1302 c1 com.badlogic.gdx.graphics.g2d.SpriteBatch.setTransformMatrix(Lcom/badlogic/gdx/math/Matrix4;)V (32 bytes) @ 0x0000028d0e7582c4 [0x0000028d0e758200+0x00000000000000c4]
J 1187 c1 com.badlogic.gdx.scenes.scene2d.Group.draw(Lcom/badlogic/gdx/graphics/g2d/Batch;F)V (35 bytes) @ 0x0000028d0e71325c [0x0000028d0e712bc0+0x000000000000069c]
J 1636 c1 com.badlogic.gdx.scenes.scene2d.Stage.draw()V (70 bytes) @ 0x0000028d0e8062e4 [0x0000028d0e805c20+0x00000000000006c4]
j  com.heslington_hustle.screens.NewDayScreen.render(F)V+31
J 1539 c1 com.heslington_hustle.game.HeslingtonHustle.render()V (5 bytes) @ 0x0000028d0e7cd134 [0x0000028d0e7ccee0+0x0000000000000254]
J 1536 c1 com.badlogic.gdx.backends.lwjgl3.Lwjgl3Window.update()Z (217 bytes) @ 0x0000028d0e7ce444 [0x0000028d0e7cd6a0+0x0000000000000da4]
j  com.badlogic.gdx.backends.lwjgl3.Lwjgl3Application.loop()V+111
j  com.badlogic.gdx.backends.lwjgl3.Lwjgl3Application.<init>(Lcom/badlogic/gdx/ApplicationListener;Lcom/badlogic/gdx/backends/lwjgl3/Lwjgl3ApplicationConfiguration;)V+269
j  com.heslington_hustle.game.DesktopLauncher.main([Ljava/lang/String;)V+47
v  ~StubRoutines::call_stub

siginfo: EXCEPTION_ACCESS_VIOLATION (0xc0000005), writing address 0x0000028d3752a000


Register to memory mapping:

RIP=0x00007ffa9d2096a2 msvcrt.dll
RAX=0x0000028d37529e60 points into unknown readable memory: 0x43d1800043b58000 | 00 80 b5 43 00 80 d1 43
RBX=0x0000000622cd16e8 is pointing into object: [F 
{0x0000000622cd16d8} - klass: {type array float}
 - length: 20000
RCX=0x0000028d3752a030 is an unknown value
RDX=0xfffffd78eb7a7888 is an unknown value
RSP=0x000000dbedcfedc8 is pointing into the stack for thread: 0x0000028d05621800
RBP=0x000000dbedcfeea0 is pointing into the stack for thread: 0x0000028d05621800
RSI=0x00000000000001e0 is an unknown value
RDI=0x0 is NULL
R8 =0x0000000000000030 is an unknown value
R9 =0x0000000000000016 is an unknown value
R10=0x00000000000000ee is an unknown value
R11=0x0000000622cd1e68 is pointing into object: [F 
{0x0000000622cd16d8} - klass: {type array float}
 - length: 20000
R12=0x0000028d05621b48 points into unknown readable memory: 0x0000028d34ca9180 | 80 91 ca 34 8d 02 00 00
R13=0x0000028d37529e60 points into unknown readable memory: 0x43d1800043b58000 | 00 80 b5 43 00 80 d1 43
R14=0x000000dbedcfee60 is pointing into the stack for thread: 0x0000028d05621800
R15=0x0000028d05621800 is a thread


Registers:
RAX=0x0000028d37529e60, RBX=0x0000000622cd16e8, RCX=0x0000028d3752a030, RDX=0xfffffd78eb7a7888
RSP=0x000000dbedcfedc8, RBP=0x000000dbedcfeea0, RSI=0x00000000000001e0, RDI=0x0000000000000000
R8 =0x0000000000000030, R9 =0x0000000000000016, R10=0x00000000000000ee, R11=0x0000000622cd1e68
R12=0x0000028d05621b48, R13=0x0000028d37529e60, R14=0x000000dbedcfee60, R15=0x0000028d05621800
RIP=0x00007ffa9d2096a2, EFLAGS=0x0000000000010202

Top of Stack: (sp=0x000000dbedcfedc8)
0x000000dbedcfedc8:   000000006e7020e6 0000000000000780
0x000000dbedcfedd8:   000000dbedcfeea0 00000000000001e0
0x000000dbedcfede8:   0000000000000000 000000dbedcfee90
0x000000dbedcfedf8:   0000000000000780 0000000622cd12e0
0x000000dbedcfee08:   0000000000000000 0000000000000000
0x000000dbedcfee18:   00000000000000c8 000000dbedcfee90
0x000000dbedcfee28:   0000028d159af9e0 0000028d3d78be78
0x000000dbedcfee38:   0000028d159aeeb4 0000000000000090
0x000000dbedcfee48:   000000dbedcfeea0 00000000000001e0
0x000000dbedcfee58:   0000000000000000 0000000622cd16d8
0x000000dbedcfee68:   0000000622cd15d0 0000000000000000
0x000000dbedcfee78:   0000000000000008 000000061f9e7928
0x000000dbedcfee88:   0000000622cd12e0 0000000621f46bd8
0x000000dbedcfee98:   800000003ca3d70a 0000000622cd1480
0x000000dbedcfeea8:   0000028d159d47a8 0000000622cd12e0
0x000000dbedcfeeb8:   c459a29000000090 000000db000001e0 

Instructions: (pc=0x00007ffa9d2096a2)
0x00007ffa9d2095a2:   f8 20 77 5a 0f 10 02 42 0f 10 4c 02 f0 0f 11 01
0x00007ffa9d2095b2:   42 0f 11 4c 01 f0 c3 0f 1f 80 00 00 00 00 4d 85
0x00007ffa9d2095c2:   c0 74 15 48 2b d1 72 16 44 8a 1c 11 48 ff c1 49
0x00007ffa9d2095d2:   ff c8 44 88 59 ff 75 f0 c3 0f 1f 44 00 00 49 03
0x00007ffa9d2095e2:   c8 44 8a 5c 11 ff 48 ff c9 49 ff c8 44 88 19 75
0x00007ffa9d2095f2:   f0 c3 66 66 66 66 0f 1f 84 00 00 00 00 00 4e 8d
0x00007ffa9d209602:   1c 02 48 2b d1 73 09 4c 3b d9 0f 87 6e 01 00 00
0x00007ffa9d209612:   0f 10 04 11 48 83 c1 10 f6 c1 0f 74 12 48 83 e1
0x00007ffa9d209622:   f0 0f 10 0c 11 0f 11 00 0f 28 c1 48 83 c1 10 4c
0x00007ffa9d209632:   03 c0 4c 2b c1 4d 8b c8 49 c1 e9 06 74 6f 49 81
0x00007ffa9d209642:   f9 00 10 00 00 0f 87 b3 00 00 00 49 83 e0 3f eb
0x00007ffa9d209652:   2d 66 66 66 66 66 66 66 0f 1f 84 00 00 00 00 00
0x00007ffa9d209662:   66 66 66 66 66 66 66 0f 1f 84 00 00 00 00 00 66
0x00007ffa9d209672:   66 66 66 66 66 66 0f 1f 84 00 00 00 00 00 0f 10
0x00007ffa9d209682:   0c 11 0f 10 54 11 10 0f 10 5c 11 20 0f 10 64 11
0x00007ffa9d209692:   30 0f 29 41 f0 48 83 c1 40 49 ff c9 0f 29 49 c0
0x00007ffa9d2096a2:   0f 29 51 d0 0f 29 59 e0 0f 28 c4 75 d1 4d 8b c8
0x00007ffa9d2096b2:   49 c1 e9 04 74 19 0f 1f 84 00 00 00 00 00 0f 29
0x00007ffa9d2096c2:   41 f0 0f 10 04 11 48 83 c1 10 49 ff c9 75 ef 49
0x00007ffa9d2096d2:   83 e0 0f 74 0e 4e 8d 5c 01 f0 41 0f 10 0c 13 41
0x00007ffa9d2096e2:   0f 11 0b 0f 29 41 f0 c3 66 66 66 66 66 66 66 0f
0x00007ffa9d2096f2:   1f 84 00 00 00 00 00 0f 1f 80 00 00 00 00 4d 8b
0x00007ffa9d209702:   c8 49 c1 e9 06 49 83 e0 3f 0f 18 44 11 40 eb 2e
0x00007ffa9d209712:   66 66 66 66 66 66 66 0f 1f 84 00 00 00 00 00 66
0x00007ffa9d209722:   66 66 66 66 66 66 0f 1f 84 00 00 00 00 00 66 66
0x00007ffa9d209732:   66 66 66 66 66 0f 1f 84 00 00 00 00 00 90 0f 10
0x00007ffa9d209742:   0c 11 0f 10 54 11 10 0f 10 5c 11 20 0f 10 64 11
0x00007ffa9d209752:   30 0f 2b 41 f0 48 83 c1 40 0f 18 44 11 40 49 ff
0x00007ffa9d209762:   c9 0f 2b 49 c0 0f 2b 51 d0 0f 2b 59 e0 0f 28 c4
0x00007ffa9d209772:   75 cc 0f ae f8 e9 33 ff ff ff 0f 1f 40 00 49 03
0x00007ffa9d209782:   c8 0f 10 44 11 f0 48 83 e9 10 49 83 e8 10 f6 c1
0x00007ffa9d209792:   0f 74 18 4c 8b d9 48 83 e1 f0 0f 10 0c 11 41 0f 


Stack slot to memory mapping:
stack at sp + 0 slots: 0x000000006e7020e6 gdx64.dll
stack at sp + 1 slots: 0x0000000000000780 is an unknown value
stack at sp + 2 slots: 0x000000dbedcfeea0 is pointing into the stack for thread: 0x0000028d05621800
stack at sp + 3 slots: 0x00000000000001e0 is an unknown value
stack at sp + 4 slots: 0x0 is NULL
stack at sp + 5 slots: 0x000000dbedcfee90 is pointing into the stack for thread: 0x0000028d05621800
stack at sp + 6 slots: 0x0000000000000780 is an unknown value
stack at sp + 7 slots: 0x0000000622cd12e0 is an oop: com.badlogic.gdx.graphics.g2d.SpriteBatch 
{0x0000000622cd12e0} - klass: 'com/badlogic/gdx/graphics/g2d/SpriteBatch'
 - ---- fields (total size 12 words):
 - 'idx' 'I' @12  480 (1e0)
 - 'invTexWidth' 'F' @16  0.001953 (3b000000)
 - 'invTexHeight' 'F' @20  0.001953 (3b000000)
 - private 'blendSrcFunc' 'I' @24  770 (302)
 - private 'blendDstFunc' 'I' @28  771 (303)
 - private 'blendSrcFuncAlpha' 'I' @32  770 (302)
 - private 'blendDstFuncAlpha' 'I' @36  771 (303)
 - 'colorPacked' 'F' @40  -170141173319264429905852091742258462720.000000 (feffffff)
 - public 'renderCalls' 'I' @44  1
 - public 'totalRenderCalls' 'I' @48  36 (24)
 - public 'maxSpritesInBatch' 'I' @52  24 (18)
 - 'drawing' 'Z' @56  true
 - private 'blendingDisabled' 'Z' @57  false
 - private 'ownsShader' 'Z' @58  true
 - private 'mesh' 'Lcom/badlogic/gdx/graphics/Mesh;' @60  a 'com/badlogic/gdx/graphics/Mesh'{0x0000000622cd1480} (c459a290)
 - final 'vertices' '[F' @64  [F{0x0000000622cd16d8} (c459a2db)
 - 'lastTexture' 'Lcom/badlogic/gdx/graphics/Texture;' @68  a 'com/badlogic/gdx/graphics/Texture'{0x000000061f60a950} (c3ec152a)
 - private final 'transformMatrix' 'Lcom/badlogic/gdx/math/Matrix4;' @72  a 'com/badlogic/gdx/math/Matrix4'{0x0000000622cd1340} (c459a268)
 - private final 'projectionMatrix' 'Lcom/badlogic/gdx/math/Matrix4;' @76  a 'com/badlogic/gdx/math/Matrix4'{0x0000000622cd13a0} (c459a274)
 - private final 'combinedMatrix' 'Lcom/badlogic/gdx/math/Matrix4;' @80  a 'com/badlogic/gdx/math/Matrix4'{0x0000000622cd1400} (c459a280)
 - private final 'shader' 'Lcom/badlogic/gdx/graphics/glutils/ShaderProgram;' @84  a 'com/badlogic/gdx/graphics/glutils/ShaderProgram'{0x0000000622ce7e58} (c459cfcb)
 - private 'customShader' 'Lcom/badlogic/gdx/graphics/glutils/ShaderProgram;' @88  NULL (0)
 - private final 'color' 'Lcom/badlogic/gdx/graphics/Color;' @92  a 'com/badlogic/gdx/graphics/Color'{0x0000000622cd1460} (c459a28c)


---------------  P R O C E S S  ---------------

Threads class SMR info:
_java_thread_list=0x0000028d3c94f920, length=12, elements={
0x0000028d05621800, 0x0000028d33c09000, 0x0000028d33c11800, 0x0000028d33c64000,
0x0000028d33c66000, 0x0000028d33c67000, 0x0000028d33c6a800, 0x0000028d33c74000,
0x0000028d33c78800, 0x0000028d33e56800, 0x0000028d354c4000, 0x0000028d35e91800
}

Java Threads: ( => current thread )
=>0x0000028d05621800 JavaThread "main" [_thread_in_native, id=1928, stack(0x000000dbedc00000,0x000000dbedd00000)]
  0x0000028d33c09000 JavaThread "Reference Handler" daemon [_thread_blocked, id=5320, stack(0x000000dbee300000,0x000000dbee400000)]
  0x0000028d33c11800 JavaThread "Finalizer" daemon [_thread_blocked, id=23512, stack(0x000000dbee400000,0x000000dbee500000)]
  0x0000028d33c64000 JavaThread "Signal Dispatcher" daemon [_thread_blocked, id=1948, stack(0x000000dbee500000,0x000000dbee600000)]
  0x0000028d33c66000 JavaThread "Attach Listener" daemon [_thread_blocked, id=18672, stack(0x000000dbee600000,0x000000dbee700000)]
  0x0000028d33c67000 JavaThread "Service Thread" daemon [_thread_blocked, id=3864, stack(0x000000dbee700000,0x000000dbee800000)]
  0x0000028d33c6a800 JavaThread "C2 CompilerThread0" daemon [_thread_blocked, id=8072, stack(0x000000dbee800000,0x000000dbee900000)]
  0x0000028d33c74000 JavaThread "C1 CompilerThread0" daemon [_thread_blocked, id=14028, stack(0x000000dbee900000,0x000000dbeea00000)]
  0x0000028d33c78800 JavaThread "Sweeper thread" daemon [_thread_blocked, id=10140, stack(0x000000dbeea00000,0x000000dbeeb00000)]
  0x0000028d33e56800 JavaThread "Common-Cleaner" daemon [_thread_blocked, id=11124, stack(0x000000dbeee00000,0x000000dbeef00000)]
  0x0000028d354c4000 JavaThread "Thread-0" daemon [_thread_blocked, id=15916, stack(0x000000dbef600000,0x000000dbef700000)]
  0x0000028d35e91800 JavaThread "LWJGL3 Timer" daemon [_thread_blocked, id=9208, stack(0x000000dbf0800000,0x000000dbf0900000)]

Other Threads:
  0x0000028d33c08000 VMThread "VM Thread" [stack: 0x000000dbee200000,0x000000dbee300000] [id=16348]
  0x0000028d33e50000 WatcherThread [stack: 0x000000dbeed00000,0x000000dbeee00000] [id=9884]
  0x0000028d0563c000 GCTaskThread "GC Thread#0" [stack: 0x000000dbedd00000,0x000000dbede00000] [id=10788]
  0x0000028d35c6e000 GCTaskThread "GC Thread#1" [stack: 0x000000dbeef00000,0x000000dbef000000] [id=20756]
  0x0000028d35c84000 GCTaskThread "GC Thread#2" [stack: 0x000000dbefb00000,0x000000dbefc00000] [id=5020]
  0x0000028d35c85000 GCTaskThread "GC Thread#3" [stack: 0x000000dbefc00000,0x000000dbefd00000] [id=4880]
  0x0000028d35c85800 GCTaskThread "GC Thread#4" [stack: 0x000000dbefd00000,0x000000dbefe00000] [id=12612]
  0x0000028d35c86800 GCTaskThread "GC Thread#5" [stack: 0x000000dbefe00000,0x000000dbeff00000] [id=9940]
  0x0000028d35c91800 GCTaskThread "GC Thread#6" [stack: 0x000000dbeff00000,0x000000dbf0000000] [id=13292]
  0x0000028d35c95000 GCTaskThread "GC Thread#7" [stack: 0x000000dbf0000000,0x000000dbf0100000] [id=25900]
  0x0000028d35c95800 GCTaskThread "GC Thread#8" [stack: 0x000000dbf0100000,0x000000dbf0200000] [id=24632]
  0x0000028d35c9a800 GCTaskThread "GC Thread#9" [stack: 0x000000dbf0200000,0x000000dbf0300000] [id=14308]
  0x0000028d35c9f000 GCTaskThread "GC Thread#10" [stack: 0x000000dbf0300000,0x000000dbf0400000] [id=5248]
  0x0000028d35c9f800 GCTaskThread "GC Thread#11" [stack: 0x000000dbf0400000,0x000000dbf0500000] [id=26980]
  0x0000028d056ba800 ConcurrentGCThread "G1 Main Marker" [stack: 0x000000dbede00000,0x000000dbedf00000] [id=2452]
  0x0000028d056bb800 ConcurrentGCThread "G1 Conc#0" [stack: 0x000000dbedf00000,0x000000dbee000000] [id=5348]
  0x0000028d332ce800 ConcurrentGCThread "G1 Refine#0" [stack: 0x000000dbee000000,0x000000dbee100000] [id=20116]
  0x0000028d332cf800 ConcurrentGCThread "G1 Young RemSet Sampling" [stack: 0x000000dbee100000,0x000000dbee200000] [id=8136]

Threads with active compile tasks:

VM state:not at safepoint (normal execution)

VM Mutex/Monitor currently owned by a thread: None

Heap address: 0x0000000603a00000, size: 8134 MB, Compressed Oops mode: Zero based, Oop shift amount: 3
Narrow klass base: 0x0000000800000000, Narrow klass shift: 0
Compressed class space size: 1073741824 Address: 0x0000000800000000

Heap:
 garbage-first heap   total 522240K, used 66193K [0x0000000603a00000, 0x0000000800000000)
  region size 2048K, 34 young (69632K), 2 survivors (4096K)
 Metaspace       used 14345K, capacity 14579K, committed 14848K, reserved 1062912K
  class space    used 1118K, capacity 1184K, committed 1280K, reserved 1048576K
Heap Regions: E=young(eden), S=young(survivor), O=old, HS=humongous(starts), HC=humongous(continues), CS=collection set, F=free, A=archive, TAMS=top-at-mark-start (previous, next)
|   0|0x0000000603a00000, 0x0000000603a00000, 0x0000000603c00000|  0%| F|  |TAMS 0x0000000603a00000, 0x0000000603a00000| Untracked 
|   1|0x0000000603c00000, 0x0000000603c00000, 0x0000000603e00000|  0%| F|  |TAMS 0x0000000603c00000, 0x0000000603c00000| Untracked 
|   2|0x0000000603e00000, 0x0000000603e00000, 0x0000000604000000|  0%| F|  |TAMS 0x0000000603e00000, 0x0000000603e00000| Untracked 
|   3|0x0000000604000000, 0x0000000604000000, 0x0000000604200000|  0%| F|  |TAMS 0x0000000604000000, 0x0000000604000000| Untracked 
|   4|0x0000000604200000, 0x0000000604200000, 0x0000000604400000|  0%| F|  |TAMS 0x0000000604200000, 0x0000000604200000| Untracked 
|   5|0x0000000604400000, 0x0000000604400000, 0x0000000604600000|  0%| F|  |TAMS 0x0000000604400000, 0x0000000604400000| Untracked 
|   6|0x0000000604600000, 0x0000000604600000, 0x0000000604800000|  0%| F|  |TAMS 0x0000000604600000, 0x0000000604600000| Untracked 
|   7|0x0000000604800000, 0x0000000604800000, 0x0000000604a00000|  0%| F|  |TAMS 0x0000000604800000, 0x0000000604800000| Untracked 
|   8|0x0000000604a00000, 0x0000000604a00000, 0x0000000604c00000|  0%| F|  |TAMS 0x0000000604a00000, 0x0000000604a00000| Untracked 
|   9|0x0000000604c00000, 0x0000000604c00000, 0x0000000604e00000|  0%| F|  |TAMS 0x0000000604c00000, 0x0000000604c00000| Untracked 
|  10|0x0000000604e00000, 0x0000000604e00000, 0x0000000605000000|  0%| F|  |TAMS 0x0000000604e00000, 0x0000000604e00000| Untracked 
|  11|0x0000000605000000, 0x0000000605000000, 0x0000000605200000|  0%| F|  |TAMS 0x0000000605000000, 0x0000000605000000| Untracked 
|  12|0x0000000605200000, 0x0000000605200000, 0x0000000605400000|  0%| F|  |TAMS 0x0000000605200000, 0x0000000605200000| Untracked 
|  13|0x0000000605400000, 0x0000000605400000, 0x0000000605600000|  0%| F|  |TAMS 0x0000000605400000, 0x0000000605400000| Untracked 
|  14|0x0000000605600000, 0x0000000605600000, 0x0000000605800000|  0%| F|  |TAMS 0x0000000605600000, 0x0000000605600000| Untracked 
|  15|0x0000000605800000, 0x0000000605800000, 0x0000000605a00000|  0%| F|  |TAMS 0x0000000605800000, 0x0000000605800000| Untracked 
|  16|0x0000000605a00000, 0x0000000605a00000, 0x0000000605c00000|  0%| F|  |TAMS 0x0000000605a00000, 0x0000000605a00000| Untracked 
|  17|0x0000000605c00000, 0x0000000605c00000, 0x0000000605e00000|  0%| F|  |TAMS 0x0000000605c00000, 0x0000000605c00000| Untracked 
|  18|0x0000000605e00000, 0x0000000605e00000, 0x0000000606000000|  0%| F|  |TAMS 0x0000000605e00000, 0x0000000605e00000| Untracked 
|  19|0x0000000606000000, 0x0000000606000000, 0x0000000606200000|  0%| F|  |TAMS 0x0000000606000000, 0x0000000606000000| Untracked 
|  20|0x0000000606200000, 0x0000000606200000, 0x0000000606400000|  0%| F|  |TAMS 0x0000000606200000, 0x0000000606200000| Untracked 
|  21|0x0000000606400000, 0x0000000606400000, 0x0000000606600000|  0%| F|  |TAMS 0x0000000606400000, 0x0000000606400000| Untracked 
|  22|0x0000000606600000, 0x0000000606600000, 0x0000000606800000|  0%| F|  |TAMS 0x0000000606600000, 0x0000000606600000| Untracked 
|  23|0x0000000606800000, 0x0000000606800000, 0x0000000606a00000|  0%| F|  |TAMS 0x0000000606800000, 0x0000000606800000| Untracked 
|  24|0x0000000606a00000, 0x0000000606a00000, 0x0000000606c00000|  0%| F|  |TAMS 0x0000000606a00000, 0x0000000606a00000| Untracked 
|  25|0x0000000606c00000, 0x0000000606c00000, 0x0000000606e00000|  0%| F|  |TAMS 0x0000000606c00000, 0x0000000606c00000| Untracked 
|  26|0x0000000606e00000, 0x0000000606e00000, 0x0000000607000000|  0%| F|  |TAMS 0x0000000606e00000, 0x0000000606e00000| Untracked 
|  27|0x0000000607000000, 0x0000000607000000, 0x0000000607200000|  0%| F|  |TAMS 0x0000000607000000, 0x0000000607000000| Untracked 
|  28|0x0000000607200000, 0x0000000607200000, 0x0000000607400000|  0%| F|  |TAMS 0x0000000607200000, 0x0000000607200000| Untracked 
|  29|0x0000000607400000, 0x0000000607400000, 0x0000000607600000|  0%| F|  |TAMS 0x0000000607400000, 0x0000000607400000| Untracked 
|  30|0x0000000607600000, 0x0000000607600000, 0x0000000607800000|  0%| F|  |TAMS 0x0000000607600000, 0x0000000607600000| Untracked 
|  31|0x0000000607800000, 0x0000000607800000, 0x0000000607a00000|  0%| F|  |TAMS 0x0000000607800000, 0x0000000607800000| Untracked 
|  32|0x0000000607a00000, 0x0000000607a00000, 0x0000000607c00000|  0%| F|  |TAMS 0x0000000607a00000, 0x0000000607a00000| Untracked 
|  33|0x0000000607c00000, 0x0000000607c00000, 0x0000000607e00000|  0%| F|  |TAMS 0x0000000607c00000, 0x0000000607c00000| Untracked 
|  34|0x0000000607e00000, 0x0000000607e00000, 0x0000000608000000|  0%| F|  |TAMS 0x0000000607e00000, 0x0000000607e00000| Untracked 
|  35|0x0000000608000000, 0x0000000608000000, 0x0000000608200000|  0%| F|  |TAMS 0x0000000608000000, 0x0000000608000000| Untracked 
|  36|0x0000000608200000, 0x0000000608200000, 0x0000000608400000|  0%| F|  |TAMS 0x0000000608200000, 0x0000000608200000| Untracked 
|  37|0x0000000608400000, 0x0000000608400000, 0x0000000608600000|  0%| F|  |TAMS 0x0000000608400000, 0x0000000608400000| Untracked 
|  38|0x0000000608600000, 0x0000000608600000, 0x0000000608800000|  0%| F|  |TAMS 0x0000000608600000, 0x0000000608600000| Untracked 
|  39|0x0000000608800000, 0x0000000608800000, 0x0000000608a00000|  0%| F|  |TAMS 0x0000000608800000, 0x0000000608800000| Untracked 
|  40|0x0000000608a00000, 0x0000000608a00000, 0x0000000608c00000|  0%| F|  |TAMS 0x0000000608a00000, 0x0000000608a00000| Untracked 
|  41|0x0000000608c00000, 0x0000000608c00000, 0x0000000608e00000|  0%| F|  |TAMS 0x0000000608c00000, 0x0000000608c00000| Untracked 
|  42|0x0000000608e00000, 0x0000000608e00000, 0x0000000609000000|  0%| F|  |TAMS 0x0000000608e00000, 0x0000000608e00000| Untracked 
|  43|0x0000000609000000, 0x0000000609000000, 0x0000000609200000|  0%| F|  |TAMS 0x0000000609000000, 0x0000000609000000| Untracked 
|  44|0x0000000609200000, 0x0000000609200000, 0x0000000609400000|  0%| F|  |TAMS 0x0000000609200000, 0x0000000609200000| Untracked 
|  45|0x0000000609400000, 0x0000000609400000, 0x0000000609600000|  0%| F|  |TAMS 0x0000000609400000, 0x0000000609400000| Untracked 
|  46|0x0000000609600000, 0x0000000609600000, 0x0000000609800000|  0%| F|  |TAMS 0x0000000609600000, 0x0000000609600000| Untracked 
|  47|0x0000000609800000, 0x0000000609800000, 0x0000000609a00000|  0%| F|  |TAMS 0x0000000609800000, 0x0000000609800000| Untracked 
|  48|0x0000000609a00000, 0x0000000609a00000, 0x0000000609c00000|  0%| F|  |TAMS 0x0000000609a00000, 0x0000000609a00000| Untracked 
|  49|0x0000000609c00000, 0x0000000609c00000, 0x0000000609e00000|  0%| F|  |TAMS 0x0000000609c00000, 0x0000000609c00000| Untracked 
|  50|0x0000000609e00000, 0x0000000609e00000, 0x000000060a000000|  0%| F|  |TAMS 0x0000000609e00000, 0x0000000609e00000| Untracked 
|  51|0x000000060a000000, 0x000000060a000000, 0x000000060a200000|  0%| F|  |TAMS 0x000000060a000000, 0x000000060a000000| Untracked 
|  52|0x000000060a200000, 0x000000060a200000, 0x000000060a400000|  0%| F|  |TAMS 0x000000060a200000, 0x000000060a200000| Untracked 
|  53|0x000000060a400000, 0x000000060a400000, 0x000000060a600000|  0%| F|  |TAMS 0x000000060a400000, 0x000000060a400000| Untracked 
|  54|0x000000060a600000, 0x000000060a600000, 0x000000060a800000|  0%| F|  |TAMS 0x000000060a600000, 0x000000060a600000| Untracked 
|  55|0x000000060a800000, 0x000000060a800000, 0x000000060aa00000|  0%| F|  |TAMS 0x000000060a800000, 0x000000060a800000| Untracked 
|  56|0x000000060aa00000, 0x000000060aa00000, 0x000000060ac00000|  0%| F|  |TAMS 0x000000060aa00000, 0x000000060aa00000| Untracked 
|  57|0x000000060ac00000, 0x000000060ac00000, 0x000000060ae00000|  0%| F|  |TAMS 0x000000060ac00000, 0x000000060ac00000| Untracked 
|  58|0x000000060ae00000, 0x000000060ae00000, 0x000000060b000000|  0%| F|  |TAMS 0x000000060ae00000, 0x000000060ae00000| Untracked 
|  59|0x000000060b000000, 0x000000060b000000, 0x000000060b200000|  0%| F|  |TAMS 0x000000060b000000, 0x000000060b000000| Untracked 
|  60|0x000000060b200000, 0x000000060b200000, 0x000000060b400000|  0%| F|  |TAMS 0x000000060b200000, 0x000000060b200000| Untracked 
|  61|0x000000060b400000, 0x000000060b400000, 0x000000060b600000|  0%| F|  |TAMS 0x000000060b400000, 0x000000060b400000| Untracked 
|  62|0x000000060b600000, 0x000000060b600000, 0x000000060b800000|  0%| F|  |TAMS 0x000000060b600000, 0x000000060b600000| Untracked 
|  63|0x000000060b800000, 0x000000060b800000, 0x000000060ba00000|  0%| F|  |TAMS 0x000000060b800000, 0x000000060b800000| Untracked 
|  64|0x000000060ba00000, 0x000000060ba00000, 0x000000060bc00000|  0%| F|  |TAMS 0x000000060ba00000, 0x000000060ba00000| Untracked 
|  65|0x000000060bc00000, 0x000000060bc00000, 0x000000060be00000|  0%| F|  |TAMS 0x000000060bc00000, 0x000000060bc00000| Untracked 
|  66|0x000000060be00000, 0x000000060be00000, 0x000000060c000000|  0%| F|  |TAMS 0x000000060be00000, 0x000000060be00000| Untracked 
|  67|0x000000060c000000, 0x000000060c000000, 0x000000060c200000|  0%| F|  |TAMS 0x000000060c000000, 0x000000060c000000| Untracked 
|  68|0x000000060c200000, 0x000000060c200000, 0x000000060c400000|  0%| F|  |TAMS 0x000000060c200000, 0x000000060c200000| Untracked 
|  69|0x000000060c400000, 0x000000060c400000, 0x000000060c600000|  0%| F|  |TAMS 0x000000060c400000, 0x000000060c400000| Untracked 
|  70|0x000000060c600000, 0x000000060c600000, 0x000000060c800000|  0%| F|  |TAMS 0x000000060c600000, 0x000000060c600000| Untracked 
|  71|0x000000060c800000, 0x000000060c800000, 0x000000060ca00000|  0%| F|  |TAMS 0x000000060c800000, 0x000000060c800000| Untracked 
|  72|0x000000060ca00000, 0x000000060ca00000, 0x000000060cc00000|  0%| F|  |TAMS 0x000000060ca00000, 0x000000060ca00000| Untracked 
|  73|0x000000060cc00000, 0x000000060cc00000, 0x000000060ce00000|  0%| F|  |TAMS 0x000000060cc00000, 0x000000060cc00000| Untracked 
|  74|0x000000060ce00000, 0x000000060ce00000, 0x000000060d000000|  0%| F|  |TAMS 0x000000060ce00000, 0x000000060ce00000| Untracked 
|  75|0x000000060d000000, 0x000000060d000000, 0x000000060d200000|  0%| F|  |TAMS 0x000000060d000000, 0x000000060d000000| Untracked 
|  76|0x000000060d200000, 0x000000060d200000, 0x000000060d400000|  0%| F|  |TAMS 0x000000060d200000, 0x000000060d200000| Untracked 
|  77|0x000000060d400000, 0x000000060d400000, 0x000000060d600000|  0%| F|  |TAMS 0x000000060d400000, 0x000000060d400000| Untracked 
|  78|0x000000060d600000, 0x000000060d600000, 0x000000060d800000|  0%| F|  |TAMS 0x000000060d600000, 0x000000060d600000| Untracked 
|  79|0x000000060d800000, 0x000000060d800000, 0x000000060da00000|  0%| F|  |TAMS 0x000000060d800000, 0x000000060d800000| Untracked 
|  80|0x000000060da00000, 0x000000060da00000, 0x000000060dc00000|  0%| F|  |TAMS 0x000000060da00000, 0x000000060da00000| Untracked 
|  81|0x000000060dc00000, 0x000000060dc00000, 0x000000060de00000|  0%| F|  |TAMS 0x000000060dc00000, 0x000000060dc00000| Untracked 
|  82|0x000000060de00000, 0x000000060de00000, 0x000000060e000000|  0%| F|  |TAMS 0x000000060de00000, 0x000000060de00000| Untracked 
|  83|0x000000060e000000, 0x000000060e000000, 0x000000060e200000|  0%| F|  |TAMS 0x000000060e000000, 0x000000060e000000| Untracked 
|  84|0x000000060e200000, 0x000000060e200000, 0x000000060e400000|  0%| F|  |TAMS 0x000000060e200000, 0x000000060e200000| Untracked 
|  85|0x000000060e400000, 0x000000060e400000, 0x000000060e600000|  0%| F|  |TAMS 0x000000060e400000, 0x000000060e400000| Untracked 
|  86|0x000000060e600000, 0x000000060e600000, 0x000000060e800000|  0%| F|  |TAMS 0x000000060e600000, 0x000000060e600000| Untracked 
|  87|0x000000060e800000, 0x000000060e800000, 0x000000060ea00000|  0%| F|  |TAMS 0x000000060e800000, 0x000000060e800000| Untracked 
|  88|0x000000060ea00000, 0x000000060ea00000, 0x000000060ec00000|  0%| F|  |TAMS 0x000000060ea00000, 0x000000060ea00000| Untracked 
|  89|0x000000060ec00000, 0x000000060ec00000, 0x000000060ee00000|  0%| F|  |TAMS 0x000000060ec00000, 0x000000060ec00000| Untracked 
|  90|0x000000060ee00000, 0x000000060ee00000, 0x000000060f000000|  0%| F|  |TAMS 0x000000060ee00000, 0x000000060ee00000| Untracked 
|  91|0x000000060f000000, 0x000000060f000000, 0x000000060f200000|  0%| F|  |TAMS 0x000000060f000000, 0x000000060f000000| Untracked 
|  92|0x000000060f200000, 0x000000060f200000, 0x000000060f400000|  0%| F|  |TAMS 0x000000060f200000, 0x000000060f200000| Untracked 
|  93|0x000000060f400000, 0x000000060f400000, 0x000000060f600000|  0%| F|  |TAMS 0x000000060f400000, 0x000000060f400000| Untracked 
|  94|0x000000060f600000, 0x000000060f600000, 0x000000060f800000|  0%| F|  |TAMS 0x000000060f600000, 0x000000060f600000| Untracked 
|  95|0x000000060f800000, 0x000000060f800000, 0x000000060fa00000|  0%| F|  |TAMS 0x000000060f800000, 0x000000060f800000| Untracked 
|  96|0x000000060fa00000, 0x000000060fa00000, 0x000000060fc00000|  0%| F|  |TAMS 0x000000060fa00000, 0x000000060fa00000| Untracked 
|  97|0x000000060fc00000, 0x000000060fc00000, 0x000000060fe00000|  0%| F|  |TAMS 0x000000060fc00000, 0x000000060fc00000| Untracked 
|  98|0x000000060fe00000, 0x000000060fe00000, 0x0000000610000000|  0%| F|  |TAMS 0x000000060fe00000, 0x000000060fe00000| Untracked 
|  99|0x0000000610000000, 0x0000000610000000, 0x0000000610200000|  0%| F|  |TAMS 0x0000000610000000, 0x0000000610000000| Untracked 
| 100|0x0000000610200000, 0x0000000610200000, 0x0000000610400000|  0%| F|  |TAMS 0x0000000610200000, 0x0000000610200000| Untracked 
| 101|0x0000000610400000, 0x0000000610400000, 0x0000000610600000|  0%| F|  |TAMS 0x0000000610400000, 0x0000000610400000| Untracked 
| 102|0x0000000610600000, 0x0000000610600000, 0x0000000610800000|  0%| F|  |TAMS 0x0000000610600000, 0x0000000610600000| Untracked 
| 103|0x0000000610800000, 0x0000000610800000, 0x0000000610a00000|  0%| F|  |TAMS 0x0000000610800000, 0x0000000610800000| Untracked 
| 104|0x0000000610a00000, 0x0000000610a00000, 0x0000000610c00000|  0%| F|  |TAMS 0x0000000610a00000, 0x0000000610a00000| Untracked 
| 105|0x0000000610c00000, 0x0000000610c00000, 0x0000000610e00000|  0%| F|  |TAMS 0x0000000610c00000, 0x0000000610c00000| Untracked 
| 106|0x0000000610e00000, 0x0000000610e00000, 0x0000000611000000|  0%| F|  |TAMS 0x0000000610e00000, 0x0000000610e00000| Untracked 
| 107|0x0000000611000000, 0x0000000611000000, 0x0000000611200000|  0%| F|  |TAMS 0x0000000611000000, 0x0000000611000000| Untracked 
| 108|0x0000000611200000, 0x0000000611200000, 0x0000000611400000|  0%| F|  |TAMS 0x0000000611200000, 0x0000000611200000| Untracked 
| 109|0x0000000611400000, 0x0000000611400000, 0x0000000611600000|  0%| F|  |TAMS 0x0000000611400000, 0x0000000611400000| Untracked 
| 110|0x0000000611600000, 0x0000000611600000, 0x0000000611800000|  0%| F|  |TAMS 0x0000000611600000, 0x0000000611600000| Untracked 
| 111|0x0000000611800000, 0x0000000611800000, 0x0000000611a00000|  0%| F|  |TAMS 0x0000000611800000, 0x0000000611800000| Untracked 
| 112|0x0000000611a00000, 0x0000000611a00000, 0x0000000611c00000|  0%| F|  |TAMS 0x0000000611a00000, 0x0000000611a00000| Untracked 
| 113|0x0000000611c00000, 0x0000000611c00000, 0x0000000611e00000|  0%| F|  |TAMS 0x0000000611c00000, 0x0000000611c00000| Untracked 
| 114|0x0000000611e00000, 0x0000000611e00000, 0x0000000612000000|  0%| F|  |TAMS 0x0000000611e00000, 0x0000000611e00000| Untracked 
| 115|0x0000000612000000, 0x0000000612000000, 0x0000000612200000|  0%| F|  |TAMS 0x0000000612000000, 0x0000000612000000| Untracked 
| 116|0x0000000612200000, 0x0000000612200000, 0x0000000612400000|  0%| F|  |TAMS 0x0000000612200000, 0x0000000612200000| Untracked 
| 117|0x0000000612400000, 0x0000000612400000, 0x0000000612600000|  0%| F|  |TAMS 0x0000000612400000, 0x0000000612400000| Untracked 
| 118|0x0000000612600000, 0x0000000612600000, 0x0000000612800000|  0%| F|  |TAMS 0x0000000612600000, 0x0000000612600000| Untracked 
| 119|0x0000000612800000, 0x0000000612800000, 0x0000000612a00000|  0%| F|  |TAMS 0x0000000612800000, 0x0000000612800000| Untracked 
| 120|0x0000000612a00000, 0x0000000612a00000, 0x0000000612c00000|  0%| F|  |TAMS 0x0000000612a00000, 0x0000000612a00000| Untracked 
| 121|0x0000000612c00000, 0x0000000612c00000, 0x0000000612e00000|  0%| F|  |TAMS 0x0000000612c00000, 0x0000000612c00000| Untracked 
| 122|0x0000000612e00000, 0x0000000612e00000, 0x0000000613000000|  0%| F|  |TAMS 0x0000000612e00000, 0x0000000612e00000| Untracked 
| 123|0x0000000613000000, 0x0000000613000000, 0x0000000613200000|  0%| F|  |TAMS 0x0000000613000000, 0x0000000613000000| Untracked 
| 124|0x0000000613200000, 0x0000000613200000, 0x0000000613400000|  0%| F|  |TAMS 0x0000000613200000, 0x0000000613200000| Untracked 
| 125|0x0000000613400000, 0x0000000613400000, 0x0000000613600000|  0%| F|  |TAMS 0x0000000613400000, 0x0000000613400000| Untracked 
| 126|0x0000000613600000, 0x0000000613600000, 0x0000000613800000|  0%| F|  |TAMS 0x0000000613600000, 0x0000000613600000| Untracked 
| 127|0x0000000613800000, 0x0000000613800000, 0x0000000613a00000|  0%| F|  |TAMS 0x0000000613800000, 0x0000000613800000| Untracked 
| 128|0x0000000613a00000, 0x0000000613a00000, 0x0000000613c00000|  0%| F|  |TAMS 0x0000000613a00000, 0x0000000613a00000| Untracked 
| 129|0x0000000613c00000, 0x0000000613c00000, 0x0000000613e00000|  0%| F|  |TAMS 0x0000000613c00000, 0x0000000613c00000| Untracked 
| 130|0x0000000613e00000, 0x0000000613e00000, 0x0000000614000000|  0%| F|  |TAMS 0x0000000613e00000, 0x0000000613e00000| Untracked 
| 131|0x0000000614000000, 0x0000000614000000, 0x0000000614200000|  0%| F|  |TAMS 0x0000000614000000, 0x0000000614000000| Untracked 
| 132|0x0000000614200000, 0x0000000614200000, 0x0000000614400000|  0%| F|  |TAMS 0x0000000614200000, 0x0000000614200000| Untracked 
| 133|0x0000000614400000, 0x0000000614400000, 0x0000000614600000|  0%| F|  |TAMS 0x0000000614400000, 0x0000000614400000| Untracked 
| 134|0x0000000614600000, 0x0000000614600000, 0x0000000614800000|  0%| F|  |TAMS 0x0000000614600000, 0x0000000614600000| Untracked 
| 135|0x0000000614800000, 0x0000000614800000, 0x0000000614a00000|  0%| F|  |TAMS 0x0000000614800000, 0x0000000614800000| Untracked 
| 136|0x0000000614a00000, 0x0000000614a00000, 0x0000000614c00000|  0%| F|  |TAMS 0x0000000614a00000, 0x0000000614a00000| Untracked 
| 137|0x0000000614c00000, 0x0000000614c00000, 0x0000000614e00000|  0%| F|  |TAMS 0x0000000614c00000, 0x0000000614c00000| Untracked 
| 138|0x0000000614e00000, 0x0000000614e00000, 0x0000000615000000|  0%| F|  |TAMS 0x0000000614e00000, 0x0000000614e00000| Untracked 
| 139|0x0000000615000000, 0x0000000615000000, 0x0000000615200000|  0%| F|  |TAMS 0x0000000615000000, 0x0000000615000000| Untracked 
| 140|0x0000000615200000, 0x0000000615200000, 0x0000000615400000|  0%| F|  |TAMS 0x0000000615200000, 0x0000000615200000| Untracked 
| 141|0x0000000615400000, 0x0000000615400000, 0x0000000615600000|  0%| F|  |TAMS 0x0000000615400000, 0x0000000615400000| Untracked 
| 142|0x0000000615600000, 0x0000000615600000, 0x0000000615800000|  0%| F|  |TAMS 0x0000000615600000, 0x0000000615600000| Untracked 
| 143|0x0000000615800000, 0x0000000615800000, 0x0000000615a00000|  0%| F|  |TAMS 0x0000000615800000, 0x0000000615800000| Untracked 
| 144|0x0000000615a00000, 0x0000000615a00000, 0x0000000615c00000|  0%| F|  |TAMS 0x0000000615a00000, 0x0000000615a00000| Untracked 
| 145|0x0000000615c00000, 0x0000000615c00000, 0x0000000615e00000|  0%| F|  |TAMS 0x0000000615c00000, 0x0000000615c00000| Untracked 
| 146|0x0000000615e00000, 0x0000000615e00000, 0x0000000616000000|  0%| F|  |TAMS 0x0000000615e00000, 0x0000000615e00000| Untracked 
| 147|0x0000000616000000, 0x0000000616000000, 0x0000000616200000|  0%| F|  |TAMS 0x0000000616000000, 0x0000000616000000| Untracked 
| 148|0x0000000616200000, 0x0000000616200000, 0x0000000616400000|  0%| F|  |TAMS 0x0000000616200000, 0x0000000616200000| Untracked 
| 149|0x0000000616400000, 0x0000000616400000, 0x0000000616600000|  0%| F|  |TAMS 0x0000000616400000, 0x0000000616400000| Untracked 
| 150|0x0000000616600000, 0x0000000616600000, 0x0000000616800000|  0%| F|  |TAMS 0x0000000616600000, 0x0000000616600000| Untracked 
| 151|0x0000000616800000, 0x0000000616800000, 0x0000000616a00000|  0%| F|  |TAMS 0x0000000616800000, 0x0000000616800000| Untracked 
| 152|0x0000000616a00000, 0x0000000616a00000, 0x0000000616c00000|  0%| F|  |TAMS 0x0000000616a00000, 0x0000000616a00000| Untracked 
| 153|0x0000000616c00000, 0x0000000616c00000, 0x0000000616e00000|  0%| F|  |TAMS 0x0000000616c00000, 0x0000000616c00000| Untracked 
| 154|0x0000000616e00000, 0x0000000616e00000, 0x0000000617000000|  0%| F|  |TAMS 0x0000000616e00000, 0x0000000616e00000| Untracked 
| 155|0x0000000617000000, 0x0000000617000000, 0x0000000617200000|  0%| F|  |TAMS 0x0000000617000000, 0x0000000617000000| Untracked 
| 156|0x0000000617200000, 0x0000000617200000, 0x0000000617400000|  0%| F|  |TAMS 0x0000000617200000, 0x0000000617200000| Untracked 
| 157|0x0000000617400000, 0x0000000617400000, 0x0000000617600000|  0%| F|  |TAMS 0x0000000617400000, 0x0000000617400000| Untracked 
| 158|0x0000000617600000, 0x0000000617600000, 0x0000000617800000|  0%| F|  |TAMS 0x0000000617600000, 0x0000000617600000| Untracked 
| 159|0x0000000617800000, 0x0000000617800000, 0x0000000617a00000|  0%| F|  |TAMS 0x0000000617800000, 0x0000000617800000| Untracked 
| 160|0x0000000617a00000, 0x0000000617a00000, 0x0000000617c00000|  0%| F|  |TAMS 0x0000000617a00000, 0x0000000617a00000| Untracked 
| 161|0x0000000617c00000, 0x0000000617c00000, 0x0000000617e00000|  0%| F|  |TAMS 0x0000000617c00000, 0x0000000617c00000| Untracked 
| 162|0x0000000617e00000, 0x0000000617e00000, 0x0000000618000000|  0%| F|  |TAMS 0x0000000617e00000, 0x0000000617e00000| Untracked 
| 163|0x0000000618000000, 0x0000000618000000, 0x0000000618200000|  0%| F|  |TAMS 0x0000000618000000, 0x0000000618000000| Untracked 
| 164|0x0000000618200000, 0x0000000618200000, 0x0000000618400000|  0%| F|  |TAMS 0x0000000618200000, 0x0000000618200000| Untracked 
| 165|0x0000000618400000, 0x0000000618400000, 0x0000000618600000|  0%| F|  |TAMS 0x0000000618400000, 0x0000000618400000| Untracked 
| 166|0x0000000618600000, 0x0000000618600000, 0x0000000618800000|  0%| F|  |TAMS 0x0000000618600000, 0x0000000618600000| Untracked 
| 167|0x0000000618800000, 0x0000000618800000, 0x0000000618a00000|  0%| F|  |TAMS 0x0000000618800000, 0x0000000618800000| Untracked 
| 168|0x0000000618a00000, 0x0000000618a00000, 0x0000000618c00000|  0%| F|  |TAMS 0x0000000618a00000, 0x0000000618a00000| Untracked 
| 169|0x0000000618c00000, 0x0000000618c00000, 0x0000000618e00000|  0%| F|  |TAMS 0x0000000618c00000, 0x0000000618c00000| Untracked 
| 170|0x0000000618e00000, 0x0000000618e00000, 0x0000000619000000|  0%| F|  |TAMS 0x0000000618e00000, 0x0000000618e00000| Untracked 
| 171|0x0000000619000000, 0x0000000619000000, 0x0000000619200000|  0%| F|  |TAMS 0x0000000619000000, 0x0000000619000000| Untracked 
| 172|0x0000000619200000, 0x0000000619200000, 0x0000000619400000|  0%| F|  |TAMS 0x0000000619200000, 0x0000000619200000| Untracked 
| 173|0x0000000619400000, 0x0000000619400000, 0x0000000619600000|  0%| F|  |TAMS 0x0000000619400000, 0x0000000619400000| Untracked 
| 174|0x0000000619600000, 0x0000000619600000, 0x0000000619800000|  0%| F|  |TAMS 0x0000000619600000, 0x0000000619600000| Untracked 
| 175|0x0000000619800000, 0x0000000619800000, 0x0000000619a00000|  0%| F|  |TAMS 0x0000000619800000, 0x0000000619800000| Untracked 
| 176|0x0000000619a00000, 0x0000000619a00000, 0x0000000619c00000|  0%| F|  |TAMS 0x0000000619a00000, 0x0000000619a00000| Untracked 
| 177|0x0000000619c00000, 0x0000000619c00000, 0x0000000619e00000|  0%| F|  |TAMS 0x0000000619c00000, 0x0000000619c00000| Untracked 
| 178|0x0000000619e00000, 0x0000000619e00000, 0x000000061a000000|  0%| F|  |TAMS 0x0000000619e00000, 0x0000000619e00000| Untracked 
| 179|0x000000061a000000, 0x000000061a000000, 0x000000061a200000|  0%| F|  |TAMS 0x000000061a000000, 0x000000061a000000| Untracked 
| 180|0x000000061a200000, 0x000000061a200000, 0x000000061a400000|  0%| F|  |TAMS 0x000000061a200000, 0x000000061a200000| Untracked 
| 181|0x000000061a400000, 0x000000061a400000, 0x000000061a600000|  0%| F|  |TAMS 0x000000061a400000, 0x000000061a400000| Untracked 
| 182|0x000000061a600000, 0x000000061a600000, 0x000000061a800000|  0%| F|  |TAMS 0x000000061a600000, 0x000000061a600000| Untracked 
| 183|0x000000061a800000, 0x000000061a800000, 0x000000061aa00000|  0%| F|  |TAMS 0x000000061a800000, 0x000000061a800000| Untracked 
| 184|0x000000061aa00000, 0x000000061aa00000, 0x000000061ac00000|  0%| F|  |TAMS 0x000000061aa00000, 0x000000061aa00000| Untracked 
| 185|0x000000061ac00000, 0x000000061ac00000, 0x000000061ae00000|  0%| F|  |TAMS 0x000000061ac00000, 0x000000061ac00000| Untracked 
| 186|0x000000061ae00000, 0x000000061ae00000, 0x000000061b000000|  0%| F|  |TAMS 0x000000061ae00000, 0x000000061ae00000| Untracked 
| 187|0x000000061b000000, 0x000000061b000000, 0x000000061b200000|  0%| F|  |TAMS 0x000000061b000000, 0x000000061b000000| Untracked 
| 188|0x000000061b200000, 0x000000061b200000, 0x000000061b400000|  0%| F|  |TAMS 0x000000061b200000, 0x000000061b200000| Untracked 
| 189|0x000000061b400000, 0x000000061b400000, 0x000000061b600000|  0%| F|  |TAMS 0x000000061b400000, 0x000000061b400000| Untracked 
| 190|0x000000061b600000, 0x000000061b600000, 0x000000061b800000|  0%| F|  |TAMS 0x000000061b600000, 0x000000061b600000| Untracked 
| 191|0x000000061b800000, 0x000000061b800000, 0x000000061ba00000|  0%| F|  |TAMS 0x000000061b800000, 0x000000061b800000| Untracked 
| 192|0x000000061ba00000, 0x000000061ba00000, 0x000000061bc00000|  0%| F|  |TAMS 0x000000061ba00000, 0x000000061ba00000| Untracked 
| 193|0x000000061bc00000, 0x000000061bc00000, 0x000000061be00000|  0%| F|  |TAMS 0x000000061bc00000, 0x000000061bc00000| Untracked 
| 194|0x000000061be00000, 0x000000061be00000, 0x000000061c000000|  0%| F|  |TAMS 0x000000061be00000, 0x000000061be00000| Untracked 
| 195|0x000000061c000000, 0x000000061c000000, 0x000000061c200000|  0%| F|  |TAMS 0x000000061c000000, 0x000000061c000000| Untracked 
| 196|0x000000061c200000, 0x000000061c200000, 0x000000061c400000|  0%| F|  |TAMS 0x000000061c200000, 0x000000061c200000| Untracked 
| 197|0x000000061c400000, 0x000000061c400000, 0x000000061c600000|  0%| F|  |TAMS 0x000000061c400000, 0x000000061c400000| Untracked 
| 198|0x000000061c600000, 0x000000061c600000, 0x000000061c800000|  0%| F|  |TAMS 0x000000061c600000, 0x000000061c600000| Untracked 
| 199|0x000000061c800000, 0x000000061c800000, 0x000000061ca00000|  0%| F|  |TAMS 0x000000061c800000, 0x000000061c800000| Untracked 
| 200|0x000000061ca00000, 0x000000061ca00000, 0x000000061cc00000|  0%| F|  |TAMS 0x000000061ca00000, 0x000000061ca00000| Untracked 
| 201|0x000000061cc00000, 0x000000061cc00000, 0x000000061ce00000|  0%| F|  |TAMS 0x000000061cc00000, 0x000000061cc00000| Untracked 
| 202|0x000000061ce00000, 0x000000061ce00000, 0x000000061d000000|  0%| F|  |TAMS 0x000000061ce00000, 0x000000061ce00000| Untracked 
| 203|0x000000061d000000, 0x000000061d000000, 0x000000061d200000|  0%| F|  |TAMS 0x000000061d000000, 0x000000061d000000| Untracked 
| 204|0x000000061d200000, 0x000000061d200000, 0x000000061d400000|  0%| F|  |TAMS 0x000000061d200000, 0x000000061d200000| Untracked 
| 205|0x000000061d400000, 0x000000061d400000, 0x000000061d600000|  0%| F|  |TAMS 0x000000061d400000, 0x000000061d400000| Untracked 
| 206|0x000000061d600000, 0x000000061d600000, 0x000000061d800000|  0%| F|  |TAMS 0x000000061d600000, 0x000000061d600000| Untracked 
| 207|0x000000061d800000, 0x000000061d800000, 0x000000061da00000|  0%| F|  |TAMS 0x000000061d800000, 0x000000061d800000| Untracked 
| 208|0x000000061da00000, 0x000000061da00000, 0x000000061dc00000|  0%| F|  |TAMS 0x000000061da00000, 0x000000061da00000| Untracked 
| 209|0x000000061dc00000, 0x000000061dc00000, 0x000000061de00000|  0%| F|  |TAMS 0x000000061dc00000, 0x000000061dc00000| Untracked 
| 210|0x000000061de00000, 0x000000061de00000, 0x000000061e000000|  0%| F|  |TAMS 0x000000061de00000, 0x000000061de00000| Untracked 
| 211|0x000000061e000000, 0x000000061e000000, 0x000000061e200000|  0%| F|  |TAMS 0x000000061e000000, 0x000000061e000000| Untracked 
| 212|0x000000061e200000, 0x000000061e200000, 0x000000061e400000|  0%| F|  |TAMS 0x000000061e200000, 0x000000061e200000| Untracked 
| 213|0x000000061e400000, 0x000000061e400000, 0x000000061e600000|  0%| F|  |TAMS 0x000000061e400000, 0x000000061e400000| Untracked 
| 214|0x000000061e600000, 0x000000061e600000, 0x000000061e800000|  0%| F|  |TAMS 0x000000061e600000, 0x000000061e600000| Untracked 
| 215|0x000000061e800000, 0x000000061e800000, 0x000000061ea00000|  0%| F|  |TAMS 0x000000061e800000, 0x000000061e800000| Untracked 
| 216|0x000000061ea00000, 0x000000061ea00000, 0x000000061ec00000|  0%| F|  |TAMS 0x000000061ea00000, 0x000000061ea00000| Untracked 
| 217|0x000000061ec00000, 0x000000061ec00000, 0x000000061ee00000|  0%| F|  |TAMS 0x000000061ec00000, 0x000000061ec00000| Untracked 
| 218|0x000000061ee00000, 0x000000061ee00000, 0x000000061f000000|  0%| F|  |TAMS 0x000000061ee00000, 0x000000061ee00000| Untracked 
| 219|0x000000061f000000, 0x000000061f000000, 0x000000061f200000|  0%| F|  |TAMS 0x000000061f000000, 0x000000061f000000| Untracked 
| 220|0x000000061f200000, 0x000000061f200000, 0x000000061f400000|  0%| F|  |TAMS 0x000000061f200000, 0x000000061f200000| Untracked 
| 221|0x000000061f400000, 0x000000061f500800, 0x000000061f600000| 50%| E|  |TAMS 0x000000061f400000, 0x000000061f400000| Complete 
| 222|0x000000061f600000, 0x000000061f800000, 0x000000061f800000|100%| E|CS|TAMS 0x000000061f600000, 0x000000061f600000| Complete 
| 223|0x000000061f800000, 0x000000061fa00000, 0x000000061fa00000|100%| E|CS|TAMS 0x000000061f800000, 0x000000061f800000| Complete 
| 224|0x000000061fa00000, 0x000000061fc00000, 0x000000061fc00000|100%| E|CS|TAMS 0x000000061fa00000, 0x000000061fa00000| Complete 
| 225|0x000000061fc00000, 0x000000061fe00000, 0x000000061fe00000|100%| E|CS|TAMS 0x000000061fc00000, 0x000000061fc00000| Complete 
| 226|0x000000061fe00000, 0x0000000620000000, 0x0000000620000000|100%| E|CS|TAMS 0x000000061fe00000, 0x000000061fe00000| Complete 
| 227|0x0000000620000000, 0x0000000620200000, 0x0000000620200000|100%| E|CS|TAMS 0x0000000620000000, 0x0000000620000000| Complete 
| 228|0x0000000620200000, 0x0000000620400000, 0x0000000620400000|100%| E|CS|TAMS 0x0000000620200000, 0x0000000620200000| Complete 
| 229|0x0000000620400000, 0x0000000620600000, 0x0000000620600000|100%| E|CS|TAMS 0x0000000620400000, 0x0000000620400000| Complete 
| 230|0x0000000620600000, 0x0000000620800000, 0x0000000620800000|100%| E|CS|TAMS 0x0000000620600000, 0x0000000620600000| Complete 
| 231|0x0000000620800000, 0x0000000620a00000, 0x0000000620a00000|100%| E|CS|TAMS 0x0000000620800000, 0x0000000620800000| Complete 
| 232|0x0000000620a00000, 0x0000000620c00000, 0x0000000620c00000|100%| E|CS|TAMS 0x0000000620a00000, 0x0000000620a00000| Complete 
| 233|0x0000000620c00000, 0x0000000620e00000, 0x0000000620e00000|100%| E|CS|TAMS 0x0000000620c00000, 0x0000000620c00000| Complete 
| 234|0x0000000620e00000, 0x0000000621000000, 0x0000000621000000|100%| E|CS|TAMS 0x0000000620e00000, 0x0000000620e00000| Complete 
| 235|0x0000000621000000, 0x0000000621200000, 0x0000000621200000|100%| E|CS|TAMS 0x0000000621000000, 0x0000000621000000| Complete 
| 236|0x0000000621200000, 0x0000000621400000, 0x0000000621400000|100%| E|CS|TAMS 0x0000000621200000, 0x0000000621200000| Complete 
| 237|0x0000000621400000, 0x0000000621600000, 0x0000000621600000|100%| E|CS|TAMS 0x0000000621400000, 0x0000000621400000| Complete 
| 238|0x0000000621600000, 0x0000000621800000, 0x0000000621800000|100%| E|CS|TAMS 0x0000000621600000, 0x0000000621600000| Complete 
| 239|0x0000000621800000, 0x0000000621a00000, 0x0000000621a00000|100%| E|CS|TAMS 0x0000000621800000, 0x0000000621800000| Complete 
| 240|0x0000000621a00000, 0x0000000621c00000, 0x0000000621c00000|100%| E|CS|TAMS 0x0000000621a00000, 0x0000000621a00000| Complete 
| 241|0x0000000621c00000, 0x0000000621ca46d0, 0x0000000621e00000| 32%| S|CS|TAMS 0x0000000621c00000, 0x0000000621c00000| Complete 
| 242|0x0000000621e00000, 0x0000000622000000, 0x0000000622000000|100%| S|CS|TAMS 0x0000000621e00000, 0x0000000621e00000| Complete 
| 243|0x0000000622000000, 0x0000000622200000, 0x0000000622200000|100%| E|CS|TAMS 0x0000000622000000, 0x0000000622000000| Complete 
| 244|0x0000000622200000, 0x0000000622400000, 0x0000000622400000|100%| E|CS|TAMS 0x0000000622200000, 0x0000000622200000| Complete 
| 245|0x0000000622400000, 0x0000000622600000, 0x0000000622600000|100%| E|CS|TAMS 0x0000000622400000, 0x0000000622400000| Complete 
| 246|0x0000000622600000, 0x0000000622800000, 0x0000000622800000|100%| E|CS|TAMS 0x0000000622600000, 0x0000000622600000| Complete 
| 247|0x0000000622800000, 0x0000000622a00000, 0x0000000622a00000|100%| E|CS|TAMS 0x0000000622800000, 0x0000000622800000| Complete 
| 248|0x0000000622a00000, 0x0000000622c00000, 0x0000000622c00000|100%| E|CS|TAMS 0x0000000622a00000, 0x0000000622a00000| Complete 
| 249|0x0000000622c00000, 0x0000000622e00000, 0x0000000622e00000|100%| E|CS|TAMS 0x0000000622c00000, 0x0000000622c00000| Complete 
| 250|0x0000000622e00000, 0x0000000623000000, 0x0000000623000000|100%| E|CS|TAMS 0x0000000622e00000, 0x0000000622e00000| Complete 
| 251|0x0000000623000000, 0x0000000623200000, 0x0000000623200000|100%| E|CS|TAMS 0x0000000623000000, 0x0000000623000000| Complete 
| 252|0x0000000623200000, 0x0000000623400000, 0x0000000623400000|100%| E|CS|TAMS 0x0000000623200000, 0x0000000623200000| Complete 
| 253|0x0000000623400000, 0x0000000623600000, 0x0000000623600000|100%| E|CS|TAMS 0x0000000623400000, 0x0000000623400000| Complete 
| 254|0x0000000623600000, 0x0000000623800000, 0x0000000623800000|100%| E|CS|TAMS 0x0000000623600000, 0x0000000623600000| Complete 

Card table byte_map: [0x0000028d1e860000,0x0000028d1f850000] _byte_map_base: 0x0000028d1b843000

Marking Bits (Prev, Next): (CMBitMap*) 0x0000028d056a9958, (CMBitMap*) 0x0000028d056a9990
 Prev Bits: [0x0000028d20840000, 0x0000028d28758000)
 Next Bits: [0x0000028d28760000, 0x0000028d30678000)

Polling page: 0x0000028d03580000

Metaspace:

Usage:
  Non-class:     13.08 MB capacity,    12.92 MB ( 99%) used,   149.88 KB (  1%) free+waste,    17.81 KB ( <1%) overhead. 
      Class:      1.16 MB capacity,     1.09 MB ( 94%) used,    58.41 KB (  5%) free+waste,     6.94 KB ( <1%) overhead. 
       Both:     14.24 MB capacity,    14.01 MB ( 98%) used,   208.29 KB (  1%) free+waste,    24.75 KB ( <1%) overhead. 

Virtual space:
  Non-class space:       14.00 MB reserved,      13.25 MB ( 95%) committed 
      Class space:        1.00 GB reserved,       1.25 MB ( <1%) committed 
             Both:        1.01 GB reserved,      14.50 MB (  1%) committed 

Chunk freelists:
   Non-Class:  45.00 KB
       Class:  0 bytes
        Both:  45.00 KB

MaxMetaspaceSize: 17179869184.00 GB
CompressedClassSpaceSize: 1.00 GB
Initial GC threshold: 20.80 MB
Current GC threshold: 20.80 MB
CDS: off

CodeHeap 'non-profiled nmethods': size=119168Kb used=900Kb max_used=900Kb free=118267Kb
 bounds [0x0000028d15940000, 0x0000028d15bb0000, 0x0000028d1cda0000]
CodeHeap 'profiled nmethods': size=119168Kb used=4149Kb max_used=4149Kb free=115018Kb
 bounds [0x0000028d0e4e0000, 0x0000028d0e8f0000, 0x0000028d15940000]
CodeHeap 'non-nmethods': size=7424Kb used=1648Kb max_used=3355Kb free=5775Kb
 bounds [0x0000028d0dda0000, 0x0000028d0e0f0000, 0x0000028d0e4e0000]
 total_blobs=2945 nmethods=1887 adapters=970
 compilation: enabled
              stopped_count=0, restarted_count=0
 full_count=0

Compilation events (20 events):
Event: 17.246 Thread 0x0000028d33c6a800 nmethod 1873 0x0000028d15a1ef90 code [0x0000028d15a1f140, 0x0000028d15a1f258]
Event: 17.262 Thread 0x0000028d33c6a800 1874       4       com.badlogic.gdx.utils.SnapshotArray::end (80 bytes)
Event: 17.266 Thread 0x0000028d33c6a800 nmethod 1874 0x0000028d15a1f310 code [0x0000028d15a1f4a0, 0x0000028d15a1f898]
Event: 17.545 Thread 0x0000028d33c6a800 1875       4       com.badlogic.gdx.graphics.glutils.ShaderProgram::fetchUniformLocation (120 bytes)
Event: 17.549 Thread 0x0000028d33c6a800 nmethod 1875 0x0000028d15a1f990 code [0x0000028d15a1fb40, 0x0000028d15a200f8]
Event: 17.562 Thread 0x0000028d33c74000 1876       3       com.badlogic.gdx.scenes.scene2d.InputEvent::reset (15 bytes)
Event: 17.562 Thread 0x0000028d33c74000 nmethod 1876 0x0000028d0e8e6a90 code [0x0000028d0e8e6c40, 0x0000028d0e8e6da8]
Event: 17.695 Thread 0x0000028d33c6a800 1877   !   4       com.badlogic.gdx.scenes.scene2d.Actor::act (188 bytes)
Event: 17.696 Thread 0x0000028d33c6a800 nmethod 1877 0x0000028d15a20590 code [0x0000028d15a20720, 0x0000028d15a207b8]
Event: 17.712 Thread 0x0000028d33c74000 1878       3       com.badlogic.gdx.scenes.scene2d.ui.Image::draw (200 bytes)
Event: 17.712 Thread 0x0000028d33c74000 nmethod 1878 0x0000028d0e8e6e90 code [0x0000028d0e8e7100, 0x0000028d0e8e7fe8]
Event: 17.712 Thread 0x0000028d33c74000 1879       3       com.badlogic.gdx.scenes.scene2d.utils.TextureRegionDrawable::draw (17 bytes)
Event: 17.712 Thread 0x0000028d33c74000 nmethod 1879 0x0000028d0e8e8310 code [0x0000028d0e8e84e0, 0x0000028d0e8e8668]
Event: 17.712 Thread 0x0000028d33c74000 1880       3       com.badlogic.gdx.graphics.g2d.SpriteBatch::draw (307 bytes)
Event: 17.713 Thread 0x0000028d33c74000 nmethod 1880 0x0000028d0e8e8790 code [0x0000028d0e8e8a00, 0x0000028d0e8e93c8]
Event: 17.728 Thread 0x0000028d33c74000 1881       1       java.nio.charset.CharsetDecoder::charset (5 bytes)
Event: 17.729 Thread 0x0000028d33c74000 nmethod 1881 0x0000028d15a20890 code [0x0000028d15a20a40, 0x0000028d15a20af8]
Event: 17.735 Thread 0x0000028d33c74000 1882   !   3       com.badlogic.gdx.scenes.scene2d.ui.Skin::getPatch (183 bytes)
Event: 17.735 Thread 0x0000028d33c74000 nmethod 1882 0x0000028d0e8e9910 code [0x0000028d0e8e9c80, 0x0000028d0e8eaff8]
Event: 17.735 Thread 0x0000028d33c74000 1883       3       com.badlogic.gdx.scenes.scene2d.utils.NinePatchDrawable::setPatch (58 bytes)

GC Heap History (2 events):
Event: 0.466 GC heap before
{Heap before GC invocations=0 (full 0):
 garbage-first heap   total 522240K, used 24576K [0x0000000603a00000, 0x0000000800000000)
  region size 2048K, 12 young (24576K), 0 survivors (0K)
 Metaspace       used 12335K, capacity 12452K, committed 12544K, reserved 1060864K
  class space    used 952K, capacity 1005K, committed 1024K, reserved 1048576K
}
Event: 0.468 GC heap after
{Heap after GC invocations=1 (full 0):
 garbage-first heap   total 522240K, used 2705K [0x0000000603a00000, 0x0000000800000000)
  region size 2048K, 2 young (4096K), 2 survivors (4096K)
 Metaspace       used 12335K, capacity 12452K, committed 12544K, reserved 1060864K
  class space    used 952K, capacity 1005K, committed 1024K, reserved 1048576K
}

Deoptimization events (20 events):
Event: 9.021 Thread 0x0000028d05621800 DEOPT PACKING pc=0x0000028d159d41ac sp=0x000000dbedcfedd0
Event: 9.021 Thread 0x0000028d05621800 DEOPT UNPACKING pc=0x0000028d0ddea1af sp=0x000000dbedcfed78 mode 2
Event: 9.026 Thread 0x0000028d05621800 DEOPT PACKING pc=0x0000028d0e560da7 sp=0x000000dbedcfe710
Event: 9.026 Thread 0x0000028d05621800 DEOPT UNPACKING pc=0x0000028d0ddea95e sp=0x000000dbedcfdcb0 mode 0
Event: 9.029 Thread 0x0000028d05621800 Uncommon trap: trap_request=0xffffffd6 fr.pc=0x0000028d159d41ac relative=0x00000000000001cc
Event: 9.030 Thread 0x0000028d05621800 Uncommon trap: reason=array_check action=maybe_recompile pc=0x0000028d159d41ac method=com.badlogic.gdx.utils.Array.add(Ljava/lang/Object;)V @ 46 c2
Event: 9.030 Thread 0x0000028d05621800 DEOPT PACKING pc=0x0000028d159d41ac sp=0x000000dbedcfecb0
Event: 9.030 Thread 0x0000028d05621800 DEOPT UNPACKING pc=0x0000028d0ddea1af sp=0x000000dbedcfec58 mode 2
Event: 9.030 Thread 0x0000028d05621800 Uncommon trap: trap_request=0xffffffd6 fr.pc=0x0000028d159d41ac relative=0x00000000000001cc
Event: 9.030 Thread 0x0000028d05621800 Uncommon trap: reason=array_check action=maybe_recompile pc=0x0000028d159d41ac method=com.badlogic.gdx.utils.Array.add(Ljava/lang/Object;)V @ 46 c2
Event: 9.030 Thread 0x0000028d05621800 DEOPT PACKING pc=0x0000028d159d41ac sp=0x000000dbedcfecb0
Event: 9.030 Thread 0x0000028d05621800 DEOPT UNPACKING pc=0x0000028d0ddea1af sp=0x000000dbedcfec58 mode 2
Event: 9.030 Thread 0x0000028d05621800 Uncommon trap: trap_request=0xffffffd6 fr.pc=0x0000028d159d41ac relative=0x00000000000001cc
Event: 9.030 Thread 0x0000028d05621800 Uncommon trap: reason=array_check action=maybe_recompile pc=0x0000028d159d41ac method=com.badlogic.gdx.utils.Array.add(Ljava/lang/Object;)V @ 46 c2
Event: 9.030 Thread 0x0000028d05621800 DEOPT PACKING pc=0x0000028d159d41ac sp=0x000000dbedcfed90
Event: 9.030 Thread 0x0000028d05621800 DEOPT UNPACKING pc=0x0000028d0ddea1af sp=0x000000dbedcfed38 mode 2
Event: 12.900 Thread 0x0000028d05621800 DEOPT PACKING pc=0x0000028d0e86072b sp=0x000000dbedcfe590
Event: 12.900 Thread 0x0000028d05621800 DEOPT UNPACKING pc=0x0000028d0ddea95e sp=0x000000dbedcfdb88 mode 0
Event: 13.483 Thread 0x0000028d05621800 DEOPT PACKING pc=0x0000028d0e861219 sp=0x000000dbedcfe590
Event: 13.483 Thread 0x0000028d05621800 DEOPT UNPACKING pc=0x0000028d0ddea95e sp=0x000000dbedcfdb88 mode 0

Classes redefined (0 events):
No events

Internal exceptions (20 events):
Event: 8.570 Thread 0x0000028d05621800 Exception <a 'java/lang/NullPointerException'{0x0000000622435310}> (0x0000000622435310) thrown at [s\src\hotspot\share\interpreter\linkResolver.cpp, line 1358]
Event: 8.570 Thread 0x0000028d05621800 Exception <a 'java/lang/NullPointerException'{0x00000006224355e0}> (0x00000006224355e0) thrown at [s\src\hotspot\share\interpreter\linkResolver.cpp, line 1358]
Event: 8.586 Thread 0x0000028d05621800 Exception <a 'java/lang/NullPointerException'{0x00000006224359a8}> (0x00000006224359a8) thrown at [s\src\hotspot\share\interpreter\linkResolver.cpp, line 1358]
Event: 8.586 Thread 0x0000028d05621800 Exception <a 'java/lang/NullPointerException'{0x0000000622435c78}> (0x0000000622435c78) thrown at [s\src\hotspot\share\interpreter\linkResolver.cpp, line 1358]
Event: 8.602 Thread 0x0000028d05621800 Exception <a 'java/lang/NullPointerException'{0x0000000622436040}> (0x0000000622436040) thrown at [s\src\hotspot\share\interpreter\linkResolver.cpp, line 1358]
Event: 8.602 Thread 0x0000028d05621800 Exception <a 'java/lang/NullPointerException'{0x0000000622436310}> (0x0000000622436310) thrown at [s\src\hotspot\share\interpreter\linkResolver.cpp, line 1358]
Event: 8.620 Thread 0x0000028d05621800 Exception <a 'java/lang/NullPointerException'{0x0000000622436f50}> (0x0000000622436f50) thrown at [s\src\hotspot\share\interpreter\linkResolver.cpp, line 1358]
Event: 8.620 Thread 0x0000028d05621800 Exception <a 'java/lang/NullPointerException'{0x0000000622437220}> (0x0000000622437220) thrown at [s\src\hotspot\share\interpreter\linkResolver.cpp, line 1358]
Event: 8.635 Thread 0x0000028d05621800 Exception <a 'java/lang/NullPointerException'{0x00000006224375e8}> (0x00000006224375e8) thrown at [s\src\hotspot\share\interpreter\linkResolver.cpp, line 1358]
Event: 8.636 Thread 0x0000028d05621800 Exception <a 'java/lang/NullPointerException'{0x00000006224378b8}> (0x00000006224378b8) thrown at [s\src\hotspot\share\interpreter\linkResolver.cpp, line 1358]
Event: 8.652 Thread 0x0000028d05621800 Exception <a 'java/lang/NullPointerException'{0x0000000622437c80}> (0x0000000622437c80) thrown at [s\src\hotspot\share\interpreter\linkResolver.cpp, line 1358]
Event: 8.652 Thread 0x0000028d05621800 Exception <a 'java/lang/NullPointerException'{0x0000000622437f50}> (0x0000000622437f50) thrown at [s\src\hotspot\share\interpreter\linkResolver.cpp, line 1358]
Event: 8.669 Thread 0x0000028d05621800 Exception <a 'java/lang/NullPointerException'{0x0000000622438318}> (0x0000000622438318) thrown at [s\src\hotspot\share\interpreter\linkResolver.cpp, line 1358]
Event: 8.669 Thread 0x0000028d05621800 Exception <a 'java/lang/NullPointerException'{0x00000006224385e8}> (0x00000006224385e8) thrown at [s\src\hotspot\share\interpreter\linkResolver.cpp, line 1358]
Event: 8.687 Thread 0x0000028d05621800 Exception <a 'java/lang/NullPointerException'{0x00000006224389b0}> (0x00000006224389b0) thrown at [s\src\hotspot\share\interpreter\linkResolver.cpp, line 1358]
Event: 8.687 Thread 0x0000028d05621800 Exception <a 'java/lang/NullPointerException'{0x0000000622438c80}> (0x0000000622438c80) thrown at [s\src\hotspot\share\interpreter\linkResolver.cpp, line 1358]
Event: 8.703 Thread 0x0000028d05621800 Exception <a 'java/lang/NullPointerException'{0x0000000622439048}> (0x0000000622439048) thrown at [s\src\hotspot\share\interpreter\linkResolver.cpp, line 1358]
Event: 8.703 Thread 0x0000028d05621800 Exception <a 'java/lang/NullPointerException'{0x0000000622439318}> (0x0000000622439318) thrown at [s\src\hotspot\share\interpreter\linkResolver.cpp, line 1358]
Event: 8.720 Thread 0x0000028d05621800 Exception <a 'java/lang/NullPointerException'{0x00000006224396e0}> (0x00000006224396e0) thrown at [s\src\hotspot\share\interpreter\linkResolver.cpp, line 1358]
Event: 8.720 Thread 0x0000028d05621800 Exception <a 'java/lang/NullPointerException'{0x00000006224399b0}> (0x00000006224399b0) thrown at [s\src\hotspot\share\interpreter\linkResolver.cpp, line 1358]

Events (20 events):
Event: 10.293 loading class jdk/internal/reflect/Label$PatchInfo
Event: 10.293 loading class jdk/internal/reflect/Label$PatchInfo done
Event: 10.293 loading class jdk/internal/reflect/MethodAccessorGenerator$1
Event: 10.293 loading class jdk/internal/reflect/MethodAccessorGenerator$1 done
Event: 10.293 loading class jdk/internal/reflect/ClassDefiner
Event: 10.293 loading class jdk/internal/reflect/ClassDefiner done
Event: 10.293 loading class jdk/internal/reflect/ClassDefiner$1
Event: 10.294 loading class jdk/internal/reflect/ClassDefiner$1 done
Event: 10.294 Thread 0x0000028d3cb34800 Thread added: 0x0000028d3cb34800
Event: 10.294 Thread 0x0000028d35de7800 Thread added: 0x0000028d35de7800
Event: 10.294 loading class jdk/internal/reflect/BootstrapConstructorAccessorImpl
Event: 10.294 loading class jdk/internal/reflect/BootstrapConstructorAccessorImpl done
Event: 10.697 Thread 0x0000028d3cb34800 Thread exited: 0x0000028d3cb34800
Event: 14.529 Thread 0x0000028d35de7800 Thread exited: 0x0000028d35de7800
Event: 14.588 Thread 0x0000028d35de7800 Thread added: 0x0000028d35de7800
Event: 14.812 loading class com/heslington_hustle/screens/EndGameScreen
Event: 14.812 loading class com/heslington_hustle/screens/EndGameScreen done
Event: 14.819 loading class com/heslington_hustle/screens/EndGameScreen$1
Event: 14.819 loading class com/heslington_hustle/screens/EndGameScreen$1 done
Event: 16.929 Thread 0x0000028d35de7800 Thread exited: 0x0000028d35de7800


Dynamic libraries:
0x00007ff7a6d60000 - 0x00007ff7a6d6e000 	C:\Users\james\.jdks\corretto-11.0.22\bin\java.exe
0x00007ffa9db50000 - 0x00007ffa9dd66000 	C:\Windows\SYSTEM32\ntdll.dll
0x00007ffa9c220000 - 0x00007ffa9c2e4000 	C:\Windows\System32\KERNEL32.DLL
0x00007ffa9ae90000 - 0x00007ffa9b236000 	C:\Windows\System32\KERNELBASE.dll
0x00007ffa9b690000 - 0x00007ffa9b7a1000 	C:\Windows\System32\ucrtbase.dll
0x00007ffa88600000 - 0x00007ffa88617000 	C:\Users\james\.jdks\corretto-11.0.22\bin\jli.dll
0x00007ffa88700000 - 0x00007ffa8871b000 	C:\Users\james\.jdks\corretto-11.0.22\bin\VCRUNTIME140.dll
0x00007ffa9d2a0000 - 0x00007ffa9d44d000 	C:\Windows\System32\USER32.dll
0x00007ffa9b350000 - 0x00007ffa9b376000 	C:\Windows\System32\win32u.dll
0x00007ffa8f600000 - 0x00007ffa8f893000 	C:\Windows\WinSxS\amd64_microsoft.windows.common-controls_6595b64144ccf1df_6.0.22621.3235_none_270f74e173860f98\COMCTL32.dll
0x00007ffa9beb0000 - 0x00007ffa9bed9000 	C:\Windows\System32\GDI32.dll
0x00007ffa9d190000 - 0x00007ffa9d237000 	C:\Windows\System32\msvcrt.dll
0x00007ffa9b4f0000 - 0x00007ffa9b608000 	C:\Windows\System32\gdi32full.dll
0x00007ffa9b240000 - 0x00007ffa9b2da000 	C:\Windows\System32\msvcp_win.dll
0x00007ffa9c0a0000 - 0x00007ffa9c0d1000 	C:\Windows\System32\IMM32.DLL
0x00007ffa88760000 - 0x00007ffa8876c000 	C:\Users\james\.jdks\corretto-11.0.22\bin\vcruntime140_1.dll
0x00007ffa78f80000 - 0x00007ffa7900d000 	C:\Users\james\.jdks\corretto-11.0.22\bin\msvcp140.dll
0x00007ffa11650000 - 0x00007ffa12213000 	C:\Users\james\.jdks\corretto-11.0.22\bin\server\jvm.dll
0x00007ffa9d050000 - 0x00007ffa9d102000 	C:\Windows\System32\ADVAPI32.dll
0x00007ffa9c360000 - 0x00007ffa9c408000 	C:\Windows\System32\sechost.dll
0x00007ffa9b870000 - 0x00007ffa9b898000 	C:\Windows\System32\bcrypt.dll
0x00007ffa9cf30000 - 0x00007ffa9d045000 	C:\Windows\System32\RPCRT4.dll
0x00007ffa9c210000 - 0x00007ffa9c218000 	C:\Windows\System32\PSAPI.DLL
0x00007ffa97130000 - 0x00007ffa97139000 	C:\Windows\SYSTEM32\WSOCK32.dll
0x00007ffa9c410000 - 0x00007ffa9c481000 	C:\Windows\System32\WS2_32.dll
0x00007ffa938e0000 - 0x00007ffa93914000 	C:\Windows\SYSTEM32\WINMM.dll
0x00007ffa93500000 - 0x00007ffa9350a000 	C:\Windows\SYSTEM32\VERSION.dll
0x00007ffa99f80000 - 0x00007ffa99f98000 	C:\Windows\SYSTEM32\kernel.appcore.dll
0x00007ffa87830000 - 0x00007ffa87840000 	C:\Users\james\.jdks\corretto-11.0.22\bin\verify.dll
0x00007ffa8c560000 - 0x00007ffa8c793000 	C:\Windows\SYSTEM32\DBGHELP.DLL
0x00007ffa9d560000 - 0x00007ffa9d8e8000 	C:\Windows\System32\combase.dll
0x00007ffa9c5f0000 - 0x00007ffa9c6c7000 	C:\Windows\System32\OLEAUT32.dll
0x00007ffa79d70000 - 0x00007ffa79da2000 	C:\Windows\SYSTEM32\dbgcore.DLL
0x00007ffa9b610000 - 0x00007ffa9b68a000 	C:\Windows\System32\bcryptPrimitives.dll
0x00007ffa82420000 - 0x00007ffa82448000 	C:\Users\james\.jdks\corretto-11.0.22\bin\java.dll
0x00007ffa876f0000 - 0x00007ffa876fa000 	C:\Users\james\.jdks\corretto-11.0.22\bin\jimage.dll
0x00007ffa82780000 - 0x00007ffa82798000 	C:\Users\james\.jdks\corretto-11.0.22\bin\zip.dll
0x00007ffa9c6d0000 - 0x00007ffa9cf2d000 	C:\Windows\System32\SHELL32.dll
0x00007ffa98db0000 - 0x00007ffa996a8000 	C:\Windows\SYSTEM32\windows.storage.dll
0x00007ffa98c70000 - 0x00007ffa98dae000 	C:\Windows\SYSTEM32\wintypes.dll
0x00007ffa9c100000 - 0x00007ffa9c1f3000 	C:\Windows\System32\SHCORE.dll
0x00007ffa9d910000 - 0x00007ffa9d96e000 	C:\Windows\System32\shlwapi.dll
0x00007ffa9adc0000 - 0x00007ffa9ade6000 	C:\Windows\SYSTEM32\profapi.dll
0x00007ffa82460000 - 0x00007ffa82479000 	C:\Users\james\.jdks\corretto-11.0.22\bin\net.dll
0x00007ffa94f00000 - 0x00007ffa95037000 	C:\Windows\SYSTEM32\WINHTTP.dll
0x00007ffa9a400000 - 0x00007ffa9a469000 	C:\Windows\system32\mswsock.dll
0x00007ffa81e30000 - 0x00007ffa81e42000 	C:\Users\james\.jdks\corretto-11.0.22\bin\nio.dll
0x000000006e700000 - 0x000000006e72d000 	C:\Users\james\AppData\Local\Temp\libgdxjames\2a9d7f76\gdx64.dll
0x00007ffa6c330000 - 0x00007ffa6c3ab000 	C:\Users\james\AppData\Local\Temp\lwjgl_james\3.3.3+5\x64\lwjgl.dll
0x00007ffa2cc50000 - 0x00007ffa2cec0000 	C:\Users\james\AppData\Local\Temp\lwjgl_james\3.3.3+5\x64\jemalloc.dll
0x00007ffa5bf50000 - 0x00007ffa5bfd2000 	C:\Users\james\AppData\Local\Temp\lwjgl_james\3.3.3+5\x64\glfw.dll
0x00007ffa6d560000 - 0x00007ffa6d5a6000 	C:\Windows\SYSTEM32\dinput8.dll
0x00007ffa91790000 - 0x00007ffa917a1000 	C:\Windows\SYSTEM32\xinput1_4.dll
0x00007ffa9aba0000 - 0x00007ffa9abee000 	C:\Windows\SYSTEM32\cfgmgr32.dll
0x00007ffa9ab50000 - 0x00007ffa9ab7c000 	C:\Windows\SYSTEM32\DEVOBJ.dll
0x00007ffa98570000 - 0x00007ffa9859b000 	C:\Windows\SYSTEM32\dwmapi.dll
0x00007ffa7b270000 - 0x00007ffa7b47a000 	C:\Windows\SYSTEM32\inputhost.dll
0x00007ffa975a0000 - 0x00007ffa976d4000 	C:\Windows\SYSTEM32\CoreMessaging.dll
0x00007ffa982f0000 - 0x00007ffa9839b000 	C:\Windows\system32\uxtheme.dll
0x00007ffa9c490000 - 0x00007ffa9c5e4000 	C:\Windows\System32\MSCTF.dll
0x00007ffa9a640000 - 0x00007ffa9a64c000 	C:\Windows\SYSTEM32\CRYPTBASE.DLL
0x00007ffa31790000 - 0x00007ffa31957000 	C:\Users\james\AppData\Local\Temp\lwjgl_james\3.3.3+5\x64\OpenAL.dll
0x00007ffa9d970000 - 0x00007ffa9db0f000 	C:\Windows\System32\ole32.dll
0x00007ffa9be00000 - 0x00007ffa9beb0000 	C:\Windows\System32\clbcatq.dll
0x00007ffa90a10000 - 0x00007ffa90aad000 	C:\Windows\System32\MMDevApi.dll
0x00007ffa8e2d0000 - 0x00007ffa8e4bc000 	C:\Windows\SYSTEM32\AUDIOSES.DLL
0x00007ffa98880000 - 0x00007ffa98895000 	C:\Windows\SYSTEM32\resourcepolicyclient.dll
0x00007ffa99ce0000 - 0x00007ffa99d2d000 	C:\Windows\SYSTEM32\powrprof.dll
0x00007ffa99cc0000 - 0x00007ffa99cd3000 	C:\Windows\SYSTEM32\UMPDC.dll
0x00007ffa371c0000 - 0x00007ffa372c0000 	C:\Windows\SYSTEM32\opengl32.dll
0x00007ffa71f40000 - 0x00007ffa71f6d000 	C:\Windows\SYSTEM32\GLU32.dll
0x00007ffa985e0000 - 0x00007ffa98619000 	C:\Windows\SYSTEM32\dxcore.dll
0x00007ffa94110000 - 0x00007ffa94245000 	C:\Windows\System32\AppXDeploymentClient.dll
0x00007ffa34510000 - 0x00007ffa371b2000 	C:\Windows\System32\DriverStore\FileRepository\nvmdi.inf_amd64_92b25561841a09dd\nvoglv64.dll
0x00007ffa9b8f0000 - 0x00007ffa9bd64000 	C:\Windows\System32\SETUPAPI.dll
0x00007ffa99d30000 - 0x00007ffa99d44000 	C:\Windows\SYSTEM32\WTSAPI32.dll
0x00007ffa9ab30000 - 0x00007ffa9ab42000 	C:\Windows\SYSTEM32\msasn1.dll
0x00007ffa91d40000 - 0x00007ffa91d72000 	C:\Windows\SYSTEM32\cryptnet.dll
0x00007ffa9b380000 - 0x00007ffa9b4e6000 	C:\Windows\System32\CRYPT32.dll
0x00007ffa91af0000 - 0x00007ffa91c48000 	C:\Windows\SYSTEM32\drvstore.dll
0x00007ffa9a740000 - 0x00007ffa9a78b000 	C:\Windows\SYSTEM32\wldp.dll
0x00007ffa9b2e0000 - 0x00007ffa9b34b000 	C:\Windows\System32\WINTRUST.dll
0x00007ffa99fa0000 - 0x00007ffa99fd4000 	C:\Windows\SYSTEM32\ntmarta.dll
0x00007ffa9c0e0000 - 0x00007ffa9c0ff000 	C:\Windows\System32\imagehlp.dll
0x00007ffa9a620000 - 0x00007ffa9a63b000 	C:\Windows\SYSTEM32\CRYPTSP.dll
0x00007ffa99ee0000 - 0x00007ffa99f15000 	C:\Windows\system32\rsaenh.dll
0x00007ffa89c70000 - 0x00007ffa8be8d000 	C:\Windows\System32\DriverStore\FileRepository\nvmdi.inf_amd64_92b25561841a09dd\nvgpucomp64.dll
0x00007ffa4bf60000 - 0x00007ffa4c231000 	C:\Windows\system32\nvspcap64.dll
0x00007ffa99900000 - 0x00007ffa99966000 	C:\Windows\SYSTEM32\WINSTA.dll
0x00007ffa6b220000 - 0x00007ffa6b27e000 	C:\Users\james\AppData\Local\Temp\lwjgl_james\3.3.3+5\x64\lwjgl_opengl.dll
0x00007ffa6f7a0000 - 0x00007ffa6f8ea000 	C:\Windows\SYSTEM32\textinputframework.dll
0x00007ffa92e40000 - 0x00007ffa931ac000 	C:\Windows\SYSTEM32\CoreUIComponents.dll

dbghelp: loaded successfully - version: 4.0.5 - missing functions: none
symbol engine: initialized successfully - sym options: 0x614 - pdb path: .;C:\Users\james\.jdks\corretto-11.0.22\bin;C:\Windows\SYSTEM32;C:\Windows\WinSxS\amd64_microsoft.windows.common-controls_6595b64144ccf1df_6.0.22621.3235_none_270f74e173860f98;C:\Users\james\.jdks\corretto-11.0.22\bin\server;C:\Users\james\AppData\Local\Temp\libgdxjames\2a9d7f76;C:\Users\james\AppData\Local\Temp\lwjgl_james\3.3.3+5\x64;C:\Windows\System32\DriverStore\FileRepository\nvmdi.inf_amd64_92b25561841a09dd

VM Arguments:
jvm_args: -Dfile.encoding=windows-1252 -Duser.country=GB -Duser.language=en -Duser.variant 
java_command: com.heslington_hustle.game.DesktopLauncher
java_class_path (initial): C:\Users\james\Downloads\Group-12-ENG1\Heslington_hustle\desktop\build\classes\java\main;C:\Users\james\Downloads\Group-12-ENG1\Heslington_hustle\desktop\build\resources\main;C:\Users\james\.gradle\caches\modules-2\files-2.1\com.badlogicgames.gdx\gdx-backend-lwjgl3\1.12.1\12a144cacb34f0392cd8354f798d99e4836a51a8\gdx-backend-lwjgl3-1.12.1.jar;C:\Users\james\.gradle\caches\modules-2\files-2.1\com.badlogicgames.gdx\gdx-platform\1.12.1\5737be5ce3a4e8f9f77c2d9ab95ab479f9c3705f\gdx-platform-1.12.1-natives-desktop.jar;C:\Users\james\Downloads\Group-12-ENG1\Heslington_hustle\core\build\libs\core-1.0.jar;C:\Users\james\.gradle\caches\modules-2\files-2.1\com.badlogicgames.gdx\gdx\1.12.1\a2d066c09329c457045c284c42d6f37122840aa\gdx-1.12.1.jar;C:\Users\james\.gradle\caches\modules-2\files-2.1\org.lwjgl\lwjgl-glfw\3.3.3\efa1eb78c5ccd840e9f329717109b5e892d72f8e\lwjgl-glfw-3.3.3.jar;C:\Users\james\.gradle\caches\modules-2\files-2.1\org.lwjgl\lwjgl-glfw\3.3.3\a03684c5e4b1b1dbbe0d29dbbdc27b985b6840f2\lwjgl-glfw-3.3.3-natives-linux.jar;C:\Users\james\.gradle\caches\modules-2\files-2.1\org.lwjgl\lwjgl-glfw\3.3.3\d9af485c32545b37dd5359b163161d42d7534dcf\lwjgl-glfw-3.3.3-natives-linux-arm32.jar;C:\Users\james\.gradle\caches\modules-2\files-2.1\org.lwjgl\lwjgl-glfw\3.3.3\492a0f11f85b85899a6568f07511160c1b87cd38\lwjgl-glfw-3.3.3-natives-linux-arm64.jar;C:\Users\james\.gradle\caches\modules-2\files-2.1\org.lwjgl\lwjgl-glfw\3.3.3\a1bf400f6bc64e6195596cb1430dafda46090751\lwjgl-glfw-3.3.3-natives-macos.jar;C:\Users\james\.gradle\caches\modules-2\files-2.1\org.lwjgl\lwjgl-glfw\3.3.3\ee8cc78d0a4a5b3b4600fade6d927c9fc320c858\lwjgl-glfw-3.3.3-natives-macos-arm64.jar;C:\Users\james\.gradle\caches\modules-2\files-2.1\org.lwjgl\lwjgl-glfw\3.3.3\e449e28b4891fc423c54c85fbc5bb0b9efece67a\lwjgl-glfw-3.3.3-natives-windows.jar;C:\Users\james\.gradle\caches\modules-2\files-2.1\org.lwjgl\lwjgl-glfw\3.3.3\32334f3fd5270a59bad9939a93115acb6de36dcf\lwjgl-glfw-3.3.3-natives-windows-x8
Launcher Type: SUN_STANDARD

[Global flags]
     intx CICompilerCount                          = 12                                        {product} {ergonomic}
     uint ConcGCThreads                            = 4                                         {product} {ergonomic}
     uint G1ConcRefinementThreads                  = 15                                        {product} {ergonomic}
   size_t G1HeapRegionSize                         = 2097152                                   {product} {ergonomic}
    uintx GCDrainStackTargetSize                   = 64                                        {product} {ergonomic}
   size_t InitialHeapSize                          = 534773760                                 {product} {ergonomic}
   size_t MarkStackSize                            = 4194304                                   {product} {ergonomic}
   size_t MaxHeapSize                              = 8529117184                                {product} {ergonomic}
   size_t MaxNewSize                               = 5117050880                                {product} {ergonomic}
   size_t MinHeapDeltaBytes                        = 2097152                                   {product} {ergonomic}
    uintx NonNMethodCodeHeapSize                   = 7594288                                {pd product} {ergonomic}
    uintx NonProfiledCodeHeapSize                  = 122031976                              {pd product} {ergonomic}
    uintx ProfiledCodeHeapSize                     = 122031976                              {pd product} {ergonomic}
    uintx ReservedCodeCacheSize                    = 251658240                              {pd product} {ergonomic}
     bool SegmentedCodeCache                       = true                                      {product} {ergonomic}
     bool UseCompressedClassPointers               = true                                 {lp64_product} {ergonomic}
     bool UseCompressedOops                        = true                                 {lp64_product} {ergonomic}
     bool UseG1GC                                  = true                                      {product} {ergonomic}
     bool UseLargePagesIndividualAllocation        = false                                  {pd product} {ergonomic}

Logging:
Log output configuration:
 #0: stdout all=warning uptime,level,tags
 #1: stderr all=off uptime,level,tags

Environment Variables:
JAVA_HOME=C:\Program Files\Eclipse Adoptium\jdk-21.0.2.13-hotspot\
PATH=C:\Program Files\Eclipse Adoptium\jdk-21.0.2.13-hotspot\bin;C:\Windows\system32;C:\Windows;C:\Windows\System32\Wbem;C:\Windows\System32\WindowsPowerShell\v1.0\;C:\Windows\System32\OpenSSH\;C:\Program Files\NVIDIA Corporation\NVIDIA NvDLISR;C:\Program Files (x86)\NVIDIA Corporation\PhysX\Common;C:\Program Files\Git\cmd;C:\Users\james\AppData\Local\Microsoft\WindowsApps;C:\Program Files\JetBrains\IntelliJ IDEA 2023.3.4\bin;;C:\Users\james\AppData\Local\GitHubDesktop\bin
USERNAME=james
OS=Windows_NT
PROCESSOR_IDENTIFIER=Intel64 Family 6 Model 183 Stepping 1, GenuineIntel
TMP=C:\Users\james\AppData\Local\Temp
TEMP=C:\Users\james\AppData\Local\Temp



---------------  S Y S T E M  ---------------

OS: Windows 11 , 64 bit Build 22621 (10.0.22621.3235)
OS uptime: 3 days 1:19 hours
Hyper-V role detected

CPU:total 20 (initial active 20) (10 cores per cpu, 2 threads per core) family 6 model 183 stepping 1 microcode 0x11f, cmov, cx8, fxsr, mmx, sse, sse2, sse3, ssse3, sse4.1, sse4.2, popcnt, avx, avx2, aes, clmul, erms, 3dnowpref, lzcnt, ht, tsc, tscinvbit, bmi1, bmi2, adx, sha, fma

Memory: 4k page, system-wide physical 32535M (19146M free)
TotalPageFile size 34583M (AvailPageFile size 17140M)
current process WorkingSet (physical memory assigned to process): 198M, peak: 199M
current process commit charge ("private bytes"): 761M, peak: 771M

vm_info: OpenJDK 64-Bit Server VM (11.0.22+7-LTS) for windows-amd64 JRE (11.0.22+7-LTS), built on Jan 10 2024 19:54:00 by "Administrator" with MS VC++ 16.10 / 16.11 (VS2019)

END.
