#
# A fatal error has been detected by the Java Runtime Environment:
#
#  EXCEPTION_ACCESS_VIOLATION (0xc0000005) at pc=0x00007ffa9d2096a6, pid=24068, tid=24676
#
# JRE version: OpenJDK Runtime Environment Corretto-11.0.22.7.1 (11.0.22+7) (build 11.0.22+7-LTS)
# Java VM: OpenJDK 64-Bit Server VM Corretto-11.0.22.7.1 (11.0.22+7-LTS, mixed mode, tiered, compressed oops, g1 gc, windows-amd64)
# Problematic frame:
# C  [msvcrt.dll+0x796a6]
#
# No core dump will be written. Minidumps are not enabled by default on client versions of Windows
#
# If you would like to submit a bug report, please visit:
#   https://github.com/corretto/corretto-11/issues/
# The crash happened outside the Java Virtual Machine in native code.
# See problematic frame for where to report the bug.
#

---------------  S U M M A R Y ------------

Command Line: -Dfile.encoding=windows-1252 -Duser.country=GB -Duser.language=en -Duser.variant com.heslington_hustle.game.DesktopLauncher

Host: Intel(R) Core(TM) i5-14600K, 20 cores, 31G,  Windows 11 , 64 bit Build 22621 (10.0.22621.3235)
Time: Sun Mar 17 14:00:17 2024 GMT Standard Time elapsed time: 26.994753 seconds (0d 0h 0m 26s)

---------------  T H R E A D  ---------------

Current thread (0x000002b2e21c1800):  JavaThread "main" [_thread_in_native, id=24676, stack(0x000000c913800000,0x000000c913900000)]

Stack: [0x000000c913800000,0x000000c913900000],  sp=0x000000c9138fee88,  free space=1019k
Native frames: (J=compiled Java code, j=interpreted, Vv=VM code, C=native code)
C  [msvcrt.dll+0x796a6]
C  [gdx64.dll+0x20e6]

Java frames: (J=compiled Java code, j=interpreted, Vv=VM code)
J 1324  com.badlogic.gdx.utils.BufferUtils.copyJni([FLjava/nio/Buffer;II)V (0 bytes) @ 0x000002b2f3d17340 [0x000002b2f3d172c0+0x0000000000000080]
J 1570 c2 com.badlogic.gdx.graphics.g2d.SpriteBatch.flush()V (196 bytes) @ 0x000002b2f3d3d374 [0x000002b2f3d3d200+0x0000000000000174]
J 1622 c1 com.badlogic.gdx.graphics.g2d.SpriteBatch.draw(Lcom/badlogic/gdx/graphics/Texture;FFFF)V (279 bytes) @ 0x000002b2ecb68b4c [0x000002b2ecb68900+0x000000000000024c]
J 1642 c1 com.heslington_hustle.screens.GameScreen.render(F)V (614 bytes) @ 0x000002b2ecb7457c [0x000002b2ecb724a0+0x00000000000020dc]
J 1581 c1 com.heslington_hustle.game.HeslingtonHustle.render()V (5 bytes) @ 0x000002b2ecb4e2b4 [0x000002b2ecb4e060+0x0000000000000254]
J 1578 c1 com.badlogic.gdx.backends.lwjgl3.Lwjgl3Window.update()Z (217 bytes) @ 0x000002b2ecb517c4 [0x000002b2ecb50a20+0x0000000000000da4]
j  com.badlogic.gdx.backends.lwjgl3.Lwjgl3Application.loop()V+111
j  com.badlogic.gdx.backends.lwjgl3.Lwjgl3Application.<init>(Lcom/badlogic/gdx/ApplicationListener;Lcom/badlogic/gdx/backends/lwjgl3/Lwjgl3ApplicationConfiguration;)V+269
j  com.heslington_hustle.game.DesktopLauncher.main([Ljava/lang/String;)V+47
v  ~StubRoutines::call_stub

siginfo: EXCEPTION_ACCESS_VIOLATION (0xc0000005), writing address 0x000002b296036000


Register to memory mapping:

RIP=0x00007ffa9d2096a6 msvcrt.dll
RAX=0x000002b296035fd0 points into unknown readable memory: 0x43c8000043c80000 | 00 00 c8 43 00 00 c8 43
RBX=0x0000000621e693e0 is pointing into object: [F 
{0x0000000621e693d0} - klass: {type array float}
 - length: 20000
RCX=0x000002b296036020 is an unknown value
RDX=0xfffffd538be33410 is an unknown value
RSP=0x000000c9138fee88 is pointing into the stack for thread: 0x000002b2e21c1800
RBP=0x000000c9138fef60 is pointing into the stack for thread: 0x000002b2e21c1800
RSI=0x0000000000000014 is an unknown value
RDI=0x0 is NULL
R8 =0x0 is NULL
R9 =0x0 is NULL
R10=0x0000000000000102 is an unknown value
R11=0x0000000621e69430 is pointing into object: [F 
{0x0000000621e693d0} - klass: {type array float}
 - length: 20000
R12=0x000002b2e21c1b48 points into unknown readable memory: 0x000002b2938fa3b0 | b0 a3 8f 93 b2 02 00 00
R13=0x000002b296035fd0 points into unknown readable memory: 0x43c8000043c80000 | 00 00 c8 43 00 00 c8 43
R14=0x000000c9138fef20 is pointing into the stack for thread: 0x000002b2e21c1800
R15=0x000002b2e21c1800 is a thread


Registers:
RAX=0x000002b296035fd0, RBX=0x0000000621e693e0, RCX=0x000002b296036020, RDX=0xfffffd538be33410
RSP=0x000000c9138fee88, RBP=0x000000c9138fef60, RSI=0x0000000000000014, RDI=0x0000000000000000
R8 =0x0000000000000000, R9 =0x0000000000000000, R10=0x0000000000000102, R11=0x0000000621e69430
R12=0x000002b2e21c1b48, R13=0x000002b296035fd0, R14=0x000000c9138fef20, R15=0x000002b2e21c1800
RIP=0x00007ffa9d2096a6, EFLAGS=0x0000000000010246

Top of Stack: (sp=0x000000c9138fee88)
0x000000c9138fee88:   000000006e7020e6 0000000621e65a48
0x000000c9138fee98:   000000c9138fef60 0000000000000014
0x000000c9138feea8:   000002b2f3d3b904 0000000621496148
0x000000c9138feeb8:   0000000621e65a48 0000000621e693d0
0x000000c9138feec8:   0000000000000000 0000000000000000
0x000000c9138feed8:   0000000000000014 000000c9138fef50
0x000000c9138feee8:   000002b2f3d173e0 000002b29c39f740
0x000000c9138feef8:   000002b2f3d17cb4 0000000000000006
0x000000c9138fef08:   000000c9138fef60 0000000000000014
0x000000c9138fef18:   0000000000000000 0000000621e693d0
0x000000c9138fef28:   0000000621e67120 000000c9138ff3d8
0x000000c9138fef38:   000002b2ecb6e4fc 0000000600000002
0x000000c9138fef48:   000000000000000c 0000000621f8f1a0
0x000000c9138fef58:   0000000621e672c8 0000000621e65a48
0x000000c9138fef68:   000002b2f3d3d374 0000000621e659e8
0x000000c9138fef78:   c43ccb4900000006 000000c900000014 

Instructions: (pc=0x00007ffa9d2096a6)
0x00007ffa9d2095a6:   0f 10 02 42 0f 10 4c 02 f0 0f 11 01 42 0f 11 4c
0x00007ffa9d2095b6:   01 f0 c3 0f 1f 80 00 00 00 00 4d 85 c0 74 15 48
0x00007ffa9d2095c6:   2b d1 72 16 44 8a 1c 11 48 ff c1 49 ff c8 44 88
0x00007ffa9d2095d6:   59 ff 75 f0 c3 0f 1f 44 00 00 49 03 c8 44 8a 5c
0x00007ffa9d2095e6:   11 ff 48 ff c9 49 ff c8 44 88 19 75 f0 c3 66 66
0x00007ffa9d2095f6:   66 66 0f 1f 84 00 00 00 00 00 4e 8d 1c 02 48 2b
0x00007ffa9d209606:   d1 73 09 4c 3b d9 0f 87 6e 01 00 00 0f 10 04 11
0x00007ffa9d209616:   48 83 c1 10 f6 c1 0f 74 12 48 83 e1 f0 0f 10 0c
0x00007ffa9d209626:   11 0f 11 00 0f 28 c1 48 83 c1 10 4c 03 c0 4c 2b
0x00007ffa9d209636:   c1 4d 8b c8 49 c1 e9 06 74 6f 49 81 f9 00 10 00
0x00007ffa9d209646:   00 0f 87 b3 00 00 00 49 83 e0 3f eb 2d 66 66 66
0x00007ffa9d209656:   66 66 66 66 0f 1f 84 00 00 00 00 00 66 66 66 66
0x00007ffa9d209666:   66 66 66 0f 1f 84 00 00 00 00 00 66 66 66 66 66
0x00007ffa9d209676:   66 66 0f 1f 84 00 00 00 00 00 0f 10 0c 11 0f 10
0x00007ffa9d209686:   54 11 10 0f 10 5c 11 20 0f 10 64 11 30 0f 29 41
0x00007ffa9d209696:   f0 48 83 c1 40 49 ff c9 0f 29 49 c0 0f 29 51 d0
0x00007ffa9d2096a6:   0f 29 59 e0 0f 28 c4 75 d1 4d 8b c8 49 c1 e9 04
0x00007ffa9d2096b6:   74 19 0f 1f 84 00 00 00 00 00 0f 29 41 f0 0f 10
0x00007ffa9d2096c6:   04 11 48 83 c1 10 49 ff c9 75 ef 49 83 e0 0f 74
0x00007ffa9d2096d6:   0e 4e 8d 5c 01 f0 41 0f 10 0c 13 41 0f 11 0b 0f
0x00007ffa9d2096e6:   29 41 f0 c3 66 66 66 66 66 66 66 0f 1f 84 00 00
0x00007ffa9d2096f6:   00 00 00 0f 1f 80 00 00 00 00 4d 8b c8 49 c1 e9
0x00007ffa9d209706:   06 49 83 e0 3f 0f 18 44 11 40 eb 2e 66 66 66 66
0x00007ffa9d209716:   66 66 66 0f 1f 84 00 00 00 00 00 66 66 66 66 66
0x00007ffa9d209726:   66 66 0f 1f 84 00 00 00 00 00 66 66 66 66 66 66
0x00007ffa9d209736:   66 0f 1f 84 00 00 00 00 00 90 0f 10 0c 11 0f 10
0x00007ffa9d209746:   54 11 10 0f 10 5c 11 20 0f 10 64 11 30 0f 2b 41
0x00007ffa9d209756:   f0 48 83 c1 40 0f 18 44 11 40 49 ff c9 0f 2b 49
0x00007ffa9d209766:   c0 0f 2b 51 d0 0f 2b 59 e0 0f 28 c4 75 cc 0f ae
0x00007ffa9d209776:   f8 e9 33 ff ff ff 0f 1f 40 00 49 03 c8 0f 10 44
0x00007ffa9d209786:   11 f0 48 83 e9 10 49 83 e8 10 f6 c1 0f 74 18 4c
0x00007ffa9d209796:   8b d9 48 83 e1 f0 0f 10 0c 11 41 0f 11 03 0f 28 


Stack slot to memory mapping:
stack at sp + 0 slots: 0x000000006e7020e6 gdx64.dll
stack at sp + 1 slots: 0x0000000621e65a48 is an oop: com.badlogic.gdx.graphics.Mesh 
{0x0000000621e65a48} - klass: 'com/badlogic/gdx/graphics/Mesh'
 - ---- fields (total size 4 words):
 - 'autoBind' 'Z' @12  true
 - final 'isVertexArray' 'Z' @13  true
 - 'isInstanced' 'Z' @14  false
 - final 'vertices' 'Lcom/badlogic/gdx/graphics/glutils/VertexData;' @16  a 'com/badlogic/gdx/graphics/glutils/VertexArray'{0x0000000621e65a68} (c43ccb4d)
 - final 'indices' 'Lcom/badlogic/gdx/graphics/glutils/IndexData;' @20  a 'com/badlogic/gdx/graphics/glutils/IndexArray'{0x0000000621e67160} (c43cce2c)
 - 'instances' 'Lcom/badlogic/gdx/graphics/glutils/InstanceData;' @24  NULL (0)
 - private final 'tmpV' 'Lcom/badlogic/gdx/math/Vector3;' @28  a 'com/badlogic/gdx/math/Vector3'{0x0000000621e671f0} (c43cce3e)
stack at sp + 2 slots: 0x000000c9138fef60 is pointing into the stack for thread: 0x000002b2e21c1800
stack at sp + 3 slots: 0x0000000000000014 is an unknown value
stack at sp + 4 slots: 0x000002b2f3d3b904 is at entry_point+772 in (nmethod*)0x000002b2f3d3b410
stack at sp + 5 slots: 0x0000000621496148 is an oop: com.badlogic.gdx.graphics.glutils.VertexArray 
{0x0000000621496148} - klass: 'com/badlogic/gdx/graphics/glutils/VertexArray'
 - ---- fields (total size 4 words):
 - 'isBound' 'Z' @12  false
 - final 'attributes' 'Lcom/badlogic/gdx/graphics/VertexAttributes;' @16  a 'com/badlogic/gdx/graphics/VertexAttributes'{0x00000006214960e8} (c4292c1d)
 - final 'buffer' 'Ljava/nio/FloatBuffer;' @20  a 'java/nio/DirectFloatBufferU'{0x00000006214961a8} (c4292c35)
 - final 'byteBuffer' 'Ljava/nio/ByteBuffer;' @24  a 'java/nio/DirectByteBuffer'{0x0000000621496168} (c4292c2d)
stack at sp + 6 slots: 0x0000000621e65a48 is an oop: com.badlogic.gdx.graphics.Mesh 
{0x0000000621e65a48} - klass: 'com/badlogic/gdx/graphics/Mesh'
 - ---- fields (total size 4 words):
 - 'autoBind' 'Z' @12  true
 - final 'isVertexArray' 'Z' @13  true
 - 'isInstanced' 'Z' @14  false
 - final 'vertices' 'Lcom/badlogic/gdx/graphics/glutils/VertexData;' @16  a 'com/badlogic/gdx/graphics/glutils/VertexArray'{0x0000000621e65a68} (c43ccb4d)
 - final 'indices' 'Lcom/badlogic/gdx/graphics/glutils/IndexData;' @20  a 'com/badlogic/gdx/graphics/glutils/IndexArray'{0x0000000621e67160} (c43cce2c)
 - 'instances' 'Lcom/badlogic/gdx/graphics/glutils/InstanceData;' @24  NULL (0)
 - private final 'tmpV' 'Lcom/badlogic/gdx/math/Vector3;' @28  a 'com/badlogic/gdx/math/Vector3'{0x0000000621e671f0} (c43cce3e)
stack at sp + 7 slots: 0x0000000621e693d0 is an oop: [F 
{0x0000000621e693d0} - klass: {type array float}
 - length: 20000


---------------  P R O C E S S  ---------------

Threads class SMR info:
_java_thread_list=0x000002b2947d00a0, length=13, elements={
0x000002b2e21c1800, 0x000002b29273c000, 0x000002b292728000, 0x000002b292733800,
0x000002b292735800, 0x000002b292736800, 0x000002b29278b800, 0x000002b292796800,
0x000002b292797800, 0x000002b29295a800, 0x000002b293ecc800, 0x000002b29480d800,
0x000002b294766800
}

Java Threads: ( => current thread )
=>0x000002b2e21c1800 JavaThread "main" [_thread_in_native, id=24676, stack(0x000000c913800000,0x000000c913900000)]
  0x000002b29273c000 JavaThread "Reference Handler" daemon [_thread_blocked, id=15784, stack(0x000000c913f00000,0x000000c914000000)]
  0x000002b292728000 JavaThread "Finalizer" daemon [_thread_blocked, id=25552, stack(0x000000c914000000,0x000000c914100000)]
  0x000002b292733800 JavaThread "Signal Dispatcher" daemon [_thread_blocked, id=23656, stack(0x000000c914100000,0x000000c914200000)]
  0x000002b292735800 JavaThread "Attach Listener" daemon [_thread_blocked, id=25240, stack(0x000000c914200000,0x000000c914300000)]
  0x000002b292736800 JavaThread "Service Thread" daemon [_thread_blocked, id=20220, stack(0x000000c914300000,0x000000c914400000)]
  0x000002b29278b800 JavaThread "C2 CompilerThread0" daemon [_thread_blocked, id=13804, stack(0x000000c914400000,0x000000c914500000)]
  0x000002b292796800 JavaThread "C1 CompilerThread0" daemon [_thread_blocked, id=13000, stack(0x000000c914500000,0x000000c914600000)]
  0x000002b292797800 JavaThread "Sweeper thread" daemon [_thread_blocked, id=25148, stack(0x000000c914600000,0x000000c914700000)]
  0x000002b29295a800 JavaThread "Common-Cleaner" daemon [_thread_blocked, id=1576, stack(0x000000c914900000,0x000000c914a00000)]
  0x000002b293ecc800 JavaThread "Thread-0" daemon [_thread_blocked, id=13308, stack(0x000000c915200000,0x000000c915300000)]
  0x000002b29480d800 JavaThread "LWJGL3 Timer" daemon [_thread_blocked, id=23904, stack(0x000000c916300000,0x000000c916400000)]
  0x000002b294766800 JavaThread "C1 CompilerThread1" daemon [_thread_blocked, id=19020, stack(0x000000c914700000,0x000000c914800000)]

Other Threads:
  0x000002b292705000 VMThread "VM Thread" [stack: 0x000000c913e00000,0x000000c913f00000] [id=24892]
  0x000002b292956800 WatcherThread [stack: 0x000000c914800000,0x000000c914900000] [id=25560]
  0x000002b2e21db000 GCTaskThread "GC Thread#0" [stack: 0x000000c913900000,0x000000c913a00000] [id=13948]
  0x000002b294915800 GCTaskThread "GC Thread#1" [stack: 0x000000c915700000,0x000000c915800000] [id=15164]
  0x000002b294a7e800 GCTaskThread "GC Thread#2" [stack: 0x000000c915800000,0x000000c915900000] [id=2912]
  0x000002b29491f000 GCTaskThread "GC Thread#3" [stack: 0x000000c915900000,0x000000c915a00000] [id=19864]
  0x000002b2948dd000 GCTaskThread "GC Thread#4" [stack: 0x000000c915a00000,0x000000c915b00000] [id=14140]
  0x000002b294810800 GCTaskThread "GC Thread#5" [stack: 0x000000c915b00000,0x000000c915c00000] [id=22360]
  0x000002b29b61f800 GCTaskThread "GC Thread#6" [stack: 0x000000c915c00000,0x000000c915d00000] [id=11728]
  0x000002b29477e000 GCTaskThread "GC Thread#7" [stack: 0x000000c915d00000,0x000000c915e00000] [id=25028]
  0x000002b294906000 GCTaskThread "GC Thread#8" [stack: 0x000000c915e00000,0x000000c915f00000] [id=16888]
  0x000002b294906800 GCTaskThread "GC Thread#9" [stack: 0x000000c915f00000,0x000000c916000000] [id=14220]
  0x000002b29490a000 GCTaskThread "GC Thread#10" [stack: 0x000000c916000000,0x000000c916100000] [id=19064]
  0x000002b29490f000 GCTaskThread "GC Thread#11" [stack: 0x000000c916100000,0x000000c916200000] [id=1652]
  0x000002b2e225b000 ConcurrentGCThread "G1 Main Marker" [stack: 0x000000c913a00000,0x000000c913b00000] [id=21240]
  0x000002b2e225c800 ConcurrentGCThread "G1 Conc#0" [stack: 0x000000c913b00000,0x000000c913c00000] [id=17872]
  0x000002b2ffdf1000 ConcurrentGCThread "G1 Refine#0" [stack: 0x000000c913c00000,0x000000c913d00000] [id=14416]
  0x000002b2ffdf2000 ConcurrentGCThread "G1 Young RemSet Sampling" [stack: 0x000000c913d00000,0x000000c913e00000] [id=13896]

Threads with active compile tasks:

VM state:not at safepoint (normal execution)

VM Mutex/Monitor currently owned by a thread: None

Heap address: 0x0000000603a00000, size: 8134 MB, Compressed Oops mode: Zero based, Oop shift amount: 3
Narrow klass base: 0x0000000800000000, Narrow klass shift: 0
Compressed class space size: 1073741824 Address: 0x0000000800000000

Heap:
 garbage-first heap   total 522240K, used 33356K [0x0000000603a00000, 0x0000000800000000)
  region size 2048K, 18 young (36864K), 2 survivors (4096K)
 Metaspace       used 14276K, capacity 14431K, committed 14592K, reserved 1062912K
  class space    used 1117K, capacity 1170K, committed 1280K, reserved 1048576K
Heap Regions: E=young(eden), S=young(survivor), O=old, HS=humongous(starts), HC=humongous(continues), CS=collection set, F=free, A=archive, TAMS=top-at-mark-start (previous, next)
|   0|0x0000000603a00000, 0x0000000603a00000, 0x0000000603c00000|  0%| F|  |TAMS 0x0000000603a00000, 0x0000000603a00000| Untracked 
|   1|0x0000000603c00000, 0x0000000603c00000, 0x0000000603e00000|  0%| F|  |TAMS 0x0000000603c00000, 0x0000000603c00000| Untracked 
|   2|0x0000000603e00000, 0x0000000603e00000, 0x0000000604000000|  0%| F|  |TAMS 0x0000000603e00000, 0x0000000603e00000| Untracked 
|   3|0x0000000604000000, 0x0000000604000000, 0x0000000604200000|  0%| F|  |TAMS 0x0000000604000000, 0x0000000604000000| Untracked 
|   4|0x0000000604200000, 0x0000000604200000, 0x0000000604400000|  0%| F|  |TAMS 0x0000000604200000, 0x0000000604200000| Untracked 
|   5|0x0000000604400000, 0x0000000604400000, 0x0000000604600000|  0%| F|  |TAMS 0x0000000604400000, 0x0000000604400000| Untracked 
|   6|0x0000000604600000, 0x0000000604600000, 0x0000000604800000|  0%| F|  |TAMS 0x0000000604600000, 0x0000000604600000| Untracked 
|   7|0x0000000604800000, 0x0000000604800000, 0x0000000604a00000|  0%| F|  |TAMS 0x0000000604800000, 0x0000000604800000| Untracked 
|   8|0x0000000604a00000, 0x0000000604a00000, 0x0000000604c00000|  0%| F|  |TAMS 0x0000000604a00000, 0x0000000604a00000| Untracked 
|   9|0x0000000604c00000, 0x0000000604c00000, 0x0000000604e00000|  0%| F|  |TAMS 0x0000000604c00000, 0x0000000604c00000| Untracked 
|  10|0x0000000604e00000, 0x0000000604e00000, 0x0000000605000000|  0%| F|  |TAMS 0x0000000604e00000, 0x0000000604e00000| Untracked 
|  11|0x0000000605000000, 0x0000000605000000, 0x0000000605200000|  0%| F|  |TAMS 0x0000000605000000, 0x0000000605000000| Untracked 
|  12|0x0000000605200000, 0x0000000605200000, 0x0000000605400000|  0%| F|  |TAMS 0x0000000605200000, 0x0000000605200000| Untracked 
|  13|0x0000000605400000, 0x0000000605400000, 0x0000000605600000|  0%| F|  |TAMS 0x0000000605400000, 0x0000000605400000| Untracked 
|  14|0x0000000605600000, 0x0000000605600000, 0x0000000605800000|  0%| F|  |TAMS 0x0000000605600000, 0x0000000605600000| Untracked 
|  15|0x0000000605800000, 0x0000000605800000, 0x0000000605a00000|  0%| F|  |TAMS 0x0000000605800000, 0x0000000605800000| Untracked 
|  16|0x0000000605a00000, 0x0000000605a00000, 0x0000000605c00000|  0%| F|  |TAMS 0x0000000605a00000, 0x0000000605a00000| Untracked 
|  17|0x0000000605c00000, 0x0000000605c00000, 0x0000000605e00000|  0%| F|  |TAMS 0x0000000605c00000, 0x0000000605c00000| Untracked 
|  18|0x0000000605e00000, 0x0000000605e00000, 0x0000000606000000|  0%| F|  |TAMS 0x0000000605e00000, 0x0000000605e00000| Untracked 
|  19|0x0000000606000000, 0x0000000606000000, 0x0000000606200000|  0%| F|  |TAMS 0x0000000606000000, 0x0000000606000000| Untracked 
|  20|0x0000000606200000, 0x0000000606200000, 0x0000000606400000|  0%| F|  |TAMS 0x0000000606200000, 0x0000000606200000| Untracked 
|  21|0x0000000606400000, 0x0000000606400000, 0x0000000606600000|  0%| F|  |TAMS 0x0000000606400000, 0x0000000606400000| Untracked 
|  22|0x0000000606600000, 0x0000000606600000, 0x0000000606800000|  0%| F|  |TAMS 0x0000000606600000, 0x0000000606600000| Untracked 
|  23|0x0000000606800000, 0x0000000606800000, 0x0000000606a00000|  0%| F|  |TAMS 0x0000000606800000, 0x0000000606800000| Untracked 
|  24|0x0000000606a00000, 0x0000000606a00000, 0x0000000606c00000|  0%| F|  |TAMS 0x0000000606a00000, 0x0000000606a00000| Untracked 
|  25|0x0000000606c00000, 0x0000000606c00000, 0x0000000606e00000|  0%| F|  |TAMS 0x0000000606c00000, 0x0000000606c00000| Untracked 
|  26|0x0000000606e00000, 0x0000000606e00000, 0x0000000607000000|  0%| F|  |TAMS 0x0000000606e00000, 0x0000000606e00000| Untracked 
|  27|0x0000000607000000, 0x0000000607000000, 0x0000000607200000|  0%| F|  |TAMS 0x0000000607000000, 0x0000000607000000| Untracked 
|  28|0x0000000607200000, 0x0000000607200000, 0x0000000607400000|  0%| F|  |TAMS 0x0000000607200000, 0x0000000607200000| Untracked 
|  29|0x0000000607400000, 0x0000000607400000, 0x0000000607600000|  0%| F|  |TAMS 0x0000000607400000, 0x0000000607400000| Untracked 
|  30|0x0000000607600000, 0x0000000607600000, 0x0000000607800000|  0%| F|  |TAMS 0x0000000607600000, 0x0000000607600000| Untracked 
|  31|0x0000000607800000, 0x0000000607800000, 0x0000000607a00000|  0%| F|  |TAMS 0x0000000607800000, 0x0000000607800000| Untracked 
|  32|0x0000000607a00000, 0x0000000607a00000, 0x0000000607c00000|  0%| F|  |TAMS 0x0000000607a00000, 0x0000000607a00000| Untracked 
|  33|0x0000000607c00000, 0x0000000607c00000, 0x0000000607e00000|  0%| F|  |TAMS 0x0000000607c00000, 0x0000000607c00000| Untracked 
|  34|0x0000000607e00000, 0x0000000607e00000, 0x0000000608000000|  0%| F|  |TAMS 0x0000000607e00000, 0x0000000607e00000| Untracked 
|  35|0x0000000608000000, 0x0000000608000000, 0x0000000608200000|  0%| F|  |TAMS 0x0000000608000000, 0x0000000608000000| Untracked 
|  36|0x0000000608200000, 0x0000000608200000, 0x0000000608400000|  0%| F|  |TAMS 0x0000000608200000, 0x0000000608200000| Untracked 
|  37|0x0000000608400000, 0x0000000608400000, 0x0000000608600000|  0%| F|  |TAMS 0x0000000608400000, 0x0000000608400000| Untracked 
|  38|0x0000000608600000, 0x0000000608600000, 0x0000000608800000|  0%| F|  |TAMS 0x0000000608600000, 0x0000000608600000| Untracked 
|  39|0x0000000608800000, 0x0000000608800000, 0x0000000608a00000|  0%| F|  |TAMS 0x0000000608800000, 0x0000000608800000| Untracked 
|  40|0x0000000608a00000, 0x0000000608a00000, 0x0000000608c00000|  0%| F|  |TAMS 0x0000000608a00000, 0x0000000608a00000| Untracked 
|  41|0x0000000608c00000, 0x0000000608c00000, 0x0000000608e00000|  0%| F|  |TAMS 0x0000000608c00000, 0x0000000608c00000| Untracked 
|  42|0x0000000608e00000, 0x0000000608e00000, 0x0000000609000000|  0%| F|  |TAMS 0x0000000608e00000, 0x0000000608e00000| Untracked 
|  43|0x0000000609000000, 0x0000000609000000, 0x0000000609200000|  0%| F|  |TAMS 0x0000000609000000, 0x0000000609000000| Untracked 
|  44|0x0000000609200000, 0x0000000609200000, 0x0000000609400000|  0%| F|  |TAMS 0x0000000609200000, 0x0000000609200000| Untracked 
|  45|0x0000000609400000, 0x0000000609400000, 0x0000000609600000|  0%| F|  |TAMS 0x0000000609400000, 0x0000000609400000| Untracked 
|  46|0x0000000609600000, 0x0000000609600000, 0x0000000609800000|  0%| F|  |TAMS 0x0000000609600000, 0x0000000609600000| Untracked 
|  47|0x0000000609800000, 0x0000000609800000, 0x0000000609a00000|  0%| F|  |TAMS 0x0000000609800000, 0x0000000609800000| Untracked 
|  48|0x0000000609a00000, 0x0000000609a00000, 0x0000000609c00000|  0%| F|  |TAMS 0x0000000609a00000, 0x0000000609a00000| Untracked 
|  49|0x0000000609c00000, 0x0000000609c00000, 0x0000000609e00000|  0%| F|  |TAMS 0x0000000609c00000, 0x0000000609c00000| Untracked 
|  50|0x0000000609e00000, 0x0000000609e00000, 0x000000060a000000|  0%| F|  |TAMS 0x0000000609e00000, 0x0000000609e00000| Untracked 
|  51|0x000000060a000000, 0x000000060a000000, 0x000000060a200000|  0%| F|  |TAMS 0x000000060a000000, 0x000000060a000000| Untracked 
|  52|0x000000060a200000, 0x000000060a200000, 0x000000060a400000|  0%| F|  |TAMS 0x000000060a200000, 0x000000060a200000| Untracked 
|  53|0x000000060a400000, 0x000000060a400000, 0x000000060a600000|  0%| F|  |TAMS 0x000000060a400000, 0x000000060a400000| Untracked 
|  54|0x000000060a600000, 0x000000060a600000, 0x000000060a800000|  0%| F|  |TAMS 0x000000060a600000, 0x000000060a600000| Untracked 
|  55|0x000000060a800000, 0x000000060a800000, 0x000000060aa00000|  0%| F|  |TAMS 0x000000060a800000, 0x000000060a800000| Untracked 
|  56|0x000000060aa00000, 0x000000060aa00000, 0x000000060ac00000|  0%| F|  |TAMS 0x000000060aa00000, 0x000000060aa00000| Untracked 
|  57|0x000000060ac00000, 0x000000060ac00000, 0x000000060ae00000|  0%| F|  |TAMS 0x000000060ac00000, 0x000000060ac00000| Untracked 
|  58|0x000000060ae00000, 0x000000060ae00000, 0x000000060b000000|  0%| F|  |TAMS 0x000000060ae00000, 0x000000060ae00000| Untracked 
|  59|0x000000060b000000, 0x000000060b000000, 0x000000060b200000|  0%| F|  |TAMS 0x000000060b000000, 0x000000060b000000| Untracked 
|  60|0x000000060b200000, 0x000000060b200000, 0x000000060b400000|  0%| F|  |TAMS 0x000000060b200000, 0x000000060b200000| Untracked 
|  61|0x000000060b400000, 0x000000060b400000, 0x000000060b600000|  0%| F|  |TAMS 0x000000060b400000, 0x000000060b400000| Untracked 
|  62|0x000000060b600000, 0x000000060b600000, 0x000000060b800000|  0%| F|  |TAMS 0x000000060b600000, 0x000000060b600000| Untracked 
|  63|0x000000060b800000, 0x000000060b800000, 0x000000060ba00000|  0%| F|  |TAMS 0x000000060b800000, 0x000000060b800000| Untracked 
|  64|0x000000060ba00000, 0x000000060ba00000, 0x000000060bc00000|  0%| F|  |TAMS 0x000000060ba00000, 0x000000060ba00000| Untracked 
|  65|0x000000060bc00000, 0x000000060bc00000, 0x000000060be00000|  0%| F|  |TAMS 0x000000060bc00000, 0x000000060bc00000| Untracked 
|  66|0x000000060be00000, 0x000000060be00000, 0x000000060c000000|  0%| F|  |TAMS 0x000000060be00000, 0x000000060be00000| Untracked 
|  67|0x000000060c000000, 0x000000060c000000, 0x000000060c200000|  0%| F|  |TAMS 0x000000060c000000, 0x000000060c000000| Untracked 
|  68|0x000000060c200000, 0x000000060c200000, 0x000000060c400000|  0%| F|  |TAMS 0x000000060c200000, 0x000000060c200000| Untracked 
|  69|0x000000060c400000, 0x000000060c400000, 0x000000060c600000|  0%| F|  |TAMS 0x000000060c400000, 0x000000060c400000| Untracked 
|  70|0x000000060c600000, 0x000000060c600000, 0x000000060c800000|  0%| F|  |TAMS 0x000000060c600000, 0x000000060c600000| Untracked 
|  71|0x000000060c800000, 0x000000060c800000, 0x000000060ca00000|  0%| F|  |TAMS 0x000000060c800000, 0x000000060c800000| Untracked 
|  72|0x000000060ca00000, 0x000000060ca00000, 0x000000060cc00000|  0%| F|  |TAMS 0x000000060ca00000, 0x000000060ca00000| Untracked 
|  73|0x000000060cc00000, 0x000000060cc00000, 0x000000060ce00000|  0%| F|  |TAMS 0x000000060cc00000, 0x000000060cc00000| Untracked 
|  74|0x000000060ce00000, 0x000000060ce00000, 0x000000060d000000|  0%| F|  |TAMS 0x000000060ce00000, 0x000000060ce00000| Untracked 
|  75|0x000000060d000000, 0x000000060d000000, 0x000000060d200000|  0%| F|  |TAMS 0x000000060d000000, 0x000000060d000000| Untracked 
|  76|0x000000060d200000, 0x000000060d200000, 0x000000060d400000|  0%| F|  |TAMS 0x000000060d200000, 0x000000060d200000| Untracked 
|  77|0x000000060d400000, 0x000000060d400000, 0x000000060d600000|  0%| F|  |TAMS 0x000000060d400000, 0x000000060d400000| Untracked 
|  78|0x000000060d600000, 0x000000060d600000, 0x000000060d800000|  0%| F|  |TAMS 0x000000060d600000, 0x000000060d600000| Untracked 
|  79|0x000000060d800000, 0x000000060d800000, 0x000000060da00000|  0%| F|  |TAMS 0x000000060d800000, 0x000000060d800000| Untracked 
|  80|0x000000060da00000, 0x000000060da00000, 0x000000060dc00000|  0%| F|  |TAMS 0x000000060da00000, 0x000000060da00000| Untracked 
|  81|0x000000060dc00000, 0x000000060dc00000, 0x000000060de00000|  0%| F|  |TAMS 0x000000060dc00000, 0x000000060dc00000| Untracked 
|  82|0x000000060de00000, 0x000000060de00000, 0x000000060e000000|  0%| F|  |TAMS 0x000000060de00000, 0x000000060de00000| Untracked 
|  83|0x000000060e000000, 0x000000060e000000, 0x000000060e200000|  0%| F|  |TAMS 0x000000060e000000, 0x000000060e000000| Untracked 
|  84|0x000000060e200000, 0x000000060e200000, 0x000000060e400000|  0%| F|  |TAMS 0x000000060e200000, 0x000000060e200000| Untracked 
|  85|0x000000060e400000, 0x000000060e400000, 0x000000060e600000|  0%| F|  |TAMS 0x000000060e400000, 0x000000060e400000| Untracked 
|  86|0x000000060e600000, 0x000000060e600000, 0x000000060e800000|  0%| F|  |TAMS 0x000000060e600000, 0x000000060e600000| Untracked 
|  87|0x000000060e800000, 0x000000060e800000, 0x000000060ea00000|  0%| F|  |TAMS 0x000000060e800000, 0x000000060e800000| Untracked 
|  88|0x000000060ea00000, 0x000000060ea00000, 0x000000060ec00000|  0%| F|  |TAMS 0x000000060ea00000, 0x000000060ea00000| Untracked 
|  89|0x000000060ec00000, 0x000000060ec00000, 0x000000060ee00000|  0%| F|  |TAMS 0x000000060ec00000, 0x000000060ec00000| Untracked 
|  90|0x000000060ee00000, 0x000000060ee00000, 0x000000060f000000|  0%| F|  |TAMS 0x000000060ee00000, 0x000000060ee00000| Untracked 
|  91|0x000000060f000000, 0x000000060f000000, 0x000000060f200000|  0%| F|  |TAMS 0x000000060f000000, 0x000000060f000000| Untracked 
|  92|0x000000060f200000, 0x000000060f200000, 0x000000060f400000|  0%| F|  |TAMS 0x000000060f200000, 0x000000060f200000| Untracked 
|  93|0x000000060f400000, 0x000000060f400000, 0x000000060f600000|  0%| F|  |TAMS 0x000000060f400000, 0x000000060f400000| Untracked 
|  94|0x000000060f600000, 0x000000060f600000, 0x000000060f800000|  0%| F|  |TAMS 0x000000060f600000, 0x000000060f600000| Untracked 
|  95|0x000000060f800000, 0x000000060f800000, 0x000000060fa00000|  0%| F|  |TAMS 0x000000060f800000, 0x000000060f800000| Untracked 
|  96|0x000000060fa00000, 0x000000060fa00000, 0x000000060fc00000|  0%| F|  |TAMS 0x000000060fa00000, 0x000000060fa00000| Untracked 
|  97|0x000000060fc00000, 0x000000060fc00000, 0x000000060fe00000|  0%| F|  |TAMS 0x000000060fc00000, 0x000000060fc00000| Untracked 
|  98|0x000000060fe00000, 0x000000060fe00000, 0x0000000610000000|  0%| F|  |TAMS 0x000000060fe00000, 0x000000060fe00000| Untracked 
|  99|0x0000000610000000, 0x0000000610000000, 0x0000000610200000|  0%| F|  |TAMS 0x0000000610000000, 0x0000000610000000| Untracked 
| 100|0x0000000610200000, 0x0000000610200000, 0x0000000610400000|  0%| F|  |TAMS 0x0000000610200000, 0x0000000610200000| Untracked 
| 101|0x0000000610400000, 0x0000000610400000, 0x0000000610600000|  0%| F|  |TAMS 0x0000000610400000, 0x0000000610400000| Untracked 
| 102|0x0000000610600000, 0x0000000610600000, 0x0000000610800000|  0%| F|  |TAMS 0x0000000610600000, 0x0000000610600000| Untracked 
| 103|0x0000000610800000, 0x0000000610800000, 0x0000000610a00000|  0%| F|  |TAMS 0x0000000610800000, 0x0000000610800000| Untracked 
| 104|0x0000000610a00000, 0x0000000610a00000, 0x0000000610c00000|  0%| F|  |TAMS 0x0000000610a00000, 0x0000000610a00000| Untracked 
| 105|0x0000000610c00000, 0x0000000610c00000, 0x0000000610e00000|  0%| F|  |TAMS 0x0000000610c00000, 0x0000000610c00000| Untracked 
| 106|0x0000000610e00000, 0x0000000610e00000, 0x0000000611000000|  0%| F|  |TAMS 0x0000000610e00000, 0x0000000610e00000| Untracked 
| 107|0x0000000611000000, 0x0000000611000000, 0x0000000611200000|  0%| F|  |TAMS 0x0000000611000000, 0x0000000611000000| Untracked 
| 108|0x0000000611200000, 0x0000000611200000, 0x0000000611400000|  0%| F|  |TAMS 0x0000000611200000, 0x0000000611200000| Untracked 
| 109|0x0000000611400000, 0x0000000611400000, 0x0000000611600000|  0%| F|  |TAMS 0x0000000611400000, 0x0000000611400000| Untracked 
| 110|0x0000000611600000, 0x0000000611600000, 0x0000000611800000|  0%| F|  |TAMS 0x0000000611600000, 0x0000000611600000| Untracked 
| 111|0x0000000611800000, 0x0000000611800000, 0x0000000611a00000|  0%| F|  |TAMS 0x0000000611800000, 0x0000000611800000| Untracked 
| 112|0x0000000611a00000, 0x0000000611a00000, 0x0000000611c00000|  0%| F|  |TAMS 0x0000000611a00000, 0x0000000611a00000| Untracked 
| 113|0x0000000611c00000, 0x0000000611c00000, 0x0000000611e00000|  0%| F|  |TAMS 0x0000000611c00000, 0x0000000611c00000| Untracked 
| 114|0x0000000611e00000, 0x0000000611e00000, 0x0000000612000000|  0%| F|  |TAMS 0x0000000611e00000, 0x0000000611e00000| Untracked 
| 115|0x0000000612000000, 0x0000000612000000, 0x0000000612200000|  0%| F|  |TAMS 0x0000000612000000, 0x0000000612000000| Untracked 
| 116|0x0000000612200000, 0x0000000612200000, 0x0000000612400000|  0%| F|  |TAMS 0x0000000612200000, 0x0000000612200000| Untracked 
| 117|0x0000000612400000, 0x0000000612400000, 0x0000000612600000|  0%| F|  |TAMS 0x0000000612400000, 0x0000000612400000| Untracked 
| 118|0x0000000612600000, 0x0000000612600000, 0x0000000612800000|  0%| F|  |TAMS 0x0000000612600000, 0x0000000612600000| Untracked 
| 119|0x0000000612800000, 0x0000000612800000, 0x0000000612a00000|  0%| F|  |TAMS 0x0000000612800000, 0x0000000612800000| Untracked 
| 120|0x0000000612a00000, 0x0000000612a00000, 0x0000000612c00000|  0%| F|  |TAMS 0x0000000612a00000, 0x0000000612a00000| Untracked 
| 121|0x0000000612c00000, 0x0000000612c00000, 0x0000000612e00000|  0%| F|  |TAMS 0x0000000612c00000, 0x0000000612c00000| Untracked 
| 122|0x0000000612e00000, 0x0000000612e00000, 0x0000000613000000|  0%| F|  |TAMS 0x0000000612e00000, 0x0000000612e00000| Untracked 
| 123|0x0000000613000000, 0x0000000613000000, 0x0000000613200000|  0%| F|  |TAMS 0x0000000613000000, 0x0000000613000000| Untracked 
| 124|0x0000000613200000, 0x0000000613200000, 0x0000000613400000|  0%| F|  |TAMS 0x0000000613200000, 0x0000000613200000| Untracked 
| 125|0x0000000613400000, 0x0000000613400000, 0x0000000613600000|  0%| F|  |TAMS 0x0000000613400000, 0x0000000613400000| Untracked 
| 126|0x0000000613600000, 0x0000000613600000, 0x0000000613800000|  0%| F|  |TAMS 0x0000000613600000, 0x0000000613600000| Untracked 
| 127|0x0000000613800000, 0x0000000613800000, 0x0000000613a00000|  0%| F|  |TAMS 0x0000000613800000, 0x0000000613800000| Untracked 
| 128|0x0000000613a00000, 0x0000000613a00000, 0x0000000613c00000|  0%| F|  |TAMS 0x0000000613a00000, 0x0000000613a00000| Untracked 
| 129|0x0000000613c00000, 0x0000000613c00000, 0x0000000613e00000|  0%| F|  |TAMS 0x0000000613c00000, 0x0000000613c00000| Untracked 
| 130|0x0000000613e00000, 0x0000000613e00000, 0x0000000614000000|  0%| F|  |TAMS 0x0000000613e00000, 0x0000000613e00000| Untracked 
| 131|0x0000000614000000, 0x0000000614000000, 0x0000000614200000|  0%| F|  |TAMS 0x0000000614000000, 0x0000000614000000| Untracked 
| 132|0x0000000614200000, 0x0000000614200000, 0x0000000614400000|  0%| F|  |TAMS 0x0000000614200000, 0x0000000614200000| Untracked 
| 133|0x0000000614400000, 0x0000000614400000, 0x0000000614600000|  0%| F|  |TAMS 0x0000000614400000, 0x0000000614400000| Untracked 
| 134|0x0000000614600000, 0x0000000614600000, 0x0000000614800000|  0%| F|  |TAMS 0x0000000614600000, 0x0000000614600000| Untracked 
| 135|0x0000000614800000, 0x0000000614800000, 0x0000000614a00000|  0%| F|  |TAMS 0x0000000614800000, 0x0000000614800000| Untracked 
| 136|0x0000000614a00000, 0x0000000614a00000, 0x0000000614c00000|  0%| F|  |TAMS 0x0000000614a00000, 0x0000000614a00000| Untracked 
| 137|0x0000000614c00000, 0x0000000614c00000, 0x0000000614e00000|  0%| F|  |TAMS 0x0000000614c00000, 0x0000000614c00000| Untracked 
| 138|0x0000000614e00000, 0x0000000614e00000, 0x0000000615000000|  0%| F|  |TAMS 0x0000000614e00000, 0x0000000614e00000| Untracked 
| 139|0x0000000615000000, 0x0000000615000000, 0x0000000615200000|  0%| F|  |TAMS 0x0000000615000000, 0x0000000615000000| Untracked 
| 140|0x0000000615200000, 0x0000000615200000, 0x0000000615400000|  0%| F|  |TAMS 0x0000000615200000, 0x0000000615200000| Untracked 
| 141|0x0000000615400000, 0x0000000615400000, 0x0000000615600000|  0%| F|  |TAMS 0x0000000615400000, 0x0000000615400000| Untracked 
| 142|0x0000000615600000, 0x0000000615600000, 0x0000000615800000|  0%| F|  |TAMS 0x0000000615600000, 0x0000000615600000| Untracked 
| 143|0x0000000615800000, 0x0000000615800000, 0x0000000615a00000|  0%| F|  |TAMS 0x0000000615800000, 0x0000000615800000| Untracked 
| 144|0x0000000615a00000, 0x0000000615a00000, 0x0000000615c00000|  0%| F|  |TAMS 0x0000000615a00000, 0x0000000615a00000| Untracked 
| 145|0x0000000615c00000, 0x0000000615c00000, 0x0000000615e00000|  0%| F|  |TAMS 0x0000000615c00000, 0x0000000615c00000| Untracked 
| 146|0x0000000615e00000, 0x0000000615e00000, 0x0000000616000000|  0%| F|  |TAMS 0x0000000615e00000, 0x0000000615e00000| Untracked 
| 147|0x0000000616000000, 0x0000000616000000, 0x0000000616200000|  0%| F|  |TAMS 0x0000000616000000, 0x0000000616000000| Untracked 
| 148|0x0000000616200000, 0x0000000616200000, 0x0000000616400000|  0%| F|  |TAMS 0x0000000616200000, 0x0000000616200000| Untracked 
| 149|0x0000000616400000, 0x0000000616400000, 0x0000000616600000|  0%| F|  |TAMS 0x0000000616400000, 0x0000000616400000| Untracked 
| 150|0x0000000616600000, 0x0000000616600000, 0x0000000616800000|  0%| F|  |TAMS 0x0000000616600000, 0x0000000616600000| Untracked 
| 151|0x0000000616800000, 0x0000000616800000, 0x0000000616a00000|  0%| F|  |TAMS 0x0000000616800000, 0x0000000616800000| Untracked 
| 152|0x0000000616a00000, 0x0000000616a00000, 0x0000000616c00000|  0%| F|  |TAMS 0x0000000616a00000, 0x0000000616a00000| Untracked 
| 153|0x0000000616c00000, 0x0000000616c00000, 0x0000000616e00000|  0%| F|  |TAMS 0x0000000616c00000, 0x0000000616c00000| Untracked 
| 154|0x0000000616e00000, 0x0000000616e00000, 0x0000000617000000|  0%| F|  |TAMS 0x0000000616e00000, 0x0000000616e00000| Untracked 
| 155|0x0000000617000000, 0x0000000617000000, 0x0000000617200000|  0%| F|  |TAMS 0x0000000617000000, 0x0000000617000000| Untracked 
| 156|0x0000000617200000, 0x0000000617200000, 0x0000000617400000|  0%| F|  |TAMS 0x0000000617200000, 0x0000000617200000| Untracked 
| 157|0x0000000617400000, 0x0000000617400000, 0x0000000617600000|  0%| F|  |TAMS 0x0000000617400000, 0x0000000617400000| Untracked 
| 158|0x0000000617600000, 0x0000000617600000, 0x0000000617800000|  0%| F|  |TAMS 0x0000000617600000, 0x0000000617600000| Untracked 
| 159|0x0000000617800000, 0x0000000617800000, 0x0000000617a00000|  0%| F|  |TAMS 0x0000000617800000, 0x0000000617800000| Untracked 
| 160|0x0000000617a00000, 0x0000000617a00000, 0x0000000617c00000|  0%| F|  |TAMS 0x0000000617a00000, 0x0000000617a00000| Untracked 
| 161|0x0000000617c00000, 0x0000000617c00000, 0x0000000617e00000|  0%| F|  |TAMS 0x0000000617c00000, 0x0000000617c00000| Untracked 
| 162|0x0000000617e00000, 0x0000000617e00000, 0x0000000618000000|  0%| F|  |TAMS 0x0000000617e00000, 0x0000000617e00000| Untracked 
| 163|0x0000000618000000, 0x0000000618000000, 0x0000000618200000|  0%| F|  |TAMS 0x0000000618000000, 0x0000000618000000| Untracked 
| 164|0x0000000618200000, 0x0000000618200000, 0x0000000618400000|  0%| F|  |TAMS 0x0000000618200000, 0x0000000618200000| Untracked 
| 165|0x0000000618400000, 0x0000000618400000, 0x0000000618600000|  0%| F|  |TAMS 0x0000000618400000, 0x0000000618400000| Untracked 
| 166|0x0000000618600000, 0x0000000618600000, 0x0000000618800000|  0%| F|  |TAMS 0x0000000618600000, 0x0000000618600000| Untracked 
| 167|0x0000000618800000, 0x0000000618800000, 0x0000000618a00000|  0%| F|  |TAMS 0x0000000618800000, 0x0000000618800000| Untracked 
| 168|0x0000000618a00000, 0x0000000618a00000, 0x0000000618c00000|  0%| F|  |TAMS 0x0000000618a00000, 0x0000000618a00000| Untracked 
| 169|0x0000000618c00000, 0x0000000618c00000, 0x0000000618e00000|  0%| F|  |TAMS 0x0000000618c00000, 0x0000000618c00000| Untracked 
| 170|0x0000000618e00000, 0x0000000618e00000, 0x0000000619000000|  0%| F|  |TAMS 0x0000000618e00000, 0x0000000618e00000| Untracked 
| 171|0x0000000619000000, 0x0000000619000000, 0x0000000619200000|  0%| F|  |TAMS 0x0000000619000000, 0x0000000619000000| Untracked 
| 172|0x0000000619200000, 0x0000000619200000, 0x0000000619400000|  0%| F|  |TAMS 0x0000000619200000, 0x0000000619200000| Untracked 
| 173|0x0000000619400000, 0x0000000619400000, 0x0000000619600000|  0%| F|  |TAMS 0x0000000619400000, 0x0000000619400000| Untracked 
| 174|0x0000000619600000, 0x0000000619600000, 0x0000000619800000|  0%| F|  |TAMS 0x0000000619600000, 0x0000000619600000| Untracked 
| 175|0x0000000619800000, 0x0000000619800000, 0x0000000619a00000|  0%| F|  |TAMS 0x0000000619800000, 0x0000000619800000| Untracked 
| 176|0x0000000619a00000, 0x0000000619a00000, 0x0000000619c00000|  0%| F|  |TAMS 0x0000000619a00000, 0x0000000619a00000| Untracked 
| 177|0x0000000619c00000, 0x0000000619c00000, 0x0000000619e00000|  0%| F|  |TAMS 0x0000000619c00000, 0x0000000619c00000| Untracked 
| 178|0x0000000619e00000, 0x0000000619e00000, 0x000000061a000000|  0%| F|  |TAMS 0x0000000619e00000, 0x0000000619e00000| Untracked 
| 179|0x000000061a000000, 0x000000061a000000, 0x000000061a200000|  0%| F|  |TAMS 0x000000061a000000, 0x000000061a000000| Untracked 
| 180|0x000000061a200000, 0x000000061a200000, 0x000000061a400000|  0%| F|  |TAMS 0x000000061a200000, 0x000000061a200000| Untracked 
| 181|0x000000061a400000, 0x000000061a400000, 0x000000061a600000|  0%| F|  |TAMS 0x000000061a400000, 0x000000061a400000| Untracked 
| 182|0x000000061a600000, 0x000000061a600000, 0x000000061a800000|  0%| F|  |TAMS 0x000000061a600000, 0x000000061a600000| Untracked 
| 183|0x000000061a800000, 0x000000061a800000, 0x000000061aa00000|  0%| F|  |TAMS 0x000000061a800000, 0x000000061a800000| Untracked 
| 184|0x000000061aa00000, 0x000000061aa00000, 0x000000061ac00000|  0%| F|  |TAMS 0x000000061aa00000, 0x000000061aa00000| Untracked 
| 185|0x000000061ac00000, 0x000000061ac00000, 0x000000061ae00000|  0%| F|  |TAMS 0x000000061ac00000, 0x000000061ac00000| Untracked 
| 186|0x000000061ae00000, 0x000000061ae00000, 0x000000061b000000|  0%| F|  |TAMS 0x000000061ae00000, 0x000000061ae00000| Untracked 
| 187|0x000000061b000000, 0x000000061b000000, 0x000000061b200000|  0%| F|  |TAMS 0x000000061b000000, 0x000000061b000000| Untracked 
| 188|0x000000061b200000, 0x000000061b200000, 0x000000061b400000|  0%| F|  |TAMS 0x000000061b200000, 0x000000061b200000| Untracked 
| 189|0x000000061b400000, 0x000000061b400000, 0x000000061b600000|  0%| F|  |TAMS 0x000000061b400000, 0x000000061b400000| Untracked 
| 190|0x000000061b600000, 0x000000061b600000, 0x000000061b800000|  0%| F|  |TAMS 0x000000061b600000, 0x000000061b600000| Untracked 
| 191|0x000000061b800000, 0x000000061b800000, 0x000000061ba00000|  0%| F|  |TAMS 0x000000061b800000, 0x000000061b800000| Untracked 
| 192|0x000000061ba00000, 0x000000061ba00000, 0x000000061bc00000|  0%| F|  |TAMS 0x000000061ba00000, 0x000000061ba00000| Untracked 
| 193|0x000000061bc00000, 0x000000061bc00000, 0x000000061be00000|  0%| F|  |TAMS 0x000000061bc00000, 0x000000061bc00000| Untracked 
| 194|0x000000061be00000, 0x000000061be00000, 0x000000061c000000|  0%| F|  |TAMS 0x000000061be00000, 0x000000061be00000| Untracked 
| 195|0x000000061c000000, 0x000000061c000000, 0x000000061c200000|  0%| F|  |TAMS 0x000000061c000000, 0x000000061c000000| Untracked 
| 196|0x000000061c200000, 0x000000061c200000, 0x000000061c400000|  0%| F|  |TAMS 0x000000061c200000, 0x000000061c200000| Untracked 
| 197|0x000000061c400000, 0x000000061c400000, 0x000000061c600000|  0%| F|  |TAMS 0x000000061c400000, 0x000000061c400000| Untracked 
| 198|0x000000061c600000, 0x000000061c600000, 0x000000061c800000|  0%| F|  |TAMS 0x000000061c600000, 0x000000061c600000| Untracked 
| 199|0x000000061c800000, 0x000000061c800000, 0x000000061ca00000|  0%| F|  |TAMS 0x000000061c800000, 0x000000061c800000| Untracked 
| 200|0x000000061ca00000, 0x000000061ca00000, 0x000000061cc00000|  0%| F|  |TAMS 0x000000061ca00000, 0x000000061ca00000| Untracked 
| 201|0x000000061cc00000, 0x000000061cc00000, 0x000000061ce00000|  0%| F|  |TAMS 0x000000061cc00000, 0x000000061cc00000| Untracked 
| 202|0x000000061ce00000, 0x000000061ce00000, 0x000000061d000000|  0%| F|  |TAMS 0x000000061ce00000, 0x000000061ce00000| Untracked 
| 203|0x000000061d000000, 0x000000061d000000, 0x000000061d200000|  0%| F|  |TAMS 0x000000061d000000, 0x000000061d000000| Untracked 
| 204|0x000000061d200000, 0x000000061d200000, 0x000000061d400000|  0%| F|  |TAMS 0x000000061d200000, 0x000000061d200000| Untracked 
| 205|0x000000061d400000, 0x000000061d400000, 0x000000061d600000|  0%| F|  |TAMS 0x000000061d400000, 0x000000061d400000| Untracked 
| 206|0x000000061d600000, 0x000000061d600000, 0x000000061d800000|  0%| F|  |TAMS 0x000000061d600000, 0x000000061d600000| Untracked 
| 207|0x000000061d800000, 0x000000061d800000, 0x000000061da00000|  0%| F|  |TAMS 0x000000061d800000, 0x000000061d800000| Untracked 
| 208|0x000000061da00000, 0x000000061da00000, 0x000000061dc00000|  0%| F|  |TAMS 0x000000061da00000, 0x000000061da00000| Untracked 
| 209|0x000000061dc00000, 0x000000061dc00000, 0x000000061de00000|  0%| F|  |TAMS 0x000000061dc00000, 0x000000061dc00000| Untracked 
| 210|0x000000061de00000, 0x000000061de00000, 0x000000061e000000|  0%| F|  |TAMS 0x000000061de00000, 0x000000061de00000| Untracked 
| 211|0x000000061e000000, 0x000000061e000000, 0x000000061e200000|  0%| F|  |TAMS 0x000000061e000000, 0x000000061e000000| Untracked 
| 212|0x000000061e200000, 0x000000061e200000, 0x000000061e400000|  0%| F|  |TAMS 0x000000061e200000, 0x000000061e200000| Untracked 
| 213|0x000000061e400000, 0x000000061e400000, 0x000000061e600000|  0%| F|  |TAMS 0x000000061e400000, 0x000000061e400000| Untracked 
| 214|0x000000061e600000, 0x000000061e600000, 0x000000061e800000|  0%| F|  |TAMS 0x000000061e600000, 0x000000061e600000| Untracked 
| 215|0x000000061e800000, 0x000000061e800000, 0x000000061ea00000|  0%| F|  |TAMS 0x000000061e800000, 0x000000061e800000| Untracked 
| 216|0x000000061ea00000, 0x000000061ea00000, 0x000000061ec00000|  0%| F|  |TAMS 0x000000061ea00000, 0x000000061ea00000| Untracked 
| 217|0x000000061ec00000, 0x000000061ec00000, 0x000000061ee00000|  0%| F|  |TAMS 0x000000061ec00000, 0x000000061ec00000| Untracked 
| 218|0x000000061ee00000, 0x000000061ee00000, 0x000000061f000000|  0%| F|  |TAMS 0x000000061ee00000, 0x000000061ee00000| Untracked 
| 219|0x000000061f000000, 0x000000061f000000, 0x000000061f200000|  0%| F|  |TAMS 0x000000061f000000, 0x000000061f000000| Untracked 
| 220|0x000000061f200000, 0x000000061f200000, 0x000000061f400000|  0%| F|  |TAMS 0x000000061f200000, 0x000000061f200000| Untracked 
| 221|0x000000061f400000, 0x000000061f400000, 0x000000061f600000|  0%| F|  |TAMS 0x000000061f400000, 0x000000061f400000| Untracked 
| 222|0x000000061f600000, 0x000000061f600000, 0x000000061f800000|  0%| F|  |TAMS 0x000000061f600000, 0x000000061f600000| Untracked 
| 223|0x000000061f800000, 0x000000061f800000, 0x000000061fa00000|  0%| F|  |TAMS 0x000000061f800000, 0x000000061f800000| Untracked 
| 224|0x000000061fa00000, 0x000000061fa00000, 0x000000061fc00000|  0%| F|  |TAMS 0x000000061fa00000, 0x000000061fa00000| Untracked 
| 225|0x000000061fc00000, 0x000000061fc00000, 0x000000061fe00000|  0%| F|  |TAMS 0x000000061fc00000, 0x000000061fc00000| Untracked 
| 226|0x000000061fe00000, 0x000000061fe00000, 0x0000000620000000|  0%| F|  |TAMS 0x000000061fe00000, 0x000000061fe00000| Untracked 
| 227|0x0000000620000000, 0x0000000620000000, 0x0000000620200000|  0%| F|  |TAMS 0x0000000620000000, 0x0000000620000000| Untracked 
| 228|0x0000000620200000, 0x0000000620200000, 0x0000000620400000|  0%| F|  |TAMS 0x0000000620200000, 0x0000000620200000| Untracked 
| 229|0x0000000620400000, 0x0000000620400000, 0x0000000620600000|  0%| F|  |TAMS 0x0000000620400000, 0x0000000620400000| Untracked 
| 230|0x0000000620600000, 0x0000000620600000, 0x0000000620800000|  0%| F|  |TAMS 0x0000000620600000, 0x0000000620600000| Untracked 
| 231|0x0000000620800000, 0x0000000620800000, 0x0000000620a00000|  0%| F|  |TAMS 0x0000000620800000, 0x0000000620800000| Untracked 
| 232|0x0000000620a00000, 0x0000000620a00000, 0x0000000620c00000|  0%| F|  |TAMS 0x0000000620a00000, 0x0000000620a00000| Untracked 
| 233|0x0000000620c00000, 0x0000000620c00000, 0x0000000620e00000|  0%| F|  |TAMS 0x0000000620c00000, 0x0000000620c00000| Untracked 
| 234|0x0000000620e00000, 0x0000000620e00000, 0x0000000621000000|  0%| F|  |TAMS 0x0000000620e00000, 0x0000000620e00000| Untracked 
| 235|0x0000000621000000, 0x0000000621000000, 0x0000000621200000|  0%| F|  |TAMS 0x0000000621000000, 0x0000000621000000| Untracked 
| 236|0x0000000621200000, 0x0000000621200000, 0x0000000621400000|  0%| F|  |TAMS 0x0000000621200000, 0x0000000621200000| Untracked 
| 237|0x0000000621400000, 0x0000000621502720, 0x0000000621600000| 50%| E|  |TAMS 0x0000000621400000, 0x0000000621400000| Complete 
| 238|0x0000000621600000, 0x0000000621800000, 0x0000000621800000|100%| E|CS|TAMS 0x0000000621600000, 0x0000000621600000| Complete 
| 239|0x0000000621800000, 0x0000000621a00000, 0x0000000621a00000|100%| E|CS|TAMS 0x0000000621800000, 0x0000000621800000| Complete 
| 240|0x0000000621a00000, 0x0000000621c00000, 0x0000000621c00000|100%| E|CS|TAMS 0x0000000621a00000, 0x0000000621a00000| Complete 
| 241|0x0000000621c00000, 0x0000000621c930e0, 0x0000000621e00000| 28%| S|CS|TAMS 0x0000000621c00000, 0x0000000621c00000| Complete 
| 242|0x0000000621e00000, 0x0000000622000000, 0x0000000622000000|100%| S|CS|TAMS 0x0000000621e00000, 0x0000000621e00000| Complete 
| 243|0x0000000622000000, 0x0000000622200000, 0x0000000622200000|100%| E|CS|TAMS 0x0000000622000000, 0x0000000622000000| Complete 
| 244|0x0000000622200000, 0x0000000622400000, 0x0000000622400000|100%| E|CS|TAMS 0x0000000622200000, 0x0000000622200000| Complete 
| 245|0x0000000622400000, 0x0000000622600000, 0x0000000622600000|100%| E|CS|TAMS 0x0000000622400000, 0x0000000622400000| Complete 
| 246|0x0000000622600000, 0x0000000622800000, 0x0000000622800000|100%| E|CS|TAMS 0x0000000622600000, 0x0000000622600000| Complete 
| 247|0x0000000622800000, 0x0000000622a00000, 0x0000000622a00000|100%| E|CS|TAMS 0x0000000622800000, 0x0000000622800000| Complete 
| 248|0x0000000622a00000, 0x0000000622c00000, 0x0000000622c00000|100%| E|CS|TAMS 0x0000000622a00000, 0x0000000622a00000| Complete 
| 249|0x0000000622c00000, 0x0000000622e00000, 0x0000000622e00000|100%| E|CS|TAMS 0x0000000622c00000, 0x0000000622c00000| Complete 
| 250|0x0000000622e00000, 0x0000000623000000, 0x0000000623000000|100%| E|CS|TAMS 0x0000000622e00000, 0x0000000622e00000| Complete 
| 251|0x0000000623000000, 0x0000000623200000, 0x0000000623200000|100%| E|CS|TAMS 0x0000000623000000, 0x0000000623000000| Complete 
| 252|0x0000000623200000, 0x0000000623400000, 0x0000000623400000|100%| E|CS|TAMS 0x0000000623200000, 0x0000000623200000| Complete 
| 253|0x0000000623400000, 0x0000000623600000, 0x0000000623600000|100%| E|CS|TAMS 0x0000000623400000, 0x0000000623400000| Complete 
| 254|0x0000000623600000, 0x0000000623800000, 0x0000000623800000|100%| E|CS|TAMS 0x0000000623600000, 0x0000000623600000| Complete 

Card table byte_map: [0x000002b2fd2d0000,0x000002b2fe2c0000] _byte_map_base: 0x000002b2fa2b3000

Marking Bits (Prev, Next): (CMBitMap*) 0x000002b2e224a788, (CMBitMap*) 0x000002b2e224a7c0
 Prev Bits: [0x000002b280000000, 0x000002b287f18000)
 Next Bits: [0x000002b287f20000, 0x000002b28fe38000)

Polling page: 0x000002b2e1df0000

Metaspace:

Usage:
  Non-class:     12.95 MB capacity,    12.85 MB (>99%) used,    85.78 KB ( <1%) free+waste,    16.00 KB ( <1%) overhead. 
      Class:      1.14 MB capacity,     1.09 MB ( 96%) used,    46.40 KB (  4%) free+waste,     6.06 KB ( <1%) overhead. 
       Both:     14.09 MB capacity,    13.94 MB ( 99%) used,   132.18 KB ( <1%) free+waste,    22.06 KB ( <1%) overhead. 

Virtual space:
  Non-class space:       14.00 MB reserved,      13.00 MB ( 93%) committed 
      Class space:        1.00 GB reserved,       1.25 MB ( <1%) committed 
             Both:        1.01 GB reserved,      14.25 MB (  1%) committed 

Chunk freelists:
   Non-Class:  51.00 KB
       Class:  14.00 KB
        Both:  65.00 KB

MaxMetaspaceSize: 17179869184.00 GB
CompressedClassSpaceSize: 1.00 GB
Initial GC threshold: 20.80 MB
Current GC threshold: 20.80 MB
CDS: off

CodeHeap 'non-profiled nmethods': size=119168Kb used=765Kb max_used=765Kb free=118402Kb
 bounds [0x000002b2f3ca0000, 0x000002b2f3f10000, 0x000002b2fb100000]
CodeHeap 'profiled nmethods': size=119168Kb used=3843Kb max_used=3843Kb free=115324Kb
 bounds [0x000002b2ec840000, 0x000002b2ecc10000, 0x000002b2f3ca0000]
CodeHeap 'non-nmethods': size=7424Kb used=2213Kb max_used=3361Kb free=5210Kb
 bounds [0x000002b2ec100000, 0x000002b2ec450000, 0x000002b2ec840000]
 total_blobs=2877 nmethods=1809 adapters=980
 compilation: enabled
              stopped_count=0, restarted_count=0
 full_count=0

Compilation events (20 events):
Event: 26.982 Thread 0x000002b292796800 nmethod 1800 0x000002b2ecbf5690 code [0x000002b2ecbf5840, 0x000002b2ecbf5948]
Event: 26.982 Thread 0x000002b294766800 nmethod 1799 0x000002b2ecbf5a10 code [0x000002b2ecbf5be0, 0x000002b2ecbf5d68]
Event: 26.986 Thread 0x000002b294766800 1801   !   3       com.badlogic.gdx.maps.tiled.BaseTmxMapLoader::loadProperties (199 bytes)
Event: 26.986 Thread 0x000002b292796800 1802       3       com.badlogic.gdx.maps.tiled.BaseTmxMapLoader::castProperty (137 bytes)
Event: 26.986 Thread 0x000002b29278b800 1807       4       com.badlogic.gdx.graphics.g2d.TextureRegion::setRegion (129 bytes)
Event: 26.986 Thread 0x000002b292796800 nmethod 1802 0x000002b2ecbf5e90 code [0x000002b2ecbf6320, 0x000002b2ecbf7ed8]
Event: 26.986 Thread 0x000002b292796800 1806       3       java.lang.Boolean::valueOf (17 bytes)
Event: 26.986 Thread 0x000002b294766800 nmethod 1801 0x000002b2ecbf8910 code [0x000002b2ecbf8d40, 0x000002b2ecbfad48]
Event: 26.986 Thread 0x000002b292796800 nmethod 1806 0x000002b2ecbfba10 code [0x000002b2ecbfbbe0, 0x000002b2ecbfbdc8]
Event: 26.986 Thread 0x000002b294766800 1803       3       com.badlogic.gdx.maps.tiled.BaseTmxMapLoader::createAnimatedTile (135 bytes)
Event: 26.986 Thread 0x000002b292796800 1804       3       com.badlogic.gdx.maps.tiled.BaseTmxMapLoader::addTileProperties (108 bytes)
Event: 26.987 Thread 0x000002b292796800 nmethod 1804 0x000002b2ecbfbe90 code [0x000002b2ecbfc1e0, 0x000002b2ecbfd978]
Event: 26.987 Thread 0x000002b294766800 nmethod 1803 0x000002b2ecbfe090 code [0x000002b2ecbfe3e0, 0x000002b2ecbff6d8]
Event: 26.987 Thread 0x000002b292796800 1805       3       com.badlogic.gdx.maps.tiled.BaseTmxMapLoader::addTileObjectGroup (59 bytes)
Event: 26.987 Thread 0x000002b29278b800 nmethod 1807 0x000002b2f3d5e610 code [0x000002b2f3d5e7e0, 0x000002b2f3d5e9f8]
Event: 26.987 Thread 0x000002b29278b800 1808       4       com.badlogic.gdx.maps.tiled.BaseTmxMapLoader::createTileLayerCell (100 bytes)
Event: 26.987 Thread 0x000002b292796800 nmethod 1805 0x000002b2ecbffe90 code [0x000002b2ecc000e0, 0x000002b2ecc009f8]
Event: 26.988 Thread 0x000002b29278b800 nmethod 1808 0x000002b2f3d5eb10 code [0x000002b2f3d5ece0, 0x000002b2f3d5eeb0]
Event: 26.988 Thread 0x000002b29278b800 1809       4       com.badlogic.gdx.maps.tiled.TiledMapTileLayer::setCell (36 bytes)
Event: 26.989 Thread 0x000002b29278b800 nmethod 1809 0x000002b2f3d5f090 code [0x000002b2f3d5f240, 0x000002b2f3d5f498]

GC Heap History (2 events):
Event: 0.465 GC heap before
{Heap before GC invocations=0 (full 0):
 garbage-first heap   total 522240K, used 24576K [0x0000000603a00000, 0x0000000800000000)
  region size 2048K, 12 young (24576K), 0 survivors (0K)
 Metaspace       used 12400K, capacity 12612K, committed 12928K, reserved 1060864K
  class space    used 958K, capacity 1037K, committed 1152K, reserved 1048576K
}
Event: 0.467 GC heap after
{Heap after GC invocations=1 (full 0):
 garbage-first heap   total 522240K, used 2636K [0x0000000603a00000, 0x0000000800000000)
  region size 2048K, 2 young (4096K), 2 survivors (4096K)
 Metaspace       used 12400K, capacity 12612K, committed 12928K, reserved 1060864K
  class space    used 958K, capacity 1037K, committed 1152K, reserved 1048576K
}

Deoptimization events (20 events):
Event: 12.153 Thread 0x000002b2e21c1800 Uncommon trap: trap_request=0xffffffd6 fr.pc=0x000002b2f3d325ac relative=0x00000000000001cc
Event: 12.153 Thread 0x000002b2e21c1800 Uncommon trap: reason=array_check action=maybe_recompile pc=0x000002b2f3d325ac method=com.badlogic.gdx.utils.Array.add(Ljava/lang/Object;)V @ 46 c2
Event: 12.153 Thread 0x000002b2e21c1800 DEOPT PACKING pc=0x000002b2f3d325ac sp=0x000000c9138fed40
Event: 12.153 Thread 0x000002b2e21c1800 DEOPT UNPACKING pc=0x000002b2ec14a1af sp=0x000000c9138fece8 mode 2
Event: 12.153 Thread 0x000002b2e21c1800 Uncommon trap: trap_request=0xffffffd6 fr.pc=0x000002b2f3d325ac relative=0x00000000000001cc
Event: 12.153 Thread 0x000002b2e21c1800 Uncommon trap: reason=array_check action=maybe_recompile pc=0x000002b2f3d325ac method=com.badlogic.gdx.utils.Array.add(Ljava/lang/Object;)V @ 46 c2
Event: 12.153 Thread 0x000002b2e21c1800 DEOPT PACKING pc=0x000002b2f3d325ac sp=0x000000c9138fed40
Event: 12.153 Thread 0x000002b2e21c1800 DEOPT UNPACKING pc=0x000002b2ec14a1af sp=0x000000c9138fece8 mode 2
Event: 12.153 Thread 0x000002b2e21c1800 Uncommon trap: trap_request=0xffffffd6 fr.pc=0x000002b2f3d325ac relative=0x00000000000001cc
Event: 12.153 Thread 0x000002b2e21c1800 Uncommon trap: reason=array_check action=maybe_recompile pc=0x000002b2f3d325ac method=com.badlogic.gdx.utils.Array.add(Ljava/lang/Object;)V @ 46 c2
Event: 12.153 Thread 0x000002b2e21c1800 DEOPT PACKING pc=0x000002b2f3d325ac sp=0x000000c9138fee20
Event: 12.153 Thread 0x000002b2e21c1800 DEOPT UNPACKING pc=0x000002b2ec14a1af sp=0x000000c9138fedc8 mode 2
Event: 26.990 Thread 0x000002b2e21c1800 Uncommon trap: trap_request=0xffffff4d fr.pc=0x000002b2f3d586b8 relative=0x0000000000000298
Event: 26.990 Thread 0x000002b2e21c1800 Uncommon trap: reason=unstable_if action=reinterpret pc=0x000002b2f3d586b8 method=com.badlogic.gdx.utils.SnapshotArray.end()V @ 18 c2
Event: 26.990 Thread 0x000002b2e21c1800 DEOPT PACKING pc=0x000002b2f3d586b8 sp=0x000000c9138ff0b0
Event: 26.990 Thread 0x000002b2e21c1800 DEOPT UNPACKING pc=0x000002b2ec14a1af sp=0x000000c9138ff060 mode 2
Event: 26.990 Thread 0x000002b2e21c1800 Uncommon trap: trap_request=0xffffff4d fr.pc=0x000002b2f3d5b7fc relative=0x000000000000005c
Event: 26.990 Thread 0x000002b2e21c1800 Uncommon trap: reason=unstable_if action=reinterpret pc=0x000002b2f3d5b7fc method=com.badlogic.gdx.maps.MapLayer.getRenderOffsetX()F @ 4 c2
Event: 26.990 Thread 0x000002b2e21c1800 DEOPT PACKING pc=0x000002b2f3d5b7fc sp=0x000000c9138feed0
Event: 26.990 Thread 0x000002b2e21c1800 DEOPT UNPACKING pc=0x000002b2ec14a1af sp=0x000000c9138fee68 mode 2

Classes redefined (0 events):
No events

Internal exceptions (20 events):
Event: 25.146 Thread 0x000002b2e21c1800 Implicit null exception at 0x000002b2ecbba00c to 0x000002b2ecbbb61e
Event: 25.146 Thread 0x000002b2e21c1800 Exception <a 'java/lang/NullPointerException'{0x00000006221f7490}> (0x00000006221f7490) thrown at [s\src\hotspot\share\runtime\sharedRuntime.cpp, line 606]
Event: 25.146 Thread 0x000002b2e21c1800 Implicit null exception at 0x000002b2ecbba53c to 0x000002b2ecbbb73d
Event: 25.146 Thread 0x000002b2e21c1800 Exception <a 'java/lang/NullPointerException'{0x00000006221f7760}> (0x00000006221f7760) thrown at [s\src\hotspot\share\runtime\sharedRuntime.cpp, line 606]
Event: 25.162 Thread 0x000002b2e21c1800 Implicit null exception at 0x000002b2ecbba00c to 0x000002b2ecbbb61e
Event: 25.162 Thread 0x000002b2e21c1800 Exception <a 'java/lang/NullPointerException'{0x00000006221f7b28}> (0x00000006221f7b28) thrown at [s\src\hotspot\share\runtime\sharedRuntime.cpp, line 606]
Event: 25.162 Thread 0x000002b2e21c1800 Implicit null exception at 0x000002b2ecbba53c to 0x000002b2ecbbb73d
Event: 25.162 Thread 0x000002b2e21c1800 Exception <a 'java/lang/NullPointerException'{0x00000006221f7df8}> (0x00000006221f7df8) thrown at [s\src\hotspot\share\runtime\sharedRuntime.cpp, line 606]
Event: 25.179 Thread 0x000002b2e21c1800 Implicit null exception at 0x000002b2ecbba00c to 0x000002b2ecbbb61e
Event: 25.179 Thread 0x000002b2e21c1800 Exception <a 'java/lang/NullPointerException'{0x00000006221f81c0}> (0x00000006221f81c0) thrown at [s\src\hotspot\share\runtime\sharedRuntime.cpp, line 606]
Event: 25.179 Thread 0x000002b2e21c1800 Implicit null exception at 0x000002b2ecbba53c to 0x000002b2ecbbb73d
Event: 25.179 Thread 0x000002b2e21c1800 Exception <a 'java/lang/NullPointerException'{0x00000006221f8490}> (0x00000006221f8490) thrown at [s\src\hotspot\share\runtime\sharedRuntime.cpp, line 606]
Event: 25.196 Thread 0x000002b2e21c1800 Implicit null exception at 0x000002b2ecbba00c to 0x000002b2ecbbb61e
Event: 25.196 Thread 0x000002b2e21c1800 Exception <a 'java/lang/NullPointerException'{0x00000006221f8858}> (0x00000006221f8858) thrown at [s\src\hotspot\share\runtime\sharedRuntime.cpp, line 606]
Event: 25.196 Thread 0x000002b2e21c1800 Implicit null exception at 0x000002b2ecbba53c to 0x000002b2ecbbb73d
Event: 25.196 Thread 0x000002b2e21c1800 Exception <a 'java/lang/NullPointerException'{0x00000006221f8b28}> (0x00000006221f8b28) thrown at [s\src\hotspot\share\runtime\sharedRuntime.cpp, line 606]
Event: 25.213 Thread 0x000002b2e21c1800 Implicit null exception at 0x000002b2ecbba00c to 0x000002b2ecbbb61e
Event: 25.213 Thread 0x000002b2e21c1800 Exception <a 'java/lang/NullPointerException'{0x00000006221f8ef0}> (0x00000006221f8ef0) thrown at [s\src\hotspot\share\runtime\sharedRuntime.cpp, line 606]
Event: 25.213 Thread 0x000002b2e21c1800 Implicit null exception at 0x000002b2ecbba53c to 0x000002b2ecbbb73d
Event: 25.213 Thread 0x000002b2e21c1800 Exception <a 'java/lang/NullPointerException'{0x00000006221f91c0}> (0x00000006221f91c0) thrown at [s\src\hotspot\share\runtime\sharedRuntime.cpp, line 606]

Events (20 events):
Event: 4.714 Loaded shared library C:\Users\james\AppData\Local\Temp\lwjgl_james\3.3.3+5\x64\lwjgl_opengl.dll
Event: 4.716 Loaded shared library C:\Users\james\AppData\Local\Temp\lwjgl_james\3.3.3+5\x64\lwjgl_opengl.dll
Event: 4.730 Loaded shared library C:\Users\james\AppData\Local\Temp\lwjgl_james\3.3.3+5\x64\lwjgl.dll
Event: 4.731 Loaded shared library C:\Users\james\AppData\Local\Temp\lwjgl_james\3.3.3+5\x64\lwjgl.dll
Event: 6.029 Loaded shared library C:\Users\james\.jdks\corretto-11.0.22\bin\java.dll
Event: 6.712 Thread 0x000002b294960000 Thread exited: 0x000002b294960000
Event: 6.729 Loaded shared library C:\Users\james\AppData\Local\Temp\libgdxjames\2a9d7f76\gdx64.dll
Event: 7.813 Thread 0x000002b293b23800 Thread exited: 0x000002b293b23800
Event: 10.996 Thread 0x000002b2ffe28000 Thread exited: 0x000002b2ffe28000
Event: 12.146 loading class com/heslington_hustle/screens/ActivityScreen
Event: 12.146 loading class com/heslington_hustle/screens/ActivityScreen done
Event: 12.153 loading class com/heslington_hustle/screens/ActivityScreen$1
Event: 12.153 loading class com/heslington_hustle/screens/ActivityScreen$1 done
Event: 12.153 loading class com/heslington_hustle/screens/ActivityScreen$2
Event: 12.153 loading class com/heslington_hustle/screens/ActivityScreen$2 done
Event: 14.931 Loaded shared library C:\Users\james\AppData\Local\Temp\lwjgl_james\3.3.3+5\x64\lwjgl_opengl.dll
Event: 14.932 Loaded shared library C:\Users\james\AppData\Local\Temp\lwjgl_james\3.3.3+5\x64\lwjgl_opengl.dll
Event: 25.561 Thread 0x000002b294766800 Thread added: 0x000002b294766800
Event: 26.978 loading class com/heslington_hustle/game/Stats$1
Event: 26.978 loading class com/heslington_hustle/game/Stats$1 done


Dynamic libraries:
0x00007ff6e5610000 - 0x00007ff6e561e000 	C:\Users\james\.jdks\corretto-11.0.22\bin\java.exe
0x00007ffa9db50000 - 0x00007ffa9dd66000 	C:\Windows\SYSTEM32\ntdll.dll
0x00007ffa9c220000 - 0x00007ffa9c2e4000 	C:\Windows\System32\KERNEL32.DLL
0x00007ffa9ae90000 - 0x00007ffa9b236000 	C:\Windows\System32\KERNELBASE.dll
0x00007ffa9b690000 - 0x00007ffa9b7a1000 	C:\Windows\System32\ucrtbase.dll
0x00007ffa88ef0000 - 0x00007ffa88f07000 	C:\Users\james\.jdks\corretto-11.0.22\bin\jli.dll
0x00007ffa88dd0000 - 0x00007ffa88deb000 	C:\Users\james\.jdks\corretto-11.0.22\bin\VCRUNTIME140.dll
0x00007ffa9d2a0000 - 0x00007ffa9d44d000 	C:\Windows\System32\USER32.dll
0x00007ffa9b350000 - 0x00007ffa9b376000 	C:\Windows\System32\win32u.dll
0x00007ffa8f600000 - 0x00007ffa8f893000 	C:\Windows\WinSxS\amd64_microsoft.windows.common-controls_6595b64144ccf1df_6.0.22621.3235_none_270f74e173860f98\COMCTL32.dll
0x00007ffa9beb0000 - 0x00007ffa9bed9000 	C:\Windows\System32\GDI32.dll
0x00007ffa9d190000 - 0x00007ffa9d237000 	C:\Windows\System32\msvcrt.dll
0x00007ffa9b4f0000 - 0x00007ffa9b608000 	C:\Windows\System32\gdi32full.dll
0x00007ffa9b240000 - 0x00007ffa9b2da000 	C:\Windows\System32\msvcp_win.dll
0x00007ffa9c0a0000 - 0x00007ffa9c0d1000 	C:\Windows\System32\IMM32.DLL
0x00007ffa88da0000 - 0x00007ffa88dac000 	C:\Users\james\.jdks\corretto-11.0.22\bin\vcruntime140_1.dll
0x00007ffa7b470000 - 0x00007ffa7b4fd000 	C:\Users\james\.jdks\corretto-11.0.22\bin\msvcp140.dll
0x00007ff9ecff0000 - 0x00007ff9edbb3000 	C:\Users\james\.jdks\corretto-11.0.22\bin\server\jvm.dll
0x00007ffa9d050000 - 0x00007ffa9d102000 	C:\Windows\System32\ADVAPI32.dll
0x00007ffa9c360000 - 0x00007ffa9c408000 	C:\Windows\System32\sechost.dll
0x00007ffa9b870000 - 0x00007ffa9b898000 	C:\Windows\System32\bcrypt.dll
0x00007ffa9cf30000 - 0x00007ffa9d045000 	C:\Windows\System32\RPCRT4.dll
0x00007ffa9c210000 - 0x00007ffa9c218000 	C:\Windows\System32\PSAPI.DLL
0x00007ffa93b50000 - 0x00007ffa93b59000 	C:\Windows\SYSTEM32\WSOCK32.dll
0x00007ffa93500000 - 0x00007ffa9350a000 	C:\Windows\SYSTEM32\VERSION.dll
0x00007ffa938e0000 - 0x00007ffa93914000 	C:\Windows\SYSTEM32\WINMM.dll
0x00007ffa9c410000 - 0x00007ffa9c481000 	C:\Windows\System32\WS2_32.dll
0x00007ffa99f80000 - 0x00007ffa99f98000 	C:\Windows\SYSTEM32\kernel.appcore.dll
0x00007ffa88d90000 - 0x00007ffa88da0000 	C:\Users\james\.jdks\corretto-11.0.22\bin\verify.dll
0x00007ffa8c560000 - 0x00007ffa8c793000 	C:\Windows\SYSTEM32\DBGHELP.DLL
0x00007ffa9d560000 - 0x00007ffa9d8e8000 	C:\Windows\System32\combase.dll
0x00007ffa9c5f0000 - 0x00007ffa9c6c7000 	C:\Windows\System32\OLEAUT32.dll
0x00007ffa79d70000 - 0x00007ffa79da2000 	C:\Windows\SYSTEM32\dbgcore.DLL
0x00007ffa9b610000 - 0x00007ffa9b68a000 	C:\Windows\System32\bcryptPrimitives.dll
0x00007ffa88180000 - 0x00007ffa881a8000 	C:\Users\james\.jdks\corretto-11.0.22\bin\java.dll
0x00007ffa88d80000 - 0x00007ffa88d8a000 	C:\Users\james\.jdks\corretto-11.0.22\bin\jimage.dll
0x00007ffa88cc0000 - 0x00007ffa88cd8000 	C:\Users\james\.jdks\corretto-11.0.22\bin\zip.dll
0x00007ffa9c6d0000 - 0x00007ffa9cf2d000 	C:\Windows\System32\SHELL32.dll
0x00007ffa98db0000 - 0x00007ffa996a8000 	C:\Windows\SYSTEM32\windows.storage.dll
0x00007ffa98c70000 - 0x00007ffa98dae000 	C:\Windows\SYSTEM32\wintypes.dll
0x00007ffa9c100000 - 0x00007ffa9c1f3000 	C:\Windows\System32\SHCORE.dll
0x00007ffa9d910000 - 0x00007ffa9d96e000 	C:\Windows\System32\shlwapi.dll
0x00007ffa9adc0000 - 0x00007ffa9ade6000 	C:\Windows\SYSTEM32\profapi.dll
0x00007ffa88160000 - 0x00007ffa88179000 	C:\Users\james\.jdks\corretto-11.0.22\bin\net.dll
0x00007ffa94f00000 - 0x00007ffa95037000 	C:\Windows\SYSTEM32\WINHTTP.dll
0x00007ffa9a400000 - 0x00007ffa9a469000 	C:\Windows\system32\mswsock.dll
0x00007ffa871d0000 - 0x00007ffa871e2000 	C:\Users\james\.jdks\corretto-11.0.22\bin\nio.dll
0x000000006e700000 - 0x000000006e72d000 	C:\Users\james\AppData\Local\Temp\libgdxjames\2a9d7f76\gdx64.dll
0x00007ffa88f30000 - 0x00007ffa88fab000 	C:\Users\james\AppData\Local\Temp\lwjgl_james\3.3.3+5\x64\lwjgl.dll
0x00007ffa4daa0000 - 0x00007ffa4dd10000 	C:\Users\james\AppData\Local\Temp\lwjgl_james\3.3.3+5\x64\jemalloc.dll
0x00007ffa7b0e0000 - 0x00007ffa7b162000 	C:\Users\james\AppData\Local\Temp\lwjgl_james\3.3.3+5\x64\glfw.dll
0x00007ffa81bf0000 - 0x00007ffa81c36000 	C:\Windows\SYSTEM32\dinput8.dll
0x00007ffa4b290000 - 0x00007ffa4b2a1000 	C:\Windows\SYSTEM32\xinput1_4.dll
0x00007ffa9aba0000 - 0x00007ffa9abee000 	C:\Windows\SYSTEM32\cfgmgr32.dll
0x00007ffa9ab50000 - 0x00007ffa9ab7c000 	C:\Windows\SYSTEM32\DEVOBJ.dll
0x00007ffa98570000 - 0x00007ffa9859b000 	C:\Windows\SYSTEM32\dwmapi.dll
0x00007ffa73530000 - 0x00007ffa7373a000 	C:\Windows\SYSTEM32\inputhost.dll
0x00007ffa975a0000 - 0x00007ffa976d4000 	C:\Windows\SYSTEM32\CoreMessaging.dll
0x00007ffa982f0000 - 0x00007ffa9839b000 	C:\Windows\system32\uxtheme.dll
0x00007ffa9c490000 - 0x00007ffa9c5e4000 	C:\Windows\System32\MSCTF.dll
0x00007ffa9a640000 - 0x00007ffa9a64c000 	C:\Windows\SYSTEM32\CRYPTBASE.DLL
0x00007ffa31990000 - 0x00007ffa31b57000 	C:\Users\james\AppData\Local\Temp\lwjgl_james\3.3.3+5\x64\OpenAL.dll
0x00007ffa9d970000 - 0x00007ffa9db0f000 	C:\Windows\System32\ole32.dll
0x00007ffa9be00000 - 0x00007ffa9beb0000 	C:\Windows\System32\clbcatq.dll
0x00007ffa90a10000 - 0x00007ffa90aad000 	C:\Windows\System32\MMDevApi.dll
0x00007ffa8e2d0000 - 0x00007ffa8e4bc000 	C:\Windows\SYSTEM32\AUDIOSES.DLL
0x00007ffa98880000 - 0x00007ffa98895000 	C:\Windows\SYSTEM32\resourcepolicyclient.dll
0x00007ffa99ce0000 - 0x00007ffa99d2d000 	C:\Windows\SYSTEM32\powrprof.dll
0x00007ffa99cc0000 - 0x00007ffa99cd3000 	C:\Windows\SYSTEM32\UMPDC.dll
0x00007ffa39cb0000 - 0x00007ffa39db0000 	C:\Windows\SYSTEM32\opengl32.dll
0x00007ffa7a730000 - 0x00007ffa7a75d000 	C:\Windows\SYSTEM32\GLU32.dll
0x00007ffa985e0000 - 0x00007ffa98619000 	C:\Windows\SYSTEM32\dxcore.dll
0x00007ffa94110000 - 0x00007ffa94245000 	C:\Windows\System32\AppXDeploymentClient.dll
0x00007ffa37000000 - 0x00007ffa39ca2000 	C:\Windows\System32\DriverStore\FileRepository\nvmdi.inf_amd64_92b25561841a09dd\nvoglv64.dll
0x00007ffa9b8f0000 - 0x00007ffa9bd64000 	C:\Windows\System32\SETUPAPI.dll
0x00007ffa99d30000 - 0x00007ffa99d44000 	C:\Windows\SYSTEM32\WTSAPI32.dll
0x00007ffa9ab30000 - 0x00007ffa9ab42000 	C:\Windows\SYSTEM32\msasn1.dll
0x00007ffa91d40000 - 0x00007ffa91d72000 	C:\Windows\SYSTEM32\cryptnet.dll
0x00007ffa9b380000 - 0x00007ffa9b4e6000 	C:\Windows\System32\CRYPT32.dll
0x00007ffa91af0000 - 0x00007ffa91c48000 	C:\Windows\SYSTEM32\drvstore.dll
0x00007ffa9a740000 - 0x00007ffa9a78b000 	C:\Windows\SYSTEM32\wldp.dll
0x00007ffa9b2e0000 - 0x00007ffa9b34b000 	C:\Windows\System32\WINTRUST.dll
0x00007ffa99fa0000 - 0x00007ffa99fd4000 	C:\Windows\SYSTEM32\ntmarta.dll
0x00007ffa9c0e0000 - 0x00007ffa9c0ff000 	C:\Windows\System32\imagehlp.dll
0x00007ffa9a620000 - 0x00007ffa9a63b000 	C:\Windows\SYSTEM32\CRYPTSP.dll
0x00007ffa99ee0000 - 0x00007ffa99f15000 	C:\Windows\system32\rsaenh.dll
0x00007ffa89c70000 - 0x00007ffa8be8d000 	C:\Windows\System32\DriverStore\FileRepository\nvmdi.inf_amd64_92b25561841a09dd\nvgpucomp64.dll
0x00007ffa80b40000 - 0x00007ffa80e11000 	C:\Windows\system32\nvspcap64.dll
0x00007ffa99900000 - 0x00007ffa99966000 	C:\Windows\SYSTEM32\WINSTA.dll
0x00007ffa75b00000 - 0x00007ffa75b5e000 	C:\Users\james\AppData\Local\Temp\lwjgl_james\3.3.3+5\x64\lwjgl_opengl.dll
0x00007ffa6def0000 - 0x00007ffa6e03a000 	C:\Windows\SYSTEM32\textinputframework.dll
0x00007ffa92e40000 - 0x00007ffa931ac000 	C:\Windows\SYSTEM32\CoreUIComponents.dll

dbghelp: loaded successfully - version: 4.0.5 - missing functions: none
symbol engine: initialized successfully - sym options: 0x614 - pdb path: .;C:\Users\james\.jdks\corretto-11.0.22\bin;C:\Windows\SYSTEM32;C:\Windows\WinSxS\amd64_microsoft.windows.common-controls_6595b64144ccf1df_6.0.22621.3235_none_270f74e173860f98;C:\Users\james\.jdks\corretto-11.0.22\bin\server;C:\Users\james\AppData\Local\Temp\libgdxjames\2a9d7f76;C:\Users\james\AppData\Local\Temp\lwjgl_james\3.3.3+5\x64;C:\Windows\System32\DriverStore\FileRepository\nvmdi.inf_amd64_92b25561841a09dd

VM Arguments:
jvm_args: -Dfile.encoding=windows-1252 -Duser.country=GB -Duser.language=en -Duser.variant 
java_command: com.heslington_hustle.game.DesktopLauncher
java_class_path (initial): C:\Users\james\Downloads\Group-12-ENG1\Heslington_hustle\desktop\build\classes\java\main;C:\Users\james\Downloads\Group-12-ENG1\Heslington_hustle\desktop\build\resources\main;C:\Users\james\.gradle\caches\modules-2\files-2.1\com.badlogicgames.gdx\gdx-backend-lwjgl3\1.12.1\12a144cacb34f0392cd8354f798d99e4836a51a8\gdx-backend-lwjgl3-1.12.1.jar;C:\Users\james\.gradle\caches\modules-2\files-2.1\com.badlogicgames.gdx\gdx-platform\1.12.1\5737be5ce3a4e8f9f77c2d9ab95ab479f9c3705f\gdx-platform-1.12.1-natives-desktop.jar;C:\Users\james\.gradle\caches\modules-2\files-2.1\com.badlogicgames.gdx\gdx-box2d-platform\1.12.1\4e82228fcdd2e8a7673fe7952588acfdb33d7820\gdx-box2d-platform-1.12.1-natives-desktop.jar;C:\Users\james\.gradle\caches\modules-2\files-2.1\com.badlogicgames.gdx\gdx-freetype-platform\1.12.1\a32f9ecca13ae01370d9649e48a30201080d4c18\gdx-freetype-platform-1.12.1-natives-desktop.jar;C:\Users\james\Downloads\Group-12-ENG1\Heslington_hustle\core\build\libs\core-1.0.jar;C:\Users\james\.gradle\caches\modules-2\files-2.1\com.badlogicgames.gdx\gdx-box2d\1.12.1\6c37ed04f97d062f1bdc4afe1f583182e539a269\gdx-box2d-1.12.1.jar;C:\Users\james\.gradle\caches\modules-2\files-2.1\com.badlogicgames.ashley\ashley\1.7.4\21a3a8932919099c4e5006a7d8378dcbe76ef8a5\ashley-1.7.4.jar;C:\Users\james\.gradle\caches\modules-2\files-2.1\com.badlogicgames.gdx\gdx-freetype\1.12.1\d5826997b0cfa595a72889610fadb18405056c1c\gdx-freetype-1.12.1.jar;C:\Users\james\.gradle\caches\modules-2\files-2.1\com.badlogicgames.gdx\gdx\1.12.1\a2d066c09329c457045c284c42d6f37122840aa\gdx-1.12.1.jar;C:\Users\james\.gradle\caches\modules-2\files-2.1\org.lwjgl\lwjgl-glfw\3.3.3\efa1eb78c5ccd840e9f329717109b5e892d72f8e\lwjgl-glfw-3.3.3.jar;C:\Users\james\.gradle\caches\modules-2\files-2.1\org.lwjgl\lwjgl-glfw\3.3.3\a03684c5e4b1b1dbbe0d29dbbdc27b985b6840f2\lwjgl-glfw-3.3.3-natives-linux.jar;C:\Users\james\.gradle\caches\modules-2\files-2.1\org.lwjgl\lwjgl-glfw\3.3.3\d9af485c32545b37dd5359b163161d4
Launcher Type: SUN_STANDARD

[Global flags]
     intx CICompilerCount                          = 12                                        {product} {ergonomic}
     uint ConcGCThreads                            = 4                                         {product} {ergonomic}
     uint G1ConcRefinementThreads                  = 15                                        {product} {ergonomic}
   size_t G1HeapRegionSize                         = 2097152                                   {product} {ergonomic}
    uintx GCDrainStackTargetSize                   = 64                                        {product} {ergonomic}
   size_t InitialHeapSize                          = 534773760                                 {product} {ergonomic}
   size_t MarkStackSize                            = 4194304                                   {product} {ergonomic}
   size_t MaxHeapSize                              = 8529117184                                {product} {ergonomic}
   size_t MaxNewSize                               = 5117050880                                {product} {ergonomic}
   size_t MinHeapDeltaBytes                        = 2097152                                   {product} {ergonomic}
    uintx NonNMethodCodeHeapSize                   = 7594288                                {pd product} {ergonomic}
    uintx NonProfiledCodeHeapSize                  = 122031976                              {pd product} {ergonomic}
    uintx ProfiledCodeHeapSize                     = 122031976                              {pd product} {ergonomic}
    uintx ReservedCodeCacheSize                    = 251658240                              {pd product} {ergonomic}
     bool SegmentedCodeCache                       = true                                      {product} {ergonomic}
     bool UseCompressedClassPointers               = true                                 {lp64_product} {ergonomic}
     bool UseCompressedOops                        = true                                 {lp64_product} {ergonomic}
     bool UseG1GC                                  = true                                      {product} {ergonomic}
     bool UseLargePagesIndividualAllocation        = false                                  {pd product} {ergonomic}

Logging:
Log output configuration:
 #0: stdout all=warning uptime,level,tags
 #1: stderr all=off uptime,level,tags

Environment Variables:
JAVA_HOME=C:\Program Files\Eclipse Adoptium\jdk-21.0.2.13-hotspot\
PATH=C:\Program Files\Eclipse Adoptium\jdk-21.0.2.13-hotspot\bin;C:\Windows\system32;C:\Windows;C:\Windows\System32\Wbem;C:\Windows\System32\WindowsPowerShell\v1.0\;C:\Windows\System32\OpenSSH\;C:\Program Files\NVIDIA Corporation\NVIDIA NvDLISR;C:\Program Files (x86)\NVIDIA Corporation\PhysX\Common;C:\Program Files\Git\cmd;C:\Users\james\AppData\Local\Microsoft\WindowsApps;C:\Program Files\JetBrains\IntelliJ IDEA 2023.3.4\bin;;C:\Users\james\AppData\Local\GitHubDesktop\bin
USERNAME=james
OS=Windows_NT
PROCESSOR_IDENTIFIER=Intel64 Family 6 Model 183 Stepping 1, GenuineIntel
TMP=C:\Users\james\AppData\Local\Temp
TEMP=C:\Users\james\AppData\Local\Temp



---------------  S Y S T E M  ---------------

OS: Windows 11 , 64 bit Build 22621 (10.0.22621.3235)
OS uptime: 1 days 23:09 hours
Hyper-V role detected

CPU:total 20 (initial active 20) (10 cores per cpu, 2 threads per core) family 6 model 183 stepping 1 microcode 0x11f, cmov, cx8, fxsr, mmx, sse, sse2, sse3, ssse3, sse4.1, sse4.2, popcnt, avx, avx2, aes, clmul, erms, 3dnowpref, lzcnt, ht, tsc, tscinvbit, bmi1, bmi2, adx, sha, fma

Memory: 4k page, system-wide physical 32535M (19481M free)
TotalPageFile size 34583M (AvailPageFile size 15080M)
current process WorkingSet (physical memory assigned to process): 174M, peak: 174M
current process commit charge ("private bytes"): 772M, peak: 772M

vm_info: OpenJDK 64-Bit Server VM (11.0.22+7-LTS) for windows-amd64 JRE (11.0.22+7-LTS), built on Jan 10 2024 19:54:00 by "Administrator" with MS VC++ 16.10 / 16.11 (VS2019)

END.
