#
# A fatal error has been detected by the Java Runtime Environment:
#
#  EXCEPTION_ACCESS_VIOLATION (0xc0000005) at pc=0x00007ff82a95d620, pid=3644, tid=11460
#
# JRE version: OpenJDK Runtime Environment Corretto-11.0.22.7.1 (11.0.22+7) (build 11.0.22+7-LTS)
# Java VM: OpenJDK 64-Bit Server VM Corretto-11.0.22.7.1 (11.0.22+7-LTS, mixed mode, tiered, compressed oops, g1 gc, windows-amd64)
# Problematic frame:
# C  [ig9icd64.dll+0x7d620]
#
# No core dump will be written. Minidumps are not enabled by default on client versions of Windows
#
# If you would like to submit a bug report, please visit:
#   https://github.com/corretto/corretto-11/issues/
# The crash happened outside the Java Virtual Machine in native code.
# See problematic frame for where to report the bug.
#

---------------  S U M M A R Y ------------

Command Line: -Dfile.encoding=windows-1252 -Duser.country=GB -Duser.language=en -Duser.variant com.heslington_hustle.game.DesktopLauncher

Host: Intel(R) Core(TM) i5-8500 CPU @ 3.00GHz, 6 cores, 15G,  Windows 10 , 64 bit Build 19041 (10.0.19041.3636)
Time: Wed Mar 13 12:32:17 2024 GMT Standard Time elapsed time: 5.724666 seconds (0d 0h 0m 5s)

---------------  T H R E A D  ---------------

Current thread (0x000002871f3b8800):  JavaThread "main" [_thread_in_native, id=11460, stack(0x000000d80ef00000,0x000000d80f000000)]

Stack: [0x000000d80ef00000,0x000000d80f000000],  sp=0x000000d80effecd8,  free space=1019k
Native frames: (J=compiled Java code, j=interpreted, Vv=VM code, C=native code)
C  [ig9icd64.dll+0x7d620]

Java frames: (J=compiled Java code, j=interpreted, Vv=VM code)
J 1238  org.lwjgl.opengl.GL11C.nglDrawElements(IIIJ)V (0 bytes) @ 0x0000028730e5779e [0x0000028730e57740+0x000000000000005e]
J 1278 c2 com.badlogic.gdx.graphics.g2d.SpriteBatch.flush()V (196 bytes) @ 0x0000028730e63470 [0x0000028730e63020+0x0000000000000450]
J 1322 c1 com.badlogic.gdx.graphics.g2d.SpriteBatch.draw(Lcom/badlogic/gdx/graphics/Texture;FFFF)V (279 bytes) @ 0x0000028729b1f8cc [0x0000028729b1f680+0x000000000000024c]
j  com.heslington_hustle.screens.GameScreen.render(F)V+552
j  com.badlogic.gdx.Game.render()V+19
j  com.heslington_hustle.game.Heslington_hustle.render()V+1
J 1352 c1 com.badlogic.gdx.backends.lwjgl3.Lwjgl3Window.update()Z (217 bytes) @ 0x0000028729b2b844 [0x0000028729b2aaa0+0x0000000000000da4]
j  com.badlogic.gdx.backends.lwjgl3.Lwjgl3Application.loop()V+111
j  com.badlogic.gdx.backends.lwjgl3.Lwjgl3Application.<init>(Lcom/badlogic/gdx/ApplicationListener;Lcom/badlogic/gdx/backends/lwjgl3/Lwjgl3ApplicationConfiguration;)V+269
j  com.heslington_hustle.game.DesktopLauncher.main([Ljava/lang/String;)V+41
v  ~StubRoutines::call_stub

siginfo: EXCEPTION_ACCESS_VIOLATION (0xc0000005), reading address 0x000002874828ebf0


Register to memory mapping:

RIP=0x00007ff82a95d620 ig9icd64.dll
RAX=0x000000000000000f is an unknown value
RBX=0x000000000000ffff is an unknown value
RCX=0x00000287493790ac points into unknown readable memory: dc 0e dd 0e
RDX=0x000002874828ebf0 is an unknown value
RSP=0x000000d80effecd8 is pointing into the stack for thread: 0x000002871f3b8800
RBP=0x0000000000000006 is an unknown value
RSI=0x000000d80effed90 is pointing into the stack for thread: 0x000002871f3b8800
RDI=0x0 is NULL
R8 =0x000000000000000c is an unknown value
R9 =0x000000d80effed90 is pointing into the stack for thread: 0x000002871f3b8800
R10=0x00000000010ea4bc is an unknown value
R11=0x0000000000000006 is an unknown value
R12=0x0 is NULL
R13=0x0000000000060000 is an unknown value
R14=0x0000028746e46770 points into unknown readable memory: 0x00000287493790ac | ac 90 37 49 87 02 00 00
R15=0x000000000000000c is an unknown value


Registers:
RAX=0x000000000000000f, RBX=0x000000000000ffff, RCX=0x00000287493790ac, RDX=0x000002874828ebf0
RSP=0x000000d80effecd8, RBP=0x0000000000000006, RSI=0x000000d80effed90, RDI=0x0000000000000000
R8 =0x000000000000000c, R9 =0x000000d80effed90, R10=0x00000000010ea4bc, R11=0x0000000000000006
R12=0x0000000000000000, R13=0x0000000000060000, R14=0x0000028746e46770, R15=0x000000000000000c
RIP=0x00007ff82a95d620, EFLAGS=0x0000000000010202

Top of Stack: (sp=0x000000d80effecd8)
0x000000d80effecd8:   00007ff82af4e1aa 0000000000060000
0x000000d80effece8:   000002874669d3e0 0000028746672580
0x000000d80effecf8:   000002874674f7f0 000000d80effed98
0x000000d80effed08:   0000000000000001 0000000000000006
0x000000d80effed18:   001605c25bfd0004 0000000000000001
0x000000d80effed28:   00007ff82b37d2ae 0000000000000004
0x000000d80effed38:   0000000000000000 0000000000000004
0x000000d80effed48:   0000000000000038 0000000000001403
0x000000d80effed58:   0000000000000001 0000028746672580
0x000000d80effed68:   0000000000000006 0000028746672580
0x000000d80effed78:   00007ff82b18ff09 bf80000000000000
0x000000d80effed88:   0000000000000004 0000000711538500
0x000000d80effed98:   0000000000000010 0000000000000004
0x000000d80effeda8:   0000000000000006 0000000000000000
0x000000d80effedb8:   00007ff82b37d720 000000000000ffff
0x000000d80effedc8:   0000000000001406 0000028746672580 

Instructions: (pc=0x00007ff82a95d620)
0x00007ff82a95d520:   83 c2 10 66 0f f9 c3 66 0f ea c8 66 0f ee d0 48
0x00007ff82a95d530:   83 e9 01 75 dd 66 0f fd cb 66 0f fd d3 66 0f c5
0x00007ff82a95d540:   c1 00 66 0f c5 c9 01 66 44 0f c5 c1 06 66 3b d8
0x00007ff82a95d550:   66 0f 46 c3 66 3b c1 66 0f 46 c8 66 0f c5 c1 02
0x00007ff82a95d560:   66 3b c8 66 0f 46 c1 66 0f c5 c9 03 66 3b c1 66
0x00007ff82a95d570:   0f 46 c8 66 0f c5 c1 04 66 3b c8 66 0f 46 c1 66
0x00007ff82a95d580:   0f c5 c9 05 66 3b c1 66 0f 46 c8 66 41 3b c8 66
0x00007ff82a95d590:   0f c5 c1 07 66 44 0f 46 c1 66 0f c5 ca 01 66 44
0x00007ff82a95d5a0:   3b c0 66 41 0f 46 c0 0f b7 d8 66 0f c5 c2 00 66
0x00007ff82a95d5b0:   44 0f c5 c2 06 66 3b f8 66 0f 43 c7 66 3b c1 66
0x00007ff82a95d5c0:   0f 43 c8 66 0f c5 c2 02 66 3b c8 66 0f 43 c1 66
0x00007ff82a95d5d0:   0f c5 ca 03 66 3b c1 66 0f 43 c8 66 0f c5 c2 04
0x00007ff82a95d5e0:   66 3b c8 66 0f 43 c1 66 0f c5 ca 05 66 3b c1 66
0x00007ff82a95d5f0:   0f 43 c8 66 41 3b c8 66 0f c5 c2 07 66 44 0f 43
0x00007ff82a95d600:   c1 66 44 3b c0 66 41 0f 43 c0 0f b7 f8 4d 85 db
0x00007ff82a95d610:   74 52 4c 2b d2 66 66 66 0f 1f 84 00 00 00 00 00
0x00007ff82a95d620:   0f b7 0a 66 41 89 0c 12 48 8d 52 02 66 3b d9 0f
0x00007ff82a95d630:   b7 c1 66 0f 46 c3 66 3b f9 0f b7 d8 66 0f 43 cf
0x00007ff82a95d640:   0f b7 f9 49 83 eb 01 75 d7 66 89 06 48 8b 44 24
0x00007ff82a95d650:   28 66 89 08 48 8b 5c 24 08 48 8b 74 24 10 48 8b
0x00007ff82a95d660:   7c 24 18 c3 48 8b 44 24 28 66 89 1e 48 8b 5c 24
0x00007ff82a95d670:   08 48 8b 74 24 10 66 89 38 48 8b 7c 24 18 c3 cc
0x00007ff82a95d680:   48 89 5c 24 10 56 48 83 ec 50 33 db 41 c1 e8 02
0x00007ff82a95d690:   41 8b f1 4c 8b d1 41 bb ff ff ff ff f6 c2 03 0f
0x00007ff82a95d6a0:   85 3e 02 00 00 83 bc 24 90 00 00 00 06 0f 8c 30
0x00007ff82a95d6b0:   02 00 00 0f 18 42 20 0f 18 42 40 41 83 f8 04 0f
0x00007ff82a95d6c0:   82 1e 02 00 00 44 8d 4a 0f 41 83 e1 f0 44 2b ca
0x00007ff82a95d6d0:   41 c1 e9 02 45 85 c9 74 3a 48 89 7c 24 60 41 8b
0x00007ff82a95d6e0:   f9 8b 0a 48 83 c2 04 41 89 0a 49 83 c2 04 3b ce
0x00007ff82a95d6f0:   74 13 44 3b d9 8b c1 41 0f 46 c3 3b d9 44 8b d8
0x00007ff82a95d700:   0f 43 cb 8b d9 48 83 ef 01 75 d6 48 8b 7c 24 60
0x00007ff82a95d710:   45 2b c1 41 83 f8 08 0f 82 c6 01 00 00 48 8b ce 


Stack slot to memory mapping:
stack at sp + 0 slots: 0x00007ff82af4e1aa ig9icd64.dll
stack at sp + 1 slots: 0x0000000000060000 is an unknown value
stack at sp + 2 slots: 0x000002874669d3e0 points into unknown readable memory: 0x000002874828ebf0 | f0 eb 28 48 87 02 00 00
stack at sp + 3 slots: 0x0000028746672580 points into unknown readable memory: 0x0000028746476980 | 80 69 47 46 87 02 00 00
stack at sp + 4 slots: 0x000002874674f7f0 points into unknown readable memory: 0x0000020000000000 | 00 00 00 00 00 02 00 00
stack at sp + 5 slots: 0x000000d80effed98 is pointing into the stack for thread: 0x000002871f3b8800
stack at sp + 6 slots: 0x0000000000000001 is an unknown value
stack at sp + 7 slots: 0x0000000000000006 is an unknown value


---------------  P R O C E S S  ---------------

Threads class SMR info:
_java_thread_list=0x00000287467b83f0, length=11, elements={
0x000002871f3b8800, 0x0000028744b37000, 0x00000287453e2800, 0x0000028745440800,
0x0000028745442000, 0x0000028745445000, 0x0000028745449800, 0x000002874544a800,
0x000002874544b800, 0x00000287455c9000, 0x0000028746438800
}

Java Threads: ( => current thread )
=>0x000002871f3b8800 JavaThread "main" [_thread_in_native, id=11460, stack(0x000000d80ef00000,0x000000d80f000000)]
  0x0000028744b37000 JavaThread "Reference Handler" daemon [_thread_blocked, id=2840, stack(0x000000d80f600000,0x000000d80f700000)]
  0x00000287453e2800 JavaThread "Finalizer" daemon [_thread_blocked, id=8612, stack(0x000000d80f700000,0x000000d80f800000)]
  0x0000028745440800 JavaThread "Signal Dispatcher" daemon [_thread_blocked, id=8808, stack(0x000000d80f800000,0x000000d80f900000)]
  0x0000028745442000 JavaThread "Attach Listener" daemon [_thread_blocked, id=10256, stack(0x000000d80f900000,0x000000d80fa00000)]
  0x0000028745445000 JavaThread "Service Thread" daemon [_thread_blocked, id=11596, stack(0x000000d80fa00000,0x000000d80fb00000)]
  0x0000028745449800 JavaThread "C2 CompilerThread0" daemon [_thread_blocked, id=2776, stack(0x000000d80fb00000,0x000000d80fc00000)]
  0x000002874544a800 JavaThread "C1 CompilerThread0" daemon [_thread_blocked, id=14040, stack(0x000000d80fc00000,0x000000d80fd00000)]
  0x000002874544b800 JavaThread "Sweeper thread" daemon [_thread_blocked, id=8372, stack(0x000000d80fd00000,0x000000d80fe00000)]
  0x00000287455c9000 JavaThread "Common-Cleaner" daemon [_thread_blocked, id=8304, stack(0x000000d80ff00000,0x000000d810000000)]
  0x0000028746438800 JavaThread "Thread-0" daemon [_thread_blocked, id=9680, stack(0x000000d810700000,0x000000d810800000)]

Other Threads:
  0x0000028744b30800 VMThread "VM Thread" [stack: 0x000000d80f500000,0x000000d80f600000] [id=10340]
  0x00000287455bd000 WatcherThread [stack: 0x000000d80fe00000,0x000000d80ff00000] [id=3800]
  0x000002871f3d1800 GCTaskThread "GC Thread#0" [stack: 0x000000d80f000000,0x000000d80f100000] [id=14320]
  0x0000028746f6e800 GCTaskThread "GC Thread#1" [stack: 0x000000d810b00000,0x000000d810c00000] [id=12216]
  0x000002874dd03000 GCTaskThread "GC Thread#2" [stack: 0x000000d810c00000,0x000000d810d00000] [id=4460]
  0x0000028746e6a800 GCTaskThread "GC Thread#3" [stack: 0x000000d810d00000,0x000000d810e00000] [id=2568]
  0x0000028746ebc000 GCTaskThread "GC Thread#4" [stack: 0x000000d810e00000,0x000000d810f00000] [id=13052]
  0x0000028746fc4800 GCTaskThread "GC Thread#5" [stack: 0x000000d810f00000,0x000000d811000000] [id=7336]
  0x000002871f42c000 ConcurrentGCThread "G1 Main Marker" [stack: 0x000000d80f100000,0x000000d80f200000] [id=12056]
  0x000002871f42e800 ConcurrentGCThread "G1 Conc#0" [stack: 0x000000d80f200000,0x000000d80f300000] [id=9548]
  0x0000028744a14800 ConcurrentGCThread "G1 Refine#0" [stack: 0x000000d80f300000,0x000000d80f400000] [id=1308]
  0x0000028744a15800 ConcurrentGCThread "G1 Young RemSet Sampling" [stack: 0x000000d80f400000,0x000000d80f500000] [id=1592]

Threads with active compile tasks:

VM state:not at safepoint (normal execution)

VM Mutex/Monitor currently owned by a thread: None

Heap address: 0x0000000702e00000, size: 4050 MB, Compressed Oops mode: Zero based, Oop shift amount: 3
Narrow klass base: 0x0000000800000000, Narrow klass shift: 0
Compressed class space size: 1073741824 Address: 0x0000000800000000

Heap:
 garbage-first heap   total 260096K, used 13732K [0x0000000702e00000, 0x0000000800000000)
  region size 1024K, 15 young (15360K), 3 survivors (3072K)
 Metaspace       used 13803K, capacity 13965K, committed 14336K, reserved 1062912K
  class space    used 1096K, capacity 1167K, committed 1280K, reserved 1048576K
Heap Regions: E=young(eden), S=young(survivor), O=old, HS=humongous(starts), HC=humongous(continues), CS=collection set, F=free, A=archive, TAMS=top-at-mark-start (previous, next)
|   0|0x0000000702e00000, 0x0000000702e00000, 0x0000000702f00000|  0%| F|  |TAMS 0x0000000702e00000, 0x0000000702e00000| Untracked 
|   1|0x0000000702f00000, 0x0000000702f00000, 0x0000000703000000|  0%| F|  |TAMS 0x0000000702f00000, 0x0000000702f00000| Untracked 
|   2|0x0000000703000000, 0x0000000703000000, 0x0000000703100000|  0%| F|  |TAMS 0x0000000703000000, 0x0000000703000000| Untracked 
|   3|0x0000000703100000, 0x0000000703100000, 0x0000000703200000|  0%| F|  |TAMS 0x0000000703100000, 0x0000000703100000| Untracked 
|   4|0x0000000703200000, 0x0000000703200000, 0x0000000703300000|  0%| F|  |TAMS 0x0000000703200000, 0x0000000703200000| Untracked 
|   5|0x0000000703300000, 0x0000000703300000, 0x0000000703400000|  0%| F|  |TAMS 0x0000000703300000, 0x0000000703300000| Untracked 
|   6|0x0000000703400000, 0x0000000703400000, 0x0000000703500000|  0%| F|  |TAMS 0x0000000703400000, 0x0000000703400000| Untracked 
|   7|0x0000000703500000, 0x0000000703500000, 0x0000000703600000|  0%| F|  |TAMS 0x0000000703500000, 0x0000000703500000| Untracked 
|   8|0x0000000703600000, 0x0000000703600000, 0x0000000703700000|  0%| F|  |TAMS 0x0000000703600000, 0x0000000703600000| Untracked 
|   9|0x0000000703700000, 0x0000000703700000, 0x0000000703800000|  0%| F|  |TAMS 0x0000000703700000, 0x0000000703700000| Untracked 
|  10|0x0000000703800000, 0x0000000703800000, 0x0000000703900000|  0%| F|  |TAMS 0x0000000703800000, 0x0000000703800000| Untracked 
|  11|0x0000000703900000, 0x0000000703900000, 0x0000000703a00000|  0%| F|  |TAMS 0x0000000703900000, 0x0000000703900000| Untracked 
|  12|0x0000000703a00000, 0x0000000703a00000, 0x0000000703b00000|  0%| F|  |TAMS 0x0000000703a00000, 0x0000000703a00000| Untracked 
|  13|0x0000000703b00000, 0x0000000703b00000, 0x0000000703c00000|  0%| F|  |TAMS 0x0000000703b00000, 0x0000000703b00000| Untracked 
|  14|0x0000000703c00000, 0x0000000703c00000, 0x0000000703d00000|  0%| F|  |TAMS 0x0000000703c00000, 0x0000000703c00000| Untracked 
|  15|0x0000000703d00000, 0x0000000703d00000, 0x0000000703e00000|  0%| F|  |TAMS 0x0000000703d00000, 0x0000000703d00000| Untracked 
|  16|0x0000000703e00000, 0x0000000703e00000, 0x0000000703f00000|  0%| F|  |TAMS 0x0000000703e00000, 0x0000000703e00000| Untracked 
|  17|0x0000000703f00000, 0x0000000703f00000, 0x0000000704000000|  0%| F|  |TAMS 0x0000000703f00000, 0x0000000703f00000| Untracked 
|  18|0x0000000704000000, 0x0000000704000000, 0x0000000704100000|  0%| F|  |TAMS 0x0000000704000000, 0x0000000704000000| Untracked 
|  19|0x0000000704100000, 0x0000000704100000, 0x0000000704200000|  0%| F|  |TAMS 0x0000000704100000, 0x0000000704100000| Untracked 
|  20|0x0000000704200000, 0x0000000704200000, 0x0000000704300000|  0%| F|  |TAMS 0x0000000704200000, 0x0000000704200000| Untracked 
|  21|0x0000000704300000, 0x0000000704300000, 0x0000000704400000|  0%| F|  |TAMS 0x0000000704300000, 0x0000000704300000| Untracked 
|  22|0x0000000704400000, 0x0000000704400000, 0x0000000704500000|  0%| F|  |TAMS 0x0000000704400000, 0x0000000704400000| Untracked 
|  23|0x0000000704500000, 0x0000000704500000, 0x0000000704600000|  0%| F|  |TAMS 0x0000000704500000, 0x0000000704500000| Untracked 
|  24|0x0000000704600000, 0x0000000704600000, 0x0000000704700000|  0%| F|  |TAMS 0x0000000704600000, 0x0000000704600000| Untracked 
|  25|0x0000000704700000, 0x0000000704700000, 0x0000000704800000|  0%| F|  |TAMS 0x0000000704700000, 0x0000000704700000| Untracked 
|  26|0x0000000704800000, 0x0000000704800000, 0x0000000704900000|  0%| F|  |TAMS 0x0000000704800000, 0x0000000704800000| Untracked 
|  27|0x0000000704900000, 0x0000000704900000, 0x0000000704a00000|  0%| F|  |TAMS 0x0000000704900000, 0x0000000704900000| Untracked 
|  28|0x0000000704a00000, 0x0000000704a00000, 0x0000000704b00000|  0%| F|  |TAMS 0x0000000704a00000, 0x0000000704a00000| Untracked 
|  29|0x0000000704b00000, 0x0000000704b00000, 0x0000000704c00000|  0%| F|  |TAMS 0x0000000704b00000, 0x0000000704b00000| Untracked 
|  30|0x0000000704c00000, 0x0000000704c00000, 0x0000000704d00000|  0%| F|  |TAMS 0x0000000704c00000, 0x0000000704c00000| Untracked 
|  31|0x0000000704d00000, 0x0000000704d00000, 0x0000000704e00000|  0%| F|  |TAMS 0x0000000704d00000, 0x0000000704d00000| Untracked 
|  32|0x0000000704e00000, 0x0000000704e00000, 0x0000000704f00000|  0%| F|  |TAMS 0x0000000704e00000, 0x0000000704e00000| Untracked 
|  33|0x0000000704f00000, 0x0000000704f00000, 0x0000000705000000|  0%| F|  |TAMS 0x0000000704f00000, 0x0000000704f00000| Untracked 
|  34|0x0000000705000000, 0x0000000705000000, 0x0000000705100000|  0%| F|  |TAMS 0x0000000705000000, 0x0000000705000000| Untracked 
|  35|0x0000000705100000, 0x0000000705100000, 0x0000000705200000|  0%| F|  |TAMS 0x0000000705100000, 0x0000000705100000| Untracked 
|  36|0x0000000705200000, 0x0000000705200000, 0x0000000705300000|  0%| F|  |TAMS 0x0000000705200000, 0x0000000705200000| Untracked 
|  37|0x0000000705300000, 0x0000000705300000, 0x0000000705400000|  0%| F|  |TAMS 0x0000000705300000, 0x0000000705300000| Untracked 
|  38|0x0000000705400000, 0x0000000705400000, 0x0000000705500000|  0%| F|  |TAMS 0x0000000705400000, 0x0000000705400000| Untracked 
|  39|0x0000000705500000, 0x0000000705500000, 0x0000000705600000|  0%| F|  |TAMS 0x0000000705500000, 0x0000000705500000| Untracked 
|  40|0x0000000705600000, 0x0000000705600000, 0x0000000705700000|  0%| F|  |TAMS 0x0000000705600000, 0x0000000705600000| Untracked 
|  41|0x0000000705700000, 0x0000000705700000, 0x0000000705800000|  0%| F|  |TAMS 0x0000000705700000, 0x0000000705700000| Untracked 
|  42|0x0000000705800000, 0x0000000705800000, 0x0000000705900000|  0%| F|  |TAMS 0x0000000705800000, 0x0000000705800000| Untracked 
|  43|0x0000000705900000, 0x0000000705900000, 0x0000000705a00000|  0%| F|  |TAMS 0x0000000705900000, 0x0000000705900000| Untracked 
|  44|0x0000000705a00000, 0x0000000705a00000, 0x0000000705b00000|  0%| F|  |TAMS 0x0000000705a00000, 0x0000000705a00000| Untracked 
|  45|0x0000000705b00000, 0x0000000705b00000, 0x0000000705c00000|  0%| F|  |TAMS 0x0000000705b00000, 0x0000000705b00000| Untracked 
|  46|0x0000000705c00000, 0x0000000705c00000, 0x0000000705d00000|  0%| F|  |TAMS 0x0000000705c00000, 0x0000000705c00000| Untracked 
|  47|0x0000000705d00000, 0x0000000705d00000, 0x0000000705e00000|  0%| F|  |TAMS 0x0000000705d00000, 0x0000000705d00000| Untracked 
|  48|0x0000000705e00000, 0x0000000705e00000, 0x0000000705f00000|  0%| F|  |TAMS 0x0000000705e00000, 0x0000000705e00000| Untracked 
|  49|0x0000000705f00000, 0x0000000705f00000, 0x0000000706000000|  0%| F|  |TAMS 0x0000000705f00000, 0x0000000705f00000| Untracked 
|  50|0x0000000706000000, 0x0000000706000000, 0x0000000706100000|  0%| F|  |TAMS 0x0000000706000000, 0x0000000706000000| Untracked 
|  51|0x0000000706100000, 0x0000000706100000, 0x0000000706200000|  0%| F|  |TAMS 0x0000000706100000, 0x0000000706100000| Untracked 
|  52|0x0000000706200000, 0x0000000706200000, 0x0000000706300000|  0%| F|  |TAMS 0x0000000706200000, 0x0000000706200000| Untracked 
|  53|0x0000000706300000, 0x0000000706300000, 0x0000000706400000|  0%| F|  |TAMS 0x0000000706300000, 0x0000000706300000| Untracked 
|  54|0x0000000706400000, 0x0000000706400000, 0x0000000706500000|  0%| F|  |TAMS 0x0000000706400000, 0x0000000706400000| Untracked 
|  55|0x0000000706500000, 0x0000000706500000, 0x0000000706600000|  0%| F|  |TAMS 0x0000000706500000, 0x0000000706500000| Untracked 
|  56|0x0000000706600000, 0x0000000706600000, 0x0000000706700000|  0%| F|  |TAMS 0x0000000706600000, 0x0000000706600000| Untracked 
|  57|0x0000000706700000, 0x0000000706700000, 0x0000000706800000|  0%| F|  |TAMS 0x0000000706700000, 0x0000000706700000| Untracked 
|  58|0x0000000706800000, 0x0000000706800000, 0x0000000706900000|  0%| F|  |TAMS 0x0000000706800000, 0x0000000706800000| Untracked 
|  59|0x0000000706900000, 0x0000000706900000, 0x0000000706a00000|  0%| F|  |TAMS 0x0000000706900000, 0x0000000706900000| Untracked 
|  60|0x0000000706a00000, 0x0000000706a00000, 0x0000000706b00000|  0%| F|  |TAMS 0x0000000706a00000, 0x0000000706a00000| Untracked 
|  61|0x0000000706b00000, 0x0000000706b00000, 0x0000000706c00000|  0%| F|  |TAMS 0x0000000706b00000, 0x0000000706b00000| Untracked 
|  62|0x0000000706c00000, 0x0000000706c00000, 0x0000000706d00000|  0%| F|  |TAMS 0x0000000706c00000, 0x0000000706c00000| Untracked 
|  63|0x0000000706d00000, 0x0000000706d00000, 0x0000000706e00000|  0%| F|  |TAMS 0x0000000706d00000, 0x0000000706d00000| Untracked 
|  64|0x0000000706e00000, 0x0000000706e00000, 0x0000000706f00000|  0%| F|  |TAMS 0x0000000706e00000, 0x0000000706e00000| Untracked 
|  65|0x0000000706f00000, 0x0000000706f00000, 0x0000000707000000|  0%| F|  |TAMS 0x0000000706f00000, 0x0000000706f00000| Untracked 
|  66|0x0000000707000000, 0x0000000707000000, 0x0000000707100000|  0%| F|  |TAMS 0x0000000707000000, 0x0000000707000000| Untracked 
|  67|0x0000000707100000, 0x0000000707100000, 0x0000000707200000|  0%| F|  |TAMS 0x0000000707100000, 0x0000000707100000| Untracked 
|  68|0x0000000707200000, 0x0000000707200000, 0x0000000707300000|  0%| F|  |TAMS 0x0000000707200000, 0x0000000707200000| Untracked 
|  69|0x0000000707300000, 0x0000000707300000, 0x0000000707400000|  0%| F|  |TAMS 0x0000000707300000, 0x0000000707300000| Untracked 
|  70|0x0000000707400000, 0x0000000707400000, 0x0000000707500000|  0%| F|  |TAMS 0x0000000707400000, 0x0000000707400000| Untracked 
|  71|0x0000000707500000, 0x0000000707500000, 0x0000000707600000|  0%| F|  |TAMS 0x0000000707500000, 0x0000000707500000| Untracked 
|  72|0x0000000707600000, 0x0000000707600000, 0x0000000707700000|  0%| F|  |TAMS 0x0000000707600000, 0x0000000707600000| Untracked 
|  73|0x0000000707700000, 0x0000000707700000, 0x0000000707800000|  0%| F|  |TAMS 0x0000000707700000, 0x0000000707700000| Untracked 
|  74|0x0000000707800000, 0x0000000707800000, 0x0000000707900000|  0%| F|  |TAMS 0x0000000707800000, 0x0000000707800000| Untracked 
|  75|0x0000000707900000, 0x0000000707900000, 0x0000000707a00000|  0%| F|  |TAMS 0x0000000707900000, 0x0000000707900000| Untracked 
|  76|0x0000000707a00000, 0x0000000707a00000, 0x0000000707b00000|  0%| F|  |TAMS 0x0000000707a00000, 0x0000000707a00000| Untracked 
|  77|0x0000000707b00000, 0x0000000707b00000, 0x0000000707c00000|  0%| F|  |TAMS 0x0000000707b00000, 0x0000000707b00000| Untracked 
|  78|0x0000000707c00000, 0x0000000707c00000, 0x0000000707d00000|  0%| F|  |TAMS 0x0000000707c00000, 0x0000000707c00000| Untracked 
|  79|0x0000000707d00000, 0x0000000707d00000, 0x0000000707e00000|  0%| F|  |TAMS 0x0000000707d00000, 0x0000000707d00000| Untracked 
|  80|0x0000000707e00000, 0x0000000707e00000, 0x0000000707f00000|  0%| F|  |TAMS 0x0000000707e00000, 0x0000000707e00000| Untracked 
|  81|0x0000000707f00000, 0x0000000707f00000, 0x0000000708000000|  0%| F|  |TAMS 0x0000000707f00000, 0x0000000707f00000| Untracked 
|  82|0x0000000708000000, 0x0000000708000000, 0x0000000708100000|  0%| F|  |TAMS 0x0000000708000000, 0x0000000708000000| Untracked 
|  83|0x0000000708100000, 0x0000000708100000, 0x0000000708200000|  0%| F|  |TAMS 0x0000000708100000, 0x0000000708100000| Untracked 
|  84|0x0000000708200000, 0x0000000708200000, 0x0000000708300000|  0%| F|  |TAMS 0x0000000708200000, 0x0000000708200000| Untracked 
|  85|0x0000000708300000, 0x0000000708300000, 0x0000000708400000|  0%| F|  |TAMS 0x0000000708300000, 0x0000000708300000| Untracked 
|  86|0x0000000708400000, 0x0000000708400000, 0x0000000708500000|  0%| F|  |TAMS 0x0000000708400000, 0x0000000708400000| Untracked 
|  87|0x0000000708500000, 0x0000000708500000, 0x0000000708600000|  0%| F|  |TAMS 0x0000000708500000, 0x0000000708500000| Untracked 
|  88|0x0000000708600000, 0x0000000708600000, 0x0000000708700000|  0%| F|  |TAMS 0x0000000708600000, 0x0000000708600000| Untracked 
|  89|0x0000000708700000, 0x0000000708700000, 0x0000000708800000|  0%| F|  |TAMS 0x0000000708700000, 0x0000000708700000| Untracked 
|  90|0x0000000708800000, 0x0000000708800000, 0x0000000708900000|  0%| F|  |TAMS 0x0000000708800000, 0x0000000708800000| Untracked 
|  91|0x0000000708900000, 0x0000000708900000, 0x0000000708a00000|  0%| F|  |TAMS 0x0000000708900000, 0x0000000708900000| Untracked 
|  92|0x0000000708a00000, 0x0000000708a00000, 0x0000000708b00000|  0%| F|  |TAMS 0x0000000708a00000, 0x0000000708a00000| Untracked 
|  93|0x0000000708b00000, 0x0000000708b00000, 0x0000000708c00000|  0%| F|  |TAMS 0x0000000708b00000, 0x0000000708b00000| Untracked 
|  94|0x0000000708c00000, 0x0000000708c00000, 0x0000000708d00000|  0%| F|  |TAMS 0x0000000708c00000, 0x0000000708c00000| Untracked 
|  95|0x0000000708d00000, 0x0000000708d00000, 0x0000000708e00000|  0%| F|  |TAMS 0x0000000708d00000, 0x0000000708d00000| Untracked 
|  96|0x0000000708e00000, 0x0000000708e00000, 0x0000000708f00000|  0%| F|  |TAMS 0x0000000708e00000, 0x0000000708e00000| Untracked 
|  97|0x0000000708f00000, 0x0000000708f00000, 0x0000000709000000|  0%| F|  |TAMS 0x0000000708f00000, 0x0000000708f00000| Untracked 
|  98|0x0000000709000000, 0x0000000709000000, 0x0000000709100000|  0%| F|  |TAMS 0x0000000709000000, 0x0000000709000000| Untracked 
|  99|0x0000000709100000, 0x0000000709100000, 0x0000000709200000|  0%| F|  |TAMS 0x0000000709100000, 0x0000000709100000| Untracked 
| 100|0x0000000709200000, 0x0000000709200000, 0x0000000709300000|  0%| F|  |TAMS 0x0000000709200000, 0x0000000709200000| Untracked 
| 101|0x0000000709300000, 0x0000000709300000, 0x0000000709400000|  0%| F|  |TAMS 0x0000000709300000, 0x0000000709300000| Untracked 
| 102|0x0000000709400000, 0x0000000709400000, 0x0000000709500000|  0%| F|  |TAMS 0x0000000709400000, 0x0000000709400000| Untracked 
| 103|0x0000000709500000, 0x0000000709500000, 0x0000000709600000|  0%| F|  |TAMS 0x0000000709500000, 0x0000000709500000| Untracked 
| 104|0x0000000709600000, 0x0000000709600000, 0x0000000709700000|  0%| F|  |TAMS 0x0000000709600000, 0x0000000709600000| Untracked 
| 105|0x0000000709700000, 0x0000000709700000, 0x0000000709800000|  0%| F|  |TAMS 0x0000000709700000, 0x0000000709700000| Untracked 
| 106|0x0000000709800000, 0x0000000709800000, 0x0000000709900000|  0%| F|  |TAMS 0x0000000709800000, 0x0000000709800000| Untracked 
| 107|0x0000000709900000, 0x0000000709900000, 0x0000000709a00000|  0%| F|  |TAMS 0x0000000709900000, 0x0000000709900000| Untracked 
| 108|0x0000000709a00000, 0x0000000709a00000, 0x0000000709b00000|  0%| F|  |TAMS 0x0000000709a00000, 0x0000000709a00000| Untracked 
| 109|0x0000000709b00000, 0x0000000709b00000, 0x0000000709c00000|  0%| F|  |TAMS 0x0000000709b00000, 0x0000000709b00000| Untracked 
| 110|0x0000000709c00000, 0x0000000709c00000, 0x0000000709d00000|  0%| F|  |TAMS 0x0000000709c00000, 0x0000000709c00000| Untracked 
| 111|0x0000000709d00000, 0x0000000709d00000, 0x0000000709e00000|  0%| F|  |TAMS 0x0000000709d00000, 0x0000000709d00000| Untracked 
| 112|0x0000000709e00000, 0x0000000709e00000, 0x0000000709f00000|  0%| F|  |TAMS 0x0000000709e00000, 0x0000000709e00000| Untracked 
| 113|0x0000000709f00000, 0x0000000709f00000, 0x000000070a000000|  0%| F|  |TAMS 0x0000000709f00000, 0x0000000709f00000| Untracked 
| 114|0x000000070a000000, 0x000000070a000000, 0x000000070a100000|  0%| F|  |TAMS 0x000000070a000000, 0x000000070a000000| Untracked 
| 115|0x000000070a100000, 0x000000070a100000, 0x000000070a200000|  0%| F|  |TAMS 0x000000070a100000, 0x000000070a100000| Untracked 
| 116|0x000000070a200000, 0x000000070a200000, 0x000000070a300000|  0%| F|  |TAMS 0x000000070a200000, 0x000000070a200000| Untracked 
| 117|0x000000070a300000, 0x000000070a300000, 0x000000070a400000|  0%| F|  |TAMS 0x000000070a300000, 0x000000070a300000| Untracked 
| 118|0x000000070a400000, 0x000000070a400000, 0x000000070a500000|  0%| F|  |TAMS 0x000000070a400000, 0x000000070a400000| Untracked 
| 119|0x000000070a500000, 0x000000070a500000, 0x000000070a600000|  0%| F|  |TAMS 0x000000070a500000, 0x000000070a500000| Untracked 
| 120|0x000000070a600000, 0x000000070a600000, 0x000000070a700000|  0%| F|  |TAMS 0x000000070a600000, 0x000000070a600000| Untracked 
| 121|0x000000070a700000, 0x000000070a700000, 0x000000070a800000|  0%| F|  |TAMS 0x000000070a700000, 0x000000070a700000| Untracked 
| 122|0x000000070a800000, 0x000000070a800000, 0x000000070a900000|  0%| F|  |TAMS 0x000000070a800000, 0x000000070a800000| Untracked 
| 123|0x000000070a900000, 0x000000070a900000, 0x000000070aa00000|  0%| F|  |TAMS 0x000000070a900000, 0x000000070a900000| Untracked 
| 124|0x000000070aa00000, 0x000000070aa00000, 0x000000070ab00000|  0%| F|  |TAMS 0x000000070aa00000, 0x000000070aa00000| Untracked 
| 125|0x000000070ab00000, 0x000000070ab00000, 0x000000070ac00000|  0%| F|  |TAMS 0x000000070ab00000, 0x000000070ab00000| Untracked 
| 126|0x000000070ac00000, 0x000000070ac00000, 0x000000070ad00000|  0%| F|  |TAMS 0x000000070ac00000, 0x000000070ac00000| Untracked 
| 127|0x000000070ad00000, 0x000000070ad00000, 0x000000070ae00000|  0%| F|  |TAMS 0x000000070ad00000, 0x000000070ad00000| Untracked 
| 128|0x000000070ae00000, 0x000000070ae00000, 0x000000070af00000|  0%| F|  |TAMS 0x000000070ae00000, 0x000000070ae00000| Untracked 
| 129|0x000000070af00000, 0x000000070af00000, 0x000000070b000000|  0%| F|  |TAMS 0x000000070af00000, 0x000000070af00000| Untracked 
| 130|0x000000070b000000, 0x000000070b000000, 0x000000070b100000|  0%| F|  |TAMS 0x000000070b000000, 0x000000070b000000| Untracked 
| 131|0x000000070b100000, 0x000000070b100000, 0x000000070b200000|  0%| F|  |TAMS 0x000000070b100000, 0x000000070b100000| Untracked 
| 132|0x000000070b200000, 0x000000070b200000, 0x000000070b300000|  0%| F|  |TAMS 0x000000070b200000, 0x000000070b200000| Untracked 
| 133|0x000000070b300000, 0x000000070b300000, 0x000000070b400000|  0%| F|  |TAMS 0x000000070b300000, 0x000000070b300000| Untracked 
| 134|0x000000070b400000, 0x000000070b400000, 0x000000070b500000|  0%| F|  |TAMS 0x000000070b400000, 0x000000070b400000| Untracked 
| 135|0x000000070b500000, 0x000000070b500000, 0x000000070b600000|  0%| F|  |TAMS 0x000000070b500000, 0x000000070b500000| Untracked 
| 136|0x000000070b600000, 0x000000070b600000, 0x000000070b700000|  0%| F|  |TAMS 0x000000070b600000, 0x000000070b600000| Untracked 
| 137|0x000000070b700000, 0x000000070b700000, 0x000000070b800000|  0%| F|  |TAMS 0x000000070b700000, 0x000000070b700000| Untracked 
| 138|0x000000070b800000, 0x000000070b800000, 0x000000070b900000|  0%| F|  |TAMS 0x000000070b800000, 0x000000070b800000| Untracked 
| 139|0x000000070b900000, 0x000000070b900000, 0x000000070ba00000|  0%| F|  |TAMS 0x000000070b900000, 0x000000070b900000| Untracked 
| 140|0x000000070ba00000, 0x000000070ba00000, 0x000000070bb00000|  0%| F|  |TAMS 0x000000070ba00000, 0x000000070ba00000| Untracked 
| 141|0x000000070bb00000, 0x000000070bb00000, 0x000000070bc00000|  0%| F|  |TAMS 0x000000070bb00000, 0x000000070bb00000| Untracked 
| 142|0x000000070bc00000, 0x000000070bc00000, 0x000000070bd00000|  0%| F|  |TAMS 0x000000070bc00000, 0x000000070bc00000| Untracked 
| 143|0x000000070bd00000, 0x000000070bd00000, 0x000000070be00000|  0%| F|  |TAMS 0x000000070bd00000, 0x000000070bd00000| Untracked 
| 144|0x000000070be00000, 0x000000070be00000, 0x000000070bf00000|  0%| F|  |TAMS 0x000000070be00000, 0x000000070be00000| Untracked 
| 145|0x000000070bf00000, 0x000000070bf00000, 0x000000070c000000|  0%| F|  |TAMS 0x000000070bf00000, 0x000000070bf00000| Untracked 
| 146|0x000000070c000000, 0x000000070c000000, 0x000000070c100000|  0%| F|  |TAMS 0x000000070c000000, 0x000000070c000000| Untracked 
| 147|0x000000070c100000, 0x000000070c100000, 0x000000070c200000|  0%| F|  |TAMS 0x000000070c100000, 0x000000070c100000| Untracked 
| 148|0x000000070c200000, 0x000000070c200000, 0x000000070c300000|  0%| F|  |TAMS 0x000000070c200000, 0x000000070c200000| Untracked 
| 149|0x000000070c300000, 0x000000070c300000, 0x000000070c400000|  0%| F|  |TAMS 0x000000070c300000, 0x000000070c300000| Untracked 
| 150|0x000000070c400000, 0x000000070c400000, 0x000000070c500000|  0%| F|  |TAMS 0x000000070c400000, 0x000000070c400000| Untracked 
| 151|0x000000070c500000, 0x000000070c500000, 0x000000070c600000|  0%| F|  |TAMS 0x000000070c500000, 0x000000070c500000| Untracked 
| 152|0x000000070c600000, 0x000000070c600000, 0x000000070c700000|  0%| F|  |TAMS 0x000000070c600000, 0x000000070c600000| Untracked 
| 153|0x000000070c700000, 0x000000070c700000, 0x000000070c800000|  0%| F|  |TAMS 0x000000070c700000, 0x000000070c700000| Untracked 
| 154|0x000000070c800000, 0x000000070c800000, 0x000000070c900000|  0%| F|  |TAMS 0x000000070c800000, 0x000000070c800000| Untracked 
| 155|0x000000070c900000, 0x000000070c900000, 0x000000070ca00000|  0%| F|  |TAMS 0x000000070c900000, 0x000000070c900000| Untracked 
| 156|0x000000070ca00000, 0x000000070ca00000, 0x000000070cb00000|  0%| F|  |TAMS 0x000000070ca00000, 0x000000070ca00000| Untracked 
| 157|0x000000070cb00000, 0x000000070cb00000, 0x000000070cc00000|  0%| F|  |TAMS 0x000000070cb00000, 0x000000070cb00000| Untracked 
| 158|0x000000070cc00000, 0x000000070cc00000, 0x000000070cd00000|  0%| F|  |TAMS 0x000000070cc00000, 0x000000070cc00000| Untracked 
| 159|0x000000070cd00000, 0x000000070cd00000, 0x000000070ce00000|  0%| F|  |TAMS 0x000000070cd00000, 0x000000070cd00000| Untracked 
| 160|0x000000070ce00000, 0x000000070ce00000, 0x000000070cf00000|  0%| F|  |TAMS 0x000000070ce00000, 0x000000070ce00000| Untracked 
| 161|0x000000070cf00000, 0x000000070cf00000, 0x000000070d000000|  0%| F|  |TAMS 0x000000070cf00000, 0x000000070cf00000| Untracked 
| 162|0x000000070d000000, 0x000000070d000000, 0x000000070d100000|  0%| F|  |TAMS 0x000000070d000000, 0x000000070d000000| Untracked 
| 163|0x000000070d100000, 0x000000070d100000, 0x000000070d200000|  0%| F|  |TAMS 0x000000070d100000, 0x000000070d100000| Untracked 
| 164|0x000000070d200000, 0x000000070d200000, 0x000000070d300000|  0%| F|  |TAMS 0x000000070d200000, 0x000000070d200000| Untracked 
| 165|0x000000070d300000, 0x000000070d300000, 0x000000070d400000|  0%| F|  |TAMS 0x000000070d300000, 0x000000070d300000| Untracked 
| 166|0x000000070d400000, 0x000000070d400000, 0x000000070d500000|  0%| F|  |TAMS 0x000000070d400000, 0x000000070d400000| Untracked 
| 167|0x000000070d500000, 0x000000070d500000, 0x000000070d600000|  0%| F|  |TAMS 0x000000070d500000, 0x000000070d500000| Untracked 
| 168|0x000000070d600000, 0x000000070d600000, 0x000000070d700000|  0%| F|  |TAMS 0x000000070d600000, 0x000000070d600000| Untracked 
| 169|0x000000070d700000, 0x000000070d700000, 0x000000070d800000|  0%| F|  |TAMS 0x000000070d700000, 0x000000070d700000| Untracked 
| 170|0x000000070d800000, 0x000000070d800000, 0x000000070d900000|  0%| F|  |TAMS 0x000000070d800000, 0x000000070d800000| Untracked 
| 171|0x000000070d900000, 0x000000070d900000, 0x000000070da00000|  0%| F|  |TAMS 0x000000070d900000, 0x000000070d900000| Untracked 
| 172|0x000000070da00000, 0x000000070da00000, 0x000000070db00000|  0%| F|  |TAMS 0x000000070da00000, 0x000000070da00000| Untracked 
| 173|0x000000070db00000, 0x000000070db00000, 0x000000070dc00000|  0%| F|  |TAMS 0x000000070db00000, 0x000000070db00000| Untracked 
| 174|0x000000070dc00000, 0x000000070dc00000, 0x000000070dd00000|  0%| F|  |TAMS 0x000000070dc00000, 0x000000070dc00000| Untracked 
| 175|0x000000070dd00000, 0x000000070dd00000, 0x000000070de00000|  0%| F|  |TAMS 0x000000070dd00000, 0x000000070dd00000| Untracked 
| 176|0x000000070de00000, 0x000000070de00000, 0x000000070df00000|  0%| F|  |TAMS 0x000000070de00000, 0x000000070de00000| Untracked 
| 177|0x000000070df00000, 0x000000070df00000, 0x000000070e000000|  0%| F|  |TAMS 0x000000070df00000, 0x000000070df00000| Untracked 
| 178|0x000000070e000000, 0x000000070e000000, 0x000000070e100000|  0%| F|  |TAMS 0x000000070e000000, 0x000000070e000000| Untracked 
| 179|0x000000070e100000, 0x000000070e100000, 0x000000070e200000|  0%| F|  |TAMS 0x000000070e100000, 0x000000070e100000| Untracked 
| 180|0x000000070e200000, 0x000000070e200000, 0x000000070e300000|  0%| F|  |TAMS 0x000000070e200000, 0x000000070e200000| Untracked 
| 181|0x000000070e300000, 0x000000070e300000, 0x000000070e400000|  0%| F|  |TAMS 0x000000070e300000, 0x000000070e300000| Untracked 
| 182|0x000000070e400000, 0x000000070e400000, 0x000000070e500000|  0%| F|  |TAMS 0x000000070e400000, 0x000000070e400000| Untracked 
| 183|0x000000070e500000, 0x000000070e500000, 0x000000070e600000|  0%| F|  |TAMS 0x000000070e500000, 0x000000070e500000| Untracked 
| 184|0x000000070e600000, 0x000000070e600000, 0x000000070e700000|  0%| F|  |TAMS 0x000000070e600000, 0x000000070e600000| Untracked 
| 185|0x000000070e700000, 0x000000070e700000, 0x000000070e800000|  0%| F|  |TAMS 0x000000070e700000, 0x000000070e700000| Untracked 
| 186|0x000000070e800000, 0x000000070e800000, 0x000000070e900000|  0%| F|  |TAMS 0x000000070e800000, 0x000000070e800000| Untracked 
| 187|0x000000070e900000, 0x000000070e900000, 0x000000070ea00000|  0%| F|  |TAMS 0x000000070e900000, 0x000000070e900000| Untracked 
| 188|0x000000070ea00000, 0x000000070ea00000, 0x000000070eb00000|  0%| F|  |TAMS 0x000000070ea00000, 0x000000070ea00000| Untracked 
| 189|0x000000070eb00000, 0x000000070eb00000, 0x000000070ec00000|  0%| F|  |TAMS 0x000000070eb00000, 0x000000070eb00000| Untracked 
| 190|0x000000070ec00000, 0x000000070ec00000, 0x000000070ed00000|  0%| F|  |TAMS 0x000000070ec00000, 0x000000070ec00000| Untracked 
| 191|0x000000070ed00000, 0x000000070ed00000, 0x000000070ee00000|  0%| F|  |TAMS 0x000000070ed00000, 0x000000070ed00000| Untracked 
| 192|0x000000070ee00000, 0x000000070ee00000, 0x000000070ef00000|  0%| F|  |TAMS 0x000000070ee00000, 0x000000070ee00000| Untracked 
| 193|0x000000070ef00000, 0x000000070ef00000, 0x000000070f000000|  0%| F|  |TAMS 0x000000070ef00000, 0x000000070ef00000| Untracked 
| 194|0x000000070f000000, 0x000000070f000000, 0x000000070f100000|  0%| F|  |TAMS 0x000000070f000000, 0x000000070f000000| Untracked 
| 195|0x000000070f100000, 0x000000070f100000, 0x000000070f200000|  0%| F|  |TAMS 0x000000070f100000, 0x000000070f100000| Untracked 
| 196|0x000000070f200000, 0x000000070f200000, 0x000000070f300000|  0%| F|  |TAMS 0x000000070f200000, 0x000000070f200000| Untracked 
| 197|0x000000070f300000, 0x000000070f300000, 0x000000070f400000|  0%| F|  |TAMS 0x000000070f300000, 0x000000070f300000| Untracked 
| 198|0x000000070f400000, 0x000000070f400000, 0x000000070f500000|  0%| F|  |TAMS 0x000000070f400000, 0x000000070f400000| Untracked 
| 199|0x000000070f500000, 0x000000070f500000, 0x000000070f600000|  0%| F|  |TAMS 0x000000070f500000, 0x000000070f500000| Untracked 
| 200|0x000000070f600000, 0x000000070f600000, 0x000000070f700000|  0%| F|  |TAMS 0x000000070f600000, 0x000000070f600000| Untracked 
| 201|0x000000070f700000, 0x000000070f700000, 0x000000070f800000|  0%| F|  |TAMS 0x000000070f700000, 0x000000070f700000| Untracked 
| 202|0x000000070f800000, 0x000000070f800000, 0x000000070f900000|  0%| F|  |TAMS 0x000000070f800000, 0x000000070f800000| Untracked 
| 203|0x000000070f900000, 0x000000070f900000, 0x000000070fa00000|  0%| F|  |TAMS 0x000000070f900000, 0x000000070f900000| Untracked 
| 204|0x000000070fa00000, 0x000000070fa00000, 0x000000070fb00000|  0%| F|  |TAMS 0x000000070fa00000, 0x000000070fa00000| Untracked 
| 205|0x000000070fb00000, 0x000000070fb00000, 0x000000070fc00000|  0%| F|  |TAMS 0x000000070fb00000, 0x000000070fb00000| Untracked 
| 206|0x000000070fc00000, 0x000000070fc00000, 0x000000070fd00000|  0%| F|  |TAMS 0x000000070fc00000, 0x000000070fc00000| Untracked 
| 207|0x000000070fd00000, 0x000000070fd00000, 0x000000070fe00000|  0%| F|  |TAMS 0x000000070fd00000, 0x000000070fd00000| Untracked 
| 208|0x000000070fe00000, 0x000000070fe00000, 0x000000070ff00000|  0%| F|  |TAMS 0x000000070fe00000, 0x000000070fe00000| Untracked 
| 209|0x000000070ff00000, 0x000000070ff00000, 0x0000000710000000|  0%| F|  |TAMS 0x000000070ff00000, 0x000000070ff00000| Untracked 
| 210|0x0000000710000000, 0x0000000710000000, 0x0000000710100000|  0%| F|  |TAMS 0x0000000710000000, 0x0000000710000000| Untracked 
| 211|0x0000000710100000, 0x0000000710100000, 0x0000000710200000|  0%| F|  |TAMS 0x0000000710100000, 0x0000000710100000| Untracked 
| 212|0x0000000710200000, 0x0000000710200000, 0x0000000710300000|  0%| F|  |TAMS 0x0000000710200000, 0x0000000710200000| Untracked 
| 213|0x0000000710300000, 0x0000000710300000, 0x0000000710400000|  0%| F|  |TAMS 0x0000000710300000, 0x0000000710300000| Untracked 
| 214|0x0000000710400000, 0x0000000710400000, 0x0000000710500000|  0%| F|  |TAMS 0x0000000710400000, 0x0000000710400000| Untracked 
| 215|0x0000000710500000, 0x0000000710500000, 0x0000000710600000|  0%| F|  |TAMS 0x0000000710500000, 0x0000000710500000| Untracked 
| 216|0x0000000710600000, 0x0000000710600000, 0x0000000710700000|  0%| F|  |TAMS 0x0000000710600000, 0x0000000710600000| Untracked 
| 217|0x0000000710700000, 0x0000000710700000, 0x0000000710800000|  0%| F|  |TAMS 0x0000000710700000, 0x0000000710700000| Untracked 
| 218|0x0000000710800000, 0x0000000710800000, 0x0000000710900000|  0%| F|  |TAMS 0x0000000710800000, 0x0000000710800000| Untracked 
| 219|0x0000000710900000, 0x0000000710900000, 0x0000000710a00000|  0%| F|  |TAMS 0x0000000710900000, 0x0000000710900000| Untracked 
| 220|0x0000000710a00000, 0x0000000710a00000, 0x0000000710b00000|  0%| F|  |TAMS 0x0000000710a00000, 0x0000000710a00000| Untracked 
| 221|0x0000000710b00000, 0x0000000710b00000, 0x0000000710c00000|  0%| F|  |TAMS 0x0000000710b00000, 0x0000000710b00000| Untracked 
| 222|0x0000000710c00000, 0x0000000710c00000, 0x0000000710d00000|  0%| F|  |TAMS 0x0000000710c00000, 0x0000000710c00000| Untracked 
| 223|0x0000000710d00000, 0x0000000710d00000, 0x0000000710e00000|  0%| F|  |TAMS 0x0000000710d00000, 0x0000000710d00000| Untracked 
| 224|0x0000000710e00000, 0x0000000710e00000, 0x0000000710f00000|  0%| F|  |TAMS 0x0000000710e00000, 0x0000000710e00000| Untracked 
| 225|0x0000000710f00000, 0x0000000710f00000, 0x0000000711000000|  0%| F|  |TAMS 0x0000000710f00000, 0x0000000710f00000| Untracked 
| 226|0x0000000711000000, 0x0000000711000000, 0x0000000711100000|  0%| F|  |TAMS 0x0000000711000000, 0x0000000711000000| Untracked 
| 227|0x0000000711100000, 0x0000000711100000, 0x0000000711200000|  0%| F|  |TAMS 0x0000000711100000, 0x0000000711100000| Untracked 
| 228|0x0000000711200000, 0x0000000711200000, 0x0000000711300000|  0%| F|  |TAMS 0x0000000711200000, 0x0000000711200000| Untracked 
| 229|0x0000000711300000, 0x0000000711369290, 0x0000000711400000| 41%| S|CS|TAMS 0x0000000711300000, 0x0000000711300000| Complete 
| 230|0x0000000711400000, 0x0000000711500000, 0x0000000711500000|100%| S|CS|TAMS 0x0000000711400000, 0x0000000711400000| Complete 
| 231|0x0000000711500000, 0x0000000711600000, 0x0000000711600000|100%| S|CS|TAMS 0x0000000711500000, 0x0000000711500000| Complete 
| 232|0x0000000711600000, 0x0000000711600000, 0x0000000711700000|  0%| F|  |TAMS 0x0000000711600000, 0x0000000711600000| Untracked 
| 233|0x0000000711700000, 0x0000000711700000, 0x0000000711800000|  0%| F|  |TAMS 0x0000000711700000, 0x0000000711700000| Untracked 
| 234|0x0000000711800000, 0x0000000711800000, 0x0000000711900000|  0%| F|  |TAMS 0x0000000711800000, 0x0000000711800000| Untracked 
| 235|0x0000000711900000, 0x0000000711900000, 0x0000000711a00000|  0%| F|  |TAMS 0x0000000711900000, 0x0000000711900000| Untracked 
| 236|0x0000000711a00000, 0x0000000711a00000, 0x0000000711b00000|  0%| F|  |TAMS 0x0000000711a00000, 0x0000000711a00000| Untracked 
| 237|0x0000000711b00000, 0x0000000711b00000, 0x0000000711c00000|  0%| F|  |TAMS 0x0000000711b00000, 0x0000000711b00000| Untracked 
| 238|0x0000000711c00000, 0x0000000711c00000, 0x0000000711d00000|  0%| F|  |TAMS 0x0000000711c00000, 0x0000000711c00000| Untracked 
| 239|0x0000000711d00000, 0x0000000711d00000, 0x0000000711e00000|  0%| F|  |TAMS 0x0000000711d00000, 0x0000000711d00000| Untracked 
| 240|0x0000000711e00000, 0x0000000711e00000, 0x0000000711f00000|  0%| F|  |TAMS 0x0000000711e00000, 0x0000000711e00000| Untracked 
| 241|0x0000000711f00000, 0x0000000711f00000, 0x0000000712000000|  0%| F|  |TAMS 0x0000000711f00000, 0x0000000711f00000| Untracked 
| 242|0x0000000712000000, 0x0000000712100000, 0x0000000712100000|100%| E|  |TAMS 0x0000000712000000, 0x0000000712000000| Complete 
| 243|0x0000000712100000, 0x0000000712200000, 0x0000000712200000|100%| E|CS|TAMS 0x0000000712100000, 0x0000000712100000| Complete 
| 244|0x0000000712200000, 0x0000000712300000, 0x0000000712300000|100%| E|CS|TAMS 0x0000000712200000, 0x0000000712200000| Complete 
| 245|0x0000000712300000, 0x0000000712400000, 0x0000000712400000|100%| E|CS|TAMS 0x0000000712300000, 0x0000000712300000| Complete 
| 246|0x0000000712400000, 0x0000000712500000, 0x0000000712500000|100%| E|CS|TAMS 0x0000000712400000, 0x0000000712400000| Complete 
| 247|0x0000000712500000, 0x0000000712600000, 0x0000000712600000|100%| E|CS|TAMS 0x0000000712500000, 0x0000000712500000| Complete 
| 248|0x0000000712600000, 0x0000000712700000, 0x0000000712700000|100%| E|CS|TAMS 0x0000000712600000, 0x0000000712600000| Complete 
| 249|0x0000000712700000, 0x0000000712800000, 0x0000000712800000|100%| E|CS|TAMS 0x0000000712700000, 0x0000000712700000| Complete 
| 250|0x0000000712800000, 0x0000000712900000, 0x0000000712900000|100%| E|CS|TAMS 0x0000000712800000, 0x0000000712800000| Complete 
| 251|0x0000000712900000, 0x0000000712a00000, 0x0000000712a00000|100%| E|CS|TAMS 0x0000000712900000, 0x0000000712900000| Complete 
| 252|0x0000000712a00000, 0x0000000712b00000, 0x0000000712b00000|100%| E|CS|TAMS 0x0000000712a00000, 0x0000000712a00000| Complete 
| 253|0x0000000712b00000, 0x0000000712c00000, 0x0000000712c00000|100%| E|CS|TAMS 0x0000000712b00000, 0x0000000712b00000| Complete 

Card table byte_map: [0x0000028739350000,0x0000028739b40000] _byte_map_base: 0x0000028735b39000

Marking Bits (Prev, Next): (CMBitMap*) 0x000002871f41b4e8, (CMBitMap*) 0x000002871f41b520
 Prev Bits: [0x000002873a330000, 0x000002873e278000)
 Next Bits: [0x000002873e280000, 0x00000287421c8000)

Polling page: 0x000002871f470000

Metaspace:

Usage:
  Non-class:     12.50 MB capacity,    12.41 MB (>99%) used,    75.38 KB ( <1%) free+waste,    15.19 KB ( <1%) overhead. 
      Class:      1.14 MB capacity,     1.07 MB ( 94%) used,    64.79 KB (  6%) free+waste,     5.88 KB ( <1%) overhead. 
       Both:     13.64 MB capacity,    13.48 MB ( 99%) used,   140.16 KB (  1%) free+waste,    21.06 KB ( <1%) overhead. 

Virtual space:
  Non-class space:       14.00 MB reserved,      12.75 MB ( 91%) committed 
      Class space:        1.00 GB reserved,       1.25 MB ( <1%) committed 
             Both:        1.01 GB reserved,      14.00 MB (  1%) committed 

Chunk freelists:
   Non-Class:  66.00 KB
       Class:  17.00 KB
        Both:  83.00 KB

MaxMetaspaceSize: 17179869184.00 GB
CompressedClassSpaceSize: 1.00 GB
Initial GC threshold: 20.80 MB
Current GC threshold: 20.80 MB
CDS: off

CodeHeap 'non-profiled nmethods': size=120064Kb used=585Kb max_used=585Kb free=119478Kb
 bounds [0x0000028730de0000, 0x0000028731050000, 0x0000028738320000]
CodeHeap 'profiled nmethods': size=120000Kb used=2596Kb max_used=2596Kb free=117403Kb
 bounds [0x00000287298b0000, 0x0000028729b40000, 0x0000028730de0000]
CodeHeap 'non-nmethods': size=5696Kb used=1649Kb max_used=1673Kb free=4046Kb
 bounds [0x0000028729320000, 0x0000028729590000, 0x00000287298b0000]
 total_blobs=2448 nmethods=1384 adapters=977
 compilation: enabled
              stopped_count=0, restarted_count=0
 full_count=0

Compilation events (20 events):
Event: 5.704 Thread 0x000002874544a800 1378       3       java.lang.reflect.AccessibleObject::checkCanSetAccessible (9 bytes)
Event: 5.704 Thread 0x000002874544a800 nmethod 1378 0x0000028729b34690 code [0x0000028729b34840, 0x0000028729b34968]
Event: 5.704 Thread 0x000002874544a800 1379       3       java.lang.reflect.Field::isSynthetic (8 bytes)
Event: 5.704 Thread 0x000002874544a800 nmethod 1379 0x0000028729b34a10 code [0x0000028729b34bc0, 0x0000028729b34d98]
Event: 5.704 Thread 0x000002874544a800 1380       3       java.lang.reflect.Modifier::isSynthetic (14 bytes)
Event: 5.704 Thread 0x000002874544a800 nmethod 1380 0x0000028729b34e90 code [0x0000028729b35040, 0x0000028729b35178]
Event: 5.704 Thread 0x000002874544a800 1381       3       com.badlogic.gdx.utils.reflect.Field::<init> (10 bytes)
Event: 5.704 Thread 0x000002874544a800 nmethod 1381 0x0000028729b35210 code [0x0000028729b353c0, 0x0000028729b35578]
Event: 5.704 Thread 0x000002874544a800 1374       3       com.badlogic.gdx.scenes.scene2d.ui.Skin$1::readValue (41 bytes)
Event: 5.704 Thread 0x000002874544a800 nmethod 1374 0x0000028729b35610 code [0x0000028729b35820, 0x0000028729b35c78]
Event: 5.704 Thread 0x000002874544a800 1382       3       java.lang.reflect.Field::setAccessible (21 bytes)
Event: 5.705 Thread 0x000002874544a800 nmethod 1382 0x0000028729b35e90 code [0x0000028729b360a0, 0x0000028729b365e8]
Event: 5.705 Thread 0x000002874544a800 1383       3       com.badlogic.gdx.utils.reflect.Field::getName (8 bytes)
Event: 5.706 Thread 0x000002874544a800 nmethod 1383 0x0000028729b36810 code [0x0000028729b369c0, 0x0000028729b36af8]
Event: 5.706 Thread 0x000002874544a800 1373       3       java.nio.HeapCharBuffer::<init> (21 bytes)
Event: 5.706 Thread 0x000002874544a800 nmethod 1373 0x0000028729b36b90 code [0x0000028729b36d60, 0x0000028729b36fa8]
Event: 5.706 Thread 0x000002874544a800 1384   !   3       com.badlogic.gdx.utils.reflect.Field::set (77 bytes)
Event: 5.706 Thread 0x000002874544a800 nmethod 1384 0x0000028729b37110 code [0x0000028729b374a0, 0x0000028729b38878]
Event: 5.706 Thread 0x000002874544a800 1375       1       java.lang.Float::floatValue (5 bytes)
Event: 5.706 Thread 0x000002874544a800 nmethod 1375 0x0000028730e6c890 code [0x0000028730e6ca40, 0x0000028730e6caf8]

GC Heap History (2 events):
Event: 0.759 GC heap before
{Heap before GC invocations=0 (full 0):
 garbage-first heap   total 260096K, used 21504K [0x0000000702e00000, 0x0000000800000000)
  region size 1024K, 22 young (22528K), 0 survivors (0K)
 Metaspace       used 11761K, capacity 11940K, committed 12288K, reserved 1060864K
  class space    used 894K, capacity 941K, committed 1024K, reserved 1048576K
}
Event: 0.770 GC heap after
{Heap after GC invocations=1 (full 0):
 garbage-first heap   total 260096K, used 2468K [0x0000000702e00000, 0x0000000800000000)
  region size 1024K, 3 young (3072K), 3 survivors (3072K)
 Metaspace       used 11761K, capacity 11940K, committed 12288K, reserved 1060864K
  class space    used 894K, capacity 941K, committed 1024K, reserved 1048576K
}

Deoptimization events (20 events):
Event: 1.957 Thread 0x000002871f3b8800 DEOPT PACKING pc=0x0000028729afc04e sp=0x000000d80effef50
Event: 1.957 Thread 0x000002871f3b8800 DEOPT UNPACKING pc=0x000002872936a95e sp=0x000000d80effe378 mode 0
Event: 5.700 Thread 0x000002871f3b8800 Uncommon trap: trap_request=0xffffffd6 fr.pc=0x0000028730e69d2c relative=0x00000000000001cc
Event: 5.700 Thread 0x000002871f3b8800 Uncommon trap: reason=array_check action=maybe_recompile pc=0x0000028730e69d2c method=com.badlogic.gdx.utils.Array.add(Ljava/lang/Object;)V @ 46 c2
Event: 5.700 Thread 0x000002871f3b8800 DEOPT PACKING pc=0x0000028730e69d2c sp=0x000000d80effeeb0
Event: 5.700 Thread 0x000002871f3b8800 DEOPT UNPACKING pc=0x000002872936a1af sp=0x000000d80effee58 mode 2
Event: 5.702 Thread 0x000002871f3b8800 DEOPT PACKING pc=0x0000028729936027 sp=0x000000d80effe840
Event: 5.702 Thread 0x000002871f3b8800 DEOPT UNPACKING pc=0x000002872936a95e sp=0x000000d80effdde0 mode 0
Event: 5.704 Thread 0x000002871f3b8800 Uncommon trap: trap_request=0xffffffd6 fr.pc=0x0000028730e69d2c relative=0x00000000000001cc
Event: 5.704 Thread 0x000002871f3b8800 Uncommon trap: reason=array_check action=maybe_recompile pc=0x0000028730e69d2c method=com.badlogic.gdx.utils.Array.add(Ljava/lang/Object;)V @ 46 c2
Event: 5.704 Thread 0x000002871f3b8800 DEOPT PACKING pc=0x0000028730e69d2c sp=0x000000d80effed90
Event: 5.704 Thread 0x000002871f3b8800 DEOPT UNPACKING pc=0x000002872936a1af sp=0x000000d80effed38 mode 2
Event: 5.704 Thread 0x000002871f3b8800 Uncommon trap: trap_request=0xffffffd6 fr.pc=0x0000028730e69d2c relative=0x00000000000001cc
Event: 5.705 Thread 0x000002871f3b8800 Uncommon trap: reason=array_check action=maybe_recompile pc=0x0000028730e69d2c method=com.badlogic.gdx.utils.Array.add(Ljava/lang/Object;)V @ 46 c2
Event: 5.705 Thread 0x000002871f3b8800 DEOPT PACKING pc=0x0000028730e69d2c sp=0x000000d80effed90
Event: 5.705 Thread 0x000002871f3b8800 DEOPT UNPACKING pc=0x000002872936a1af sp=0x000000d80effed38 mode 2
Event: 5.705 Thread 0x000002871f3b8800 Uncommon trap: trap_request=0xffffffd6 fr.pc=0x0000028730e69d2c relative=0x00000000000001cc
Event: 5.705 Thread 0x000002871f3b8800 Uncommon trap: reason=array_check action=maybe_recompile pc=0x0000028730e69d2c method=com.badlogic.gdx.utils.Array.add(Ljava/lang/Object;)V @ 46 c2
Event: 5.705 Thread 0x000002871f3b8800 DEOPT PACKING pc=0x0000028730e69d2c sp=0x000000d80effee70
Event: 5.705 Thread 0x000002871f3b8800 DEOPT UNPACKING pc=0x000002872936a1af sp=0x000000d80effee18 mode 2

Classes redefined (0 events):
No events

Internal exceptions (20 events):
Event: 4.040 Thread 0x000002871f3b8800 Exception <a 'java/lang/NullPointerException'{0x000000071219bec8}> (0x000000071219bec8) thrown at [s\src\hotspot\share\interpreter\linkResolver.cpp, line 1358]
Event: 4.040 Thread 0x000002871f3b8800 Exception <a 'java/lang/NullPointerException'{0x000000071219c198}> (0x000000071219c198) thrown at [s\src\hotspot\share\interpreter\linkResolver.cpp, line 1358]
Event: 4.058 Thread 0x000002871f3b8800 Exception <a 'java/lang/NullPointerException'{0x000000071219c4f0}> (0x000000071219c4f0) thrown at [s\src\hotspot\share\interpreter\linkResolver.cpp, line 1358]
Event: 4.058 Thread 0x000002871f3b8800 Exception <a 'java/lang/NullPointerException'{0x000000071219c7c0}> (0x000000071219c7c0) thrown at [s\src\hotspot\share\interpreter\linkResolver.cpp, line 1358]
Event: 4.076 Thread 0x000002871f3b8800 Exception <a 'java/lang/NullPointerException'{0x000000071219cb18}> (0x000000071219cb18) thrown at [s\src\hotspot\share\interpreter\linkResolver.cpp, line 1358]
Event: 4.076 Thread 0x000002871f3b8800 Exception <a 'java/lang/NullPointerException'{0x000000071219cde8}> (0x000000071219cde8) thrown at [s\src\hotspot\share\interpreter\linkResolver.cpp, line 1358]
Event: 4.093 Thread 0x000002871f3b8800 Exception <a 'java/lang/NullPointerException'{0x000000071219d170}> (0x000000071219d170) thrown at [s\src\hotspot\share\interpreter\linkResolver.cpp, line 1358]
Event: 4.093 Thread 0x000002871f3b8800 Exception <a 'java/lang/NullPointerException'{0x000000071219d440}> (0x000000071219d440) thrown at [s\src\hotspot\share\interpreter\linkResolver.cpp, line 1358]
Event: 4.114 Thread 0x000002871f3b8800 Exception <a 'java/lang/NullPointerException'{0x000000071219d798}> (0x000000071219d798) thrown at [s\src\hotspot\share\interpreter\linkResolver.cpp, line 1358]
Event: 4.114 Thread 0x000002871f3b8800 Exception <a 'java/lang/NullPointerException'{0x000000071219da68}> (0x000000071219da68) thrown at [s\src\hotspot\share\interpreter\linkResolver.cpp, line 1358]
Event: 4.123 Thread 0x000002871f3b8800 Exception <a 'java/lang/NullPointerException'{0x000000071219ddc0}> (0x000000071219ddc0) thrown at [s\src\hotspot\share\interpreter\linkResolver.cpp, line 1358]
Event: 4.123 Thread 0x000002871f3b8800 Exception <a 'java/lang/NullPointerException'{0x000000071219e090}> (0x000000071219e090) thrown at [s\src\hotspot\share\interpreter\linkResolver.cpp, line 1358]
Event: 4.139 Thread 0x000002871f3b8800 Exception <a 'java/lang/NullPointerException'{0x000000071219e3e8}> (0x000000071219e3e8) thrown at [s\src\hotspot\share\interpreter\linkResolver.cpp, line 1358]
Event: 4.139 Thread 0x000002871f3b8800 Exception <a 'java/lang/NullPointerException'{0x000000071219e6b8}> (0x000000071219e6b8) thrown at [s\src\hotspot\share\interpreter\linkResolver.cpp, line 1358]
Event: 4.156 Thread 0x000002871f3b8800 Exception <a 'java/lang/NullPointerException'{0x000000071219ea10}> (0x000000071219ea10) thrown at [s\src\hotspot\share\interpreter\linkResolver.cpp, line 1358]
Event: 4.156 Thread 0x000002871f3b8800 Exception <a 'java/lang/NullPointerException'{0x000000071219ece0}> (0x000000071219ece0) thrown at [s\src\hotspot\share\interpreter\linkResolver.cpp, line 1358]
Event: 4.174 Thread 0x000002871f3b8800 Exception <a 'java/lang/NullPointerException'{0x000000071219f038}> (0x000000071219f038) thrown at [s\src\hotspot\share\interpreter\linkResolver.cpp, line 1358]
Event: 4.174 Thread 0x000002871f3b8800 Exception <a 'java/lang/NullPointerException'{0x000000071219f308}> (0x000000071219f308) thrown at [s\src\hotspot\share\interpreter\linkResolver.cpp, line 1358]
Event: 4.192 Thread 0x000002871f3b8800 Exception <a 'java/lang/NullPointerException'{0x000000071219f660}> (0x000000071219f660) thrown at [s\src\hotspot\share\interpreter\linkResolver.cpp, line 1358]
Event: 4.192 Thread 0x000002871f3b8800 Exception <a 'java/lang/NullPointerException'{0x000000071219f930}> (0x000000071219f930) thrown at [s\src\hotspot\share\interpreter\linkResolver.cpp, line 1358]

Events (20 events):
Event: 2.344 Thread 0x00000287469a8000 Thread exited: 0x00000287469a8000
Event: 2.883 Loaded shared library C:\Users\jl3667\AppData\Local\Temp\lwjgl_jl3667\3.3.3+5\x64\lwjgl.dll
Event: 2.966 Loaded shared library C:\Users\jl3667\AppData\Local\Temp\lwjgl_jl3667\3.3.3+5\x64\lwjgl_opengl.dll
Event: 3.059 Loaded shared library C:\Users\jl3667\AppData\Local\Temp\lwjgl_jl3667\3.3.3+5\x64\lwjgl_opengl.dll
Event: 3.212 Loaded shared library C:\Users\jl3667\AppData\Local\Temp\lwjgl_jl3667\3.3.3+5\x64\lwjgl_opengl.dll
Event: 3.644 Loaded shared library C:\Users\jl3667\AppData\Local\Temp\lwjgl_jl3667\3.3.3+5\x64\lwjgl_opengl.dll
Event: 3.762 Loaded shared library C:\Users\jl3667\.jdks\corretto-11.0.22\bin\java.dll
Event: 4.114 Loaded shared library C:\Users\jl3667\AppData\Local\Temp\lwjgl_jl3667\3.3.3+5\x64\lwjgl_opengl.dll
Event: 5.157 Loaded shared library C:\Users\jl3667\AppData\Local\Temp\lwjgl_jl3667\3.3.3+5\x64\lwjgl_opengl.dll
Event: 5.162 Loaded shared library C:\Users\jl3667\AppData\Local\Temp\lwjgl_jl3667\3.3.3+5\x64\lwjgl_opengl.dll
Event: 5.174 Loaded shared library C:\Users\jl3667\AppData\Local\Temp\lwjgl_jl3667\3.3.3+5\x64\lwjgl.dll
Event: 5.176 Loaded shared library C:\Users\jl3667\AppData\Local\Temp\lwjgl_jl3667\3.3.3+5\x64\lwjgl.dll
Event: 5.676 loading class com/heslington_hustle/screens/ActivityScreen
Event: 5.676 loading class com/heslington_hustle/screens/ActivityScreen done
Event: 5.700 loading class com/badlogic/gdx/utils/ObjectSet$ObjectSetIterator
Event: 5.700 loading class com/badlogic/gdx/utils/ObjectSet$ObjectSetIterator done
Event: 5.705 loading class com/heslington_hustle/screens/ActivityScreen$1
Event: 5.705 loading class com/heslington_hustle/screens/ActivityScreen$1 done
Event: 5.706 loading class com/heslington_hustle/screens/ActivityScreen$2
Event: 5.706 loading class com/heslington_hustle/screens/ActivityScreen$2 done


Dynamic libraries:
0x00007ff661940000 - 0x00007ff66194e000 	C:\Users\jl3667\.jdks\corretto-11.0.22\bin\java.exe
0x00007ff88e210000 - 0x00007ff88e408000 	C:\windows\SYSTEM32\ntdll.dll
0x00007ff88d5d0000 - 0x00007ff88d68d000 	C:\windows\System32\KERNEL32.DLL
0x00007ff88ba60000 - 0x00007ff88bd56000 	C:\windows\System32\KERNELBASE.dll
0x00007ff888f10000 - 0x00007ff888fa0000 	C:\windows\SYSTEM32\apphelp.dll
0x00007ff88c040000 - 0x00007ff88c140000 	C:\windows\System32\ucrtbase.dll
0x00007ff86a5f0000 - 0x00007ff86a607000 	C:\Users\jl3667\.jdks\corretto-11.0.22\bin\jli.dll
0x00007ff869730000 - 0x00007ff86974b000 	C:\Users\jl3667\.jdks\corretto-11.0.22\bin\VCRUNTIME140.dll
0x00007ff88c650000 - 0x00007ff88c7ee000 	C:\windows\System32\USER32.dll
0x00007ff88c140000 - 0x00007ff88c162000 	C:\windows\System32\win32u.dll
0x00007ff87caa0000 - 0x00007ff87cd3a000 	C:\windows\WinSxS\amd64_microsoft.windows.common-controls_6595b64144ccf1df_6.0.19041.3636_none_60b6a03d71f818d5\COMCTL32.dll
0x00007ff88e140000 - 0x00007ff88e16b000 	C:\windows\System32\GDI32.dll
0x00007ff88df50000 - 0x00007ff88dfee000 	C:\windows\System32\msvcrt.dll
0x00007ff88b8d0000 - 0x00007ff88b9e7000 	C:\windows\System32\gdi32full.dll
0x00007ff88bfa0000 - 0x00007ff88c03d000 	C:\windows\System32\msvcp_win.dll
0x00007ff88d690000 - 0x00007ff88d6c2000 	C:\windows\System32\IMM32.DLL
0x00007ff880ae0000 - 0x00007ff880aec000 	C:\Users\jl3667\.jdks\corretto-11.0.22\bin\vcruntime140_1.dll
0x00007ff8696a0000 - 0x00007ff86972d000 	C:\Users\jl3667\.jdks\corretto-11.0.22\bin\msvcp140.dll
0x00007ff8389f0000 - 0x00007ff8395b3000 	C:\Users\jl3667\.jdks\corretto-11.0.22\bin\server\jvm.dll
0x00007ff88c400000 - 0x00007ff88c4b3000 	C:\windows\System32\ADVAPI32.dll
0x00007ff88c300000 - 0x00007ff88c39f000 	C:\windows\System32\sechost.dll
0x00007ff88e010000 - 0x00007ff88e136000 	C:\windows\System32\RPCRT4.dll
0x00007ff88c170000 - 0x00007ff88c197000 	C:\windows\System32\bcrypt.dll
0x00007ff88e000000 - 0x00007ff88e008000 	C:\windows\System32\PSAPI.DLL
0x00007ff8831e0000 - 0x00007ff8831e9000 	C:\windows\SYSTEM32\WSOCK32.dll
0x00007ff881d00000 - 0x00007ff881d27000 	C:\windows\SYSTEM32\WINMM.dll
0x00007ff88cfa0000 - 0x00007ff88d00b000 	C:\windows\System32\WS2_32.dll
0x00007ff886360000 - 0x00007ff88636a000 	C:\windows\SYSTEM32\VERSION.dll
0x00007ff8894e0000 - 0x00007ff8894f2000 	C:\windows\SYSTEM32\kernel.appcore.dll
0x00007ff876690000 - 0x00007ff8766a0000 	C:\Users\jl3667\.jdks\corretto-11.0.22\bin\verify.dll
0x00007ff882b10000 - 0x00007ff882cf4000 	C:\windows\SYSTEM32\DBGHELP.DLL
0x00007ff882a20000 - 0x00007ff882a54000 	C:\windows\SYSTEM32\dbgcore.DLL
0x00007ff88bdb0000 - 0x00007ff88be32000 	C:\windows\System32\bcryptPrimitives.dll
0x00007ff869670000 - 0x00007ff869698000 	C:\Users\jl3667\.jdks\corretto-11.0.22\bin\java.dll
0x00007ff876660000 - 0x00007ff87666a000 	C:\Users\jl3667\.jdks\corretto-11.0.22\bin\jimage.dll
0x00007ff869450000 - 0x00007ff869468000 	C:\Users\jl3667\.jdks\corretto-11.0.22\bin\zip.dll
0x00007ff88d6f0000 - 0x00007ff88de35000 	C:\windows\System32\SHELL32.dll
0x00007ff8897c0000 - 0x00007ff889f5c000 	C:\windows\SYSTEM32\windows.storage.dll
0x00007ff88d190000 - 0x00007ff88d4e4000 	C:\windows\System32\combase.dll
0x00007ff88b290000 - 0x00007ff88b2be000 	C:\windows\SYSTEM32\Wldp.dll
0x00007ff88c4c0000 - 0x00007ff88c58d000 	C:\windows\System32\OLEAUT32.dll
0x00007ff88c590000 - 0x00007ff88c63d000 	C:\windows\System32\SHCORE.dll
0x00007ff88c920000 - 0x00007ff88c975000 	C:\windows\System32\shlwapi.dll
0x00007ff88b800000 - 0x00007ff88b825000 	C:\windows\SYSTEM32\profapi.dll
0x00007ff869430000 - 0x00007ff869449000 	C:\Users\jl3667\.jdks\corretto-11.0.22\bin\net.dll
0x00007ff886250000 - 0x00007ff88635a000 	C:\windows\SYSTEM32\WINHTTP.dll
0x00007ff88af90000 - 0x00007ff88affa000 	C:\windows\system32\mswsock.dll
0x00007ff8693a0000 - 0x00007ff8693b2000 	C:\Users\jl3667\.jdks\corretto-11.0.22\bin\nio.dll
0x000000006e700000 - 0x000000006e72d000 	C:\Users\jl3667\AppData\Local\Temp\libgdxjl3667\2a9d7f76\gdx64.dll
0x00007ff8671e0000 - 0x00007ff86725b000 	C:\Users\jl3667\AppData\Local\Temp\lwjgl_jl3667\3.3.3+5\x64\lwjgl.dll
0x00007ff854f30000 - 0x00007ff8551a0000 	C:\Users\jl3667\AppData\Local\Temp\lwjgl_jl3667\3.3.3+5\x64\jemalloc.dll
0x00007ff867150000 - 0x00007ff8671d2000 	C:\Users\jl3667\AppData\Local\Temp\lwjgl_jl3667\3.3.3+5\x64\glfw.dll
0x00007ff868f10000 - 0x00007ff868f55000 	C:\windows\SYSTEM32\dinput8.dll
0x00007ff886a20000 - 0x00007ff886a31000 	C:\windows\SYSTEM32\xinput1_4.dll
0x00007ff88bd60000 - 0x00007ff88bdae000 	C:\windows\System32\cfgmgr32.dll
0x00007ff88b660000 - 0x00007ff88b693000 	C:\windows\SYSTEM32\DEVOBJ.dll
0x00007ff8894b0000 - 0x00007ff8894df000 	C:\windows\SYSTEM32\dwmapi.dll
0x00007ff875a90000 - 0x00007ff875be2000 	C:\windows\SYSTEM32\inputhost.dll
0x00007ff888cd0000 - 0x00007ff888dc2000 	C:\windows\SYSTEM32\CoreMessaging.dll
0x00007ff8854e0000 - 0x00007ff8855d6000 	C:\windows\SYSTEM32\PROPSYS.dll
0x00007ff8882a0000 - 0x00007ff8883f5000 	C:\windows\SYSTEM32\wintypes.dll
0x00007ff888970000 - 0x00007ff888ccb000 	C:\windows\SYSTEM32\CoreUIComponents.dll
0x00007ff88a9e0000 - 0x00007ff88aa13000 	C:\windows\SYSTEM32\ntmarta.dll
0x00007ff8890f0000 - 0x00007ff88918e000 	C:\windows\system32\uxtheme.dll
0x00007ff88d010000 - 0x00007ff88d124000 	C:\windows\System32\MSCTF.dll
0x00007ff85dbb0000 - 0x00007ff85dd77000 	C:\Users\jl3667\AppData\Local\Temp\lwjgl_jl3667\3.3.3+5\x64\OpenAL.dll
0x00007ff88c7f0000 - 0x00007ff88c91b000 	C:\windows\System32\ole32.dll
0x00007ff88c250000 - 0x00007ff88c2f9000 	C:\windows\System32\clbcatq.dll
0x00007ff885c10000 - 0x00007ff885c95000 	C:\windows\System32\MMDevApi.dll
0x00007ff85a2d0000 - 0x00007ff85a452000 	C:\windows\SYSTEM32\AUDIOSES.DLL
0x00007ff88b440000 - 0x00007ff88b48b000 	C:\windows\SYSTEM32\powrprof.dll
0x00007ff88b420000 - 0x00007ff88b432000 	C:\windows\SYSTEM32\UMPDC.dll
0x00007ff8891b0000 - 0x00007ff8891c4000 	C:\windows\SYSTEM32\resourcepolicyclient.dll
0x00007ff853f70000 - 0x00007ff854095000 	C:\windows\SYSTEM32\opengl32.dll
0x00007ff85dff0000 - 0x00007ff85e01c000 	C:\windows\SYSTEM32\GLU32.dll
0x00007ff884710000 - 0x00007ff884812000 	C:\Windows\System32\AppXDeploymentClient.dll
0x00007ff82a8e0000 - 0x00007ff82b8e5000 	C:\windows\System32\DriverStore\FileRepository\iigd_dch.inf_amd64_ec81fa442e167535\ig9icd64.dll
0x00007ff88a080000 - 0x00007ff88a173000 	C:\windows\system32\dxgi.dll
0x00007ff842200000 - 0x00007ff84261a000 	C:\windows\System32\DriverStore\FileRepository\iigd_dch.inf_amd64_ec81fa442e167535\igdml64.dll
0x00007ff8714a0000 - 0x00007ff871721000 	C:\windows\System32\DriverStore\FileRepository\iigd_dch.inf_amd64_ec81fa442e167535\igdgmm64.dll
0x00007ff86e3d0000 - 0x00007ff871214000 	C:\windows\System32\DriverStore\FileRepository\iigd_dch.inf_amd64_ec81fa442e167535\igc64.dll
0x00007ff866bd0000 - 0x00007ff866c2e000 	C:\Users\jl3667\AppData\Local\Temp\lwjgl_jl3667\3.3.3+5\x64\lwjgl_opengl.dll
0x00007ff8764d0000 - 0x00007ff8765c9000 	C:\windows\SYSTEM32\textinputframework.dll

dbghelp: loaded successfully - version: 4.0.5 - missing functions: none
symbol engine: initialized successfully - sym options: 0x614 - pdb path: .;C:\Users\jl3667\.jdks\corretto-11.0.22\bin;C:\windows\SYSTEM32;C:\windows\WinSxS\amd64_microsoft.windows.common-controls_6595b64144ccf1df_6.0.19041.3636_none_60b6a03d71f818d5;C:\Users\jl3667\.jdks\corretto-11.0.22\bin\server;C:\Users\jl3667\AppData\Local\Temp\libgdxjl3667\2a9d7f76;C:\Users\jl3667\AppData\Local\Temp\lwjgl_jl3667\3.3.3+5\x64;C:\windows\System32\DriverStore\FileRepository\iigd_dch.inf_amd64_ec81fa442e167535

VM Arguments:
jvm_args: -Dfile.encoding=windows-1252 -Duser.country=GB -Duser.language=en -Duser.variant 
java_command: com.heslington_hustle.game.DesktopLauncher
java_class_path (initial): C:\Users\jl3667\IdeaProjects\Group-12-ENG1\Heslington_hustle\desktop\build\classes\java\main;C:\Users\jl3667\IdeaProjects\Group-12-ENG1\Heslington_hustle\desktop\build\resources\main;C:\Users\jl3667\.gradle\caches\modules-2\files-2.1\com.badlogicgames.gdx\gdx-backend-lwjgl3\1.12.1\12a144cacb34f0392cd8354f798d99e4836a51a8\gdx-backend-lwjgl3-1.12.1.jar;C:\Users\jl3667\.gradle\caches\modules-2\files-2.1\com.badlogicgames.gdx\gdx-platform\1.12.1\5737be5ce3a4e8f9f77c2d9ab95ab479f9c3705f\gdx-platform-1.12.1-natives-desktop.jar;C:\Users\jl3667\.gradle\caches\modules-2\files-2.1\com.badlogicgames.gdx\gdx-box2d-platform\1.12.1\4e82228fcdd2e8a7673fe7952588acfdb33d7820\gdx-box2d-platform-1.12.1-natives-desktop.jar;C:\Users\jl3667\.gradle\caches\modules-2\files-2.1\com.badlogicgames.gdx\gdx-freetype-platform\1.12.1\a32f9ecca13ae01370d9649e48a30201080d4c18\gdx-freetype-platform-1.12.1-natives-desktop.jar;C:\Users\jl3667\IdeaProjects\Group-12-ENG1\Heslington_hustle\core\build\libs\core-1.0.jar;C:\Users\jl3667\.gradle\caches\modules-2\files-2.1\com.badlogicgames.gdx\gdx-box2d\1.12.1\6c37ed04f97d062f1bdc4afe1f583182e539a269\gdx-box2d-1.12.1.jar;C:\Users\jl3667\.gradle\caches\modules-2\files-2.1\com.badlogicgames.ashley\ashley\1.7.4\21a3a8932919099c4e5006a7d8378dcbe76ef8a5\ashley-1.7.4.jar;C:\Users\jl3667\.gradle\caches\modules-2\files-2.1\com.badlogicgames.gdx\gdx-freetype\1.12.1\d5826997b0cfa595a72889610fadb18405056c1c\gdx-freetype-1.12.1.jar;C:\Users\jl3667\.gradle\caches\modules-2\files-2.1\com.badlogicgames.gdx\gdx\1.12.1\a2d066c09329c457045c284c42d6f37122840aa\gdx-1.12.1.jar;C:\Users\jl3667\.gradle\caches\modules-2\files-2.1\org.lwjgl\lwjgl-glfw\3.3.3\efa1eb78c5ccd840e9f329717109b5e892d72f8e\lwjgl-glfw-3.3.3.jar;C:\Users\jl3667\.gradle\caches\modules-2\files-2.1\org.lwjgl\lwjgl-glfw\3.3.3\a03684c5e4b1b1dbbe0d29dbbdc27b985b6840f2\lwjgl-glfw-3.3.3-natives-linux.jar;C:\Users\jl3667\.gradle\caches\modules-2\files-2.1\org.lwjgl\lwjgl-glfw\3.3.3\d9af485c
Launcher Type: SUN_STANDARD

[Global flags]
     intx CICompilerCount                          = 3                                         {product} {ergonomic}
     uint ConcGCThreads                            = 2                                         {product} {ergonomic}
     uint G1ConcRefinementThreads                  = 6                                         {product} {ergonomic}
   size_t G1HeapRegionSize                         = 1048576                                   {product} {ergonomic}
    uintx GCDrainStackTargetSize                   = 64                                        {product} {ergonomic}
   size_t InitialHeapSize                          = 266338304                                 {product} {ergonomic}
   size_t MarkStackSize                            = 4194304                                   {product} {ergonomic}
   size_t MaxHeapSize                              = 4246732800                                {product} {ergonomic}
   size_t MaxNewSize                               = 2548039680                                {product} {ergonomic}
   size_t MinHeapDeltaBytes                        = 1048576                                   {product} {ergonomic}
    uintx NonNMethodCodeHeapSize                   = 5830732                                {pd product} {ergonomic}
    uintx NonProfiledCodeHeapSize                  = 122913754                              {pd product} {ergonomic}
    uintx ProfiledCodeHeapSize                     = 122913754                              {pd product} {ergonomic}
    uintx ReservedCodeCacheSize                    = 251658240                              {pd product} {ergonomic}
     bool SegmentedCodeCache                       = true                                      {product} {ergonomic}
     bool UseCompressedClassPointers               = true                                 {lp64_product} {ergonomic}
     bool UseCompressedOops                        = true                                 {lp64_product} {ergonomic}
     bool UseG1GC                                  = true                                      {product} {ergonomic}
     bool UseLargePagesIndividualAllocation        = false                                  {pd product} {ergonomic}

Logging:
Log output configuration:
 #0: stdout all=warning uptime,level,tags
 #1: stderr all=off uptime,level,tags

Environment Variables:
JAVA_HOME=C:\Program Files\BellSoft\LibericaJDK-11.0.22-Full
PATH=C:\Program Files\BellSoft\LibericaJDK-11.0.22-Full\bin\;C:\Program Files\Quarto\bin;C:\WINDOWS\system32;C:\WINDOWS;C:\WINDOWS\System32\Wbem;C:\WINDOWS\System32\WindowsPowerShell\v1.0\;C:\WINDOWS\System32\OpenSSH\;C:\Program Files (x86)\Symyx\Symyx Draw 4.0\lib;C:\ProgramData\Anaconda3;C:\ProgramData\Anaconda3\Scripts;C:\ProgramData\Anaconda3\Library;C:\ProgramData\Anaconda3\Library\bin;C:\ProgramData\Anaconda3\Library\usr\bin;C:\ProgramData\Anaconda3\Library\migw-w64\bin;C:\Program Files\dotnet\;C:\Program Files\MiKTeX\miktex\bin\x64\;C:\Program Files\Wolfram Research\WolframScript\;C:\Program Files\MATLAB\R2023a\runtime\win64;C:\Program Files\MATLAB\R2023a\bin;C:\Program Files\MEGA11;C:\Program Files\Microsoft SQL Server\150\Tools\Binn\;C:\Program Files\PuTTY\;C:\Program Files\rtools\usr\bin;C:\Program Files (x86)\Common Files\Propellerhead Software\ReWire\;C:\Program Files\Common Files\Propellerhead Software\ReWire\;C:\Program Files (x86)\Digilent\AdeptUtilities;C:\apps\apache-maven-3.9.4\bin;c:\apps\Haskell\ghcup\bin;C:\Apps\gradle-8.3\bin;C:\Program Files\Graphviz\bin;C:\Program Files\Microsoft VS Code\bin;C:\Apps\proverif2.04;C:\apps\SYS4;C:\Apps\sed;C:\Program Files\Git\cmd;C:\Users\jl3667\AppData\Local\Microsoft\WindowsApps;
USERNAME=jl3667
OS=Windows_NT
PROCESSOR_IDENTIFIER=Intel64 Family 6 Model 158 Stepping 10, GenuineIntel
TMP=C:\Users\jl3667\AppData\Local\Temp
TEMP=C:\Users\jl3667\AppData\Local\Temp



---------------  S Y S T E M  ---------------

OS: Windows 10 , 64 bit Build 19041 (10.0.19041.3636)
OS uptime: 0 days 7:09 hours

CPU:total 6 (initial active 6) (6 cores per cpu, 1 threads per core) family 6 model 158 stepping 10 microcode 0xb4, cmov, cx8, fxsr, mmx, sse, sse2, sse3, ssse3, sse4.1, sse4.2, popcnt, avx, avx2, aes, clmul, erms, rtm, 3dnowpref, lzcnt, tsc, tscinvbit, bmi1, bmi2, adx, fma

Memory: 4k page, system-wide physical 16192M (7940M free)
TotalPageFile size 18624M (AvailPageFile size 9668M)
current process WorkingSet (physical memory assigned to process): 154M, peak: 163M
current process commit charge ("private bytes"): 394M, peak: 401M

vm_info: OpenJDK 64-Bit Server VM (11.0.22+7-LTS) for windows-amd64 JRE (11.0.22+7-LTS), built on Jan 10 2024 19:54:00 by "Administrator" with MS VC++ 16.10 / 16.11 (VS2019)

END.
