#
# A fatal error has been detected by the Java Runtime Environment:
#
#  EXCEPTION_ACCESS_VIOLATION (0xc0000005) at pc=0x00007ff842ddd620, pid=11804, tid=7756
#
# JRE version: OpenJDK Runtime Environment Corretto-11.0.22.7.1 (11.0.22+7) (build 11.0.22+7-LTS)
# Java VM: OpenJDK 64-Bit Server VM Corretto-11.0.22.7.1 (11.0.22+7-LTS, mixed mode, tiered, compressed oops, g1 gc, windows-amd64)
# Problematic frame:
# C  [ig9icd64.dll+0x7d620]
#
# No core dump will be written. Minidumps are not enabled by default on client versions of Windows
#
# If you would like to submit a bug report, please visit:
#   https://github.com/corretto/corretto-11/issues/
# The crash happened outside the Java Virtual Machine in native code.
# See problematic frame for where to report the bug.
#

---------------  S U M M A R Y ------------

Command Line: -Dfile.encoding=windows-1252 -Duser.country=GB -Duser.language=en -Duser.variant com.heslington_hustle.game.DesktopLauncher

Host: Intel(R) Core(TM) i5-8500 CPU @ 3.00GHz, 6 cores, 15G,  Windows 10 , 64 bit Build 19041 (10.0.19041.3636)
Time: Wed Mar 13 11:43:31 2024 GMT Standard Time elapsed time: 12.082965 seconds (0d 0h 0m 12s)

---------------  T H R E A D  ---------------

Current thread (0x00000186fd77a800):  JavaThread "main" [_thread_in_native, id=7756, stack(0x0000006b6f900000,0x0000006b6fa00000)]

Stack: [0x0000006b6f900000,0x0000006b6fa00000],  sp=0x0000006b6f9fe938,  free space=1018k
Native frames: (J=compiled Java code, j=interpreted, Vv=VM code, C=native code)
C  [ig9icd64.dll+0x7d620]

Java frames: (J=compiled Java code, j=interpreted, Vv=VM code)
J 1229  org.lwjgl.opengl.GL11C.nglDrawElements(IIIJ)V (0 bytes) @ 0x000001869020f41e [0x000001869020f3c0+0x000000000000005e]
J 1280 c2 com.badlogic.gdx.graphics.g2d.SpriteBatch.flush()V (196 bytes) @ 0x000001869021bdec [0x000001869021b9a0+0x000000000000044c]
J 1300 c1 com.badlogic.gdx.graphics.g2d.SpriteBatch.draw(Lcom/badlogic/gdx/graphics/Texture;FFFF)V (279 bytes) @ 0x0000018688eda64c [0x0000018688eda400+0x000000000000024c]
J 1356 c1 com.heslington_hustle.screens.GameScreen.render(F)V (463 bytes) @ 0x0000018688ef5bac [0x0000018688ef3760+0x000000000000244c]
J 1369 c1 com.heslington_hustle.game.Heslington_hustle.render()V (5 bytes) @ 0x0000018688efecb4 [0x0000018688efea60+0x0000000000000254]
J 1328 c1 com.badlogic.gdx.backends.lwjgl3.Lwjgl3Window.update()Z (217 bytes) @ 0x0000018688ee3244 [0x0000018688ee24a0+0x0000000000000da4]
j  com.badlogic.gdx.backends.lwjgl3.Lwjgl3Application.loop()V+111
j  com.badlogic.gdx.backends.lwjgl3.Lwjgl3Application.<init>(Lcom/badlogic/gdx/ApplicationListener;Lcom/badlogic/gdx/backends/lwjgl3/Lwjgl3ApplicationConfiguration;)V+269
j  com.heslington_hustle.game.DesktopLauncher.main([Ljava/lang/String;)V+41
v  ~StubRoutines::call_stub

siginfo: EXCEPTION_ACCESS_VIOLATION (0xc0000005), reading address 0x00000186a674ebd0


Register to memory mapping:

RIP=0x00007ff842ddd620 ig9icd64.dll
RAX=0x000000000000002f is an unknown value
RBX=0x000000000000ffff is an unknown value
RCX=0x00000186a87434cc points into unknown readable memory: 44 00 45 00
RDX=0x00000186a674ebd0 is an unknown value
RSP=0x0000006b6f9fe938 is pointing into the stack for thread: 0x00000186fd77a800
RBP=0x0000000000000006 is an unknown value
RSI=0x0000006b6f9fe9f0 is pointing into the stack for thread: 0x00000186fd77a800
RDI=0x0 is NULL
R8 =0x000000000000000c is an unknown value
R9 =0x0000006b6f9fe9f0 is pointing into the stack for thread: 0x00000186fd77a800
R10=0x0000000001ff48fc is an unknown value
R11=0x0000000000000006 is an unknown value
R12=0x0 is NULL
R13=0x0000000000060000 is an unknown value
R14=0x00000186a60171c0 points into unknown readable memory: 0x00000186a87434cc | cc 34 74 a8 86 01 00 00
R15=0x000000000000000c is an unknown value


Registers:
RAX=0x000000000000002f, RBX=0x000000000000ffff, RCX=0x00000186a87434cc, RDX=0x00000186a674ebd0
RSP=0x0000006b6f9fe938, RBP=0x0000000000000006, RSI=0x0000006b6f9fe9f0, RDI=0x0000000000000000
R8 =0x000000000000000c, R9 =0x0000006b6f9fe9f0, R10=0x0000000001ff48fc, R11=0x0000000000000006
R12=0x0000000000000000, R13=0x0000000000060000, R14=0x00000186a60171c0, R15=0x000000000000000c
RIP=0x00007ff842ddd620, EFLAGS=0x0000000000010206

Top of Stack: (sp=0x0000006b6f9fe938)
0x0000006b6f9fe938:   00007ff8433ce1aa 0000000000060000
0x0000006b6f9fe948:   00000186a5ae7f60 00000186a5abd100
0x0000006b6f9fe958:   00000186a5bbece0 0000006b6f9fe9f8
0x0000006b6f9fe968:   0000000000000001 0000000000000006
0x0000006b6f9fe978:   001605c25bfd0004 0000000000000001
0x0000006b6f9fe988:   00007ff8437fd2ae 0000000000000004
0x0000006b6f9fe998:   0000000000000000 0000000000000004
0x0000006b6f9fe9a8:   0000000000000038 0000000000001403
0x0000006b6f9fe9b8:   0000000000000001 00000186a5abd100
0x0000006b6f9fe9c8:   0000000000000006 00000186a5abd100
0x0000006b6f9fe9d8:   00007ff84360ff09 0000000712190800
0x0000006b6f9fe9e8:   0000000700000004 0000000711411100
0x0000006b6f9fe9f8:   0000018688edda24 0000000000000004
0x0000006b6f9fea08:   0000000000000006 0000000000000000
0x0000006b6f9fea18:   00007ff8437fd720 000000000000ffff
0x0000006b6f9fea28:   0000000000001406 00000186a5abd100 

Instructions: (pc=0x00007ff842ddd620)
0x00007ff842ddd520:   83 c2 10 66 0f f9 c3 66 0f ea c8 66 0f ee d0 48
0x00007ff842ddd530:   83 e9 01 75 dd 66 0f fd cb 66 0f fd d3 66 0f c5
0x00007ff842ddd540:   c1 00 66 0f c5 c9 01 66 44 0f c5 c1 06 66 3b d8
0x00007ff842ddd550:   66 0f 46 c3 66 3b c1 66 0f 46 c8 66 0f c5 c1 02
0x00007ff842ddd560:   66 3b c8 66 0f 46 c1 66 0f c5 c9 03 66 3b c1 66
0x00007ff842ddd570:   0f 46 c8 66 0f c5 c1 04 66 3b c8 66 0f 46 c1 66
0x00007ff842ddd580:   0f c5 c9 05 66 3b c1 66 0f 46 c8 66 41 3b c8 66
0x00007ff842ddd590:   0f c5 c1 07 66 44 0f 46 c1 66 0f c5 ca 01 66 44
0x00007ff842ddd5a0:   3b c0 66 41 0f 46 c0 0f b7 d8 66 0f c5 c2 00 66
0x00007ff842ddd5b0:   44 0f c5 c2 06 66 3b f8 66 0f 43 c7 66 3b c1 66
0x00007ff842ddd5c0:   0f 43 c8 66 0f c5 c2 02 66 3b c8 66 0f 43 c1 66
0x00007ff842ddd5d0:   0f c5 ca 03 66 3b c1 66 0f 43 c8 66 0f c5 c2 04
0x00007ff842ddd5e0:   66 3b c8 66 0f 43 c1 66 0f c5 ca 05 66 3b c1 66
0x00007ff842ddd5f0:   0f 43 c8 66 41 3b c8 66 0f c5 c2 07 66 44 0f 43
0x00007ff842ddd600:   c1 66 44 3b c0 66 41 0f 43 c0 0f b7 f8 4d 85 db
0x00007ff842ddd610:   74 52 4c 2b d2 66 66 66 0f 1f 84 00 00 00 00 00
0x00007ff842ddd620:   0f b7 0a 66 41 89 0c 12 48 8d 52 02 66 3b d9 0f
0x00007ff842ddd630:   b7 c1 66 0f 46 c3 66 3b f9 0f b7 d8 66 0f 43 cf
0x00007ff842ddd640:   0f b7 f9 49 83 eb 01 75 d7 66 89 06 48 8b 44 24
0x00007ff842ddd650:   28 66 89 08 48 8b 5c 24 08 48 8b 74 24 10 48 8b
0x00007ff842ddd660:   7c 24 18 c3 48 8b 44 24 28 66 89 1e 48 8b 5c 24
0x00007ff842ddd670:   08 48 8b 74 24 10 66 89 38 48 8b 7c 24 18 c3 cc
0x00007ff842ddd680:   48 89 5c 24 10 56 48 83 ec 50 33 db 41 c1 e8 02
0x00007ff842ddd690:   41 8b f1 4c 8b d1 41 bb ff ff ff ff f6 c2 03 0f
0x00007ff842ddd6a0:   85 3e 02 00 00 83 bc 24 90 00 00 00 06 0f 8c 30
0x00007ff842ddd6b0:   02 00 00 0f 18 42 20 0f 18 42 40 41 83 f8 04 0f
0x00007ff842ddd6c0:   82 1e 02 00 00 44 8d 4a 0f 41 83 e1 f0 44 2b ca
0x00007ff842ddd6d0:   41 c1 e9 02 45 85 c9 74 3a 48 89 7c 24 60 41 8b
0x00007ff842ddd6e0:   f9 8b 0a 48 83 c2 04 41 89 0a 49 83 c2 04 3b ce
0x00007ff842ddd6f0:   74 13 44 3b d9 8b c1 41 0f 46 c3 3b d9 44 8b d8
0x00007ff842ddd700:   0f 43 cb 8b d9 48 83 ef 01 75 d6 48 8b 7c 24 60
0x00007ff842ddd710:   45 2b c1 41 83 f8 08 0f 82 c6 01 00 00 48 8b ce 


Stack slot to memory mapping:
stack at sp + 0 slots: 0x00007ff8433ce1aa ig9icd64.dll
stack at sp + 1 slots: 0x0000000000060000 is an unknown value
stack at sp + 2 slots: 0x00000186a5ae7f60 points into unknown readable memory: 0x00000186a674ebd0 | d0 eb 74 a6 86 01 00 00
stack at sp + 3 slots: 0x00000186a5abd100 points into unknown readable memory: 0x00000186a58cc000 | 00 c0 8c a5 86 01 00 00
stack at sp + 4 slots: 0x00000186a5bbece0 points into unknown readable memory: 0x0000010000000000 | 00 00 00 00 00 01 00 00
stack at sp + 5 slots: 0x0000006b6f9fe9f8 is pointing into the stack for thread: 0x00000186fd77a800
stack at sp + 6 slots: 0x0000000000000001 is an unknown value
stack at sp + 7 slots: 0x0000000000000006 is an unknown value


---------------  P R O C E S S  ---------------

Threads class SMR info:
_java_thread_list=0x00000186a61bd710, length=11, elements={
0x00000186fd77a800, 0x00000186a4799000, 0x00000186a47c2000, 0x00000186a4815800,
0x00000186a4818000, 0x00000186a481b000, 0x00000186a481f800, 0x00000186a4820800,
0x00000186a4822000, 0x00000186a49d1800, 0x00000186a55c7800
}

Java Threads: ( => current thread )
=>0x00000186fd77a800 JavaThread "main" [_thread_in_native, id=7756, stack(0x0000006b6f900000,0x0000006b6fa00000)]
  0x00000186a4799000 JavaThread "Reference Handler" daemon [_thread_blocked, id=12368, stack(0x0000006b70000000,0x0000006b70100000)]
  0x00000186a47c2000 JavaThread "Finalizer" daemon [_thread_blocked, id=11304, stack(0x0000006b70100000,0x0000006b70200000)]
  0x00000186a4815800 JavaThread "Signal Dispatcher" daemon [_thread_blocked, id=4720, stack(0x0000006b70200000,0x0000006b70300000)]
  0x00000186a4818000 JavaThread "Attach Listener" daemon [_thread_blocked, id=11756, stack(0x0000006b70300000,0x0000006b70400000)]
  0x00000186a481b000 JavaThread "Service Thread" daemon [_thread_blocked, id=10388, stack(0x0000006b70400000,0x0000006b70500000)]
  0x00000186a481f800 JavaThread "C2 CompilerThread0" daemon [_thread_blocked, id=5744, stack(0x0000006b70500000,0x0000006b70600000)]
  0x00000186a4820800 JavaThread "C1 CompilerThread0" daemon [_thread_blocked, id=11172, stack(0x0000006b70600000,0x0000006b70700000)]
  0x00000186a4822000 JavaThread "Sweeper thread" daemon [_thread_blocked, id=11012, stack(0x0000006b70700000,0x0000006b70800000)]
  0x00000186a49d1800 JavaThread "Common-Cleaner" daemon [_thread_blocked, id=9488, stack(0x0000006b70900000,0x0000006b70a00000)]
  0x00000186a55c7800 JavaThread "Thread-0" daemon [_thread_blocked, id=5452, stack(0x0000006b71000000,0x0000006b71100000)]

Other Threads:
  0x00000186a4792000 VMThread "VM Thread" [stack: 0x0000006b6ff00000,0x0000006b70000000] [id=7196]
  0x00000186a49c1800 WatcherThread [stack: 0x0000006b70800000,0x0000006b70900000] [id=12736]
  0x00000186fd790800 GCTaskThread "GC Thread#0" [stack: 0x0000006b6fa00000,0x0000006b6fb00000] [id=12664]
  0x00000186a5fec000 GCTaskThread "GC Thread#1" [stack: 0x0000006b71400000,0x0000006b71500000] [id=4716]
  0x00000186a5ef9800 GCTaskThread "GC Thread#2" [stack: 0x0000006b71500000,0x0000006b71600000] [id=1808]
  0x00000186a5efa800 GCTaskThread "GC Thread#3" [stack: 0x0000006b71600000,0x0000006b71700000] [id=11436]
  0x00000186a5f80000 GCTaskThread "GC Thread#4" [stack: 0x0000006b71700000,0x0000006b71800000] [id=8416]
  0x00000186a5f80800 GCTaskThread "GC Thread#5" [stack: 0x0000006b71800000,0x0000006b71900000] [id=13276]
  0x00000186fd7ed800 ConcurrentGCThread "G1 Main Marker" [stack: 0x0000006b6fb00000,0x0000006b6fc00000] [id=9128]
  0x00000186fd7f0000 ConcurrentGCThread "G1 Conc#0" [stack: 0x0000006b6fc00000,0x0000006b6fd00000] [id=7544]
  0x00000186a3de7000 ConcurrentGCThread "G1 Refine#0" [stack: 0x0000006b6fd00000,0x0000006b6fe00000] [id=10348]
  0x00000186a3de8000 ConcurrentGCThread "G1 Young RemSet Sampling" [stack: 0x0000006b6fe00000,0x0000006b6ff00000] [id=8272]

Threads with active compile tasks:

VM state:not at safepoint (normal execution)

VM Mutex/Monitor currently owned by a thread: None

Heap address: 0x0000000702e00000, size: 4050 MB, Compressed Oops mode: Zero based, Oop shift amount: 3
Narrow klass base: 0x0000000800000000, Narrow klass shift: 0
Compressed class space size: 1073741824 Address: 0x0000000800000000

Heap:
 garbage-first heap   total 260096K, used 14798K [0x0000000702e00000, 0x0000000800000000)
  region size 1024K, 16 young (16384K), 3 survivors (3072K)
 Metaspace       used 13838K, capacity 14029K, committed 14336K, reserved 1062912K
  class space    used 1095K, capacity 1167K, committed 1280K, reserved 1048576K
Heap Regions: E=young(eden), S=young(survivor), O=old, HS=humongous(starts), HC=humongous(continues), CS=collection set, F=free, A=archive, TAMS=top-at-mark-start (previous, next)
|   0|0x0000000702e00000, 0x0000000702e00000, 0x0000000702f00000|  0%| F|  |TAMS 0x0000000702e00000, 0x0000000702e00000| Untracked 
|   1|0x0000000702f00000, 0x0000000702f00000, 0x0000000703000000|  0%| F|  |TAMS 0x0000000702f00000, 0x0000000702f00000| Untracked 
|   2|0x0000000703000000, 0x0000000703000000, 0x0000000703100000|  0%| F|  |TAMS 0x0000000703000000, 0x0000000703000000| Untracked 
|   3|0x0000000703100000, 0x0000000703100000, 0x0000000703200000|  0%| F|  |TAMS 0x0000000703100000, 0x0000000703100000| Untracked 
|   4|0x0000000703200000, 0x0000000703200000, 0x0000000703300000|  0%| F|  |TAMS 0x0000000703200000, 0x0000000703200000| Untracked 
|   5|0x0000000703300000, 0x0000000703300000, 0x0000000703400000|  0%| F|  |TAMS 0x0000000703300000, 0x0000000703300000| Untracked 
|   6|0x0000000703400000, 0x0000000703400000, 0x0000000703500000|  0%| F|  |TAMS 0x0000000703400000, 0x0000000703400000| Untracked 
|   7|0x0000000703500000, 0x0000000703500000, 0x0000000703600000|  0%| F|  |TAMS 0x0000000703500000, 0x0000000703500000| Untracked 
|   8|0x0000000703600000, 0x0000000703600000, 0x0000000703700000|  0%| F|  |TAMS 0x0000000703600000, 0x0000000703600000| Untracked 
|   9|0x0000000703700000, 0x0000000703700000, 0x0000000703800000|  0%| F|  |TAMS 0x0000000703700000, 0x0000000703700000| Untracked 
|  10|0x0000000703800000, 0x0000000703800000, 0x0000000703900000|  0%| F|  |TAMS 0x0000000703800000, 0x0000000703800000| Untracked 
|  11|0x0000000703900000, 0x0000000703900000, 0x0000000703a00000|  0%| F|  |TAMS 0x0000000703900000, 0x0000000703900000| Untracked 
|  12|0x0000000703a00000, 0x0000000703a00000, 0x0000000703b00000|  0%| F|  |TAMS 0x0000000703a00000, 0x0000000703a00000| Untracked 
|  13|0x0000000703b00000, 0x0000000703b00000, 0x0000000703c00000|  0%| F|  |TAMS 0x0000000703b00000, 0x0000000703b00000| Untracked 
|  14|0x0000000703c00000, 0x0000000703c00000, 0x0000000703d00000|  0%| F|  |TAMS 0x0000000703c00000, 0x0000000703c00000| Untracked 
|  15|0x0000000703d00000, 0x0000000703d00000, 0x0000000703e00000|  0%| F|  |TAMS 0x0000000703d00000, 0x0000000703d00000| Untracked 
|  16|0x0000000703e00000, 0x0000000703e00000, 0x0000000703f00000|  0%| F|  |TAMS 0x0000000703e00000, 0x0000000703e00000| Untracked 
|  17|0x0000000703f00000, 0x0000000703f00000, 0x0000000704000000|  0%| F|  |TAMS 0x0000000703f00000, 0x0000000703f00000| Untracked 
|  18|0x0000000704000000, 0x0000000704000000, 0x0000000704100000|  0%| F|  |TAMS 0x0000000704000000, 0x0000000704000000| Untracked 
|  19|0x0000000704100000, 0x0000000704100000, 0x0000000704200000|  0%| F|  |TAMS 0x0000000704100000, 0x0000000704100000| Untracked 
|  20|0x0000000704200000, 0x0000000704200000, 0x0000000704300000|  0%| F|  |TAMS 0x0000000704200000, 0x0000000704200000| Untracked 
|  21|0x0000000704300000, 0x0000000704300000, 0x0000000704400000|  0%| F|  |TAMS 0x0000000704300000, 0x0000000704300000| Untracked 
|  22|0x0000000704400000, 0x0000000704400000, 0x0000000704500000|  0%| F|  |TAMS 0x0000000704400000, 0x0000000704400000| Untracked 
|  23|0x0000000704500000, 0x0000000704500000, 0x0000000704600000|  0%| F|  |TAMS 0x0000000704500000, 0x0000000704500000| Untracked 
|  24|0x0000000704600000, 0x0000000704600000, 0x0000000704700000|  0%| F|  |TAMS 0x0000000704600000, 0x0000000704600000| Untracked 
|  25|0x0000000704700000, 0x0000000704700000, 0x0000000704800000|  0%| F|  |TAMS 0x0000000704700000, 0x0000000704700000| Untracked 
|  26|0x0000000704800000, 0x0000000704800000, 0x0000000704900000|  0%| F|  |TAMS 0x0000000704800000, 0x0000000704800000| Untracked 
|  27|0x0000000704900000, 0x0000000704900000, 0x0000000704a00000|  0%| F|  |TAMS 0x0000000704900000, 0x0000000704900000| Untracked 
|  28|0x0000000704a00000, 0x0000000704a00000, 0x0000000704b00000|  0%| F|  |TAMS 0x0000000704a00000, 0x0000000704a00000| Untracked 
|  29|0x0000000704b00000, 0x0000000704b00000, 0x0000000704c00000|  0%| F|  |TAMS 0x0000000704b00000, 0x0000000704b00000| Untracked 
|  30|0x0000000704c00000, 0x0000000704c00000, 0x0000000704d00000|  0%| F|  |TAMS 0x0000000704c00000, 0x0000000704c00000| Untracked 
|  31|0x0000000704d00000, 0x0000000704d00000, 0x0000000704e00000|  0%| F|  |TAMS 0x0000000704d00000, 0x0000000704d00000| Untracked 
|  32|0x0000000704e00000, 0x0000000704e00000, 0x0000000704f00000|  0%| F|  |TAMS 0x0000000704e00000, 0x0000000704e00000| Untracked 
|  33|0x0000000704f00000, 0x0000000704f00000, 0x0000000705000000|  0%| F|  |TAMS 0x0000000704f00000, 0x0000000704f00000| Untracked 
|  34|0x0000000705000000, 0x0000000705000000, 0x0000000705100000|  0%| F|  |TAMS 0x0000000705000000, 0x0000000705000000| Untracked 
|  35|0x0000000705100000, 0x0000000705100000, 0x0000000705200000|  0%| F|  |TAMS 0x0000000705100000, 0x0000000705100000| Untracked 
|  36|0x0000000705200000, 0x0000000705200000, 0x0000000705300000|  0%| F|  |TAMS 0x0000000705200000, 0x0000000705200000| Untracked 
|  37|0x0000000705300000, 0x0000000705300000, 0x0000000705400000|  0%| F|  |TAMS 0x0000000705300000, 0x0000000705300000| Untracked 
|  38|0x0000000705400000, 0x0000000705400000, 0x0000000705500000|  0%| F|  |TAMS 0x0000000705400000, 0x0000000705400000| Untracked 
|  39|0x0000000705500000, 0x0000000705500000, 0x0000000705600000|  0%| F|  |TAMS 0x0000000705500000, 0x0000000705500000| Untracked 
|  40|0x0000000705600000, 0x0000000705600000, 0x0000000705700000|  0%| F|  |TAMS 0x0000000705600000, 0x0000000705600000| Untracked 
|  41|0x0000000705700000, 0x0000000705700000, 0x0000000705800000|  0%| F|  |TAMS 0x0000000705700000, 0x0000000705700000| Untracked 
|  42|0x0000000705800000, 0x0000000705800000, 0x0000000705900000|  0%| F|  |TAMS 0x0000000705800000, 0x0000000705800000| Untracked 
|  43|0x0000000705900000, 0x0000000705900000, 0x0000000705a00000|  0%| F|  |TAMS 0x0000000705900000, 0x0000000705900000| Untracked 
|  44|0x0000000705a00000, 0x0000000705a00000, 0x0000000705b00000|  0%| F|  |TAMS 0x0000000705a00000, 0x0000000705a00000| Untracked 
|  45|0x0000000705b00000, 0x0000000705b00000, 0x0000000705c00000|  0%| F|  |TAMS 0x0000000705b00000, 0x0000000705b00000| Untracked 
|  46|0x0000000705c00000, 0x0000000705c00000, 0x0000000705d00000|  0%| F|  |TAMS 0x0000000705c00000, 0x0000000705c00000| Untracked 
|  47|0x0000000705d00000, 0x0000000705d00000, 0x0000000705e00000|  0%| F|  |TAMS 0x0000000705d00000, 0x0000000705d00000| Untracked 
|  48|0x0000000705e00000, 0x0000000705e00000, 0x0000000705f00000|  0%| F|  |TAMS 0x0000000705e00000, 0x0000000705e00000| Untracked 
|  49|0x0000000705f00000, 0x0000000705f00000, 0x0000000706000000|  0%| F|  |TAMS 0x0000000705f00000, 0x0000000705f00000| Untracked 
|  50|0x0000000706000000, 0x0000000706000000, 0x0000000706100000|  0%| F|  |TAMS 0x0000000706000000, 0x0000000706000000| Untracked 
|  51|0x0000000706100000, 0x0000000706100000, 0x0000000706200000|  0%| F|  |TAMS 0x0000000706100000, 0x0000000706100000| Untracked 
|  52|0x0000000706200000, 0x0000000706200000, 0x0000000706300000|  0%| F|  |TAMS 0x0000000706200000, 0x0000000706200000| Untracked 
|  53|0x0000000706300000, 0x0000000706300000, 0x0000000706400000|  0%| F|  |TAMS 0x0000000706300000, 0x0000000706300000| Untracked 
|  54|0x0000000706400000, 0x0000000706400000, 0x0000000706500000|  0%| F|  |TAMS 0x0000000706400000, 0x0000000706400000| Untracked 
|  55|0x0000000706500000, 0x0000000706500000, 0x0000000706600000|  0%| F|  |TAMS 0x0000000706500000, 0x0000000706500000| Untracked 
|  56|0x0000000706600000, 0x0000000706600000, 0x0000000706700000|  0%| F|  |TAMS 0x0000000706600000, 0x0000000706600000| Untracked 
|  57|0x0000000706700000, 0x0000000706700000, 0x0000000706800000|  0%| F|  |TAMS 0x0000000706700000, 0x0000000706700000| Untracked 
|  58|0x0000000706800000, 0x0000000706800000, 0x0000000706900000|  0%| F|  |TAMS 0x0000000706800000, 0x0000000706800000| Untracked 
|  59|0x0000000706900000, 0x0000000706900000, 0x0000000706a00000|  0%| F|  |TAMS 0x0000000706900000, 0x0000000706900000| Untracked 
|  60|0x0000000706a00000, 0x0000000706a00000, 0x0000000706b00000|  0%| F|  |TAMS 0x0000000706a00000, 0x0000000706a00000| Untracked 
|  61|0x0000000706b00000, 0x0000000706b00000, 0x0000000706c00000|  0%| F|  |TAMS 0x0000000706b00000, 0x0000000706b00000| Untracked 
|  62|0x0000000706c00000, 0x0000000706c00000, 0x0000000706d00000|  0%| F|  |TAMS 0x0000000706c00000, 0x0000000706c00000| Untracked 
|  63|0x0000000706d00000, 0x0000000706d00000, 0x0000000706e00000|  0%| F|  |TAMS 0x0000000706d00000, 0x0000000706d00000| Untracked 
|  64|0x0000000706e00000, 0x0000000706e00000, 0x0000000706f00000|  0%| F|  |TAMS 0x0000000706e00000, 0x0000000706e00000| Untracked 
|  65|0x0000000706f00000, 0x0000000706f00000, 0x0000000707000000|  0%| F|  |TAMS 0x0000000706f00000, 0x0000000706f00000| Untracked 
|  66|0x0000000707000000, 0x0000000707000000, 0x0000000707100000|  0%| F|  |TAMS 0x0000000707000000, 0x0000000707000000| Untracked 
|  67|0x0000000707100000, 0x0000000707100000, 0x0000000707200000|  0%| F|  |TAMS 0x0000000707100000, 0x0000000707100000| Untracked 
|  68|0x0000000707200000, 0x0000000707200000, 0x0000000707300000|  0%| F|  |TAMS 0x0000000707200000, 0x0000000707200000| Untracked 
|  69|0x0000000707300000, 0x0000000707300000, 0x0000000707400000|  0%| F|  |TAMS 0x0000000707300000, 0x0000000707300000| Untracked 
|  70|0x0000000707400000, 0x0000000707400000, 0x0000000707500000|  0%| F|  |TAMS 0x0000000707400000, 0x0000000707400000| Untracked 
|  71|0x0000000707500000, 0x0000000707500000, 0x0000000707600000|  0%| F|  |TAMS 0x0000000707500000, 0x0000000707500000| Untracked 
|  72|0x0000000707600000, 0x0000000707600000, 0x0000000707700000|  0%| F|  |TAMS 0x0000000707600000, 0x0000000707600000| Untracked 
|  73|0x0000000707700000, 0x0000000707700000, 0x0000000707800000|  0%| F|  |TAMS 0x0000000707700000, 0x0000000707700000| Untracked 
|  74|0x0000000707800000, 0x0000000707800000, 0x0000000707900000|  0%| F|  |TAMS 0x0000000707800000, 0x0000000707800000| Untracked 
|  75|0x0000000707900000, 0x0000000707900000, 0x0000000707a00000|  0%| F|  |TAMS 0x0000000707900000, 0x0000000707900000| Untracked 
|  76|0x0000000707a00000, 0x0000000707a00000, 0x0000000707b00000|  0%| F|  |TAMS 0x0000000707a00000, 0x0000000707a00000| Untracked 
|  77|0x0000000707b00000, 0x0000000707b00000, 0x0000000707c00000|  0%| F|  |TAMS 0x0000000707b00000, 0x0000000707b00000| Untracked 
|  78|0x0000000707c00000, 0x0000000707c00000, 0x0000000707d00000|  0%| F|  |TAMS 0x0000000707c00000, 0x0000000707c00000| Untracked 
|  79|0x0000000707d00000, 0x0000000707d00000, 0x0000000707e00000|  0%| F|  |TAMS 0x0000000707d00000, 0x0000000707d00000| Untracked 
|  80|0x0000000707e00000, 0x0000000707e00000, 0x0000000707f00000|  0%| F|  |TAMS 0x0000000707e00000, 0x0000000707e00000| Untracked 
|  81|0x0000000707f00000, 0x0000000707f00000, 0x0000000708000000|  0%| F|  |TAMS 0x0000000707f00000, 0x0000000707f00000| Untracked 
|  82|0x0000000708000000, 0x0000000708000000, 0x0000000708100000|  0%| F|  |TAMS 0x0000000708000000, 0x0000000708000000| Untracked 
|  83|0x0000000708100000, 0x0000000708100000, 0x0000000708200000|  0%| F|  |TAMS 0x0000000708100000, 0x0000000708100000| Untracked 
|  84|0x0000000708200000, 0x0000000708200000, 0x0000000708300000|  0%| F|  |TAMS 0x0000000708200000, 0x0000000708200000| Untracked 
|  85|0x0000000708300000, 0x0000000708300000, 0x0000000708400000|  0%| F|  |TAMS 0x0000000708300000, 0x0000000708300000| Untracked 
|  86|0x0000000708400000, 0x0000000708400000, 0x0000000708500000|  0%| F|  |TAMS 0x0000000708400000, 0x0000000708400000| Untracked 
|  87|0x0000000708500000, 0x0000000708500000, 0x0000000708600000|  0%| F|  |TAMS 0x0000000708500000, 0x0000000708500000| Untracked 
|  88|0x0000000708600000, 0x0000000708600000, 0x0000000708700000|  0%| F|  |TAMS 0x0000000708600000, 0x0000000708600000| Untracked 
|  89|0x0000000708700000, 0x0000000708700000, 0x0000000708800000|  0%| F|  |TAMS 0x0000000708700000, 0x0000000708700000| Untracked 
|  90|0x0000000708800000, 0x0000000708800000, 0x0000000708900000|  0%| F|  |TAMS 0x0000000708800000, 0x0000000708800000| Untracked 
|  91|0x0000000708900000, 0x0000000708900000, 0x0000000708a00000|  0%| F|  |TAMS 0x0000000708900000, 0x0000000708900000| Untracked 
|  92|0x0000000708a00000, 0x0000000708a00000, 0x0000000708b00000|  0%| F|  |TAMS 0x0000000708a00000, 0x0000000708a00000| Untracked 
|  93|0x0000000708b00000, 0x0000000708b00000, 0x0000000708c00000|  0%| F|  |TAMS 0x0000000708b00000, 0x0000000708b00000| Untracked 
|  94|0x0000000708c00000, 0x0000000708c00000, 0x0000000708d00000|  0%| F|  |TAMS 0x0000000708c00000, 0x0000000708c00000| Untracked 
|  95|0x0000000708d00000, 0x0000000708d00000, 0x0000000708e00000|  0%| F|  |TAMS 0x0000000708d00000, 0x0000000708d00000| Untracked 
|  96|0x0000000708e00000, 0x0000000708e00000, 0x0000000708f00000|  0%| F|  |TAMS 0x0000000708e00000, 0x0000000708e00000| Untracked 
|  97|0x0000000708f00000, 0x0000000708f00000, 0x0000000709000000|  0%| F|  |TAMS 0x0000000708f00000, 0x0000000708f00000| Untracked 
|  98|0x0000000709000000, 0x0000000709000000, 0x0000000709100000|  0%| F|  |TAMS 0x0000000709000000, 0x0000000709000000| Untracked 
|  99|0x0000000709100000, 0x0000000709100000, 0x0000000709200000|  0%| F|  |TAMS 0x0000000709100000, 0x0000000709100000| Untracked 
| 100|0x0000000709200000, 0x0000000709200000, 0x0000000709300000|  0%| F|  |TAMS 0x0000000709200000, 0x0000000709200000| Untracked 
| 101|0x0000000709300000, 0x0000000709300000, 0x0000000709400000|  0%| F|  |TAMS 0x0000000709300000, 0x0000000709300000| Untracked 
| 102|0x0000000709400000, 0x0000000709400000, 0x0000000709500000|  0%| F|  |TAMS 0x0000000709400000, 0x0000000709400000| Untracked 
| 103|0x0000000709500000, 0x0000000709500000, 0x0000000709600000|  0%| F|  |TAMS 0x0000000709500000, 0x0000000709500000| Untracked 
| 104|0x0000000709600000, 0x0000000709600000, 0x0000000709700000|  0%| F|  |TAMS 0x0000000709600000, 0x0000000709600000| Untracked 
| 105|0x0000000709700000, 0x0000000709700000, 0x0000000709800000|  0%| F|  |TAMS 0x0000000709700000, 0x0000000709700000| Untracked 
| 106|0x0000000709800000, 0x0000000709800000, 0x0000000709900000|  0%| F|  |TAMS 0x0000000709800000, 0x0000000709800000| Untracked 
| 107|0x0000000709900000, 0x0000000709900000, 0x0000000709a00000|  0%| F|  |TAMS 0x0000000709900000, 0x0000000709900000| Untracked 
| 108|0x0000000709a00000, 0x0000000709a00000, 0x0000000709b00000|  0%| F|  |TAMS 0x0000000709a00000, 0x0000000709a00000| Untracked 
| 109|0x0000000709b00000, 0x0000000709b00000, 0x0000000709c00000|  0%| F|  |TAMS 0x0000000709b00000, 0x0000000709b00000| Untracked 
| 110|0x0000000709c00000, 0x0000000709c00000, 0x0000000709d00000|  0%| F|  |TAMS 0x0000000709c00000, 0x0000000709c00000| Untracked 
| 111|0x0000000709d00000, 0x0000000709d00000, 0x0000000709e00000|  0%| F|  |TAMS 0x0000000709d00000, 0x0000000709d00000| Untracked 
| 112|0x0000000709e00000, 0x0000000709e00000, 0x0000000709f00000|  0%| F|  |TAMS 0x0000000709e00000, 0x0000000709e00000| Untracked 
| 113|0x0000000709f00000, 0x0000000709f00000, 0x000000070a000000|  0%| F|  |TAMS 0x0000000709f00000, 0x0000000709f00000| Untracked 
| 114|0x000000070a000000, 0x000000070a000000, 0x000000070a100000|  0%| F|  |TAMS 0x000000070a000000, 0x000000070a000000| Untracked 
| 115|0x000000070a100000, 0x000000070a100000, 0x000000070a200000|  0%| F|  |TAMS 0x000000070a100000, 0x000000070a100000| Untracked 
| 116|0x000000070a200000, 0x000000070a200000, 0x000000070a300000|  0%| F|  |TAMS 0x000000070a200000, 0x000000070a200000| Untracked 
| 117|0x000000070a300000, 0x000000070a300000, 0x000000070a400000|  0%| F|  |TAMS 0x000000070a300000, 0x000000070a300000| Untracked 
| 118|0x000000070a400000, 0x000000070a400000, 0x000000070a500000|  0%| F|  |TAMS 0x000000070a400000, 0x000000070a400000| Untracked 
| 119|0x000000070a500000, 0x000000070a500000, 0x000000070a600000|  0%| F|  |TAMS 0x000000070a500000, 0x000000070a500000| Untracked 
| 120|0x000000070a600000, 0x000000070a600000, 0x000000070a700000|  0%| F|  |TAMS 0x000000070a600000, 0x000000070a600000| Untracked 
| 121|0x000000070a700000, 0x000000070a700000, 0x000000070a800000|  0%| F|  |TAMS 0x000000070a700000, 0x000000070a700000| Untracked 
| 122|0x000000070a800000, 0x000000070a800000, 0x000000070a900000|  0%| F|  |TAMS 0x000000070a800000, 0x000000070a800000| Untracked 
| 123|0x000000070a900000, 0x000000070a900000, 0x000000070aa00000|  0%| F|  |TAMS 0x000000070a900000, 0x000000070a900000| Untracked 
| 124|0x000000070aa00000, 0x000000070aa00000, 0x000000070ab00000|  0%| F|  |TAMS 0x000000070aa00000, 0x000000070aa00000| Untracked 
| 125|0x000000070ab00000, 0x000000070ab00000, 0x000000070ac00000|  0%| F|  |TAMS 0x000000070ab00000, 0x000000070ab00000| Untracked 
| 126|0x000000070ac00000, 0x000000070ac00000, 0x000000070ad00000|  0%| F|  |TAMS 0x000000070ac00000, 0x000000070ac00000| Untracked 
| 127|0x000000070ad00000, 0x000000070ad00000, 0x000000070ae00000|  0%| F|  |TAMS 0x000000070ad00000, 0x000000070ad00000| Untracked 
| 128|0x000000070ae00000, 0x000000070ae00000, 0x000000070af00000|  0%| F|  |TAMS 0x000000070ae00000, 0x000000070ae00000| Untracked 
| 129|0x000000070af00000, 0x000000070af00000, 0x000000070b000000|  0%| F|  |TAMS 0x000000070af00000, 0x000000070af00000| Untracked 
| 130|0x000000070b000000, 0x000000070b000000, 0x000000070b100000|  0%| F|  |TAMS 0x000000070b000000, 0x000000070b000000| Untracked 
| 131|0x000000070b100000, 0x000000070b100000, 0x000000070b200000|  0%| F|  |TAMS 0x000000070b100000, 0x000000070b100000| Untracked 
| 132|0x000000070b200000, 0x000000070b200000, 0x000000070b300000|  0%| F|  |TAMS 0x000000070b200000, 0x000000070b200000| Untracked 
| 133|0x000000070b300000, 0x000000070b300000, 0x000000070b400000|  0%| F|  |TAMS 0x000000070b300000, 0x000000070b300000| Untracked 
| 134|0x000000070b400000, 0x000000070b400000, 0x000000070b500000|  0%| F|  |TAMS 0x000000070b400000, 0x000000070b400000| Untracked 
| 135|0x000000070b500000, 0x000000070b500000, 0x000000070b600000|  0%| F|  |TAMS 0x000000070b500000, 0x000000070b500000| Untracked 
| 136|0x000000070b600000, 0x000000070b600000, 0x000000070b700000|  0%| F|  |TAMS 0x000000070b600000, 0x000000070b600000| Untracked 
| 137|0x000000070b700000, 0x000000070b700000, 0x000000070b800000|  0%| F|  |TAMS 0x000000070b700000, 0x000000070b700000| Untracked 
| 138|0x000000070b800000, 0x000000070b800000, 0x000000070b900000|  0%| F|  |TAMS 0x000000070b800000, 0x000000070b800000| Untracked 
| 139|0x000000070b900000, 0x000000070b900000, 0x000000070ba00000|  0%| F|  |TAMS 0x000000070b900000, 0x000000070b900000| Untracked 
| 140|0x000000070ba00000, 0x000000070ba00000, 0x000000070bb00000|  0%| F|  |TAMS 0x000000070ba00000, 0x000000070ba00000| Untracked 
| 141|0x000000070bb00000, 0x000000070bb00000, 0x000000070bc00000|  0%| F|  |TAMS 0x000000070bb00000, 0x000000070bb00000| Untracked 
| 142|0x000000070bc00000, 0x000000070bc00000, 0x000000070bd00000|  0%| F|  |TAMS 0x000000070bc00000, 0x000000070bc00000| Untracked 
| 143|0x000000070bd00000, 0x000000070bd00000, 0x000000070be00000|  0%| F|  |TAMS 0x000000070bd00000, 0x000000070bd00000| Untracked 
| 144|0x000000070be00000, 0x000000070be00000, 0x000000070bf00000|  0%| F|  |TAMS 0x000000070be00000, 0x000000070be00000| Untracked 
| 145|0x000000070bf00000, 0x000000070bf00000, 0x000000070c000000|  0%| F|  |TAMS 0x000000070bf00000, 0x000000070bf00000| Untracked 
| 146|0x000000070c000000, 0x000000070c000000, 0x000000070c100000|  0%| F|  |TAMS 0x000000070c000000, 0x000000070c000000| Untracked 
| 147|0x000000070c100000, 0x000000070c100000, 0x000000070c200000|  0%| F|  |TAMS 0x000000070c100000, 0x000000070c100000| Untracked 
| 148|0x000000070c200000, 0x000000070c200000, 0x000000070c300000|  0%| F|  |TAMS 0x000000070c200000, 0x000000070c200000| Untracked 
| 149|0x000000070c300000, 0x000000070c300000, 0x000000070c400000|  0%| F|  |TAMS 0x000000070c300000, 0x000000070c300000| Untracked 
| 150|0x000000070c400000, 0x000000070c400000, 0x000000070c500000|  0%| F|  |TAMS 0x000000070c400000, 0x000000070c400000| Untracked 
| 151|0x000000070c500000, 0x000000070c500000, 0x000000070c600000|  0%| F|  |TAMS 0x000000070c500000, 0x000000070c500000| Untracked 
| 152|0x000000070c600000, 0x000000070c600000, 0x000000070c700000|  0%| F|  |TAMS 0x000000070c600000, 0x000000070c600000| Untracked 
| 153|0x000000070c700000, 0x000000070c700000, 0x000000070c800000|  0%| F|  |TAMS 0x000000070c700000, 0x000000070c700000| Untracked 
| 154|0x000000070c800000, 0x000000070c800000, 0x000000070c900000|  0%| F|  |TAMS 0x000000070c800000, 0x000000070c800000| Untracked 
| 155|0x000000070c900000, 0x000000070c900000, 0x000000070ca00000|  0%| F|  |TAMS 0x000000070c900000, 0x000000070c900000| Untracked 
| 156|0x000000070ca00000, 0x000000070ca00000, 0x000000070cb00000|  0%| F|  |TAMS 0x000000070ca00000, 0x000000070ca00000| Untracked 
| 157|0x000000070cb00000, 0x000000070cb00000, 0x000000070cc00000|  0%| F|  |TAMS 0x000000070cb00000, 0x000000070cb00000| Untracked 
| 158|0x000000070cc00000, 0x000000070cc00000, 0x000000070cd00000|  0%| F|  |TAMS 0x000000070cc00000, 0x000000070cc00000| Untracked 
| 159|0x000000070cd00000, 0x000000070cd00000, 0x000000070ce00000|  0%| F|  |TAMS 0x000000070cd00000, 0x000000070cd00000| Untracked 
| 160|0x000000070ce00000, 0x000000070ce00000, 0x000000070cf00000|  0%| F|  |TAMS 0x000000070ce00000, 0x000000070ce00000| Untracked 
| 161|0x000000070cf00000, 0x000000070cf00000, 0x000000070d000000|  0%| F|  |TAMS 0x000000070cf00000, 0x000000070cf00000| Untracked 
| 162|0x000000070d000000, 0x000000070d000000, 0x000000070d100000|  0%| F|  |TAMS 0x000000070d000000, 0x000000070d000000| Untracked 
| 163|0x000000070d100000, 0x000000070d100000, 0x000000070d200000|  0%| F|  |TAMS 0x000000070d100000, 0x000000070d100000| Untracked 
| 164|0x000000070d200000, 0x000000070d200000, 0x000000070d300000|  0%| F|  |TAMS 0x000000070d200000, 0x000000070d200000| Untracked 
| 165|0x000000070d300000, 0x000000070d300000, 0x000000070d400000|  0%| F|  |TAMS 0x000000070d300000, 0x000000070d300000| Untracked 
| 166|0x000000070d400000, 0x000000070d400000, 0x000000070d500000|  0%| F|  |TAMS 0x000000070d400000, 0x000000070d400000| Untracked 
| 167|0x000000070d500000, 0x000000070d500000, 0x000000070d600000|  0%| F|  |TAMS 0x000000070d500000, 0x000000070d500000| Untracked 
| 168|0x000000070d600000, 0x000000070d600000, 0x000000070d700000|  0%| F|  |TAMS 0x000000070d600000, 0x000000070d600000| Untracked 
| 169|0x000000070d700000, 0x000000070d700000, 0x000000070d800000|  0%| F|  |TAMS 0x000000070d700000, 0x000000070d700000| Untracked 
| 170|0x000000070d800000, 0x000000070d800000, 0x000000070d900000|  0%| F|  |TAMS 0x000000070d800000, 0x000000070d800000| Untracked 
| 171|0x000000070d900000, 0x000000070d900000, 0x000000070da00000|  0%| F|  |TAMS 0x000000070d900000, 0x000000070d900000| Untracked 
| 172|0x000000070da00000, 0x000000070da00000, 0x000000070db00000|  0%| F|  |TAMS 0x000000070da00000, 0x000000070da00000| Untracked 
| 173|0x000000070db00000, 0x000000070db00000, 0x000000070dc00000|  0%| F|  |TAMS 0x000000070db00000, 0x000000070db00000| Untracked 
| 174|0x000000070dc00000, 0x000000070dc00000, 0x000000070dd00000|  0%| F|  |TAMS 0x000000070dc00000, 0x000000070dc00000| Untracked 
| 175|0x000000070dd00000, 0x000000070dd00000, 0x000000070de00000|  0%| F|  |TAMS 0x000000070dd00000, 0x000000070dd00000| Untracked 
| 176|0x000000070de00000, 0x000000070de00000, 0x000000070df00000|  0%| F|  |TAMS 0x000000070de00000, 0x000000070de00000| Untracked 
| 177|0x000000070df00000, 0x000000070df00000, 0x000000070e000000|  0%| F|  |TAMS 0x000000070df00000, 0x000000070df00000| Untracked 
| 178|0x000000070e000000, 0x000000070e000000, 0x000000070e100000|  0%| F|  |TAMS 0x000000070e000000, 0x000000070e000000| Untracked 
| 179|0x000000070e100000, 0x000000070e100000, 0x000000070e200000|  0%| F|  |TAMS 0x000000070e100000, 0x000000070e100000| Untracked 
| 180|0x000000070e200000, 0x000000070e200000, 0x000000070e300000|  0%| F|  |TAMS 0x000000070e200000, 0x000000070e200000| Untracked 
| 181|0x000000070e300000, 0x000000070e300000, 0x000000070e400000|  0%| F|  |TAMS 0x000000070e300000, 0x000000070e300000| Untracked 
| 182|0x000000070e400000, 0x000000070e400000, 0x000000070e500000|  0%| F|  |TAMS 0x000000070e400000, 0x000000070e400000| Untracked 
| 183|0x000000070e500000, 0x000000070e500000, 0x000000070e600000|  0%| F|  |TAMS 0x000000070e500000, 0x000000070e500000| Untracked 
| 184|0x000000070e600000, 0x000000070e600000, 0x000000070e700000|  0%| F|  |TAMS 0x000000070e600000, 0x000000070e600000| Untracked 
| 185|0x000000070e700000, 0x000000070e700000, 0x000000070e800000|  0%| F|  |TAMS 0x000000070e700000, 0x000000070e700000| Untracked 
| 186|0x000000070e800000, 0x000000070e800000, 0x000000070e900000|  0%| F|  |TAMS 0x000000070e800000, 0x000000070e800000| Untracked 
| 187|0x000000070e900000, 0x000000070e900000, 0x000000070ea00000|  0%| F|  |TAMS 0x000000070e900000, 0x000000070e900000| Untracked 
| 188|0x000000070ea00000, 0x000000070ea00000, 0x000000070eb00000|  0%| F|  |TAMS 0x000000070ea00000, 0x000000070ea00000| Untracked 
| 189|0x000000070eb00000, 0x000000070eb00000, 0x000000070ec00000|  0%| F|  |TAMS 0x000000070eb00000, 0x000000070eb00000| Untracked 
| 190|0x000000070ec00000, 0x000000070ec00000, 0x000000070ed00000|  0%| F|  |TAMS 0x000000070ec00000, 0x000000070ec00000| Untracked 
| 191|0x000000070ed00000, 0x000000070ed00000, 0x000000070ee00000|  0%| F|  |TAMS 0x000000070ed00000, 0x000000070ed00000| Untracked 
| 192|0x000000070ee00000, 0x000000070ee00000, 0x000000070ef00000|  0%| F|  |TAMS 0x000000070ee00000, 0x000000070ee00000| Untracked 
| 193|0x000000070ef00000, 0x000000070ef00000, 0x000000070f000000|  0%| F|  |TAMS 0x000000070ef00000, 0x000000070ef00000| Untracked 
| 194|0x000000070f000000, 0x000000070f000000, 0x000000070f100000|  0%| F|  |TAMS 0x000000070f000000, 0x000000070f000000| Untracked 
| 195|0x000000070f100000, 0x000000070f100000, 0x000000070f200000|  0%| F|  |TAMS 0x000000070f100000, 0x000000070f100000| Untracked 
| 196|0x000000070f200000, 0x000000070f200000, 0x000000070f300000|  0%| F|  |TAMS 0x000000070f200000, 0x000000070f200000| Untracked 
| 197|0x000000070f300000, 0x000000070f300000, 0x000000070f400000|  0%| F|  |TAMS 0x000000070f300000, 0x000000070f300000| Untracked 
| 198|0x000000070f400000, 0x000000070f400000, 0x000000070f500000|  0%| F|  |TAMS 0x000000070f400000, 0x000000070f400000| Untracked 
| 199|0x000000070f500000, 0x000000070f500000, 0x000000070f600000|  0%| F|  |TAMS 0x000000070f500000, 0x000000070f500000| Untracked 
| 200|0x000000070f600000, 0x000000070f600000, 0x000000070f700000|  0%| F|  |TAMS 0x000000070f600000, 0x000000070f600000| Untracked 
| 201|0x000000070f700000, 0x000000070f700000, 0x000000070f800000|  0%| F|  |TAMS 0x000000070f700000, 0x000000070f700000| Untracked 
| 202|0x000000070f800000, 0x000000070f800000, 0x000000070f900000|  0%| F|  |TAMS 0x000000070f800000, 0x000000070f800000| Untracked 
| 203|0x000000070f900000, 0x000000070f900000, 0x000000070fa00000|  0%| F|  |TAMS 0x000000070f900000, 0x000000070f900000| Untracked 
| 204|0x000000070fa00000, 0x000000070fa00000, 0x000000070fb00000|  0%| F|  |TAMS 0x000000070fa00000, 0x000000070fa00000| Untracked 
| 205|0x000000070fb00000, 0x000000070fb00000, 0x000000070fc00000|  0%| F|  |TAMS 0x000000070fb00000, 0x000000070fb00000| Untracked 
| 206|0x000000070fc00000, 0x000000070fc00000, 0x000000070fd00000|  0%| F|  |TAMS 0x000000070fc00000, 0x000000070fc00000| Untracked 
| 207|0x000000070fd00000, 0x000000070fd00000, 0x000000070fe00000|  0%| F|  |TAMS 0x000000070fd00000, 0x000000070fd00000| Untracked 
| 208|0x000000070fe00000, 0x000000070fe00000, 0x000000070ff00000|  0%| F|  |TAMS 0x000000070fe00000, 0x000000070fe00000| Untracked 
| 209|0x000000070ff00000, 0x000000070ff00000, 0x0000000710000000|  0%| F|  |TAMS 0x000000070ff00000, 0x000000070ff00000| Untracked 
| 210|0x0000000710000000, 0x0000000710000000, 0x0000000710100000|  0%| F|  |TAMS 0x0000000710000000, 0x0000000710000000| Untracked 
| 211|0x0000000710100000, 0x0000000710100000, 0x0000000710200000|  0%| F|  |TAMS 0x0000000710100000, 0x0000000710100000| Untracked 
| 212|0x0000000710200000, 0x0000000710200000, 0x0000000710300000|  0%| F|  |TAMS 0x0000000710200000, 0x0000000710200000| Untracked 
| 213|0x0000000710300000, 0x0000000710300000, 0x0000000710400000|  0%| F|  |TAMS 0x0000000710300000, 0x0000000710300000| Untracked 
| 214|0x0000000710400000, 0x0000000710400000, 0x0000000710500000|  0%| F|  |TAMS 0x0000000710400000, 0x0000000710400000| Untracked 
| 215|0x0000000710500000, 0x0000000710500000, 0x0000000710600000|  0%| F|  |TAMS 0x0000000710500000, 0x0000000710500000| Untracked 
| 216|0x0000000710600000, 0x0000000710600000, 0x0000000710700000|  0%| F|  |TAMS 0x0000000710600000, 0x0000000710600000| Untracked 
| 217|0x0000000710700000, 0x0000000710700000, 0x0000000710800000|  0%| F|  |TAMS 0x0000000710700000, 0x0000000710700000| Untracked 
| 218|0x0000000710800000, 0x0000000710800000, 0x0000000710900000|  0%| F|  |TAMS 0x0000000710800000, 0x0000000710800000| Untracked 
| 219|0x0000000710900000, 0x0000000710900000, 0x0000000710a00000|  0%| F|  |TAMS 0x0000000710900000, 0x0000000710900000| Untracked 
| 220|0x0000000710a00000, 0x0000000710a00000, 0x0000000710b00000|  0%| F|  |TAMS 0x0000000710a00000, 0x0000000710a00000| Untracked 
| 221|0x0000000710b00000, 0x0000000710b00000, 0x0000000710c00000|  0%| F|  |TAMS 0x0000000710b00000, 0x0000000710b00000| Untracked 
| 222|0x0000000710c00000, 0x0000000710c00000, 0x0000000710d00000|  0%| F|  |TAMS 0x0000000710c00000, 0x0000000710c00000| Untracked 
| 223|0x0000000710d00000, 0x0000000710d00000, 0x0000000710e00000|  0%| F|  |TAMS 0x0000000710d00000, 0x0000000710d00000| Untracked 
| 224|0x0000000710e00000, 0x0000000710e00000, 0x0000000710f00000|  0%| F|  |TAMS 0x0000000710e00000, 0x0000000710e00000| Untracked 
| 225|0x0000000710f00000, 0x0000000710f00000, 0x0000000711000000|  0%| F|  |TAMS 0x0000000710f00000, 0x0000000710f00000| Untracked 
| 226|0x0000000711000000, 0x0000000711000000, 0x0000000711100000|  0%| F|  |TAMS 0x0000000711000000, 0x0000000711000000| Untracked 
| 227|0x0000000711100000, 0x0000000711100000, 0x0000000711200000|  0%| F|  |TAMS 0x0000000711100000, 0x0000000711100000| Untracked 
| 228|0x0000000711200000, 0x0000000711200000, 0x0000000711300000|  0%| F|  |TAMS 0x0000000711200000, 0x0000000711200000| Untracked 
| 229|0x0000000711300000, 0x0000000711373940, 0x0000000711400000| 45%| S|CS|TAMS 0x0000000711300000, 0x0000000711300000| Complete 
| 230|0x0000000711400000, 0x0000000711500000, 0x0000000711500000|100%| S|CS|TAMS 0x0000000711400000, 0x0000000711400000| Complete 
| 231|0x0000000711500000, 0x0000000711600000, 0x0000000711600000|100%| S|CS|TAMS 0x0000000711500000, 0x0000000711500000| Complete 
| 232|0x0000000711600000, 0x0000000711600000, 0x0000000711700000|  0%| F|  |TAMS 0x0000000711600000, 0x0000000711600000| Untracked 
| 233|0x0000000711700000, 0x0000000711700000, 0x0000000711800000|  0%| F|  |TAMS 0x0000000711700000, 0x0000000711700000| Untracked 
| 234|0x0000000711800000, 0x0000000711800000, 0x0000000711900000|  0%| F|  |TAMS 0x0000000711800000, 0x0000000711800000| Untracked 
| 235|0x0000000711900000, 0x0000000711900000, 0x0000000711a00000|  0%| F|  |TAMS 0x0000000711900000, 0x0000000711900000| Untracked 
| 236|0x0000000711a00000, 0x0000000711a00000, 0x0000000711b00000|  0%| F|  |TAMS 0x0000000711a00000, 0x0000000711a00000| Untracked 
| 237|0x0000000711b00000, 0x0000000711b00000, 0x0000000711c00000|  0%| F|  |TAMS 0x0000000711b00000, 0x0000000711b00000| Untracked 
| 238|0x0000000711c00000, 0x0000000711c00000, 0x0000000711d00000|  0%| F|  |TAMS 0x0000000711c00000, 0x0000000711c00000| Untracked 
| 239|0x0000000711d00000, 0x0000000711d00000, 0x0000000711e00000|  0%| F|  |TAMS 0x0000000711d00000, 0x0000000711d00000| Untracked 
| 240|0x0000000711e00000, 0x0000000711e00000, 0x0000000711f00000|  0%| F|  |TAMS 0x0000000711e00000, 0x0000000711e00000| Untracked 
| 241|0x0000000711f00000, 0x0000000711f93890, 0x0000000712000000| 57%| E|  |TAMS 0x0000000711f00000, 0x0000000711f00000| Complete 
| 242|0x0000000712000000, 0x0000000712100000, 0x0000000712100000|100%| E|CS|TAMS 0x0000000712000000, 0x0000000712000000| Complete 
| 243|0x0000000712100000, 0x0000000712200000, 0x0000000712200000|100%| E|CS|TAMS 0x0000000712100000, 0x0000000712100000| Complete 
| 244|0x0000000712200000, 0x0000000712300000, 0x0000000712300000|100%| E|CS|TAMS 0x0000000712200000, 0x0000000712200000| Complete 
| 245|0x0000000712300000, 0x0000000712400000, 0x0000000712400000|100%| E|CS|TAMS 0x0000000712300000, 0x0000000712300000| Complete 
| 246|0x0000000712400000, 0x0000000712500000, 0x0000000712500000|100%| E|CS|TAMS 0x0000000712400000, 0x0000000712400000| Complete 
| 247|0x0000000712500000, 0x0000000712600000, 0x0000000712600000|100%| E|CS|TAMS 0x0000000712500000, 0x0000000712500000| Complete 
| 248|0x0000000712600000, 0x0000000712700000, 0x0000000712700000|100%| E|CS|TAMS 0x0000000712600000, 0x0000000712600000| Complete 
| 249|0x0000000712700000, 0x0000000712800000, 0x0000000712800000|100%| E|CS|TAMS 0x0000000712700000, 0x0000000712700000| Complete 
| 250|0x0000000712800000, 0x0000000712900000, 0x0000000712900000|100%| E|CS|TAMS 0x0000000712800000, 0x0000000712800000| Complete 
| 251|0x0000000712900000, 0x0000000712a00000, 0x0000000712a00000|100%| E|CS|TAMS 0x0000000712900000, 0x0000000712900000| Complete 
| 252|0x0000000712a00000, 0x0000000712b00000, 0x0000000712b00000|100%| E|CS|TAMS 0x0000000712a00000, 0x0000000712a00000| Complete 
| 253|0x0000000712b00000, 0x0000000712c00000, 0x0000000712c00000|100%| E|CS|TAMS 0x0000000712b00000, 0x0000000712b00000| Complete 

Card table byte_map: [0x0000018698720000,0x0000018698f10000] _byte_map_base: 0x0000018694f09000

Marking Bits (Prev, Next): (CMBitMap*) 0x00000186fd7dcfc8, (CMBitMap*) 0x00000186fd7dd000
 Prev Bits: [0x0000018699700000, 0x000001869d648000)
 Next Bits: [0x000001869d650000, 0x00000186a1598000)

Polling page: 0x0000018680000000

Metaspace:

Usage:
  Non-class:     12.56 MB capacity,    12.44 MB (>99%) used,   104.36 KB ( <1%) free+waste,    15.25 KB ( <1%) overhead. 
      Class:      1.14 MB capacity,     1.07 MB ( 94%) used,    65.34 KB (  6%) free+waste,     5.88 KB ( <1%) overhead. 
       Both:     13.70 MB capacity,    13.51 MB ( 99%) used,   169.70 KB (  1%) free+waste,    21.12 KB ( <1%) overhead. 

Virtual space:
  Non-class space:       14.00 MB reserved,      12.75 MB ( 91%) committed 
      Class space:        1.00 GB reserved,       1.25 MB ( <1%) committed 
             Both:        1.01 GB reserved,      14.00 MB (  1%) committed 

Chunk freelists:
   Non-Class:  66.00 KB
       Class:  17.00 KB
        Both:  83.00 KB

MaxMetaspaceSize: 17179869184.00 GB
CompressedClassSpaceSize: 1.00 GB
Initial GC threshold: 20.80 MB
Current GC threshold: 20.80 MB
CDS: off

CodeHeap 'non-profiled nmethods': size=120064Kb used=557Kb max_used=557Kb free=119506Kb
 bounds [0x00000186901a0000, 0x0000018690410000, 0x00000186976e0000]
CodeHeap 'profiled nmethods': size=120000Kb used=2757Kb max_used=2757Kb free=117242Kb
 bounds [0x0000018688c70000, 0x0000018688f30000, 0x00000186901a0000]
CodeHeap 'non-nmethods': size=5696Kb used=1648Kb max_used=1674Kb free=4047Kb
 bounds [0x00000186886e0000, 0x0000018688950000, 0x0000018688c70000]
 total_blobs=2494 nmethods=1430 adapters=977
 compilation: enabled
              stopped_count=0, restarted_count=0
 full_count=0

Compilation events (20 events):
Event: 12.065 Thread 0x00000186a4820800 1421       3       com.badlogic.gdx.scenes.scene2d.ui.Skin$1::readValue (41 bytes)
Event: 12.065 Thread 0x00000186a4820800 nmethod 1421 0x0000018688f18810 code [0x0000018688f18a20, 0x0000018688f18e78]
Event: 12.065 Thread 0x00000186a4820800 1422       1       java.lang.Float::floatValue (5 bytes)
Event: 12.065 Thread 0x00000186a4820800 nmethod 1422 0x0000018690225990 code [0x0000018690225b40, 0x0000018690225bf8]
Event: 12.065 Thread 0x00000186a4820800 1423       3       java.lang.reflect.AccessibleObject::checkPermission (16 bytes)
Event: 12.065 Thread 0x00000186a4820800 nmethod 1423 0x0000018688f19090 code [0x0000018688f19260, 0x0000018688f194c8]
Event: 12.065 Thread 0x00000186a4820800 1424       3       java.lang.reflect.AccessibleObject::checkCanSetAccessible (9 bytes)
Event: 12.065 Thread 0x00000186a4820800 nmethod 1424 0x0000018688f19590 code [0x0000018688f19740, 0x0000018688f19868]
Event: 12.065 Thread 0x00000186a4820800 1425       3       java.lang.reflect.AccessibleObject::checkCanSetAccessible (386 bytes)
Event: 12.068 Thread 0x00000186a4820800 nmethod 1425 0x0000018688f19910 code [0x0000018688f1a100, 0x0000018688f1e528]
Event: 12.068 Thread 0x00000186a4820800 1426       3       java.lang.reflect.AccessibleObject::setAccessible0 (7 bytes)
Event: 12.068 Thread 0x00000186a4820800 nmethod 1426 0x0000018688f1fb90 code [0x0000018688f1fd40, 0x0000018688f1fe58]
Event: 12.068 Thread 0x00000186a4820800 1427       3       java.lang.reflect.Field::isSynthetic (8 bytes)
Event: 12.068 Thread 0x00000186a4820800 nmethod 1427 0x0000018688f1ff10 code [0x0000018688f200c0, 0x0000018688f20298]
Event: 12.068 Thread 0x00000186a4820800 1428       3       java.lang.reflect.Modifier::isSynthetic (14 bytes)
Event: 12.068 Thread 0x00000186a4820800 nmethod 1428 0x0000018688f20390 code [0x0000018688f20540, 0x0000018688f20678]
Event: 12.068 Thread 0x00000186a4820800 1430       3       java.lang.reflect.Field::setAccessible (21 bytes)
Event: 12.068 Thread 0x00000186a4820800 nmethod 1430 0x0000018688f20710 code [0x0000018688f20920, 0x0000018688f20e68]
Event: 12.068 Thread 0x00000186a4820800 1429       3       com.badlogic.gdx.utils.reflect.Field::<init> (10 bytes)
Event: 12.068 Thread 0x00000186a4820800 nmethod 1429 0x0000018688f21090 code [0x0000018688f21240, 0x0000018688f213f8]

GC Heap History (2 events):
Event: 1.466 GC heap before
{Heap before GC invocations=0 (full 0):
 garbage-first heap   total 260096K, used 22528K [0x0000000702e00000, 0x0000000800000000)
  region size 1024K, 22 young (22528K), 0 survivors (0K)
 Metaspace       used 11626K, capacity 11812K, committed 12032K, reserved 1060864K
  class space    used 885K, capacity 941K, committed 1024K, reserved 1048576K
}
Event: 1.469 GC heap after
{Heap after GC invocations=1 (full 0):
 garbage-first heap   total 260096K, used 2510K [0x0000000702e00000, 0x0000000800000000)
  region size 1024K, 3 young (3072K), 3 survivors (3072K)
 Metaspace       used 11626K, capacity 11812K, committed 12032K, reserved 1060864K
  class space    used 885K, capacity 941K, committed 1024K, reserved 1048576K
}

Deoptimization events (20 events):
Event: 2.995 Thread 0x00000186fd77a800 DEOPT PACKING pc=0x0000018688ebf4ce sp=0x0000006b6f9fec40
Event: 2.995 Thread 0x00000186fd77a800 DEOPT UNPACKING pc=0x000001868872a95e sp=0x0000006b6f9fe068 mode 0
Event: 12.061 Thread 0x00000186fd77a800 Uncommon trap: trap_request=0xffffffd6 fr.pc=0x0000018690220dac relative=0x00000000000001cc
Event: 12.061 Thread 0x00000186fd77a800 Uncommon trap: reason=array_check action=maybe_recompile pc=0x0000018690220dac method=com.badlogic.gdx.utils.Array.add(Ljava/lang/Object;)V @ 46 c2
Event: 12.061 Thread 0x00000186fd77a800 DEOPT PACKING pc=0x0000018690220dac sp=0x0000006b6f9fead0
Event: 12.062 Thread 0x00000186fd77a800 DEOPT UNPACKING pc=0x000001868872a1af sp=0x0000006b6f9fea78 mode 2
Event: 12.063 Thread 0x00000186fd77a800 DEOPT PACKING pc=0x0000018688cdc9a7 sp=0x0000006b6f9fe460
Event: 12.064 Thread 0x00000186fd77a800 DEOPT UNPACKING pc=0x000001868872a95e sp=0x0000006b6f9fda00 mode 0
Event: 12.066 Thread 0x00000186fd77a800 Uncommon trap: trap_request=0xffffffd6 fr.pc=0x0000018690220dac relative=0x00000000000001cc
Event: 12.066 Thread 0x00000186fd77a800 Uncommon trap: reason=array_check action=maybe_recompile pc=0x0000018690220dac method=com.badlogic.gdx.utils.Array.add(Ljava/lang/Object;)V @ 46 c2
Event: 12.066 Thread 0x00000186fd77a800 DEOPT PACKING pc=0x0000018690220dac sp=0x0000006b6f9fe9b0
Event: 12.066 Thread 0x00000186fd77a800 DEOPT UNPACKING pc=0x000001868872a1af sp=0x0000006b6f9fe958 mode 2
Event: 12.066 Thread 0x00000186fd77a800 Uncommon trap: trap_request=0xffffffd6 fr.pc=0x0000018690220dac relative=0x00000000000001cc
Event: 12.066 Thread 0x00000186fd77a800 Uncommon trap: reason=array_check action=maybe_recompile pc=0x0000018690220dac method=com.badlogic.gdx.utils.Array.add(Ljava/lang/Object;)V @ 46 c2
Event: 12.066 Thread 0x00000186fd77a800 DEOPT PACKING pc=0x0000018690220dac sp=0x0000006b6f9fe9b0
Event: 12.066 Thread 0x00000186fd77a800 DEOPT UNPACKING pc=0x000001868872a1af sp=0x0000006b6f9fe958 mode 2
Event: 12.066 Thread 0x00000186fd77a800 Uncommon trap: trap_request=0xffffffd6 fr.pc=0x0000018690220dac relative=0x00000000000001cc
Event: 12.066 Thread 0x00000186fd77a800 Uncommon trap: reason=array_check action=maybe_recompile pc=0x0000018690220dac method=com.badlogic.gdx.utils.Array.add(Ljava/lang/Object;)V @ 46 c2
Event: 12.066 Thread 0x00000186fd77a800 DEOPT PACKING pc=0x0000018690220dac sp=0x0000006b6f9fea90
Event: 12.066 Thread 0x00000186fd77a800 DEOPT UNPACKING pc=0x000001868872a1af sp=0x0000006b6f9fea38 mode 2

Classes redefined (0 events):
No events

Internal exceptions (20 events):
Event: 11.976 Thread 0x00000186fd77a800 Implicit null exception at 0x0000018688f0d48c to 0x0000018688f0ea9e
Event: 11.976 Thread 0x00000186fd77a800 Exception <a 'java/lang/NullPointerException'{0x000000071207e298}> (0x000000071207e298) thrown at [s\src\hotspot\share\runtime\sharedRuntime.cpp, line 606]
Event: 11.976 Thread 0x00000186fd77a800 Implicit null exception at 0x0000018688f0d9bc to 0x0000018688f0ebbd
Event: 11.976 Thread 0x00000186fd77a800 Exception <a 'java/lang/NullPointerException'{0x000000071207e568}> (0x000000071207e568) thrown at [s\src\hotspot\share\runtime\sharedRuntime.cpp, line 606]
Event: 11.992 Thread 0x00000186fd77a800 Implicit null exception at 0x0000018688f0d48c to 0x0000018688f0ea9e
Event: 11.992 Thread 0x00000186fd77a800 Exception <a 'java/lang/NullPointerException'{0x000000071207e8c0}> (0x000000071207e8c0) thrown at [s\src\hotspot\share\runtime\sharedRuntime.cpp, line 606]
Event: 11.992 Thread 0x00000186fd77a800 Implicit null exception at 0x0000018688f0d9bc to 0x0000018688f0ebbd
Event: 11.992 Thread 0x00000186fd77a800 Exception <a 'java/lang/NullPointerException'{0x000000071207eb90}> (0x000000071207eb90) thrown at [s\src\hotspot\share\runtime\sharedRuntime.cpp, line 606]
Event: 12.009 Thread 0x00000186fd77a800 Implicit null exception at 0x0000018688f0d48c to 0x0000018688f0ea9e
Event: 12.009 Thread 0x00000186fd77a800 Exception <a 'java/lang/NullPointerException'{0x000000071207eee8}> (0x000000071207eee8) thrown at [s\src\hotspot\share\runtime\sharedRuntime.cpp, line 606]
Event: 12.009 Thread 0x00000186fd77a800 Implicit null exception at 0x0000018688f0d9bc to 0x0000018688f0ebbd
Event: 12.009 Thread 0x00000186fd77a800 Exception <a 'java/lang/NullPointerException'{0x000000071207f1b8}> (0x000000071207f1b8) thrown at [s\src\hotspot\share\runtime\sharedRuntime.cpp, line 606]
Event: 12.026 Thread 0x00000186fd77a800 Implicit null exception at 0x0000018688f0d48c to 0x0000018688f0ea9e
Event: 12.026 Thread 0x00000186fd77a800 Exception <a 'java/lang/NullPointerException'{0x000000071207f510}> (0x000000071207f510) thrown at [s\src\hotspot\share\runtime\sharedRuntime.cpp, line 606]
Event: 12.026 Thread 0x00000186fd77a800 Implicit null exception at 0x0000018688f0d9bc to 0x0000018688f0ebbd
Event: 12.026 Thread 0x00000186fd77a800 Exception <a 'java/lang/NullPointerException'{0x000000071207f7e0}> (0x000000071207f7e0) thrown at [s\src\hotspot\share\runtime\sharedRuntime.cpp, line 606]
Event: 12.042 Thread 0x00000186fd77a800 Implicit null exception at 0x0000018688f0d48c to 0x0000018688f0ea9e
Event: 12.042 Thread 0x00000186fd77a800 Exception <a 'java/lang/NullPointerException'{0x000000071207fb38}> (0x000000071207fb38) thrown at [s\src\hotspot\share\runtime\sharedRuntime.cpp, line 606]
Event: 12.042 Thread 0x00000186fd77a800 Implicit null exception at 0x0000018688f0d9bc to 0x0000018688f0ebbd
Event: 12.042 Thread 0x00000186fd77a800 Exception <a 'java/lang/NullPointerException'{0x000000071207fe08}> (0x000000071207fe08) thrown at [s\src\hotspot\share\runtime\sharedRuntime.cpp, line 606]

Events (20 events):
Event: 3.516 Loaded shared library C:\Users\jl3667\AppData\Local\Temp\lwjgl_jl3667\3.3.3+5\x64\lwjgl_opengl.dll
Event: 3.564 Loaded shared library C:\Users\jl3667\AppData\Local\Temp\lwjgl_jl3667\3.3.3+5\x64\lwjgl.dll
Event: 3.732 Loaded shared library C:\Users\jl3667\AppData\Local\Temp\lwjgl_jl3667\3.3.3+5\x64\lwjgl_opengl.dll
Event: 3.837 Loaded shared library C:\Users\jl3667\AppData\Local\Temp\lwjgl_jl3667\3.3.3+5\x64\lwjgl_opengl.dll
Event: 4.166 Loaded shared library C:\Users\jl3667\AppData\Local\Temp\lwjgl_jl3667\3.3.3+5\x64\lwjgl_opengl.dll
Event: 4.794 Loaded shared library C:\Users\jl3667\.jdks\corretto-11.0.22\bin\java.dll
Event: 4.800 Loaded shared library C:\Users\jl3667\AppData\Local\Temp\lwjgl_jl3667\3.3.3+5\x64\lwjgl_opengl.dll
Event: 5.847 Loaded shared library C:\Users\jl3667\AppData\Local\Temp\lwjgl_jl3667\3.3.3+5\x64\lwjgl_opengl.dll
Event: 5.857 Loaded shared library C:\Users\jl3667\AppData\Local\Temp\lwjgl_jl3667\3.3.3+5\x64\lwjgl_opengl.dll
Event: 5.878 Loaded shared library C:\Users\jl3667\AppData\Local\Temp\lwjgl_jl3667\3.3.3+5\x64\lwjgl.dll
Event: 5.880 Loaded shared library C:\Users\jl3667\AppData\Local\Temp\lwjgl_jl3667\3.3.3+5\x64\lwjgl.dll
Event: 10.044 Loaded shared library C:\Users\jl3667\AppData\Local\Temp\libgdxjl3667\2a9d7f76\gdx64.dll
Event: 12.042 loading class com/heslington_hustle/screens/ActivityScreen
Event: 12.042 loading class com/heslington_hustle/screens/ActivityScreen done
Event: 12.061 loading class com/badlogic/gdx/utils/ObjectSet$ObjectSetIterator
Event: 12.061 loading class com/badlogic/gdx/utils/ObjectSet$ObjectSetIterator done
Event: 12.066 loading class com/heslington_hustle/screens/ActivityScreen$1
Event: 12.066 loading class com/heslington_hustle/screens/ActivityScreen$1 done
Event: 12.066 loading class com/heslington_hustle/screens/ActivityScreen$2
Event: 12.066 loading class com/heslington_hustle/screens/ActivityScreen$2 done


Dynamic libraries:
0x00007ff661940000 - 0x00007ff66194e000 	C:\Users\jl3667\.jdks\corretto-11.0.22\bin\java.exe
0x00007ff88e210000 - 0x00007ff88e408000 	C:\windows\SYSTEM32\ntdll.dll
0x00007ff88d5d0000 - 0x00007ff88d68d000 	C:\windows\System32\KERNEL32.DLL
0x00007ff88ba60000 - 0x00007ff88bd56000 	C:\windows\System32\KERNELBASE.dll
0x00007ff888f10000 - 0x00007ff888fa0000 	C:\windows\SYSTEM32\apphelp.dll
0x00007ff88c040000 - 0x00007ff88c140000 	C:\windows\System32\ucrtbase.dll
0x00007ff86a5f0000 - 0x00007ff86a607000 	C:\Users\jl3667\.jdks\corretto-11.0.22\bin\jli.dll
0x00007ff869730000 - 0x00007ff86974b000 	C:\Users\jl3667\.jdks\corretto-11.0.22\bin\VCRUNTIME140.dll
0x00007ff88c650000 - 0x00007ff88c7ee000 	C:\windows\System32\USER32.dll
0x00007ff87caa0000 - 0x00007ff87cd3a000 	C:\windows\WinSxS\amd64_microsoft.windows.common-controls_6595b64144ccf1df_6.0.19041.3636_none_60b6a03d71f818d5\COMCTL32.dll
0x00007ff88c140000 - 0x00007ff88c162000 	C:\windows\System32\win32u.dll
0x00007ff88df50000 - 0x00007ff88dfee000 	C:\windows\System32\msvcrt.dll
0x00007ff88e140000 - 0x00007ff88e16b000 	C:\windows\System32\GDI32.dll
0x00007ff88b8d0000 - 0x00007ff88b9e7000 	C:\windows\System32\gdi32full.dll
0x00007ff88bfa0000 - 0x00007ff88c03d000 	C:\windows\System32\msvcp_win.dll
0x00007ff88d690000 - 0x00007ff88d6c2000 	C:\windows\System32\IMM32.DLL
0x00007ff880ae0000 - 0x00007ff880aec000 	C:\Users\jl3667\.jdks\corretto-11.0.22\bin\vcruntime140_1.dll
0x00007ff8696a0000 - 0x00007ff86972d000 	C:\Users\jl3667\.jdks\corretto-11.0.22\bin\msvcp140.dll
0x00007ff8389f0000 - 0x00007ff8395b3000 	C:\Users\jl3667\.jdks\corretto-11.0.22\bin\server\jvm.dll
0x00007ff88c400000 - 0x00007ff88c4b3000 	C:\windows\System32\ADVAPI32.dll
0x00007ff88c300000 - 0x00007ff88c39f000 	C:\windows\System32\sechost.dll
0x00007ff88e010000 - 0x00007ff88e136000 	C:\windows\System32\RPCRT4.dll
0x00007ff88c170000 - 0x00007ff88c197000 	C:\windows\System32\bcrypt.dll
0x00007ff88e000000 - 0x00007ff88e008000 	C:\windows\System32\PSAPI.DLL
0x00007ff8831e0000 - 0x00007ff8831e9000 	C:\windows\SYSTEM32\WSOCK32.dll
0x00007ff886360000 - 0x00007ff88636a000 	C:\windows\SYSTEM32\VERSION.dll
0x00007ff881d00000 - 0x00007ff881d27000 	C:\windows\SYSTEM32\WINMM.dll
0x00007ff88cfa0000 - 0x00007ff88d00b000 	C:\windows\System32\WS2_32.dll
0x00007ff8894e0000 - 0x00007ff8894f2000 	C:\windows\SYSTEM32\kernel.appcore.dll
0x00007ff876690000 - 0x00007ff8766a0000 	C:\Users\jl3667\.jdks\corretto-11.0.22\bin\verify.dll
0x00007ff882b10000 - 0x00007ff882cf4000 	C:\windows\SYSTEM32\DBGHELP.DLL
0x00007ff882a20000 - 0x00007ff882a54000 	C:\windows\SYSTEM32\dbgcore.DLL
0x00007ff88bdb0000 - 0x00007ff88be32000 	C:\windows\System32\bcryptPrimitives.dll
0x00007ff869670000 - 0x00007ff869698000 	C:\Users\jl3667\.jdks\corretto-11.0.22\bin\java.dll
0x00007ff876660000 - 0x00007ff87666a000 	C:\Users\jl3667\.jdks\corretto-11.0.22\bin\jimage.dll
0x00007ff869450000 - 0x00007ff869468000 	C:\Users\jl3667\.jdks\corretto-11.0.22\bin\zip.dll
0x00007ff88d6f0000 - 0x00007ff88de35000 	C:\windows\System32\SHELL32.dll
0x00007ff8897c0000 - 0x00007ff889f5c000 	C:\windows\SYSTEM32\windows.storage.dll
0x00007ff88d190000 - 0x00007ff88d4e4000 	C:\windows\System32\combase.dll
0x00007ff88b290000 - 0x00007ff88b2be000 	C:\windows\SYSTEM32\Wldp.dll
0x00007ff88c4c0000 - 0x00007ff88c58d000 	C:\windows\System32\OLEAUT32.dll
0x00007ff88c590000 - 0x00007ff88c63d000 	C:\windows\System32\SHCORE.dll
0x00007ff88c920000 - 0x00007ff88c975000 	C:\windows\System32\shlwapi.dll
0x00007ff88b800000 - 0x00007ff88b825000 	C:\windows\SYSTEM32\profapi.dll
0x00007ff869430000 - 0x00007ff869449000 	C:\Users\jl3667\.jdks\corretto-11.0.22\bin\net.dll
0x00007ff886250000 - 0x00007ff88635a000 	C:\windows\SYSTEM32\WINHTTP.dll
0x00007ff88af90000 - 0x00007ff88affa000 	C:\windows\system32\mswsock.dll
0x00007ff8693a0000 - 0x00007ff8693b2000 	C:\Users\jl3667\.jdks\corretto-11.0.22\bin\nio.dll
0x000000006e700000 - 0x000000006e72d000 	C:\Users\jl3667\AppData\Local\Temp\libgdxjl3667\2a9d7f76\gdx64.dll
0x00007ff863200000 - 0x00007ff86327b000 	C:\Users\jl3667\AppData\Local\Temp\lwjgl_jl3667\3.3.3+5\x64\lwjgl.dll
0x00007ff856d30000 - 0x00007ff856fa0000 	C:\Users\jl3667\AppData\Local\Temp\lwjgl_jl3667\3.3.3+5\x64\jemalloc.dll
0x00007ff863170000 - 0x00007ff8631f2000 	C:\Users\jl3667\AppData\Local\Temp\lwjgl_jl3667\3.3.3+5\x64\glfw.dll
0x00007ff856ce0000 - 0x00007ff856d25000 	C:\windows\SYSTEM32\dinput8.dll
0x00007ff876ab0000 - 0x00007ff876ac1000 	C:\windows\SYSTEM32\xinput1_4.dll
0x00007ff88bd60000 - 0x00007ff88bdae000 	C:\windows\System32\cfgmgr32.dll
0x00007ff88b660000 - 0x00007ff88b693000 	C:\windows\SYSTEM32\DEVOBJ.dll
0x00007ff8894b0000 - 0x00007ff8894df000 	C:\windows\SYSTEM32\dwmapi.dll
0x00007ff875a90000 - 0x00007ff875be2000 	C:\windows\SYSTEM32\inputhost.dll
0x00007ff888cd0000 - 0x00007ff888dc2000 	C:\windows\SYSTEM32\CoreMessaging.dll
0x00007ff8854e0000 - 0x00007ff8855d6000 	C:\windows\SYSTEM32\PROPSYS.dll
0x00007ff8882a0000 - 0x00007ff8883f5000 	C:\windows\SYSTEM32\wintypes.dll
0x00007ff888970000 - 0x00007ff888ccb000 	C:\windows\SYSTEM32\CoreUIComponents.dll
0x00007ff88a9e0000 - 0x00007ff88aa13000 	C:\windows\SYSTEM32\ntmarta.dll
0x00007ff8890f0000 - 0x00007ff88918e000 	C:\windows\system32\uxtheme.dll
0x00007ff88d010000 - 0x00007ff88d124000 	C:\windows\System32\MSCTF.dll
0x00007ff8561d0000 - 0x00007ff856397000 	C:\Users\jl3667\AppData\Local\Temp\lwjgl_jl3667\3.3.3+5\x64\OpenAL.dll
0x00007ff88c7f0000 - 0x00007ff88c91b000 	C:\windows\System32\ole32.dll
0x00007ff88c250000 - 0x00007ff88c2f9000 	C:\windows\System32\clbcatq.dll
0x00007ff885c10000 - 0x00007ff885c95000 	C:\windows\System32\MMDevApi.dll
0x00007ff85a2d0000 - 0x00007ff85a452000 	C:\windows\SYSTEM32\AUDIOSES.DLL
0x00007ff88b440000 - 0x00007ff88b48b000 	C:\windows\SYSTEM32\powrprof.dll
0x00007ff88b420000 - 0x00007ff88b432000 	C:\windows\SYSTEM32\UMPDC.dll
0x00007ff8891b0000 - 0x00007ff8891c4000 	C:\windows\SYSTEM32\resourcepolicyclient.dll
0x00007ff853f70000 - 0x00007ff854095000 	C:\windows\SYSTEM32\opengl32.dll
0x00007ff85dff0000 - 0x00007ff85e01c000 	C:\windows\SYSTEM32\GLU32.dll
0x00007ff884710000 - 0x00007ff884812000 	C:\Windows\System32\AppXDeploymentClient.dll
0x00007ff842d60000 - 0x00007ff843d65000 	C:\windows\System32\DriverStore\FileRepository\iigd_dch.inf_amd64_ec81fa442e167535\ig9icd64.dll
0x00007ff88a080000 - 0x00007ff88a173000 	C:\windows\system32\dxgi.dll
0x00007ff842940000 - 0x00007ff842d5a000 	C:\windows\System32\DriverStore\FileRepository\iigd_dch.inf_amd64_ec81fa442e167535\igdml64.dll
0x00007ff8714a0000 - 0x00007ff871721000 	C:\windows\System32\DriverStore\FileRepository\iigd_dch.inf_amd64_ec81fa442e167535\igdgmm64.dll
0x00007ff86e3d0000 - 0x00007ff871214000 	C:\windows\System32\DriverStore\FileRepository\iigd_dch.inf_amd64_ec81fa442e167535\igc64.dll
0x00007ff854ec0000 - 0x00007ff854f1e000 	C:\Users\jl3667\AppData\Local\Temp\lwjgl_jl3667\3.3.3+5\x64\lwjgl_opengl.dll
0x00007ff8764d0000 - 0x00007ff8765c9000 	C:\windows\SYSTEM32\textinputframework.dll

dbghelp: loaded successfully - version: 4.0.5 - missing functions: none
symbol engine: initialized successfully - sym options: 0x614 - pdb path: .;C:\Users\jl3667\.jdks\corretto-11.0.22\bin;C:\windows\SYSTEM32;C:\windows\WinSxS\amd64_microsoft.windows.common-controls_6595b64144ccf1df_6.0.19041.3636_none_60b6a03d71f818d5;C:\Users\jl3667\.jdks\corretto-11.0.22\bin\server;C:\Users\jl3667\AppData\Local\Temp\libgdxjl3667\2a9d7f76;C:\Users\jl3667\AppData\Local\Temp\lwjgl_jl3667\3.3.3+5\x64;C:\windows\System32\DriverStore\FileRepository\iigd_dch.inf_amd64_ec81fa442e167535

VM Arguments:
jvm_args: -Dfile.encoding=windows-1252 -Duser.country=GB -Duser.language=en -Duser.variant 
java_command: com.heslington_hustle.game.DesktopLauncher
java_class_path (initial): C:\Users\jl3667\IdeaProjects\Group-12-ENG1\Heslington_hustle\desktop\build\classes\java\main;C:\Users\jl3667\IdeaProjects\Group-12-ENG1\Heslington_hustle\desktop\build\resources\main;C:\Users\jl3667\.gradle\caches\modules-2\files-2.1\com.badlogicgames.gdx\gdx-backend-lwjgl3\1.12.1\12a144cacb34f0392cd8354f798d99e4836a51a8\gdx-backend-lwjgl3-1.12.1.jar;C:\Users\jl3667\.gradle\caches\modules-2\files-2.1\com.badlogicgames.gdx\gdx-platform\1.12.1\5737be5ce3a4e8f9f77c2d9ab95ab479f9c3705f\gdx-platform-1.12.1-natives-desktop.jar;C:\Users\jl3667\.gradle\caches\modules-2\files-2.1\com.badlogicgames.gdx\gdx-box2d-platform\1.12.1\4e82228fcdd2e8a7673fe7952588acfdb33d7820\gdx-box2d-platform-1.12.1-natives-desktop.jar;C:\Users\jl3667\.gradle\caches\modules-2\files-2.1\com.badlogicgames.gdx\gdx-freetype-platform\1.12.1\a32f9ecca13ae01370d9649e48a30201080d4c18\gdx-freetype-platform-1.12.1-natives-desktop.jar;C:\Users\jl3667\IdeaProjects\Group-12-ENG1\Heslington_hustle\core\build\libs\core-1.0.jar;C:\Users\jl3667\.gradle\caches\modules-2\files-2.1\com.badlogicgames.gdx\gdx-box2d\1.12.1\6c37ed04f97d062f1bdc4afe1f583182e539a269\gdx-box2d-1.12.1.jar;C:\Users\jl3667\.gradle\caches\modules-2\files-2.1\com.badlogicgames.ashley\ashley\1.7.4\21a3a8932919099c4e5006a7d8378dcbe76ef8a5\ashley-1.7.4.jar;C:\Users\jl3667\.gradle\caches\modules-2\files-2.1\com.badlogicgames.gdx\gdx-freetype\1.12.1\d5826997b0cfa595a72889610fadb18405056c1c\gdx-freetype-1.12.1.jar;C:\Users\jl3667\.gradle\caches\modules-2\files-2.1\com.badlogicgames.gdx\gdx\1.12.1\a2d066c09329c457045c284c42d6f37122840aa\gdx-1.12.1.jar;C:\Users\jl3667\.gradle\caches\modules-2\files-2.1\org.lwjgl\lwjgl-glfw\3.3.3\efa1eb78c5ccd840e9f329717109b5e892d72f8e\lwjgl-glfw-3.3.3.jar;C:\Users\jl3667\.gradle\caches\modules-2\files-2.1\org.lwjgl\lwjgl-glfw\3.3.3\a03684c5e4b1b1dbbe0d29dbbdc27b985b6840f2\lwjgl-glfw-3.3.3-natives-linux.jar;C:\Users\jl3667\.gradle\caches\modules-2\files-2.1\org.lwjgl\lwjgl-glfw\3.3.3\d9af485c
Launcher Type: SUN_STANDARD

[Global flags]
     intx CICompilerCount                          = 3                                         {product} {ergonomic}
     uint ConcGCThreads                            = 2                                         {product} {ergonomic}
     uint G1ConcRefinementThreads                  = 6                                         {product} {ergonomic}
   size_t G1HeapRegionSize                         = 1048576                                   {product} {ergonomic}
    uintx GCDrainStackTargetSize                   = 64                                        {product} {ergonomic}
   size_t InitialHeapSize                          = 266338304                                 {product} {ergonomic}
   size_t MarkStackSize                            = 4194304                                   {product} {ergonomic}
   size_t MaxHeapSize                              = 4246732800                                {product} {ergonomic}
   size_t MaxNewSize                               = 2548039680                                {product} {ergonomic}
   size_t MinHeapDeltaBytes                        = 1048576                                   {product} {ergonomic}
    uintx NonNMethodCodeHeapSize                   = 5830732                                {pd product} {ergonomic}
    uintx NonProfiledCodeHeapSize                  = 122913754                              {pd product} {ergonomic}
    uintx ProfiledCodeHeapSize                     = 122913754                              {pd product} {ergonomic}
    uintx ReservedCodeCacheSize                    = 251658240                              {pd product} {ergonomic}
     bool SegmentedCodeCache                       = true                                      {product} {ergonomic}
     bool UseCompressedClassPointers               = true                                 {lp64_product} {ergonomic}
     bool UseCompressedOops                        = true                                 {lp64_product} {ergonomic}
     bool UseG1GC                                  = true                                      {product} {ergonomic}
     bool UseLargePagesIndividualAllocation        = false                                  {pd product} {ergonomic}

Logging:
Log output configuration:
 #0: stdout all=warning uptime,level,tags
 #1: stderr all=off uptime,level,tags

Environment Variables:
JAVA_HOME=C:\Program Files\BellSoft\LibericaJDK-11.0.22-Full
PATH=C:\Program Files\BellSoft\LibericaJDK-11.0.22-Full\bin\;C:\Program Files\Quarto\bin;C:\WINDOWS\system32;C:\WINDOWS;C:\WINDOWS\System32\Wbem;C:\WINDOWS\System32\WindowsPowerShell\v1.0\;C:\WINDOWS\System32\OpenSSH\;C:\Program Files (x86)\Symyx\Symyx Draw 4.0\lib;C:\ProgramData\Anaconda3;C:\ProgramData\Anaconda3\Scripts;C:\ProgramData\Anaconda3\Library;C:\ProgramData\Anaconda3\Library\bin;C:\ProgramData\Anaconda3\Library\usr\bin;C:\ProgramData\Anaconda3\Library\migw-w64\bin;C:\Program Files\dotnet\;C:\Program Files\MiKTeX\miktex\bin\x64\;C:\Program Files\Wolfram Research\WolframScript\;C:\Program Files\MATLAB\R2023a\runtime\win64;C:\Program Files\MATLAB\R2023a\bin;C:\Program Files\MEGA11;C:\Program Files\Microsoft SQL Server\150\Tools\Binn\;C:\Program Files\PuTTY\;C:\Program Files\rtools\usr\bin;C:\Program Files (x86)\Common Files\Propellerhead Software\ReWire\;C:\Program Files\Common Files\Propellerhead Software\ReWire\;C:\Program Files (x86)\Digilent\AdeptUtilities;C:\apps\apache-maven-3.9.4\bin;c:\apps\Haskell\ghcup\bin;C:\Apps\gradle-8.3\bin;C:\Program Files\Graphviz\bin;C:\Program Files\Microsoft VS Code\bin;C:\Apps\proverif2.04;C:\apps\SYS4;C:\Apps\sed;C:\Program Files\Git\cmd;C:\Users\jl3667\AppData\Local\Microsoft\WindowsApps;
USERNAME=jl3667
OS=Windows_NT
PROCESSOR_IDENTIFIER=Intel64 Family 6 Model 158 Stepping 10, GenuineIntel
TMP=C:\Users\jl3667\AppData\Local\Temp
TEMP=C:\Users\jl3667\AppData\Local\Temp



---------------  S Y S T E M  ---------------

OS: Windows 10 , 64 bit Build 19041 (10.0.19041.3636)
OS uptime: 0 days 6:21 hours

CPU:total 6 (initial active 6) (6 cores per cpu, 1 threads per core) family 6 model 158 stepping 10 microcode 0xb4, cmov, cx8, fxsr, mmx, sse, sse2, sse3, ssse3, sse4.1, sse4.2, popcnt, avx, avx2, aes, clmul, erms, rtm, 3dnowpref, lzcnt, tsc, tscinvbit, bmi1, bmi2, adx, fma

Memory: 4k page, system-wide physical 16192M (7298M free)
TotalPageFile size 18624M (AvailPageFile size 9205M)
current process WorkingSet (physical memory assigned to process): 152M, peak: 153M
current process commit charge ("private bytes"): 390M, peak: 390M

vm_info: OpenJDK 64-Bit Server VM (11.0.22+7-LTS) for windows-amd64 JRE (11.0.22+7-LTS), built on Jan 10 2024 19:54:00 by "Administrator" with MS VC++ 16.10 / 16.11 (VS2019)

END.
