#
# A fatal error has been detected by the Java Runtime Environment:
#
#  EXCEPTION_ACCESS_VIOLATION (0xc0000005) at pc=0x00007ff84352fc90, pid=9316, tid=10320
#
# JRE version: OpenJDK Runtime Environment Corretto-11.0.22.7.1 (11.0.22+7) (build 11.0.22+7-LTS)
# Java VM: OpenJDK 64-Bit Server VM Corretto-11.0.22.7.1 (11.0.22+7-LTS, mixed mode, tiered, compressed oops, g1 gc, windows-amd64)
# Problematic frame:
# C  [ig9icd64.dll+0xa3fc90]
#
# No core dump will be written. Minidumps are not enabled by default on client versions of Windows
#
# If you would like to submit a bug report, please visit:
#   https://github.com/corretto/corretto-11/issues/
# The crash happened outside the Java Virtual Machine in native code.
# See problematic frame for where to report the bug.
#

---------------  S U M M A R Y ------------

Command Line: -Dfile.encoding=windows-1252 -Duser.country=GB -Duser.language=en -Duser.variant com.heslington_hustle.game.DesktopLauncher

Host: Intel(R) Core(TM) i5-8500 CPU @ 3.00GHz, 6 cores, 15G,  Windows 10 , 64 bit Build 19041 (10.0.19041.3636)
Time: Wed Mar 13 11:45:39 2024 GMT Standard Time elapsed time: 30.785503 seconds (0d 0h 0m 30s)

---------------  T H R E A D  ---------------

Current thread (0x0000024a7dccf000):  JavaThread "main" [_thread_in_native, id=10320, stack(0x000000de57600000,0x000000de57700000)]

Stack: [0x000000de57600000,0x000000de57700000],  sp=0x000000de576fc318,  free space=1008k
Native frames: (J=compiled Java code, j=interpreted, Vv=VM code, C=native code)
C  [ig9icd64.dll+0xa3fc90]

Java frames: (J=compiled Java code, j=interpreted, Vv=VM code)
J 1387  org.lwjgl.opengl.GL11C.nglDrawElements(IIIJ)V (0 bytes) @ 0x0000024a101fff9e [0x0000024a101fff40+0x000000000000005e]
J 1429 c2 com.badlogic.gdx.graphics.g2d.SpriteBatch.flush()V (196 bytes) @ 0x0000024a1020cb88 [0x0000024a1020c700+0x0000000000000488]
J 1454 c1 com.badlogic.gdx.graphics.g2d.SpriteBatch.draw(Lcom/badlogic/gdx/graphics/Texture;FFFF)V (279 bytes) @ 0x0000024a08f1934c [0x0000024a08f19100+0x000000000000024c]
J 1499 c1 com.heslington_hustle.screens.GameScreen.render(F)V (463 bytes) @ 0x0000024a08f2d8ac [0x0000024a08f2b460+0x000000000000244c]
J 1470 c1 com.heslington_hustle.game.Heslington_hustle.render()V (5 bytes) @ 0x0000024a08f1ecb4 [0x0000024a08f1ea60+0x0000000000000254]
J 1428 c1 com.badlogic.gdx.backends.lwjgl3.Lwjgl3Window.update()Z (217 bytes) @ 0x0000024a08f07e44 [0x0000024a08f070a0+0x0000000000000da4]
j  com.badlogic.gdx.backends.lwjgl3.Lwjgl3Application.loop()V+111
j  com.badlogic.gdx.backends.lwjgl3.Lwjgl3Application.<init>(Lcom/badlogic/gdx/ApplicationListener;Lcom/badlogic/gdx/backends/lwjgl3/Lwjgl3ApplicationConfiguration;)V+269
j  com.heslington_hustle.game.DesktopLauncher.main([Ljava/lang/String;)V+41
v  ~StubRoutines::call_stub

siginfo: EXCEPTION_ACCESS_VIOLATION (0xc0000005), reading address 0x0000024a244d0010


Register to memory mapping:

RIP=0x00007ff84352fc90 ig9icd64.dll
RAX=0x0000000021e4eacb is an unknown value
RBX=0x0000024a23751220 points into unknown readable memory: 0x0000024a25d00000 | 00 00 d0 25 4a 02 00 00
RCX=0x0000024a25d00288 points into unknown readable memory: 0xfefffffffeffffff | ff ff ff fe ff ff ff fe
RDX=0x0000024a244d0010 is an unknown value
RSP=0x000000de576fc318 is pointing into the stack for thread: 0x0000024a7dccf000
RBP=0x000000de576fc420 is pointing into the stack for thread: 0x0000024a7dccf000
RSI=0x0000024a237402f0 points into unknown readable memory: 0x0000024a22b30020 | 20 00 b3 22 4a 02 00 00
RDI=0x0000024a22feb680 points into unknown readable memory: 0x0000024a22dfa180 | 80 a1 df 22 4a 02 00 00
R8 =0x000000000000f2bf is an unknown value
R9 =0x0000000000000014 is an unknown value
R10=0x00007ff842af0000 ig9icd64.dll
R11=0x0 is NULL
R12=0x0000024a25d00000 points into unknown readable memory: 0xfefffffffeffffff | ff ff ff fe ff ff ff fe
R13=0x0 is NULL
R14=0x0000024a244cf368 points into unknown readable memory: 0x3f555556feffffff | ff ff ff fe 56 55 55 3f
R15=0x000000000003cd84 is an unknown value


Registers:
RAX=0x0000000021e4eacb, RBX=0x0000024a23751220, RCX=0x0000024a25d00288, RDX=0x0000024a244d0010
RSP=0x000000de576fc318, RBP=0x000000de576fc420, RSI=0x0000024a237402f0, RDI=0x0000024a22feb680
R8 =0x000000000000f2bf, R9 =0x0000000000000014, R10=0x00007ff842af0000, R11=0x0000000000000000
R12=0x0000024a25d00000, R13=0x0000000000000000, R14=0x0000024a244cf368, R15=0x000000000003cd84
RIP=0x00007ff84352fc90, EFLAGS=0x0000000000010212

Top of Stack: (sp=0x000000de576fc318)
0x000000de576fc318:   00007ff8433bd0fc 0000024a23751220
0x000000de576fc328:   000000000000000a 0000000000000006
0x000000de576fc338:   0000024a23023cf0 0000024a2367a120
0x000000de576fc348:   00007ff800000026 0000024a2342f710
0x000000de576fc358:   0000024a23683ea0 00000000576f0000
0x000000de576fc368:   0000000100000014 000000007ba00000
0x000000de576fc378:   000000de576fcd70 0000010000000002
0x000000de576fc388:   00007ff800000000 0000024a00000001
0x000000de576fc398:   0000024a23016570 0000024a2301653e
0x000000de576fc3a8:   0000024a23684300 0000000000000000
0x000000de576fc3b8:   0000000000000020 0000024a236818c0
0x000000de576fc3c8:   000000008e2347b1 0000024a230a6c70
0x000000de576fc3d8:   0000024a2316d250 000000000000f361
0x000000de576fc3e8:   0000000000000000 00000000000006f2
0x000000de576fc3f8:   0000024a22feb680 0000024a271c2680
0x000000de576fc408:   00007ff800000004 00002650237bc501 

Instructions: (pc=0x00007ff84352fc90)
0x00007ff84352fb90:   89 83 58 01 00 00 33 c0 48 89 83 60 01 00 00 48
0x00007ff84352fba0:   89 83 84 01 00 00 66 89 83 8c 01 00 00 48 89 83
0x00007ff84352fbb0:   68 01 00 00 48 89 83 70 01 00 00 48 89 83 78 01
0x00007ff84352fbc0:   00 00 89 83 80 01 00 00 48 8b c3 48 83 c4 20 5b
0x00007ff84352fbd0:   c3 cc cc cc cc cc cc cc cc cc cc cc cc cc cc cc
0x00007ff84352fbe0:   45 85 c0 74 1d 45 8b c9 45 8b c0 0f 1f 44 00 00
0x00007ff84352fbf0:   0f b6 02 49 03 d1 88 01 48 8d 49 01 49 83 e8 01
0x00007ff84352fc00:   75 ee c3 cc cc cc cc cc cc cc cc cc cc cc cc cc
0x00007ff84352fc10:   45 85 c0 74 1e 45 8b c9 45 8b c0 0f 1f 44 00 00
0x00007ff84352fc20:   0f b7 02 49 03 d1 66 89 01 48 8d 49 02 49 83 e8
0x00007ff84352fc30:   01 75 ed c3 cc cc cc cc cc cc cc cc cc cc cc cc
0x00007ff84352fc40:   45 85 c0 74 29 45 8b c9 41 8b c0 0f 1f 44 00 00
0x00007ff84352fc50:   44 0f b7 02 66 44 89 01 48 8d 49 03 44 0f b6 42
0x00007ff84352fc60:   02 49 03 d1 44 88 41 ff 48 83 e8 01 75 e2 c3 cc
0x00007ff84352fc70:   cc cc cc cc cc cc cc cc cc cc cc cc cc cc cc cc
0x00007ff84352fc80:   45 85 c0 74 1c 45 8b c9 45 8b c0 0f 1f 44 00 00
0x00007ff84352fc90:   8b 02 49 03 d1 89 01 48 8d 49 04 49 83 e8 01 75
0x00007ff84352fca0:   ef c3 cc cc cc cc cc cc cc cc cc cc cc cc cc cc
0x00007ff84352fcb0:   45 85 c0 74 28 45 8b c9 41 8b c0 0f 1f 44 00 00
0x00007ff84352fcc0:   44 8b 02 44 89 01 48 8d 49 06 44 0f b7 42 04 49
0x00007ff84352fcd0:   03 d1 66 44 89 41 fe 48 83 e8 01 75 e3 c3 cc cc
0x00007ff84352fce0:   cc cc cc cc cc cc cc cc cc cc cc cc cc cc cc cc
0x00007ff84352fcf0:   45 85 c0 74 1e 45 8b c9 45 8b c0 0f 1f 44 00 00
0x00007ff84352fd00:   48 8b 02 49 03 d1 48 89 01 48 8d 49 08 49 83 e8
0x00007ff84352fd10:   01 75 ed c3 cc cc cc cc cc cc cc cc cc cc cc cc
0x00007ff84352fd20:   45 85 c0 74 26 45 8b c9 41 8b c0 0f 1f 44 00 00
0x00007ff84352fd30:   4c 8b 02 4c 89 01 48 8d 49 0c 44 8b 42 08 49 03
0x00007ff84352fd40:   d1 44 89 41 fc 48 83 e8 01 75 e5 c3 cc cc cc cc
0x00007ff84352fd50:   cc cc cc cc cc cc cc cc cc cc cc cc cc cc cc cc
0x00007ff84352fd60:   45 85 c0 74 26 45 8b c9 41 8b c0 0f 1f 44 00 00
0x00007ff84352fd70:   4c 8b 02 4c 89 01 48 8d 49 10 4c 8b 42 08 49 03
0x00007ff84352fd80:   d1 4c 89 41 f8 48 83 e8 01 75 e5 c3 cc cc cc cc 


Stack slot to memory mapping:
stack at sp + 0 slots: 0x00007ff8433bd0fc ig9icd64.dll
stack at sp + 1 slots: 0x0000024a23751220 points into unknown readable memory: 0x0000024a25d00000 | 00 00 d0 25 4a 02 00 00
stack at sp + 2 slots: 0x000000000000000a is an unknown value
stack at sp + 3 slots: 0x0000000000000006 is an unknown value
stack at sp + 4 slots: 0x0000024a23023cf0 points into unknown readable memory: 0x0000000000000001 | 01 00 00 00 00 00 00 00
stack at sp + 5 slots: 0x0000024a2367a120 points into unknown readable memory: 0x0000000000000000 | 00 00 00 00 00 00 00 00
stack at sp + 6 slots: 0x00007ff800000026 is an unknown value
stack at sp + 7 slots: 0x0000024a2342f710 points into unknown readable memory: 0x0000024a235040e0 | e0 40 50 23 4a 02 00 00


---------------  P R O C E S S  ---------------

Threads class SMR info:
_java_thread_list=0x0000024a2342e5d0, length=11, elements={
0x0000024a7dccf000, 0x0000024a21e02000, 0x0000024a21e03800, 0x0000024a21e5d000,
0x0000024a21e5f000, 0x0000024a21e62000, 0x0000024a21e68000, 0x0000024a21e69800,
0x0000024a21e6b800, 0x0000024a21ff5000, 0x0000024a22a6e000
}

Java Threads: ( => current thread )
=>0x0000024a7dccf000 JavaThread "main" [_thread_in_native, id=10320, stack(0x000000de57600000,0x000000de57700000)]
  0x0000024a21e02000 JavaThread "Reference Handler" daemon [_thread_blocked, id=2444, stack(0x000000de57d00000,0x000000de57e00000)]
  0x0000024a21e03800 JavaThread "Finalizer" daemon [_thread_blocked, id=8996, stack(0x000000de57e00000,0x000000de57f00000)]
  0x0000024a21e5d000 JavaThread "Signal Dispatcher" daemon [_thread_blocked, id=11336, stack(0x000000de57f00000,0x000000de58000000)]
  0x0000024a21e5f000 JavaThread "Attach Listener" daemon [_thread_blocked, id=12424, stack(0x000000de58000000,0x000000de58100000)]
  0x0000024a21e62000 JavaThread "Service Thread" daemon [_thread_blocked, id=10304, stack(0x000000de58100000,0x000000de58200000)]
  0x0000024a21e68000 JavaThread "C2 CompilerThread0" daemon [_thread_blocked, id=9708, stack(0x000000de58200000,0x000000de58300000)]
  0x0000024a21e69800 JavaThread "C1 CompilerThread0" daemon [_thread_blocked, id=9668, stack(0x000000de58300000,0x000000de58400000)]
  0x0000024a21e6b800 JavaThread "Sweeper thread" daemon [_thread_blocked, id=9636, stack(0x000000de58400000,0x000000de58500000)]
  0x0000024a21ff5000 JavaThread "Common-Cleaner" daemon [_thread_blocked, id=10504, stack(0x000000de58600000,0x000000de58700000)]
  0x0000024a22a6e000 JavaThread "Thread-0" daemon [_thread_blocked, id=2952, stack(0x000000de58e00000,0x000000de58f00000)]

Other Threads:
  0x0000024a7ffd1000 VMThread "VM Thread" [stack: 0x000000de57c00000,0x000000de57d00000] [id=6492]
  0x0000024a21fe5000 WatcherThread [stack: 0x000000de58500000,0x000000de58600000] [id=9312]
  0x0000024a7dce3000 GCTaskThread "GC Thread#0" [stack: 0x000000de57700000,0x000000de57800000] [id=8992]
  0x0000024a2398b800 GCTaskThread "GC Thread#1" [stack: 0x000000de59200000,0x000000de59300000] [id=8272]
  0x0000024a23777800 GCTaskThread "GC Thread#2" [stack: 0x000000de59300000,0x000000de59400000] [id=7196]
  0x0000024a23a1c800 GCTaskThread "GC Thread#3" [stack: 0x000000de59400000,0x000000de59500000] [id=12368]
  0x0000024a23361800 GCTaskThread "GC Thread#4" [stack: 0x000000de59500000,0x000000de59600000] [id=11304]
  0x0000024a2373b000 GCTaskThread "GC Thread#5" [stack: 0x000000de59600000,0x000000de59700000] [id=4720]
  0x0000024a7dd3d800 ConcurrentGCThread "G1 Main Marker" [stack: 0x000000de57800000,0x000000de57900000] [id=816]
  0x0000024a7dd40000 ConcurrentGCThread "G1 Conc#0" [stack: 0x000000de57900000,0x000000de57a00000] [id=8088]
  0x0000024a7feb6000 ConcurrentGCThread "G1 Refine#0" [stack: 0x000000de57a00000,0x000000de57b00000] [id=9084]
  0x0000024a7feb7000 ConcurrentGCThread "G1 Young RemSet Sampling" [stack: 0x000000de57b00000,0x000000de57c00000] [id=10840]

Threads with active compile tasks:

VM state:not at safepoint (normal execution)

VM Mutex/Monitor currently owned by a thread: None

Heap address: 0x0000000702e00000, size: 4050 MB, Compressed Oops mode: Zero based, Oop shift amount: 3
Narrow klass base: 0x0000000800000000, Narrow klass shift: 0
Compressed class space size: 1073741824 Address: 0x0000000800000000

Heap:
 garbage-first heap   total 260096K, used 16794K [0x0000000702e00000, 0x0000000800000000)
  region size 1024K, 18 young (18432K), 3 survivors (3072K)
 Metaspace       used 13940K, capacity 14093K, committed 14336K, reserved 1062912K
  class space    used 1097K, capacity 1167K, committed 1280K, reserved 1048576K
Heap Regions: E=young(eden), S=young(survivor), O=old, HS=humongous(starts), HC=humongous(continues), CS=collection set, F=free, A=archive, TAMS=top-at-mark-start (previous, next)
|   0|0x0000000702e00000, 0x0000000702e00000, 0x0000000702f00000|  0%| F|  |TAMS 0x0000000702e00000, 0x0000000702e00000| Untracked 
|   1|0x0000000702f00000, 0x0000000702f00000, 0x0000000703000000|  0%| F|  |TAMS 0x0000000702f00000, 0x0000000702f00000| Untracked 
|   2|0x0000000703000000, 0x0000000703000000, 0x0000000703100000|  0%| F|  |TAMS 0x0000000703000000, 0x0000000703000000| Untracked 
|   3|0x0000000703100000, 0x0000000703100000, 0x0000000703200000|  0%| F|  |TAMS 0x0000000703100000, 0x0000000703100000| Untracked 
|   4|0x0000000703200000, 0x0000000703200000, 0x0000000703300000|  0%| F|  |TAMS 0x0000000703200000, 0x0000000703200000| Untracked 
|   5|0x0000000703300000, 0x0000000703300000, 0x0000000703400000|  0%| F|  |TAMS 0x0000000703300000, 0x0000000703300000| Untracked 
|   6|0x0000000703400000, 0x0000000703400000, 0x0000000703500000|  0%| F|  |TAMS 0x0000000703400000, 0x0000000703400000| Untracked 
|   7|0x0000000703500000, 0x0000000703500000, 0x0000000703600000|  0%| F|  |TAMS 0x0000000703500000, 0x0000000703500000| Untracked 
|   8|0x0000000703600000, 0x0000000703600000, 0x0000000703700000|  0%| F|  |TAMS 0x0000000703600000, 0x0000000703600000| Untracked 
|   9|0x0000000703700000, 0x0000000703700000, 0x0000000703800000|  0%| F|  |TAMS 0x0000000703700000, 0x0000000703700000| Untracked 
|  10|0x0000000703800000, 0x0000000703800000, 0x0000000703900000|  0%| F|  |TAMS 0x0000000703800000, 0x0000000703800000| Untracked 
|  11|0x0000000703900000, 0x0000000703900000, 0x0000000703a00000|  0%| F|  |TAMS 0x0000000703900000, 0x0000000703900000| Untracked 
|  12|0x0000000703a00000, 0x0000000703a00000, 0x0000000703b00000|  0%| F|  |TAMS 0x0000000703a00000, 0x0000000703a00000| Untracked 
|  13|0x0000000703b00000, 0x0000000703b00000, 0x0000000703c00000|  0%| F|  |TAMS 0x0000000703b00000, 0x0000000703b00000| Untracked 
|  14|0x0000000703c00000, 0x0000000703c00000, 0x0000000703d00000|  0%| F|  |TAMS 0x0000000703c00000, 0x0000000703c00000| Untracked 
|  15|0x0000000703d00000, 0x0000000703d00000, 0x0000000703e00000|  0%| F|  |TAMS 0x0000000703d00000, 0x0000000703d00000| Untracked 
|  16|0x0000000703e00000, 0x0000000703e00000, 0x0000000703f00000|  0%| F|  |TAMS 0x0000000703e00000, 0x0000000703e00000| Untracked 
|  17|0x0000000703f00000, 0x0000000703f00000, 0x0000000704000000|  0%| F|  |TAMS 0x0000000703f00000, 0x0000000703f00000| Untracked 
|  18|0x0000000704000000, 0x0000000704000000, 0x0000000704100000|  0%| F|  |TAMS 0x0000000704000000, 0x0000000704000000| Untracked 
|  19|0x0000000704100000, 0x0000000704100000, 0x0000000704200000|  0%| F|  |TAMS 0x0000000704100000, 0x0000000704100000| Untracked 
|  20|0x0000000704200000, 0x0000000704200000, 0x0000000704300000|  0%| F|  |TAMS 0x0000000704200000, 0x0000000704200000| Untracked 
|  21|0x0000000704300000, 0x0000000704300000, 0x0000000704400000|  0%| F|  |TAMS 0x0000000704300000, 0x0000000704300000| Untracked 
|  22|0x0000000704400000, 0x0000000704400000, 0x0000000704500000|  0%| F|  |TAMS 0x0000000704400000, 0x0000000704400000| Untracked 
|  23|0x0000000704500000, 0x0000000704500000, 0x0000000704600000|  0%| F|  |TAMS 0x0000000704500000, 0x0000000704500000| Untracked 
|  24|0x0000000704600000, 0x0000000704600000, 0x0000000704700000|  0%| F|  |TAMS 0x0000000704600000, 0x0000000704600000| Untracked 
|  25|0x0000000704700000, 0x0000000704700000, 0x0000000704800000|  0%| F|  |TAMS 0x0000000704700000, 0x0000000704700000| Untracked 
|  26|0x0000000704800000, 0x0000000704800000, 0x0000000704900000|  0%| F|  |TAMS 0x0000000704800000, 0x0000000704800000| Untracked 
|  27|0x0000000704900000, 0x0000000704900000, 0x0000000704a00000|  0%| F|  |TAMS 0x0000000704900000, 0x0000000704900000| Untracked 
|  28|0x0000000704a00000, 0x0000000704a00000, 0x0000000704b00000|  0%| F|  |TAMS 0x0000000704a00000, 0x0000000704a00000| Untracked 
|  29|0x0000000704b00000, 0x0000000704b00000, 0x0000000704c00000|  0%| F|  |TAMS 0x0000000704b00000, 0x0000000704b00000| Untracked 
|  30|0x0000000704c00000, 0x0000000704c00000, 0x0000000704d00000|  0%| F|  |TAMS 0x0000000704c00000, 0x0000000704c00000| Untracked 
|  31|0x0000000704d00000, 0x0000000704d00000, 0x0000000704e00000|  0%| F|  |TAMS 0x0000000704d00000, 0x0000000704d00000| Untracked 
|  32|0x0000000704e00000, 0x0000000704e00000, 0x0000000704f00000|  0%| F|  |TAMS 0x0000000704e00000, 0x0000000704e00000| Untracked 
|  33|0x0000000704f00000, 0x0000000704f00000, 0x0000000705000000|  0%| F|  |TAMS 0x0000000704f00000, 0x0000000704f00000| Untracked 
|  34|0x0000000705000000, 0x0000000705000000, 0x0000000705100000|  0%| F|  |TAMS 0x0000000705000000, 0x0000000705000000| Untracked 
|  35|0x0000000705100000, 0x0000000705100000, 0x0000000705200000|  0%| F|  |TAMS 0x0000000705100000, 0x0000000705100000| Untracked 
|  36|0x0000000705200000, 0x0000000705200000, 0x0000000705300000|  0%| F|  |TAMS 0x0000000705200000, 0x0000000705200000| Untracked 
|  37|0x0000000705300000, 0x0000000705300000, 0x0000000705400000|  0%| F|  |TAMS 0x0000000705300000, 0x0000000705300000| Untracked 
|  38|0x0000000705400000, 0x0000000705400000, 0x0000000705500000|  0%| F|  |TAMS 0x0000000705400000, 0x0000000705400000| Untracked 
|  39|0x0000000705500000, 0x0000000705500000, 0x0000000705600000|  0%| F|  |TAMS 0x0000000705500000, 0x0000000705500000| Untracked 
|  40|0x0000000705600000, 0x0000000705600000, 0x0000000705700000|  0%| F|  |TAMS 0x0000000705600000, 0x0000000705600000| Untracked 
|  41|0x0000000705700000, 0x0000000705700000, 0x0000000705800000|  0%| F|  |TAMS 0x0000000705700000, 0x0000000705700000| Untracked 
|  42|0x0000000705800000, 0x0000000705800000, 0x0000000705900000|  0%| F|  |TAMS 0x0000000705800000, 0x0000000705800000| Untracked 
|  43|0x0000000705900000, 0x0000000705900000, 0x0000000705a00000|  0%| F|  |TAMS 0x0000000705900000, 0x0000000705900000| Untracked 
|  44|0x0000000705a00000, 0x0000000705a00000, 0x0000000705b00000|  0%| F|  |TAMS 0x0000000705a00000, 0x0000000705a00000| Untracked 
|  45|0x0000000705b00000, 0x0000000705b00000, 0x0000000705c00000|  0%| F|  |TAMS 0x0000000705b00000, 0x0000000705b00000| Untracked 
|  46|0x0000000705c00000, 0x0000000705c00000, 0x0000000705d00000|  0%| F|  |TAMS 0x0000000705c00000, 0x0000000705c00000| Untracked 
|  47|0x0000000705d00000, 0x0000000705d00000, 0x0000000705e00000|  0%| F|  |TAMS 0x0000000705d00000, 0x0000000705d00000| Untracked 
|  48|0x0000000705e00000, 0x0000000705e00000, 0x0000000705f00000|  0%| F|  |TAMS 0x0000000705e00000, 0x0000000705e00000| Untracked 
|  49|0x0000000705f00000, 0x0000000705f00000, 0x0000000706000000|  0%| F|  |TAMS 0x0000000705f00000, 0x0000000705f00000| Untracked 
|  50|0x0000000706000000, 0x0000000706000000, 0x0000000706100000|  0%| F|  |TAMS 0x0000000706000000, 0x0000000706000000| Untracked 
|  51|0x0000000706100000, 0x0000000706100000, 0x0000000706200000|  0%| F|  |TAMS 0x0000000706100000, 0x0000000706100000| Untracked 
|  52|0x0000000706200000, 0x0000000706200000, 0x0000000706300000|  0%| F|  |TAMS 0x0000000706200000, 0x0000000706200000| Untracked 
|  53|0x0000000706300000, 0x0000000706300000, 0x0000000706400000|  0%| F|  |TAMS 0x0000000706300000, 0x0000000706300000| Untracked 
|  54|0x0000000706400000, 0x0000000706400000, 0x0000000706500000|  0%| F|  |TAMS 0x0000000706400000, 0x0000000706400000| Untracked 
|  55|0x0000000706500000, 0x0000000706500000, 0x0000000706600000|  0%| F|  |TAMS 0x0000000706500000, 0x0000000706500000| Untracked 
|  56|0x0000000706600000, 0x0000000706600000, 0x0000000706700000|  0%| F|  |TAMS 0x0000000706600000, 0x0000000706600000| Untracked 
|  57|0x0000000706700000, 0x0000000706700000, 0x0000000706800000|  0%| F|  |TAMS 0x0000000706700000, 0x0000000706700000| Untracked 
|  58|0x0000000706800000, 0x0000000706800000, 0x0000000706900000|  0%| F|  |TAMS 0x0000000706800000, 0x0000000706800000| Untracked 
|  59|0x0000000706900000, 0x0000000706900000, 0x0000000706a00000|  0%| F|  |TAMS 0x0000000706900000, 0x0000000706900000| Untracked 
|  60|0x0000000706a00000, 0x0000000706a00000, 0x0000000706b00000|  0%| F|  |TAMS 0x0000000706a00000, 0x0000000706a00000| Untracked 
|  61|0x0000000706b00000, 0x0000000706b00000, 0x0000000706c00000|  0%| F|  |TAMS 0x0000000706b00000, 0x0000000706b00000| Untracked 
|  62|0x0000000706c00000, 0x0000000706c00000, 0x0000000706d00000|  0%| F|  |TAMS 0x0000000706c00000, 0x0000000706c00000| Untracked 
|  63|0x0000000706d00000, 0x0000000706d00000, 0x0000000706e00000|  0%| F|  |TAMS 0x0000000706d00000, 0x0000000706d00000| Untracked 
|  64|0x0000000706e00000, 0x0000000706e00000, 0x0000000706f00000|  0%| F|  |TAMS 0x0000000706e00000, 0x0000000706e00000| Untracked 
|  65|0x0000000706f00000, 0x0000000706f00000, 0x0000000707000000|  0%| F|  |TAMS 0x0000000706f00000, 0x0000000706f00000| Untracked 
|  66|0x0000000707000000, 0x0000000707000000, 0x0000000707100000|  0%| F|  |TAMS 0x0000000707000000, 0x0000000707000000| Untracked 
|  67|0x0000000707100000, 0x0000000707100000, 0x0000000707200000|  0%| F|  |TAMS 0x0000000707100000, 0x0000000707100000| Untracked 
|  68|0x0000000707200000, 0x0000000707200000, 0x0000000707300000|  0%| F|  |TAMS 0x0000000707200000, 0x0000000707200000| Untracked 
|  69|0x0000000707300000, 0x0000000707300000, 0x0000000707400000|  0%| F|  |TAMS 0x0000000707300000, 0x0000000707300000| Untracked 
|  70|0x0000000707400000, 0x0000000707400000, 0x0000000707500000|  0%| F|  |TAMS 0x0000000707400000, 0x0000000707400000| Untracked 
|  71|0x0000000707500000, 0x0000000707500000, 0x0000000707600000|  0%| F|  |TAMS 0x0000000707500000, 0x0000000707500000| Untracked 
|  72|0x0000000707600000, 0x0000000707600000, 0x0000000707700000|  0%| F|  |TAMS 0x0000000707600000, 0x0000000707600000| Untracked 
|  73|0x0000000707700000, 0x0000000707700000, 0x0000000707800000|  0%| F|  |TAMS 0x0000000707700000, 0x0000000707700000| Untracked 
|  74|0x0000000707800000, 0x0000000707800000, 0x0000000707900000|  0%| F|  |TAMS 0x0000000707800000, 0x0000000707800000| Untracked 
|  75|0x0000000707900000, 0x0000000707900000, 0x0000000707a00000|  0%| F|  |TAMS 0x0000000707900000, 0x0000000707900000| Untracked 
|  76|0x0000000707a00000, 0x0000000707a00000, 0x0000000707b00000|  0%| F|  |TAMS 0x0000000707a00000, 0x0000000707a00000| Untracked 
|  77|0x0000000707b00000, 0x0000000707b00000, 0x0000000707c00000|  0%| F|  |TAMS 0x0000000707b00000, 0x0000000707b00000| Untracked 
|  78|0x0000000707c00000, 0x0000000707c00000, 0x0000000707d00000|  0%| F|  |TAMS 0x0000000707c00000, 0x0000000707c00000| Untracked 
|  79|0x0000000707d00000, 0x0000000707d00000, 0x0000000707e00000|  0%| F|  |TAMS 0x0000000707d00000, 0x0000000707d00000| Untracked 
|  80|0x0000000707e00000, 0x0000000707e00000, 0x0000000707f00000|  0%| F|  |TAMS 0x0000000707e00000, 0x0000000707e00000| Untracked 
|  81|0x0000000707f00000, 0x0000000707f00000, 0x0000000708000000|  0%| F|  |TAMS 0x0000000707f00000, 0x0000000707f00000| Untracked 
|  82|0x0000000708000000, 0x0000000708000000, 0x0000000708100000|  0%| F|  |TAMS 0x0000000708000000, 0x0000000708000000| Untracked 
|  83|0x0000000708100000, 0x0000000708100000, 0x0000000708200000|  0%| F|  |TAMS 0x0000000708100000, 0x0000000708100000| Untracked 
|  84|0x0000000708200000, 0x0000000708200000, 0x0000000708300000|  0%| F|  |TAMS 0x0000000708200000, 0x0000000708200000| Untracked 
|  85|0x0000000708300000, 0x0000000708300000, 0x0000000708400000|  0%| F|  |TAMS 0x0000000708300000, 0x0000000708300000| Untracked 
|  86|0x0000000708400000, 0x0000000708400000, 0x0000000708500000|  0%| F|  |TAMS 0x0000000708400000, 0x0000000708400000| Untracked 
|  87|0x0000000708500000, 0x0000000708500000, 0x0000000708600000|  0%| F|  |TAMS 0x0000000708500000, 0x0000000708500000| Untracked 
|  88|0x0000000708600000, 0x0000000708600000, 0x0000000708700000|  0%| F|  |TAMS 0x0000000708600000, 0x0000000708600000| Untracked 
|  89|0x0000000708700000, 0x0000000708700000, 0x0000000708800000|  0%| F|  |TAMS 0x0000000708700000, 0x0000000708700000| Untracked 
|  90|0x0000000708800000, 0x0000000708800000, 0x0000000708900000|  0%| F|  |TAMS 0x0000000708800000, 0x0000000708800000| Untracked 
|  91|0x0000000708900000, 0x0000000708900000, 0x0000000708a00000|  0%| F|  |TAMS 0x0000000708900000, 0x0000000708900000| Untracked 
|  92|0x0000000708a00000, 0x0000000708a00000, 0x0000000708b00000|  0%| F|  |TAMS 0x0000000708a00000, 0x0000000708a00000| Untracked 
|  93|0x0000000708b00000, 0x0000000708b00000, 0x0000000708c00000|  0%| F|  |TAMS 0x0000000708b00000, 0x0000000708b00000| Untracked 
|  94|0x0000000708c00000, 0x0000000708c00000, 0x0000000708d00000|  0%| F|  |TAMS 0x0000000708c00000, 0x0000000708c00000| Untracked 
|  95|0x0000000708d00000, 0x0000000708d00000, 0x0000000708e00000|  0%| F|  |TAMS 0x0000000708d00000, 0x0000000708d00000| Untracked 
|  96|0x0000000708e00000, 0x0000000708e00000, 0x0000000708f00000|  0%| F|  |TAMS 0x0000000708e00000, 0x0000000708e00000| Untracked 
|  97|0x0000000708f00000, 0x0000000708f00000, 0x0000000709000000|  0%| F|  |TAMS 0x0000000708f00000, 0x0000000708f00000| Untracked 
|  98|0x0000000709000000, 0x0000000709000000, 0x0000000709100000|  0%| F|  |TAMS 0x0000000709000000, 0x0000000709000000| Untracked 
|  99|0x0000000709100000, 0x0000000709100000, 0x0000000709200000|  0%| F|  |TAMS 0x0000000709100000, 0x0000000709100000| Untracked 
| 100|0x0000000709200000, 0x0000000709200000, 0x0000000709300000|  0%| F|  |TAMS 0x0000000709200000, 0x0000000709200000| Untracked 
| 101|0x0000000709300000, 0x0000000709300000, 0x0000000709400000|  0%| F|  |TAMS 0x0000000709300000, 0x0000000709300000| Untracked 
| 102|0x0000000709400000, 0x0000000709400000, 0x0000000709500000|  0%| F|  |TAMS 0x0000000709400000, 0x0000000709400000| Untracked 
| 103|0x0000000709500000, 0x0000000709500000, 0x0000000709600000|  0%| F|  |TAMS 0x0000000709500000, 0x0000000709500000| Untracked 
| 104|0x0000000709600000, 0x0000000709600000, 0x0000000709700000|  0%| F|  |TAMS 0x0000000709600000, 0x0000000709600000| Untracked 
| 105|0x0000000709700000, 0x0000000709700000, 0x0000000709800000|  0%| F|  |TAMS 0x0000000709700000, 0x0000000709700000| Untracked 
| 106|0x0000000709800000, 0x0000000709800000, 0x0000000709900000|  0%| F|  |TAMS 0x0000000709800000, 0x0000000709800000| Untracked 
| 107|0x0000000709900000, 0x0000000709900000, 0x0000000709a00000|  0%| F|  |TAMS 0x0000000709900000, 0x0000000709900000| Untracked 
| 108|0x0000000709a00000, 0x0000000709a00000, 0x0000000709b00000|  0%| F|  |TAMS 0x0000000709a00000, 0x0000000709a00000| Untracked 
| 109|0x0000000709b00000, 0x0000000709b00000, 0x0000000709c00000|  0%| F|  |TAMS 0x0000000709b00000, 0x0000000709b00000| Untracked 
| 110|0x0000000709c00000, 0x0000000709c00000, 0x0000000709d00000|  0%| F|  |TAMS 0x0000000709c00000, 0x0000000709c00000| Untracked 
| 111|0x0000000709d00000, 0x0000000709d00000, 0x0000000709e00000|  0%| F|  |TAMS 0x0000000709d00000, 0x0000000709d00000| Untracked 
| 112|0x0000000709e00000, 0x0000000709e00000, 0x0000000709f00000|  0%| F|  |TAMS 0x0000000709e00000, 0x0000000709e00000| Untracked 
| 113|0x0000000709f00000, 0x0000000709f00000, 0x000000070a000000|  0%| F|  |TAMS 0x0000000709f00000, 0x0000000709f00000| Untracked 
| 114|0x000000070a000000, 0x000000070a000000, 0x000000070a100000|  0%| F|  |TAMS 0x000000070a000000, 0x000000070a000000| Untracked 
| 115|0x000000070a100000, 0x000000070a100000, 0x000000070a200000|  0%| F|  |TAMS 0x000000070a100000, 0x000000070a100000| Untracked 
| 116|0x000000070a200000, 0x000000070a200000, 0x000000070a300000|  0%| F|  |TAMS 0x000000070a200000, 0x000000070a200000| Untracked 
| 117|0x000000070a300000, 0x000000070a300000, 0x000000070a400000|  0%| F|  |TAMS 0x000000070a300000, 0x000000070a300000| Untracked 
| 118|0x000000070a400000, 0x000000070a400000, 0x000000070a500000|  0%| F|  |TAMS 0x000000070a400000, 0x000000070a400000| Untracked 
| 119|0x000000070a500000, 0x000000070a500000, 0x000000070a600000|  0%| F|  |TAMS 0x000000070a500000, 0x000000070a500000| Untracked 
| 120|0x000000070a600000, 0x000000070a600000, 0x000000070a700000|  0%| F|  |TAMS 0x000000070a600000, 0x000000070a600000| Untracked 
| 121|0x000000070a700000, 0x000000070a700000, 0x000000070a800000|  0%| F|  |TAMS 0x000000070a700000, 0x000000070a700000| Untracked 
| 122|0x000000070a800000, 0x000000070a800000, 0x000000070a900000|  0%| F|  |TAMS 0x000000070a800000, 0x000000070a800000| Untracked 
| 123|0x000000070a900000, 0x000000070a900000, 0x000000070aa00000|  0%| F|  |TAMS 0x000000070a900000, 0x000000070a900000| Untracked 
| 124|0x000000070aa00000, 0x000000070aa00000, 0x000000070ab00000|  0%| F|  |TAMS 0x000000070aa00000, 0x000000070aa00000| Untracked 
| 125|0x000000070ab00000, 0x000000070ab00000, 0x000000070ac00000|  0%| F|  |TAMS 0x000000070ab00000, 0x000000070ab00000| Untracked 
| 126|0x000000070ac00000, 0x000000070ac00000, 0x000000070ad00000|  0%| F|  |TAMS 0x000000070ac00000, 0x000000070ac00000| Untracked 
| 127|0x000000070ad00000, 0x000000070ad00000, 0x000000070ae00000|  0%| F|  |TAMS 0x000000070ad00000, 0x000000070ad00000| Untracked 
| 128|0x000000070ae00000, 0x000000070ae00000, 0x000000070af00000|  0%| F|  |TAMS 0x000000070ae00000, 0x000000070ae00000| Untracked 
| 129|0x000000070af00000, 0x000000070af00000, 0x000000070b000000|  0%| F|  |TAMS 0x000000070af00000, 0x000000070af00000| Untracked 
| 130|0x000000070b000000, 0x000000070b000000, 0x000000070b100000|  0%| F|  |TAMS 0x000000070b000000, 0x000000070b000000| Untracked 
| 131|0x000000070b100000, 0x000000070b100000, 0x000000070b200000|  0%| F|  |TAMS 0x000000070b100000, 0x000000070b100000| Untracked 
| 132|0x000000070b200000, 0x000000070b200000, 0x000000070b300000|  0%| F|  |TAMS 0x000000070b200000, 0x000000070b200000| Untracked 
| 133|0x000000070b300000, 0x000000070b300000, 0x000000070b400000|  0%| F|  |TAMS 0x000000070b300000, 0x000000070b300000| Untracked 
| 134|0x000000070b400000, 0x000000070b400000, 0x000000070b500000|  0%| F|  |TAMS 0x000000070b400000, 0x000000070b400000| Untracked 
| 135|0x000000070b500000, 0x000000070b500000, 0x000000070b600000|  0%| F|  |TAMS 0x000000070b500000, 0x000000070b500000| Untracked 
| 136|0x000000070b600000, 0x000000070b600000, 0x000000070b700000|  0%| F|  |TAMS 0x000000070b600000, 0x000000070b600000| Untracked 
| 137|0x000000070b700000, 0x000000070b700000, 0x000000070b800000|  0%| F|  |TAMS 0x000000070b700000, 0x000000070b700000| Untracked 
| 138|0x000000070b800000, 0x000000070b800000, 0x000000070b900000|  0%| F|  |TAMS 0x000000070b800000, 0x000000070b800000| Untracked 
| 139|0x000000070b900000, 0x000000070b900000, 0x000000070ba00000|  0%| F|  |TAMS 0x000000070b900000, 0x000000070b900000| Untracked 
| 140|0x000000070ba00000, 0x000000070ba00000, 0x000000070bb00000|  0%| F|  |TAMS 0x000000070ba00000, 0x000000070ba00000| Untracked 
| 141|0x000000070bb00000, 0x000000070bb00000, 0x000000070bc00000|  0%| F|  |TAMS 0x000000070bb00000, 0x000000070bb00000| Untracked 
| 142|0x000000070bc00000, 0x000000070bc00000, 0x000000070bd00000|  0%| F|  |TAMS 0x000000070bc00000, 0x000000070bc00000| Untracked 
| 143|0x000000070bd00000, 0x000000070bd00000, 0x000000070be00000|  0%| F|  |TAMS 0x000000070bd00000, 0x000000070bd00000| Untracked 
| 144|0x000000070be00000, 0x000000070be00000, 0x000000070bf00000|  0%| F|  |TAMS 0x000000070be00000, 0x000000070be00000| Untracked 
| 145|0x000000070bf00000, 0x000000070bf00000, 0x000000070c000000|  0%| F|  |TAMS 0x000000070bf00000, 0x000000070bf00000| Untracked 
| 146|0x000000070c000000, 0x000000070c000000, 0x000000070c100000|  0%| F|  |TAMS 0x000000070c000000, 0x000000070c000000| Untracked 
| 147|0x000000070c100000, 0x000000070c100000, 0x000000070c200000|  0%| F|  |TAMS 0x000000070c100000, 0x000000070c100000| Untracked 
| 148|0x000000070c200000, 0x000000070c200000, 0x000000070c300000|  0%| F|  |TAMS 0x000000070c200000, 0x000000070c200000| Untracked 
| 149|0x000000070c300000, 0x000000070c300000, 0x000000070c400000|  0%| F|  |TAMS 0x000000070c300000, 0x000000070c300000| Untracked 
| 150|0x000000070c400000, 0x000000070c400000, 0x000000070c500000|  0%| F|  |TAMS 0x000000070c400000, 0x000000070c400000| Untracked 
| 151|0x000000070c500000, 0x000000070c500000, 0x000000070c600000|  0%| F|  |TAMS 0x000000070c500000, 0x000000070c500000| Untracked 
| 152|0x000000070c600000, 0x000000070c600000, 0x000000070c700000|  0%| F|  |TAMS 0x000000070c600000, 0x000000070c600000| Untracked 
| 153|0x000000070c700000, 0x000000070c700000, 0x000000070c800000|  0%| F|  |TAMS 0x000000070c700000, 0x000000070c700000| Untracked 
| 154|0x000000070c800000, 0x000000070c800000, 0x000000070c900000|  0%| F|  |TAMS 0x000000070c800000, 0x000000070c800000| Untracked 
| 155|0x000000070c900000, 0x000000070c900000, 0x000000070ca00000|  0%| F|  |TAMS 0x000000070c900000, 0x000000070c900000| Untracked 
| 156|0x000000070ca00000, 0x000000070ca00000, 0x000000070cb00000|  0%| F|  |TAMS 0x000000070ca00000, 0x000000070ca00000| Untracked 
| 157|0x000000070cb00000, 0x000000070cb00000, 0x000000070cc00000|  0%| F|  |TAMS 0x000000070cb00000, 0x000000070cb00000| Untracked 
| 158|0x000000070cc00000, 0x000000070cc00000, 0x000000070cd00000|  0%| F|  |TAMS 0x000000070cc00000, 0x000000070cc00000| Untracked 
| 159|0x000000070cd00000, 0x000000070cd00000, 0x000000070ce00000|  0%| F|  |TAMS 0x000000070cd00000, 0x000000070cd00000| Untracked 
| 160|0x000000070ce00000, 0x000000070ce00000, 0x000000070cf00000|  0%| F|  |TAMS 0x000000070ce00000, 0x000000070ce00000| Untracked 
| 161|0x000000070cf00000, 0x000000070cf00000, 0x000000070d000000|  0%| F|  |TAMS 0x000000070cf00000, 0x000000070cf00000| Untracked 
| 162|0x000000070d000000, 0x000000070d000000, 0x000000070d100000|  0%| F|  |TAMS 0x000000070d000000, 0x000000070d000000| Untracked 
| 163|0x000000070d100000, 0x000000070d100000, 0x000000070d200000|  0%| F|  |TAMS 0x000000070d100000, 0x000000070d100000| Untracked 
| 164|0x000000070d200000, 0x000000070d200000, 0x000000070d300000|  0%| F|  |TAMS 0x000000070d200000, 0x000000070d200000| Untracked 
| 165|0x000000070d300000, 0x000000070d300000, 0x000000070d400000|  0%| F|  |TAMS 0x000000070d300000, 0x000000070d300000| Untracked 
| 166|0x000000070d400000, 0x000000070d400000, 0x000000070d500000|  0%| F|  |TAMS 0x000000070d400000, 0x000000070d400000| Untracked 
| 167|0x000000070d500000, 0x000000070d500000, 0x000000070d600000|  0%| F|  |TAMS 0x000000070d500000, 0x000000070d500000| Untracked 
| 168|0x000000070d600000, 0x000000070d600000, 0x000000070d700000|  0%| F|  |TAMS 0x000000070d600000, 0x000000070d600000| Untracked 
| 169|0x000000070d700000, 0x000000070d700000, 0x000000070d800000|  0%| F|  |TAMS 0x000000070d700000, 0x000000070d700000| Untracked 
| 170|0x000000070d800000, 0x000000070d800000, 0x000000070d900000|  0%| F|  |TAMS 0x000000070d800000, 0x000000070d800000| Untracked 
| 171|0x000000070d900000, 0x000000070d900000, 0x000000070da00000|  0%| F|  |TAMS 0x000000070d900000, 0x000000070d900000| Untracked 
| 172|0x000000070da00000, 0x000000070da00000, 0x000000070db00000|  0%| F|  |TAMS 0x000000070da00000, 0x000000070da00000| Untracked 
| 173|0x000000070db00000, 0x000000070db00000, 0x000000070dc00000|  0%| F|  |TAMS 0x000000070db00000, 0x000000070db00000| Untracked 
| 174|0x000000070dc00000, 0x000000070dc00000, 0x000000070dd00000|  0%| F|  |TAMS 0x000000070dc00000, 0x000000070dc00000| Untracked 
| 175|0x000000070dd00000, 0x000000070dd00000, 0x000000070de00000|  0%| F|  |TAMS 0x000000070dd00000, 0x000000070dd00000| Untracked 
| 176|0x000000070de00000, 0x000000070de00000, 0x000000070df00000|  0%| F|  |TAMS 0x000000070de00000, 0x000000070de00000| Untracked 
| 177|0x000000070df00000, 0x000000070df00000, 0x000000070e000000|  0%| F|  |TAMS 0x000000070df00000, 0x000000070df00000| Untracked 
| 178|0x000000070e000000, 0x000000070e000000, 0x000000070e100000|  0%| F|  |TAMS 0x000000070e000000, 0x000000070e000000| Untracked 
| 179|0x000000070e100000, 0x000000070e100000, 0x000000070e200000|  0%| F|  |TAMS 0x000000070e100000, 0x000000070e100000| Untracked 
| 180|0x000000070e200000, 0x000000070e200000, 0x000000070e300000|  0%| F|  |TAMS 0x000000070e200000, 0x000000070e200000| Untracked 
| 181|0x000000070e300000, 0x000000070e300000, 0x000000070e400000|  0%| F|  |TAMS 0x000000070e300000, 0x000000070e300000| Untracked 
| 182|0x000000070e400000, 0x000000070e400000, 0x000000070e500000|  0%| F|  |TAMS 0x000000070e400000, 0x000000070e400000| Untracked 
| 183|0x000000070e500000, 0x000000070e500000, 0x000000070e600000|  0%| F|  |TAMS 0x000000070e500000, 0x000000070e500000| Untracked 
| 184|0x000000070e600000, 0x000000070e600000, 0x000000070e700000|  0%| F|  |TAMS 0x000000070e600000, 0x000000070e600000| Untracked 
| 185|0x000000070e700000, 0x000000070e700000, 0x000000070e800000|  0%| F|  |TAMS 0x000000070e700000, 0x000000070e700000| Untracked 
| 186|0x000000070e800000, 0x000000070e800000, 0x000000070e900000|  0%| F|  |TAMS 0x000000070e800000, 0x000000070e800000| Untracked 
| 187|0x000000070e900000, 0x000000070e900000, 0x000000070ea00000|  0%| F|  |TAMS 0x000000070e900000, 0x000000070e900000| Untracked 
| 188|0x000000070ea00000, 0x000000070ea00000, 0x000000070eb00000|  0%| F|  |TAMS 0x000000070ea00000, 0x000000070ea00000| Untracked 
| 189|0x000000070eb00000, 0x000000070eb00000, 0x000000070ec00000|  0%| F|  |TAMS 0x000000070eb00000, 0x000000070eb00000| Untracked 
| 190|0x000000070ec00000, 0x000000070ec00000, 0x000000070ed00000|  0%| F|  |TAMS 0x000000070ec00000, 0x000000070ec00000| Untracked 
| 191|0x000000070ed00000, 0x000000070ed00000, 0x000000070ee00000|  0%| F|  |TAMS 0x000000070ed00000, 0x000000070ed00000| Untracked 
| 192|0x000000070ee00000, 0x000000070ee00000, 0x000000070ef00000|  0%| F|  |TAMS 0x000000070ee00000, 0x000000070ee00000| Untracked 
| 193|0x000000070ef00000, 0x000000070ef00000, 0x000000070f000000|  0%| F|  |TAMS 0x000000070ef00000, 0x000000070ef00000| Untracked 
| 194|0x000000070f000000, 0x000000070f000000, 0x000000070f100000|  0%| F|  |TAMS 0x000000070f000000, 0x000000070f000000| Untracked 
| 195|0x000000070f100000, 0x000000070f100000, 0x000000070f200000|  0%| F|  |TAMS 0x000000070f100000, 0x000000070f100000| Untracked 
| 196|0x000000070f200000, 0x000000070f200000, 0x000000070f300000|  0%| F|  |TAMS 0x000000070f200000, 0x000000070f200000| Untracked 
| 197|0x000000070f300000, 0x000000070f300000, 0x000000070f400000|  0%| F|  |TAMS 0x000000070f300000, 0x000000070f300000| Untracked 
| 198|0x000000070f400000, 0x000000070f400000, 0x000000070f500000|  0%| F|  |TAMS 0x000000070f400000, 0x000000070f400000| Untracked 
| 199|0x000000070f500000, 0x000000070f500000, 0x000000070f600000|  0%| F|  |TAMS 0x000000070f500000, 0x000000070f500000| Untracked 
| 200|0x000000070f600000, 0x000000070f600000, 0x000000070f700000|  0%| F|  |TAMS 0x000000070f600000, 0x000000070f600000| Untracked 
| 201|0x000000070f700000, 0x000000070f700000, 0x000000070f800000|  0%| F|  |TAMS 0x000000070f700000, 0x000000070f700000| Untracked 
| 202|0x000000070f800000, 0x000000070f800000, 0x000000070f900000|  0%| F|  |TAMS 0x000000070f800000, 0x000000070f800000| Untracked 
| 203|0x000000070f900000, 0x000000070f900000, 0x000000070fa00000|  0%| F|  |TAMS 0x000000070f900000, 0x000000070f900000| Untracked 
| 204|0x000000070fa00000, 0x000000070fa00000, 0x000000070fb00000|  0%| F|  |TAMS 0x000000070fa00000, 0x000000070fa00000| Untracked 
| 205|0x000000070fb00000, 0x000000070fb00000, 0x000000070fc00000|  0%| F|  |TAMS 0x000000070fb00000, 0x000000070fb00000| Untracked 
| 206|0x000000070fc00000, 0x000000070fc00000, 0x000000070fd00000|  0%| F|  |TAMS 0x000000070fc00000, 0x000000070fc00000| Untracked 
| 207|0x000000070fd00000, 0x000000070fd00000, 0x000000070fe00000|  0%| F|  |TAMS 0x000000070fd00000, 0x000000070fd00000| Untracked 
| 208|0x000000070fe00000, 0x000000070fe00000, 0x000000070ff00000|  0%| F|  |TAMS 0x000000070fe00000, 0x000000070fe00000| Untracked 
| 209|0x000000070ff00000, 0x000000070ff00000, 0x0000000710000000|  0%| F|  |TAMS 0x000000070ff00000, 0x000000070ff00000| Untracked 
| 210|0x0000000710000000, 0x0000000710000000, 0x0000000710100000|  0%| F|  |TAMS 0x0000000710000000, 0x0000000710000000| Untracked 
| 211|0x0000000710100000, 0x0000000710100000, 0x0000000710200000|  0%| F|  |TAMS 0x0000000710100000, 0x0000000710100000| Untracked 
| 212|0x0000000710200000, 0x0000000710200000, 0x0000000710300000|  0%| F|  |TAMS 0x0000000710200000, 0x0000000710200000| Untracked 
| 213|0x0000000710300000, 0x0000000710300000, 0x0000000710400000|  0%| F|  |TAMS 0x0000000710300000, 0x0000000710300000| Untracked 
| 214|0x0000000710400000, 0x0000000710400000, 0x0000000710500000|  0%| F|  |TAMS 0x0000000710400000, 0x0000000710400000| Untracked 
| 215|0x0000000710500000, 0x0000000710500000, 0x0000000710600000|  0%| F|  |TAMS 0x0000000710500000, 0x0000000710500000| Untracked 
| 216|0x0000000710600000, 0x0000000710600000, 0x0000000710700000|  0%| F|  |TAMS 0x0000000710600000, 0x0000000710600000| Untracked 
| 217|0x0000000710700000, 0x0000000710700000, 0x0000000710800000|  0%| F|  |TAMS 0x0000000710700000, 0x0000000710700000| Untracked 
| 218|0x0000000710800000, 0x0000000710800000, 0x0000000710900000|  0%| F|  |TAMS 0x0000000710800000, 0x0000000710800000| Untracked 
| 219|0x0000000710900000, 0x0000000710900000, 0x0000000710a00000|  0%| F|  |TAMS 0x0000000710900000, 0x0000000710900000| Untracked 
| 220|0x0000000710a00000, 0x0000000710a00000, 0x0000000710b00000|  0%| F|  |TAMS 0x0000000710a00000, 0x0000000710a00000| Untracked 
| 221|0x0000000710b00000, 0x0000000710b00000, 0x0000000710c00000|  0%| F|  |TAMS 0x0000000710b00000, 0x0000000710b00000| Untracked 
| 222|0x0000000710c00000, 0x0000000710c00000, 0x0000000710d00000|  0%| F|  |TAMS 0x0000000710c00000, 0x0000000710c00000| Untracked 
| 223|0x0000000710d00000, 0x0000000710d00000, 0x0000000710e00000|  0%| F|  |TAMS 0x0000000710d00000, 0x0000000710d00000| Untracked 
| 224|0x0000000710e00000, 0x0000000710e00000, 0x0000000710f00000|  0%| F|  |TAMS 0x0000000710e00000, 0x0000000710e00000| Untracked 
| 225|0x0000000710f00000, 0x0000000710f00000, 0x0000000711000000|  0%| F|  |TAMS 0x0000000710f00000, 0x0000000710f00000| Untracked 
| 226|0x0000000711000000, 0x0000000711000000, 0x0000000711100000|  0%| F|  |TAMS 0x0000000711000000, 0x0000000711000000| Untracked 
| 227|0x0000000711100000, 0x0000000711100000, 0x0000000711200000|  0%| F|  |TAMS 0x0000000711100000, 0x0000000711100000| Untracked 
| 228|0x0000000711200000, 0x0000000711200000, 0x0000000711300000|  0%| F|  |TAMS 0x0000000711200000, 0x0000000711200000| Untracked 
| 229|0x0000000711300000, 0x0000000711366b28, 0x0000000711400000| 40%| S|CS|TAMS 0x0000000711300000, 0x0000000711300000| Complete 
| 230|0x0000000711400000, 0x0000000711500000, 0x0000000711500000|100%| S|CS|TAMS 0x0000000711400000, 0x0000000711400000| Complete 
| 231|0x0000000711500000, 0x0000000711600000, 0x0000000711600000|100%| S|CS|TAMS 0x0000000711500000, 0x0000000711500000| Complete 
| 232|0x0000000711600000, 0x0000000711600000, 0x0000000711700000|  0%| F|  |TAMS 0x0000000711600000, 0x0000000711600000| Untracked 
| 233|0x0000000711700000, 0x0000000711700000, 0x0000000711800000|  0%| F|  |TAMS 0x0000000711700000, 0x0000000711700000| Untracked 
| 234|0x0000000711800000, 0x0000000711800000, 0x0000000711900000|  0%| F|  |TAMS 0x0000000711800000, 0x0000000711800000| Untracked 
| 235|0x0000000711900000, 0x0000000711900000, 0x0000000711a00000|  0%| F|  |TAMS 0x0000000711900000, 0x0000000711900000| Untracked 
| 236|0x0000000711a00000, 0x0000000711a00000, 0x0000000711b00000|  0%| F|  |TAMS 0x0000000711a00000, 0x0000000711a00000| Untracked 
| 237|0x0000000711b00000, 0x0000000711b00000, 0x0000000711c00000|  0%| F|  |TAMS 0x0000000711b00000, 0x0000000711b00000| Untracked 
| 238|0x0000000711c00000, 0x0000000711c00000, 0x0000000711d00000|  0%| F|  |TAMS 0x0000000711c00000, 0x0000000711c00000| Untracked 
| 239|0x0000000711d00000, 0x0000000711d80800, 0x0000000711e00000| 50%| E|  |TAMS 0x0000000711d00000, 0x0000000711d00000| Complete 
| 240|0x0000000711e00000, 0x0000000711f00000, 0x0000000711f00000|100%| E|CS|TAMS 0x0000000711e00000, 0x0000000711e00000| Complete 
| 241|0x0000000711f00000, 0x0000000712000000, 0x0000000712000000|100%| E|CS|TAMS 0x0000000711f00000, 0x0000000711f00000| Complete 
| 242|0x0000000712000000, 0x0000000712100000, 0x0000000712100000|100%| E|CS|TAMS 0x0000000712000000, 0x0000000712000000| Complete 
| 243|0x0000000712100000, 0x0000000712200000, 0x0000000712200000|100%| E|CS|TAMS 0x0000000712100000, 0x0000000712100000| Complete 
| 244|0x0000000712200000, 0x0000000712300000, 0x0000000712300000|100%| E|CS|TAMS 0x0000000712200000, 0x0000000712200000| Complete 
| 245|0x0000000712300000, 0x0000000712400000, 0x0000000712400000|100%| E|CS|TAMS 0x0000000712300000, 0x0000000712300000| Complete 
| 246|0x0000000712400000, 0x0000000712500000, 0x0000000712500000|100%| E|CS|TAMS 0x0000000712400000, 0x0000000712400000| Complete 
| 247|0x0000000712500000, 0x0000000712600000, 0x0000000712600000|100%| E|CS|TAMS 0x0000000712500000, 0x0000000712500000| Complete 
| 248|0x0000000712600000, 0x0000000712700000, 0x0000000712700000|100%| E|CS|TAMS 0x0000000712600000, 0x0000000712600000| Complete 
| 249|0x0000000712700000, 0x0000000712800000, 0x0000000712800000|100%| E|CS|TAMS 0x0000000712700000, 0x0000000712700000| Complete 
| 250|0x0000000712800000, 0x0000000712900000, 0x0000000712900000|100%| E|CS|TAMS 0x0000000712800000, 0x0000000712800000| Complete 
| 251|0x0000000712900000, 0x0000000712a00000, 0x0000000712a00000|100%| E|CS|TAMS 0x0000000712900000, 0x0000000712900000| Complete 
| 252|0x0000000712a00000, 0x0000000712b00000, 0x0000000712b00000|100%| E|CS|TAMS 0x0000000712a00000, 0x0000000712a00000| Complete 
| 253|0x0000000712b00000, 0x0000000712c00000, 0x0000000712c00000|100%| E|CS|TAMS 0x0000000712b00000, 0x0000000712b00000| Complete 

Card table byte_map: [0x0000024a7e680000,0x0000024a7ee70000] _byte_map_base: 0x0000024a7ae69000

Marking Bits (Prev, Next): (CMBitMap*) 0x0000024a7dd2cfe8, (CMBitMap*) 0x0000024a7dd2d020
 Prev Bits: [0x0000024a176c0000, 0x0000024a1b608000)
 Next Bits: [0x0000024a1b610000, 0x0000024a1f558000)

Polling page: 0x0000024a7bad0000

Metaspace:

Usage:
  Non-class:     12.62 MB capacity,    12.54 MB (>99%) used,    67.74 KB ( <1%) free+waste,    15.31 KB ( <1%) overhead. 
      Class:      1.14 MB capacity,     1.07 MB ( 94%) used,    63.69 KB (  5%) free+waste,     5.88 KB ( <1%) overhead. 
       Both:     13.76 MB capacity,    13.61 MB ( 99%) used,   131.43 KB ( <1%) free+waste,    21.19 KB ( <1%) overhead. 

Virtual space:
  Non-class space:       14.00 MB reserved,      12.75 MB ( 91%) committed 
      Class space:        1.00 GB reserved,       1.25 MB ( <1%) committed 
             Both:        1.01 GB reserved,      14.00 MB (  1%) committed 

Chunk freelists:
   Non-Class:  66.00 KB
       Class:  17.00 KB
        Both:  83.00 KB

MaxMetaspaceSize: 17179869184.00 GB
CompressedClassSpaceSize: 1.00 GB
Initial GC threshold: 20.80 MB
Current GC threshold: 20.80 MB
CDS: off

CodeHeap 'non-profiled nmethods': size=120064Kb used=620Kb max_used=620Kb free=119443Kb
 bounds [0x0000024a10180000, 0x0000024a103f0000, 0x0000024a176c0000]
CodeHeap 'profiled nmethods': size=120000Kb used=3054Kb max_used=3054Kb free=116945Kb
 bounds [0x0000024a08c50000, 0x0000024a08f50000, 0x0000024a10180000]
CodeHeap 'non-nmethods': size=5696Kb used=1647Kb max_used=1663Kb free=4048Kb
 bounds [0x0000024a086c0000, 0x0000024a08930000, 0x0000024a08c50000]
 total_blobs=2634 nmethods=1570 adapters=977
 compilation: enabled
              stopped_count=0, restarted_count=0
 full_count=0

Compilation events (20 events):
Event: 30.758 Thread 0x0000024a21e69800 nmethod 1563 0x0000024a08f45510 code [0x0000024a08f456e0, 0x0000024a08f45938]
Event: 30.758 Thread 0x0000024a21e69800 1564       3       com.badlogic.gdx.utils.reflect.Field::isAccessible (8 bytes)
Event: 30.758 Thread 0x0000024a21e69800 nmethod 1564 0x0000024a08f45a10 code [0x0000024a08f45bc0, 0x0000024a08f45d78]
Event: 30.758 Thread 0x0000024a21e69800 1565       3       com.badlogic.gdx.utils.reflect.Field::setAccessible (9 bytes)
Event: 30.758 Thread 0x0000024a21e69800 nmethod 1565 0x0000024a08f45e10 code [0x0000024a08f46020, 0x0000024a08f46608]
Event: 30.758 Thread 0x0000024a21e69800 1566       3       com.badlogic.gdx.utils.reflect.Field::getName (8 bytes)
Event: 30.758 Thread 0x0000024a21e69800 nmethod 1566 0x0000024a08f46810 code [0x0000024a08f469c0, 0x0000024a08f46af8]
Event: 30.758 Thread 0x0000024a21e69800 1567       3       com.badlogic.gdx.utils.Json$FieldMetadata::<init> (59 bytes)
Event: 30.759 Thread 0x0000024a21e69800 nmethod 1567 0x0000024a08f46b90 code [0x0000024a08f46e40, 0x0000024a08f47b48]
Event: 30.759 Thread 0x0000024a21e69800 1568       3       com.badlogic.gdx.utils.reflect.Field::getElementType (117 bytes)
Event: 30.759 Thread 0x0000024a21e69800 nmethod 1568 0x0000024a08f47f90 code [0x0000024a08f48280, 0x0000024a08f49778]
Event: 30.759 Thread 0x0000024a21e69800 1569       3       java.lang.reflect.Field::getGenericType (20 bytes)
Event: 30.760 Thread 0x0000024a21e69800 nmethod 1569 0x0000024a08f49b90 code [0x0000024a08f49d80, 0x0000024a08f4a138]
Event: 30.760 Thread 0x0000024a21e69800 1558       3       com.badlogic.gdx.utils.JsonValue::isString (16 bytes)
Event: 30.760 Thread 0x0000024a21e69800 nmethod 1558 0x0000024a08f4a290 code [0x0000024a08f4a440, 0x0000024a08f4a5b8]
Event: 30.760 Thread 0x0000024a21e69800 1570       3       com.badlogic.gdx.utils.Array::<init> (7 bytes)
Event: 30.760 Thread 0x0000024a21e68000 nmethod 1555 0x0000024a1021aa10 code [0x0000024a1021abc0, 0x0000024a1021b0d8]
Event: 30.760 Thread 0x0000024a21e69800 nmethod 1570 0x0000024a08f4a690 code [0x0000024a08f4a860, 0x0000024a08f4ab38]
Event: 30.760 Thread 0x0000024a21e69800 1559       3       jdk.internal.reflect.UnsafeObjectFieldAccessorImpl::get (17 bytes)
Event: 30.760 Thread 0x0000024a21e69800 nmethod 1559 0x0000024a08f4ac90 code [0x0000024a08f4aec0, 0x0000024a08f4b718]

GC Heap History (2 events):
Event: 0.643 GC heap before
{Heap before GC invocations=0 (full 0):
 garbage-first heap   total 260096K, used 21504K [0x0000000702e00000, 0x0000000800000000)
  region size 1024K, 22 young (22528K), 0 survivors (0K)
 Metaspace       used 11668K, capacity 11812K, committed 12032K, reserved 1060864K
  class space    used 885K, capacity 941K, committed 1024K, reserved 1048576K
}
Event: 0.646 GC heap after
{Heap after GC invocations=1 (full 0):
 garbage-first heap   total 260096K, used 2458K [0x0000000702e00000, 0x0000000800000000)
  region size 1024K, 3 young (3072K), 3 survivors (3072K)
 Metaspace       used 11668K, capacity 11812K, committed 12032K, reserved 1060864K
  class space    used 885K, capacity 941K, committed 1024K, reserved 1048576K
}

Deoptimization events (20 events):
Event: 4.374 Thread 0x0000024a7dccf000 DEOPT PACKING pc=0x0000024a08efd54e sp=0x000000de576ff260
Event: 4.374 Thread 0x0000024a7dccf000 DEOPT UNPACKING pc=0x0000024a0870a95e sp=0x000000de576fe688 mode 0
Event: 4.386 Thread 0x0000024a7dccf000 DEOPT PACKING pc=0x0000024a08efd54e sp=0x000000de576ff260
Event: 4.386 Thread 0x0000024a7dccf000 DEOPT UNPACKING pc=0x0000024a0870a95e sp=0x000000de576fe688 mode 0
Event: 4.387 Thread 0x0000024a7dccf000 DEOPT PACKING pc=0x0000024a08efd54e sp=0x000000de576ff260
Event: 4.387 Thread 0x0000024a7dccf000 DEOPT UNPACKING pc=0x0000024a0870a95e sp=0x000000de576fe688 mode 0
Event: 4.401 Thread 0x0000024a7dccf000 DEOPT PACKING pc=0x0000024a08efd54e sp=0x000000de576ff260
Event: 4.401 Thread 0x0000024a7dccf000 DEOPT UNPACKING pc=0x0000024a0870a95e sp=0x000000de576fe688 mode 0
Event: 4.402 Thread 0x0000024a7dccf000 DEOPT PACKING pc=0x0000024a08efd54e sp=0x000000de576ff260
Event: 4.402 Thread 0x0000024a7dccf000 DEOPT UNPACKING pc=0x0000024a0870a95e sp=0x000000de576fe688 mode 0
Event: 4.403 Thread 0x0000024a7dccf000 DEOPT PACKING pc=0x0000024a08efd54e sp=0x000000de576ff260
Event: 4.403 Thread 0x0000024a7dccf000 DEOPT UNPACKING pc=0x0000024a0870a95e sp=0x000000de576fe688 mode 0
Event: 30.733 Thread 0x0000024a7dccf000 Uncommon trap: trap_request=0xffffff4d fr.pc=0x0000024a102186b8 relative=0x0000000000000098
Event: 30.733 Thread 0x0000024a7dccf000 Uncommon trap: reason=unstable_if action=reinterpret pc=0x0000024a102186b8 method=com.badlogic.gdx.math.Rectangle.overlaps(Lcom/badlogic/gdx/math/Rectangle;)Z @ 65 c2
Event: 30.733 Thread 0x0000024a7dccf000 DEOPT PACKING pc=0x0000024a102186b8 sp=0x000000de576ff300
Event: 30.733 Thread 0x0000024a7dccf000 DEOPT UNPACKING pc=0x0000024a0870a1af sp=0x000000de576ff280 mode 2
Event: 30.736 Thread 0x0000024a7dccf000 DEOPT PACKING pc=0x0000024a08e4f797 sp=0x000000de576fea60
Event: 30.736 Thread 0x0000024a7dccf000 DEOPT UNPACKING pc=0x0000024a0870a95e sp=0x000000de576fdfc0 mode 0
Event: 30.736 Thread 0x0000024a7dccf000 DEOPT PACKING pc=0x0000024a08e4f797 sp=0x000000de576fea60
Event: 30.736 Thread 0x0000024a7dccf000 DEOPT UNPACKING pc=0x0000024a0870a95e sp=0x000000de576fdfc0 mode 0

Classes redefined (0 events):
No events

Internal exceptions (20 events):
Event: 10.183 Thread 0x0000024a7dccf000 Exception <a 'java/lang/NullPointerException'{0x0000000711fe7980}> (0x0000000711fe7980) thrown at [s\src\hotspot\share\interpreter\linkResolver.cpp, line 1358]
Event: 10.183 Thread 0x0000024a7dccf000 Exception <a 'java/lang/NullPointerException'{0x0000000711fe7c50}> (0x0000000711fe7c50) thrown at [s\src\hotspot\share\interpreter\linkResolver.cpp, line 1358]
Event: 29.084 Thread 0x0000024a7dccf000 Exception <a 'java/lang/NullPointerException'{0x0000000711e048d8}> (0x0000000711e048d8) thrown at [s\src\hotspot\share\interpreter\linkResolver.cpp, line 1358]
Event: 29.084 Thread 0x0000024a7dccf000 Exception <a 'java/lang/NullPointerException'{0x0000000711e04ba8}> (0x0000000711e04ba8) thrown at [s\src\hotspot\share\interpreter\linkResolver.cpp, line 1358]
Event: 29.100 Thread 0x0000024a7dccf000 Exception <a 'java/lang/NullPointerException'{0x0000000711e04f00}> (0x0000000711e04f00) thrown at [s\src\hotspot\share\interpreter\linkResolver.cpp, line 1358]
Event: 29.100 Thread 0x0000024a7dccf000 Exception <a 'java/lang/NullPointerException'{0x0000000711e051d0}> (0x0000000711e051d0) thrown at [s\src\hotspot\share\interpreter\linkResolver.cpp, line 1358]
Event: 29.117 Thread 0x0000024a7dccf000 Exception <a 'java/lang/NullPointerException'{0x0000000711e05528}> (0x0000000711e05528) thrown at [s\src\hotspot\share\interpreter\linkResolver.cpp, line 1358]
Event: 29.117 Thread 0x0000024a7dccf000 Exception <a 'java/lang/NullPointerException'{0x0000000711e057f8}> (0x0000000711e057f8) thrown at [s\src\hotspot\share\interpreter\linkResolver.cpp, line 1358]
Event: 29.133 Thread 0x0000024a7dccf000 Exception <a 'java/lang/NullPointerException'{0x0000000711e05b50}> (0x0000000711e05b50) thrown at [s\src\hotspot\share\interpreter\linkResolver.cpp, line 1358]
Event: 29.133 Thread 0x0000024a7dccf000 Exception <a 'java/lang/NullPointerException'{0x0000000711e05e20}> (0x0000000711e05e20) thrown at [s\src\hotspot\share\interpreter\linkResolver.cpp, line 1358]
Event: 29.150 Thread 0x0000024a7dccf000 Exception <a 'java/lang/NullPointerException'{0x0000000711e06178}> (0x0000000711e06178) thrown at [s\src\hotspot\share\interpreter\linkResolver.cpp, line 1358]
Event: 29.150 Thread 0x0000024a7dccf000 Exception <a 'java/lang/NullPointerException'{0x0000000711e06448}> (0x0000000711e06448) thrown at [s\src\hotspot\share\interpreter\linkResolver.cpp, line 1358]
Event: 29.166 Thread 0x0000024a7dccf000 Exception <a 'java/lang/NullPointerException'{0x0000000711e067a0}> (0x0000000711e067a0) thrown at [s\src\hotspot\share\interpreter\linkResolver.cpp, line 1358]
Event: 29.166 Thread 0x0000024a7dccf000 Exception <a 'java/lang/NullPointerException'{0x0000000711e06a70}> (0x0000000711e06a70) thrown at [s\src\hotspot\share\interpreter\linkResolver.cpp, line 1358]
Event: 29.183 Thread 0x0000024a7dccf000 Exception <a 'java/lang/NullPointerException'{0x0000000711e06dc8}> (0x0000000711e06dc8) thrown at [s\src\hotspot\share\interpreter\linkResolver.cpp, line 1358]
Event: 29.183 Thread 0x0000024a7dccf000 Exception <a 'java/lang/NullPointerException'{0x0000000711e07098}> (0x0000000711e07098) thrown at [s\src\hotspot\share\interpreter\linkResolver.cpp, line 1358]
Event: 29.200 Thread 0x0000024a7dccf000 Exception <a 'java/lang/NullPointerException'{0x0000000711e073f0}> (0x0000000711e073f0) thrown at [s\src\hotspot\share\interpreter\linkResolver.cpp, line 1358]
Event: 29.200 Thread 0x0000024a7dccf000 Exception <a 'java/lang/NullPointerException'{0x0000000711e076c0}> (0x0000000711e076c0) thrown at [s\src\hotspot\share\interpreter\linkResolver.cpp, line 1358]
Event: 29.217 Thread 0x0000024a7dccf000 Exception <a 'java/lang/NullPointerException'{0x0000000711e07a18}> (0x0000000711e07a18) thrown at [s\src\hotspot\share\interpreter\linkResolver.cpp, line 1358]
Event: 29.217 Thread 0x0000024a7dccf000 Exception <a 'java/lang/NullPointerException'{0x0000000711e07ce8}> (0x0000000711e07ce8) thrown at [s\src\hotspot\share\interpreter\linkResolver.cpp, line 1358]

Events (20 events):
Event: 4.289 loading class com/badlogic/gdx/maps/tiled/tiles/AnimatedTiledMapTile done
Event: 4.299 Loaded shared library C:\Users\jl3667\AppData\Local\Temp\lwjgl_jl3667\3.3.3+5\x64\lwjgl_opengl.dll
Event: 4.304 Loaded shared library C:\Users\jl3667\AppData\Local\Temp\lwjgl_jl3667\3.3.3+5\x64\lwjgl_opengl.dll
Event: 4.639 Loaded shared library C:\Users\jl3667\AppData\Local\Temp\lwjgl_jl3667\3.3.3+5\x64\lwjgl_opengl.dll
Event: 4.649 Loaded shared library C:\Users\jl3667\AppData\Local\Temp\lwjgl_jl3667\3.3.3+5\x64\lwjgl_opengl.dll
Event: 4.701 Thread 0x0000024a233cc800 Thread exited: 0x0000024a233cc800
Event: 5.038 Loaded shared library C:\Users\jl3667\AppData\Local\Temp\lwjgl_jl3667\3.3.3+5\x64\lwjgl_opengl.dll
Event: 5.043 Loaded shared library C:\Users\jl3667\AppData\Local\Temp\lwjgl_jl3667\3.3.3+5\x64\lwjgl_opengl.dll
Event: 5.069 Loaded shared library C:\Users\jl3667\AppData\Local\Temp\lwjgl_jl3667\3.3.3+5\x64\lwjgl.dll
Event: 5.071 Loaded shared library C:\Users\jl3667\AppData\Local\Temp\lwjgl_jl3667\3.3.3+5\x64\lwjgl.dll
Event: 6.191 Loaded shared library C:\Users\jl3667\.jdks\corretto-11.0.22\bin\java.dll
Event: 9.168 Loaded shared library C:\Users\jl3667\AppData\Local\Temp\libgdxjl3667\2a9d7f76\gdx64.dll
Event: 30.734 loading class com/heslington_hustle/screens/ActivityScreen
Event: 30.734 loading class com/heslington_hustle/screens/ActivityScreen done
Event: 30.753 loading class com/badlogic/gdx/utils/ObjectSet$ObjectSetIterator
Event: 30.753 loading class com/badlogic/gdx/utils/ObjectSet$ObjectSetIterator done
Event: 30.758 loading class com/heslington_hustle/screens/ActivityScreen$1
Event: 30.758 loading class com/heslington_hustle/screens/ActivityScreen$1 done
Event: 30.758 loading class com/heslington_hustle/screens/ActivityScreen$2
Event: 30.758 loading class com/heslington_hustle/screens/ActivityScreen$2 done


Dynamic libraries:
0x00007ff661940000 - 0x00007ff66194e000 	C:\Users\jl3667\.jdks\corretto-11.0.22\bin\java.exe
0x00007ff88e210000 - 0x00007ff88e408000 	C:\windows\SYSTEM32\ntdll.dll
0x00007ff88d5d0000 - 0x00007ff88d68d000 	C:\windows\System32\KERNEL32.DLL
0x00007ff88ba60000 - 0x00007ff88bd56000 	C:\windows\System32\KERNELBASE.dll
0x00007ff888f10000 - 0x00007ff888fa0000 	C:\windows\SYSTEM32\apphelp.dll
0x00007ff88c040000 - 0x00007ff88c140000 	C:\windows\System32\ucrtbase.dll
0x00007ff86a5f0000 - 0x00007ff86a607000 	C:\Users\jl3667\.jdks\corretto-11.0.22\bin\jli.dll
0x00007ff869730000 - 0x00007ff86974b000 	C:\Users\jl3667\.jdks\corretto-11.0.22\bin\VCRUNTIME140.dll
0x00007ff88c650000 - 0x00007ff88c7ee000 	C:\windows\System32\USER32.dll
0x00007ff87caa0000 - 0x00007ff87cd3a000 	C:\windows\WinSxS\amd64_microsoft.windows.common-controls_6595b64144ccf1df_6.0.19041.3636_none_60b6a03d71f818d5\COMCTL32.dll
0x00007ff88c140000 - 0x00007ff88c162000 	C:\windows\System32\win32u.dll
0x00007ff88e140000 - 0x00007ff88e16b000 	C:\windows\System32\GDI32.dll
0x00007ff88df50000 - 0x00007ff88dfee000 	C:\windows\System32\msvcrt.dll
0x00007ff88b8d0000 - 0x00007ff88b9e7000 	C:\windows\System32\gdi32full.dll
0x00007ff88bfa0000 - 0x00007ff88c03d000 	C:\windows\System32\msvcp_win.dll
0x00007ff88d690000 - 0x00007ff88d6c2000 	C:\windows\System32\IMM32.DLL
0x00007ff880ae0000 - 0x00007ff880aec000 	C:\Users\jl3667\.jdks\corretto-11.0.22\bin\vcruntime140_1.dll
0x00007ff8696a0000 - 0x00007ff86972d000 	C:\Users\jl3667\.jdks\corretto-11.0.22\bin\msvcp140.dll
0x00007ff8389f0000 - 0x00007ff8395b3000 	C:\Users\jl3667\.jdks\corretto-11.0.22\bin\server\jvm.dll
0x00007ff88c400000 - 0x00007ff88c4b3000 	C:\windows\System32\ADVAPI32.dll
0x00007ff88c300000 - 0x00007ff88c39f000 	C:\windows\System32\sechost.dll
0x00007ff88e010000 - 0x00007ff88e136000 	C:\windows\System32\RPCRT4.dll
0x00007ff88c170000 - 0x00007ff88c197000 	C:\windows\System32\bcrypt.dll
0x00007ff88e000000 - 0x00007ff88e008000 	C:\windows\System32\PSAPI.DLL
0x00007ff8831e0000 - 0x00007ff8831e9000 	C:\windows\SYSTEM32\WSOCK32.dll
0x00007ff881d00000 - 0x00007ff881d27000 	C:\windows\SYSTEM32\WINMM.dll
0x00007ff886360000 - 0x00007ff88636a000 	C:\windows\SYSTEM32\VERSION.dll
0x00007ff88cfa0000 - 0x00007ff88d00b000 	C:\windows\System32\WS2_32.dll
0x00007ff8894e0000 - 0x00007ff8894f2000 	C:\windows\SYSTEM32\kernel.appcore.dll
0x00007ff876690000 - 0x00007ff8766a0000 	C:\Users\jl3667\.jdks\corretto-11.0.22\bin\verify.dll
0x00007ff882b10000 - 0x00007ff882cf4000 	C:\windows\SYSTEM32\DBGHELP.DLL
0x00007ff882a20000 - 0x00007ff882a54000 	C:\windows\SYSTEM32\dbgcore.DLL
0x00007ff88bdb0000 - 0x00007ff88be32000 	C:\windows\System32\bcryptPrimitives.dll
0x00007ff869670000 - 0x00007ff869698000 	C:\Users\jl3667\.jdks\corretto-11.0.22\bin\java.dll
0x00007ff876660000 - 0x00007ff87666a000 	C:\Users\jl3667\.jdks\corretto-11.0.22\bin\jimage.dll
0x00007ff869450000 - 0x00007ff869468000 	C:\Users\jl3667\.jdks\corretto-11.0.22\bin\zip.dll
0x00007ff88d6f0000 - 0x00007ff88de35000 	C:\windows\System32\SHELL32.dll
0x00007ff8897c0000 - 0x00007ff889f5c000 	C:\windows\SYSTEM32\windows.storage.dll
0x00007ff88d190000 - 0x00007ff88d4e4000 	C:\windows\System32\combase.dll
0x00007ff88b290000 - 0x00007ff88b2be000 	C:\windows\SYSTEM32\Wldp.dll
0x00007ff88c4c0000 - 0x00007ff88c58d000 	C:\windows\System32\OLEAUT32.dll
0x00007ff88c590000 - 0x00007ff88c63d000 	C:\windows\System32\SHCORE.dll
0x00007ff88c920000 - 0x00007ff88c975000 	C:\windows\System32\shlwapi.dll
0x00007ff88b800000 - 0x00007ff88b825000 	C:\windows\SYSTEM32\profapi.dll
0x00007ff869430000 - 0x00007ff869449000 	C:\Users\jl3667\.jdks\corretto-11.0.22\bin\net.dll
0x00007ff886250000 - 0x00007ff88635a000 	C:\windows\SYSTEM32\WINHTTP.dll
0x00007ff88af90000 - 0x00007ff88affa000 	C:\windows\system32\mswsock.dll
0x00007ff8693a0000 - 0x00007ff8693b2000 	C:\Users\jl3667\.jdks\corretto-11.0.22\bin\nio.dll
0x000000006e700000 - 0x000000006e72d000 	C:\Users\jl3667\AppData\Local\Temp\libgdxjl3667\2a9d7f76\gdx64.dll
0x00007ff8809e0000 - 0x00007ff880a5b000 	C:\Users\jl3667\AppData\Local\Temp\lwjgl_jl3667\3.3.3+5\x64\lwjgl.dll
0x00007ff843b00000 - 0x00007ff843d70000 	C:\Users\jl3667\AppData\Local\Temp\lwjgl_jl3667\3.3.3+5\x64\jemalloc.dll
0x00007ff866ba0000 - 0x00007ff866c22000 	C:\Users\jl3667\AppData\Local\Temp\lwjgl_jl3667\3.3.3+5\x64\glfw.dll
0x00007ff866b50000 - 0x00007ff866b95000 	C:\windows\SYSTEM32\dinput8.dll
0x00007ff880970000 - 0x00007ff880981000 	C:\windows\SYSTEM32\xinput1_4.dll
0x00007ff88bd60000 - 0x00007ff88bdae000 	C:\windows\System32\cfgmgr32.dll
0x00007ff88b660000 - 0x00007ff88b693000 	C:\windows\SYSTEM32\DEVOBJ.dll
0x00007ff8894b0000 - 0x00007ff8894df000 	C:\windows\SYSTEM32\dwmapi.dll
0x00007ff875a90000 - 0x00007ff875be2000 	C:\windows\SYSTEM32\inputhost.dll
0x00007ff888cd0000 - 0x00007ff888dc2000 	C:\windows\SYSTEM32\CoreMessaging.dll
0x00007ff8854e0000 - 0x00007ff8855d6000 	C:\windows\SYSTEM32\PROPSYS.dll
0x00007ff8882a0000 - 0x00007ff8883f5000 	C:\windows\SYSTEM32\wintypes.dll
0x00007ff888970000 - 0x00007ff888ccb000 	C:\windows\SYSTEM32\CoreUIComponents.dll
0x00007ff88a9e0000 - 0x00007ff88aa13000 	C:\windows\SYSTEM32\ntmarta.dll
0x00007ff8890f0000 - 0x00007ff88918e000 	C:\windows\system32\uxtheme.dll
0x00007ff88d010000 - 0x00007ff88d124000 	C:\windows\System32\MSCTF.dll
0x00007ff8561d0000 - 0x00007ff856397000 	C:\Users\jl3667\AppData\Local\Temp\lwjgl_jl3667\3.3.3+5\x64\OpenAL.dll
0x00007ff88c7f0000 - 0x00007ff88c91b000 	C:\windows\System32\ole32.dll
0x00007ff88c250000 - 0x00007ff88c2f9000 	C:\windows\System32\clbcatq.dll
0x00007ff885c10000 - 0x00007ff885c95000 	C:\windows\System32\MMDevApi.dll
0x00007ff85a2d0000 - 0x00007ff85a452000 	C:\windows\SYSTEM32\AUDIOSES.DLL
0x00007ff88b440000 - 0x00007ff88b48b000 	C:\windows\SYSTEM32\powrprof.dll
0x00007ff88b420000 - 0x00007ff88b432000 	C:\windows\SYSTEM32\UMPDC.dll
0x00007ff8891b0000 - 0x00007ff8891c4000 	C:\windows\SYSTEM32\resourcepolicyclient.dll
0x00007ff853f70000 - 0x00007ff854095000 	C:\windows\SYSTEM32\opengl32.dll
0x00007ff85dff0000 - 0x00007ff85e01c000 	C:\windows\SYSTEM32\GLU32.dll
0x00007ff884710000 - 0x00007ff884812000 	C:\Windows\System32\AppXDeploymentClient.dll
0x00007ff842af0000 - 0x00007ff843af5000 	C:\windows\System32\DriverStore\FileRepository\iigd_dch.inf_amd64_ec81fa442e167535\ig9icd64.dll
0x00007ff88a080000 - 0x00007ff88a173000 	C:\windows\system32\dxgi.dll
0x00007ff8426d0000 - 0x00007ff842aea000 	C:\windows\System32\DriverStore\FileRepository\iigd_dch.inf_amd64_ec81fa442e167535\igdml64.dll
0x00007ff8714a0000 - 0x00007ff871721000 	C:\windows\System32\DriverStore\FileRepository\iigd_dch.inf_amd64_ec81fa442e167535\igdgmm64.dll
0x00007ff86e3d0000 - 0x00007ff871214000 	C:\windows\System32\DriverStore\FileRepository\iigd_dch.inf_amd64_ec81fa442e167535\igc64.dll
0x00007ff863220000 - 0x00007ff86327e000 	C:\Users\jl3667\AppData\Local\Temp\lwjgl_jl3667\3.3.3+5\x64\lwjgl_opengl.dll
0x00007ff8764d0000 - 0x00007ff8765c9000 	C:\windows\SYSTEM32\textinputframework.dll

dbghelp: loaded successfully - version: 4.0.5 - missing functions: none
symbol engine: initialized successfully - sym options: 0x614 - pdb path: .;C:\Users\jl3667\.jdks\corretto-11.0.22\bin;C:\windows\SYSTEM32;C:\windows\WinSxS\amd64_microsoft.windows.common-controls_6595b64144ccf1df_6.0.19041.3636_none_60b6a03d71f818d5;C:\Users\jl3667\.jdks\corretto-11.0.22\bin\server;C:\Users\jl3667\AppData\Local\Temp\libgdxjl3667\2a9d7f76;C:\Users\jl3667\AppData\Local\Temp\lwjgl_jl3667\3.3.3+5\x64;C:\windows\System32\DriverStore\FileRepository\iigd_dch.inf_amd64_ec81fa442e167535

VM Arguments:
jvm_args: -Dfile.encoding=windows-1252 -Duser.country=GB -Duser.language=en -Duser.variant 
java_command: com.heslington_hustle.game.DesktopLauncher
java_class_path (initial): C:\Users\jl3667\IdeaProjects\Group-12-ENG1\Heslington_hustle\desktop\build\classes\java\main;C:\Users\jl3667\IdeaProjects\Group-12-ENG1\Heslington_hustle\desktop\build\resources\main;C:\Users\jl3667\.gradle\caches\modules-2\files-2.1\com.badlogicgames.gdx\gdx-backend-lwjgl3\1.12.1\12a144cacb34f0392cd8354f798d99e4836a51a8\gdx-backend-lwjgl3-1.12.1.jar;C:\Users\jl3667\.gradle\caches\modules-2\files-2.1\com.badlogicgames.gdx\gdx-platform\1.12.1\5737be5ce3a4e8f9f77c2d9ab95ab479f9c3705f\gdx-platform-1.12.1-natives-desktop.jar;C:\Users\jl3667\.gradle\caches\modules-2\files-2.1\com.badlogicgames.gdx\gdx-box2d-platform\1.12.1\4e82228fcdd2e8a7673fe7952588acfdb33d7820\gdx-box2d-platform-1.12.1-natives-desktop.jar;C:\Users\jl3667\.gradle\caches\modules-2\files-2.1\com.badlogicgames.gdx\gdx-freetype-platform\1.12.1\a32f9ecca13ae01370d9649e48a30201080d4c18\gdx-freetype-platform-1.12.1-natives-desktop.jar;C:\Users\jl3667\IdeaProjects\Group-12-ENG1\Heslington_hustle\core\build\libs\core-1.0.jar;C:\Users\jl3667\.gradle\caches\modules-2\files-2.1\com.badlogicgames.gdx\gdx-box2d\1.12.1\6c37ed04f97d062f1bdc4afe1f583182e539a269\gdx-box2d-1.12.1.jar;C:\Users\jl3667\.gradle\caches\modules-2\files-2.1\com.badlogicgames.ashley\ashley\1.7.4\21a3a8932919099c4e5006a7d8378dcbe76ef8a5\ashley-1.7.4.jar;C:\Users\jl3667\.gradle\caches\modules-2\files-2.1\com.badlogicgames.gdx\gdx-freetype\1.12.1\d5826997b0cfa595a72889610fadb18405056c1c\gdx-freetype-1.12.1.jar;C:\Users\jl3667\.gradle\caches\modules-2\files-2.1\com.badlogicgames.gdx\gdx\1.12.1\a2d066c09329c457045c284c42d6f37122840aa\gdx-1.12.1.jar;C:\Users\jl3667\.gradle\caches\modules-2\files-2.1\org.lwjgl\lwjgl-glfw\3.3.3\efa1eb78c5ccd840e9f329717109b5e892d72f8e\lwjgl-glfw-3.3.3.jar;C:\Users\jl3667\.gradle\caches\modules-2\files-2.1\org.lwjgl\lwjgl-glfw\3.3.3\a03684c5e4b1b1dbbe0d29dbbdc27b985b6840f2\lwjgl-glfw-3.3.3-natives-linux.jar;C:\Users\jl3667\.gradle\caches\modules-2\files-2.1\org.lwjgl\lwjgl-glfw\3.3.3\d9af485c
Launcher Type: SUN_STANDARD

[Global flags]
     intx CICompilerCount                          = 3                                         {product} {ergonomic}
     uint ConcGCThreads                            = 2                                         {product} {ergonomic}
     uint G1ConcRefinementThreads                  = 6                                         {product} {ergonomic}
   size_t G1HeapRegionSize                         = 1048576                                   {product} {ergonomic}
    uintx GCDrainStackTargetSize                   = 64                                        {product} {ergonomic}
   size_t InitialHeapSize                          = 266338304                                 {product} {ergonomic}
   size_t MarkStackSize                            = 4194304                                   {product} {ergonomic}
   size_t MaxHeapSize                              = 4246732800                                {product} {ergonomic}
   size_t MaxNewSize                               = 2548039680                                {product} {ergonomic}
   size_t MinHeapDeltaBytes                        = 1048576                                   {product} {ergonomic}
    uintx NonNMethodCodeHeapSize                   = 5830732                                {pd product} {ergonomic}
    uintx NonProfiledCodeHeapSize                  = 122913754                              {pd product} {ergonomic}
    uintx ProfiledCodeHeapSize                     = 122913754                              {pd product} {ergonomic}
    uintx ReservedCodeCacheSize                    = 251658240                              {pd product} {ergonomic}
     bool SegmentedCodeCache                       = true                                      {product} {ergonomic}
     bool UseCompressedClassPointers               = true                                 {lp64_product} {ergonomic}
     bool UseCompressedOops                        = true                                 {lp64_product} {ergonomic}
     bool UseG1GC                                  = true                                      {product} {ergonomic}
     bool UseLargePagesIndividualAllocation        = false                                  {pd product} {ergonomic}

Logging:
Log output configuration:
 #0: stdout all=warning uptime,level,tags
 #1: stderr all=off uptime,level,tags

Environment Variables:
JAVA_HOME=C:\Program Files\BellSoft\LibericaJDK-11.0.22-Full
PATH=C:\Program Files\BellSoft\LibericaJDK-11.0.22-Full\bin\;C:\Program Files\Quarto\bin;C:\WINDOWS\system32;C:\WINDOWS;C:\WINDOWS\System32\Wbem;C:\WINDOWS\System32\WindowsPowerShell\v1.0\;C:\WINDOWS\System32\OpenSSH\;C:\Program Files (x86)\Symyx\Symyx Draw 4.0\lib;C:\ProgramData\Anaconda3;C:\ProgramData\Anaconda3\Scripts;C:\ProgramData\Anaconda3\Library;C:\ProgramData\Anaconda3\Library\bin;C:\ProgramData\Anaconda3\Library\usr\bin;C:\ProgramData\Anaconda3\Library\migw-w64\bin;C:\Program Files\dotnet\;C:\Program Files\MiKTeX\miktex\bin\x64\;C:\Program Files\Wolfram Research\WolframScript\;C:\Program Files\MATLAB\R2023a\runtime\win64;C:\Program Files\MATLAB\R2023a\bin;C:\Program Files\MEGA11;C:\Program Files\Microsoft SQL Server\150\Tools\Binn\;C:\Program Files\PuTTY\;C:\Program Files\rtools\usr\bin;C:\Program Files (x86)\Common Files\Propellerhead Software\ReWire\;C:\Program Files\Common Files\Propellerhead Software\ReWire\;C:\Program Files (x86)\Digilent\AdeptUtilities;C:\apps\apache-maven-3.9.4\bin;c:\apps\Haskell\ghcup\bin;C:\Apps\gradle-8.3\bin;C:\Program Files\Graphviz\bin;C:\Program Files\Microsoft VS Code\bin;C:\Apps\proverif2.04;C:\apps\SYS4;C:\Apps\sed;C:\Program Files\Git\cmd;C:\Users\jl3667\AppData\Local\Microsoft\WindowsApps;
USERNAME=jl3667
OS=Windows_NT
PROCESSOR_IDENTIFIER=Intel64 Family 6 Model 158 Stepping 10, GenuineIntel
TMP=C:\Users\jl3667\AppData\Local\Temp
TEMP=C:\Users\jl3667\AppData\Local\Temp



---------------  S Y S T E M  ---------------

OS: Windows 10 , 64 bit Build 19041 (10.0.19041.3636)
OS uptime: 0 days 6:23 hours

CPU:total 6 (initial active 6) (6 cores per cpu, 1 threads per core) family 6 model 158 stepping 10 microcode 0xb4, cmov, cx8, fxsr, mmx, sse, sse2, sse3, ssse3, sse4.1, sse4.2, popcnt, avx, avx2, aes, clmul, erms, rtm, 3dnowpref, lzcnt, tsc, tscinvbit, bmi1, bmi2, adx, fma

Memory: 4k page, system-wide physical 16192M (7389M free)
TotalPageFile size 18624M (AvailPageFile size 9354M)
current process WorkingSet (physical memory assigned to process): 149M, peak: 158M
current process commit charge ("private bytes"): 388M, peak: 395M

vm_info: OpenJDK 64-Bit Server VM (11.0.22+7-LTS) for windows-amd64 JRE (11.0.22+7-LTS), built on Jan 10 2024 19:54:00 by "Administrator" with MS VC++ 16.10 / 16.11 (VS2019)

END.
