#
# A fatal error has been detected by the Java Runtime Environment:
#
#  EXCEPTION_ACCESS_VIOLATION (0xc0000005) at pc=0x00007ff9960889b9, pid=8204, tid=6636
#
# JRE version: OpenJDK Runtime Environment Corretto-11.0.22.7.1 (11.0.22+7) (build 11.0.22+7-LTS)
# Java VM: OpenJDK 64-Bit Server VM Corretto-11.0.22.7.1 (11.0.22+7-LTS, mixed mode, tiered, compressed oops, g1 gc, windows-amd64)
# Problematic frame:
# C  [nvoglv64.dll+0x8c89b9]
#
# No core dump will be written. Minidumps are not enabled by default on client versions of Windows
#
# If you would like to submit a bug report, please visit:
#   https://github.com/corretto/corretto-11/issues/
# The crash happened outside the Java Virtual Machine in native code.
# See problematic frame for where to report the bug.
#

---------------  S U M M A R Y ------------

Command Line: -Dfile.encoding=windows-1252 -Duser.country=GB -Duser.language=en -Duser.variant com.heslington_hustle.game.DesktopLauncher

Host: Intel(R) Core(TM) i5-14600K, 20 cores, 31G,  Windows 11 , 64 bit Build 22621 (10.0.22621.3085)
Time: Wed Mar 13 06:05:19 2024 GMT Standard Time elapsed time: 4.468818 seconds (0d 0h 0m 4s)

---------------  T H R E A D  ---------------

Current thread (0x000001bca8f31800):  JavaThread "main" [_thread_in_native, id=6636, stack(0x00000055d7600000,0x00000055d7700000)]

Stack: [0x00000055d7600000,0x00000055d7700000],  sp=0x00000055d76ff0e0,  free space=1020k
Native frames: (J=compiled Java code, j=interpreted, Vv=VM code, C=native code)
C  [nvoglv64.dll+0x8c89b9]

Java frames: (J=compiled Java code, j=interpreted, Vv=VM code)
J 1398  org.lwjgl.opengl.GL11C.nglDrawElements(IIIJ)V (0 bytes) @ 0x000001bcb92c9a1e [0x000001bcb92c99c0+0x000000000000005e]
J 1433 c2 com.badlogic.gdx.graphics.g2d.SpriteBatch.flush()V (196 bytes) @ 0x000001bcb92da188 [0x000001bcb92d9d00+0x0000000000000488]
J 1485 c1 com.badlogic.gdx.graphics.g2d.SpriteBatch.draw(Lcom/badlogic/gdx/graphics/Texture;FFFF)V (279 bytes) @ 0x000001bcb20d8dcc [0x000001bcb20d8b80+0x000000000000024c]
J 1527 c1 com.heslington_hustle.screens.GameScreen.render(F)V (463 bytes) @ 0x000001bcb20f472c [0x000001bcb20f22e0+0x000000000000244c]
J 1471 c1 com.heslington_hustle.game.Heslington_hustle.render()V (5 bytes) @ 0x000001bcb20d28b4 [0x000001bcb20d2660+0x0000000000000254]
J 1468 c1 com.badlogic.gdx.backends.lwjgl3.Lwjgl3Window.update()Z (217 bytes) @ 0x000001bcb20d5044 [0x000001bcb20d42a0+0x0000000000000da4]
j  com.badlogic.gdx.backends.lwjgl3.Lwjgl3Application.loop()V+111
j  com.badlogic.gdx.backends.lwjgl3.Lwjgl3Application.<init>(Lcom/badlogic/gdx/ApplicationListener;Lcom/badlogic/gdx/backends/lwjgl3/Lwjgl3ApplicationConfiguration;)V+269
j  com.heslington_hustle.game.DesktopLauncher.main([Ljava/lang/String;)V+41
v  ~StubRoutines::call_stub

siginfo: EXCEPTION_ACCESS_VIOLATION (0xc0000005), reading address 0x000001bcdadf4000


Register to memory mapping:

RIP=0x00007ff9960889b9 nvoglv64.dll
RAX=0x00000067619f50c2 is an unknown value
RBX=0x0000000000000001 is an unknown value
RCX=0x000193d556537698 is an unknown value
RDX=0x00000067619f50c2 is an unknown value
RSP=0x00000055d76ff0e0 is pointing into the stack for thread: 0x000001bca8f31800
RBP=0x000001bcdaf59080 points into unknown readable memory: 0x0000000000000000 | 00 00 00 00 00 00 00 00
RSI=0x0000000000000006 is an unknown value
RDI=0x000001bcdaf59080 points into unknown readable memory: 0x0000000000000000 | 00 00 00 00 00 00 00 00
R8 =0x00000000000008d5 is an unknown value
R9 =0x0 is NULL
R10=0x0000000000000001 is an unknown value
R11=0x00000219df13a932 is an unknown value
R12=0x0000000000001403 is an unknown value
R13=0x0000000000001403 is an unknown value
R14=0x000001bcdadf4000 is an unknown value
R15=0x0000000000000004 is an unknown value


Registers:
RAX=0x00000067619f50c2, RBX=0x0000000000000001, RCX=0x000193d556537698, RDX=0x00000067619f50c2
RSP=0x00000055d76ff0e0, RBP=0x000001bcdaf59080, RSI=0x0000000000000006, RDI=0x000001bcdaf59080
R8 =0x00000000000008d5, R9 =0x0000000000000000, R10=0x0000000000000001, R11=0x00000219df13a932
R12=0x0000000000001403, R13=0x0000000000001403, R14=0x000001bcdadf4000, R15=0x0000000000000004
RIP=0x00007ff9960889b9, EFLAGS=0x0000000000010246

Top of Stack: (sp=0x00000055d76ff0e0)
0x00000055d76ff0e0:   0000000000000001 0000000000000320
0x00000055d76ff0f0:   0000000000000320 0000000000000000
0x00000055d76ff100:   0000000000000000 00000055d76ff108
0x00000055d76ff110:   000001bcd9a0ed35 00000055d76ff180
0x00000055d76ff120:   000001bcd9a10040 00007ff97881f783
0x00000055d76ff130:   0000000621f8edf0 00007ff97881f783
0x00000055d76ff140:   0000000000000000 0000000000001403
0x00000055d76ff150:   000001bcdaf59080 0000000000000000
0x00000055d76ff160:   000001bcdadf4000 00000055d76ff280
0x00000055d76ff170:   0000000000000004 0000000000000006
0x00000055d76ff180:   00000055d76ff290 00007ff995ce0756
0x00000055d76ff190:   000001bcdaf5b1c0 0000000000000004
0x00000055d76ff1a0:   0000005500000000 000001bc00000000
0x00000055d76ff1b0:   0000000000000006 000000000000000c
0x00000055d76ff1c0:   000001bcdadf4000 000001bc00000000
0x00000055d76ff1d0:   0000000000000000 000001bcdade077c 

Instructions: (pc=0x00007ff9960889b9)
0x00007ff9960888b9:   23 d8 41 8b 82 08 06 00 00 41 8b cb 41 0b 8a 14
0x00007ff9960888c9:   06 00 00 f7 d1 23 c8 c1 e8 14 a8 01 0f 85 18 09
0x00007ff9960888d9:   00 00 80 bd ac 0d 92 00 00 0f 85 0b 09 00 00 45
0x00007ff9960888e9:   3b c8 0f 82 02 09 00 00 85 f6 0f 8e fa 08 00 00
0x00007ff9960888f9:   41 83 ff 0e 0f 87 f0 08 00 00 3b 95 28 10 92 00
0x00007ff996088909:   0f 8f e4 08 00 00 41 83 ba 00 06 00 00 00 0f 85
0x00007ff996088919:   d6 08 00 00 41 80 ba 29 06 00 00 00 0f 85 c8 08
0x00007ff996088929:   00 00 41 80 ba 28 06 00 00 00 0f 85 ba 08 00 00
0x00007ff996088939:   80 bd 35 e2 90 00 00 0f 85 ad 08 00 00 80 bd 3c
0x00007ff996088949:   e2 90 00 00 0f 85 a0 08 00 00 f7 c1 00 00 03 00
0x00007ff996088959:   0f 85 94 08 00 00 44 0b d9 45 85 9a 48 08 00 00
0x00007ff996088969:   0f 85 84 08 00 00 48 89 5c 24 78 48 8d 8d 80 11
0x00007ff996088979:   92 00 bb 01 00 00 00 48 89 7c 24 70 8b d3 4c 89
0x00007ff996088989:   6c 24 68 e8 4f 71 e7 ff 41 81 fc 05 14 00 00 75
0x00007ff996088999:   16 41 8b 16 41 8b 4c b6 fc 3b d1 8b f9 0f 47 fa
0x00007ff9960889a9:   0f 42 ca 2b f9 eb 57 41 81 fc 03 14 00 00 75 20
0x00007ff9960889b9:   41 0f b7 16 41 0f b7 4c 76 fe 0f b7 c1 66 3b d1
0x00007ff9960889c9:   66 0f 47 c2 66 0f 42 ca 0f b7 f8 0f b7 c1 eb 2c
0x00007ff9960889d9:   41 81 fc 01 14 00 00 0f 85 c8 07 00 00 45 0f b6
0x00007ff9960889e9:   06 42 0f b6 54 36 ff 44 3a c2 8b ca 41 0f 47 c8
0x00007ff9960889f9:   0f b6 f9 8b ca 41 0f 42 c8 0f b6 c1 2b f8 48 8b
0x00007ff996088a09:   8c 24 b0 00 00 00 44 8d 6e ff e8 68 0c 00 00 48
0x00007ff996088a19:   8b 84 24 b0 00 00 00 44 8b 50 20 41 8b c2 0f af
0x00007ff996088a29:   c7 44 89 94 24 d0 00 00 00 3b 85 2c 10 92 00 0f
0x00007ff996088a39:   8f 70 07 00 00 0f 29 74 24 50 41 81 fc 05 14 00
0x00007ff996088a49:   00 0f 85 04 01 00 00 45 8b 3e 41 8b ff 49 8d 56
0x00007ff996088a59:   04 3b f3 0f 8e 7f 03 00 00 41 83 fd 08 0f 82 b3
0x00007ff996088a69:   00 00 00 83 3d dd 1e 19 02 02 0f 8c a6 00 00 00
0x00007ff996088a79:   41 8b c5 25 07 00 00 80 7d 07 ff c8 83 c8 f8 ff
0x00007ff996088a89:   c0 66 41 0f 6e cf 8b ce 66 0f 70 c9 00 2b c8 66
0x00007ff996088a99:   0f 6f d9 66 0f 6f e1 66 0f 6f d1 f3 0f 6f 02 83
0x00007ff996088aa9:   c3 08 66 0f 38 3b c8 66 0f 38 3f d0 f3 0f 6f 42 


Stack slot to memory mapping:
stack at sp + 0 slots: 0x0000000000000001 is an unknown value
stack at sp + 1 slots: 0x0000000000000320 is an unknown value
stack at sp + 2 slots: 0x0000000000000320 is an unknown value
stack at sp + 3 slots: 0x0 is NULL
stack at sp + 4 slots: 0x0 is NULL
stack at sp + 5 slots: 0x00000055d76ff108 is pointing into the stack for thread: 0x000001bca8f31800
stack at sp + 6 slots: 0x000001bcd9a0ed35 is pointing into metadata
stack at sp + 7 slots: 0x00000055d76ff180 is pointing into the stack for thread: 0x000001bca8f31800


---------------  P R O C E S S  ---------------

Threads class SMR info:
_java_thread_list=0x000001bce09b4400, length=14, elements={
0x000001bca8f31800, 0x000001bcd7cde800, 0x000001bcd7ce0000, 0x000001bcd7d34800,
0x000001bcd7d36800, 0x000001bcd7d38000, 0x000001bcd7d3b000, 0x000001bcd7d3e000,
0x000001bcd7d47800, 0x000001bcd7f31800, 0x000001bcd8c68000, 0x000001bce096a000,
0x000001bce0c53000, 0x000001bce0c53800
}

Java Threads: ( => current thread )
=>0x000001bca8f31800 JavaThread "main" [_thread_in_native, id=6636, stack(0x00000055d7600000,0x00000055d7700000)]
  0x000001bcd7cde800 JavaThread "Reference Handler" daemon [_thread_blocked, id=2088, stack(0x00000055d7d00000,0x00000055d7e00000)]
  0x000001bcd7ce0000 JavaThread "Finalizer" daemon [_thread_blocked, id=17956, stack(0x00000055d7e00000,0x00000055d7f00000)]
  0x000001bcd7d34800 JavaThread "Signal Dispatcher" daemon [_thread_blocked, id=8404, stack(0x00000055d7f00000,0x00000055d8000000)]
  0x000001bcd7d36800 JavaThread "Attach Listener" daemon [_thread_blocked, id=20060, stack(0x00000055d8000000,0x00000055d8100000)]
  0x000001bcd7d38000 JavaThread "Service Thread" daemon [_thread_blocked, id=11072, stack(0x00000055d8100000,0x00000055d8200000)]
  0x000001bcd7d3b000 JavaThread "C2 CompilerThread0" daemon [_thread_blocked, id=29252, stack(0x00000055d8200000,0x00000055d8300000)]
  0x000001bcd7d3e000 JavaThread "C1 CompilerThread0" daemon [_thread_blocked, id=11672, stack(0x00000055d8300000,0x00000055d8400000)]
  0x000001bcd7d47800 JavaThread "Sweeper thread" daemon [_thread_blocked, id=20924, stack(0x00000055d8400000,0x00000055d8500000)]
  0x000001bcd7f31800 JavaThread "Common-Cleaner" daemon [_thread_blocked, id=28744, stack(0x00000055d8700000,0x00000055d8800000)]
  0x000001bcd8c68000 JavaThread "Thread-0" daemon [_thread_blocked, id=4600, stack(0x00000055d9000000,0x00000055d9100000)]
  0x000001bce096a000 JavaThread "C1 CompilerThread1" daemon [_thread_blocked, id=16508, stack(0x00000055d8500000,0x00000055d8600000)]
  0x000001bce0c53000 JavaThread "C1 CompilerThread2" daemon [_thread_blocked, id=12556, stack(0x00000055d8800000,0x00000055d8900000)]
  0x000001bce0c53800 JavaThread "C1 CompilerThread3" daemon [_thread_blocked, id=21172, stack(0x00000055d8c00000,0x00000055d8d00000)]

Other Threads:
  0x000001bcd7ca9000 VMThread "VM Thread" [stack: 0x00000055d7c00000,0x00000055d7d00000] [id=27260]
  0x000001bcd7f26000 WatcherThread [stack: 0x00000055d8600000,0x00000055d8700000] [id=22648]
  0x000001bca8f4b000 GCTaskThread "GC Thread#0" [stack: 0x00000055d7700000,0x00000055d7800000] [id=15764]
  0x000001bcd96d3800 GCTaskThread "GC Thread#1" [stack: 0x00000055d9600000,0x00000055d9700000] [id=11856]
  0x000001bcd9531800 GCTaskThread "GC Thread#2" [stack: 0x00000055d9700000,0x00000055d9800000] [id=10052]
  0x000001bcd9633800 GCTaskThread "GC Thread#3" [stack: 0x00000055d9800000,0x00000055d9900000] [id=22756]
  0x000001bcd9634000 GCTaskThread "GC Thread#4" [stack: 0x00000055d9900000,0x00000055d9a00000] [id=21308]
  0x000001bcd97c7800 GCTaskThread "GC Thread#5" [stack: 0x00000055d9a00000,0x00000055d9b00000] [id=1668]
  0x000001bcd97c8000 GCTaskThread "GC Thread#6" [stack: 0x00000055d9b00000,0x00000055d9c00000] [id=18172]
  0x000001bcd96fc800 GCTaskThread "GC Thread#7" [stack: 0x00000055d9c00000,0x00000055d9d00000] [id=29432]
  0x000001bcd94e4000 GCTaskThread "GC Thread#8" [stack: 0x00000055d9d00000,0x00000055d9e00000] [id=17872]
  0x000001bcd94c2000 GCTaskThread "GC Thread#9" [stack: 0x00000055d9e00000,0x00000055d9f00000] [id=6552]
  0x000001bcd94c0000 GCTaskThread "GC Thread#10" [stack: 0x00000055d9f00000,0x00000055da000000] [id=15460]
  0x000001bcd94c0800 GCTaskThread "GC Thread#11" [stack: 0x00000055da000000,0x00000055da100000] [id=27708]
  0x000001bca8fcb800 ConcurrentGCThread "G1 Main Marker" [stack: 0x00000055d7800000,0x00000055d7900000] [id=20504]
  0x000001bca8fcd000 ConcurrentGCThread "G1 Conc#0" [stack: 0x00000055d7900000,0x00000055d7a00000] [id=24020]
  0x000001bcd6a92000 ConcurrentGCThread "G1 Refine#0" [stack: 0x00000055d7a00000,0x00000055d7b00000] [id=28424]
  0x000001bcd6a93000 ConcurrentGCThread "G1 Young RemSet Sampling" [stack: 0x00000055d7b00000,0x00000055d7c00000] [id=9408]

Threads with active compile tasks:

VM state:not at safepoint (normal execution)

VM Mutex/Monitor currently owned by a thread: None

Heap address: 0x0000000603a00000, size: 8134 MB, Compressed Oops mode: Zero based, Oop shift amount: 3
Narrow klass base: 0x0000000800000000, Narrow klass shift: 0
Compressed class space size: 1073741824 Address: 0x0000000800000000

Heap:
 garbage-first heap   total 522240K, used 14906K [0x0000000603a00000, 0x0000000800000000)
  region size 2048K, 9 young (18432K), 2 survivors (4096K)
 Metaspace       used 13964K, capacity 14157K, committed 14336K, reserved 1062912K
  class space    used 1096K, capacity 1167K, committed 1280K, reserved 1048576K
Heap Regions: E=young(eden), S=young(survivor), O=old, HS=humongous(starts), HC=humongous(continues), CS=collection set, F=free, A=archive, TAMS=top-at-mark-start (previous, next)
|   0|0x0000000603a00000, 0x0000000603a00000, 0x0000000603c00000|  0%| F|  |TAMS 0x0000000603a00000, 0x0000000603a00000| Untracked 
|   1|0x0000000603c00000, 0x0000000603c00000, 0x0000000603e00000|  0%| F|  |TAMS 0x0000000603c00000, 0x0000000603c00000| Untracked 
|   2|0x0000000603e00000, 0x0000000603e00000, 0x0000000604000000|  0%| F|  |TAMS 0x0000000603e00000, 0x0000000603e00000| Untracked 
|   3|0x0000000604000000, 0x0000000604000000, 0x0000000604200000|  0%| F|  |TAMS 0x0000000604000000, 0x0000000604000000| Untracked 
|   4|0x0000000604200000, 0x0000000604200000, 0x0000000604400000|  0%| F|  |TAMS 0x0000000604200000, 0x0000000604200000| Untracked 
|   5|0x0000000604400000, 0x0000000604400000, 0x0000000604600000|  0%| F|  |TAMS 0x0000000604400000, 0x0000000604400000| Untracked 
|   6|0x0000000604600000, 0x0000000604600000, 0x0000000604800000|  0%| F|  |TAMS 0x0000000604600000, 0x0000000604600000| Untracked 
|   7|0x0000000604800000, 0x0000000604800000, 0x0000000604a00000|  0%| F|  |TAMS 0x0000000604800000, 0x0000000604800000| Untracked 
|   8|0x0000000604a00000, 0x0000000604a00000, 0x0000000604c00000|  0%| F|  |TAMS 0x0000000604a00000, 0x0000000604a00000| Untracked 
|   9|0x0000000604c00000, 0x0000000604c00000, 0x0000000604e00000|  0%| F|  |TAMS 0x0000000604c00000, 0x0000000604c00000| Untracked 
|  10|0x0000000604e00000, 0x0000000604e00000, 0x0000000605000000|  0%| F|  |TAMS 0x0000000604e00000, 0x0000000604e00000| Untracked 
|  11|0x0000000605000000, 0x0000000605000000, 0x0000000605200000|  0%| F|  |TAMS 0x0000000605000000, 0x0000000605000000| Untracked 
|  12|0x0000000605200000, 0x0000000605200000, 0x0000000605400000|  0%| F|  |TAMS 0x0000000605200000, 0x0000000605200000| Untracked 
|  13|0x0000000605400000, 0x0000000605400000, 0x0000000605600000|  0%| F|  |TAMS 0x0000000605400000, 0x0000000605400000| Untracked 
|  14|0x0000000605600000, 0x0000000605600000, 0x0000000605800000|  0%| F|  |TAMS 0x0000000605600000, 0x0000000605600000| Untracked 
|  15|0x0000000605800000, 0x0000000605800000, 0x0000000605a00000|  0%| F|  |TAMS 0x0000000605800000, 0x0000000605800000| Untracked 
|  16|0x0000000605a00000, 0x0000000605a00000, 0x0000000605c00000|  0%| F|  |TAMS 0x0000000605a00000, 0x0000000605a00000| Untracked 
|  17|0x0000000605c00000, 0x0000000605c00000, 0x0000000605e00000|  0%| F|  |TAMS 0x0000000605c00000, 0x0000000605c00000| Untracked 
|  18|0x0000000605e00000, 0x0000000605e00000, 0x0000000606000000|  0%| F|  |TAMS 0x0000000605e00000, 0x0000000605e00000| Untracked 
|  19|0x0000000606000000, 0x0000000606000000, 0x0000000606200000|  0%| F|  |TAMS 0x0000000606000000, 0x0000000606000000| Untracked 
|  20|0x0000000606200000, 0x0000000606200000, 0x0000000606400000|  0%| F|  |TAMS 0x0000000606200000, 0x0000000606200000| Untracked 
|  21|0x0000000606400000, 0x0000000606400000, 0x0000000606600000|  0%| F|  |TAMS 0x0000000606400000, 0x0000000606400000| Untracked 
|  22|0x0000000606600000, 0x0000000606600000, 0x0000000606800000|  0%| F|  |TAMS 0x0000000606600000, 0x0000000606600000| Untracked 
|  23|0x0000000606800000, 0x0000000606800000, 0x0000000606a00000|  0%| F|  |TAMS 0x0000000606800000, 0x0000000606800000| Untracked 
|  24|0x0000000606a00000, 0x0000000606a00000, 0x0000000606c00000|  0%| F|  |TAMS 0x0000000606a00000, 0x0000000606a00000| Untracked 
|  25|0x0000000606c00000, 0x0000000606c00000, 0x0000000606e00000|  0%| F|  |TAMS 0x0000000606c00000, 0x0000000606c00000| Untracked 
|  26|0x0000000606e00000, 0x0000000606e00000, 0x0000000607000000|  0%| F|  |TAMS 0x0000000606e00000, 0x0000000606e00000| Untracked 
|  27|0x0000000607000000, 0x0000000607000000, 0x0000000607200000|  0%| F|  |TAMS 0x0000000607000000, 0x0000000607000000| Untracked 
|  28|0x0000000607200000, 0x0000000607200000, 0x0000000607400000|  0%| F|  |TAMS 0x0000000607200000, 0x0000000607200000| Untracked 
|  29|0x0000000607400000, 0x0000000607400000, 0x0000000607600000|  0%| F|  |TAMS 0x0000000607400000, 0x0000000607400000| Untracked 
|  30|0x0000000607600000, 0x0000000607600000, 0x0000000607800000|  0%| F|  |TAMS 0x0000000607600000, 0x0000000607600000| Untracked 
|  31|0x0000000607800000, 0x0000000607800000, 0x0000000607a00000|  0%| F|  |TAMS 0x0000000607800000, 0x0000000607800000| Untracked 
|  32|0x0000000607a00000, 0x0000000607a00000, 0x0000000607c00000|  0%| F|  |TAMS 0x0000000607a00000, 0x0000000607a00000| Untracked 
|  33|0x0000000607c00000, 0x0000000607c00000, 0x0000000607e00000|  0%| F|  |TAMS 0x0000000607c00000, 0x0000000607c00000| Untracked 
|  34|0x0000000607e00000, 0x0000000607e00000, 0x0000000608000000|  0%| F|  |TAMS 0x0000000607e00000, 0x0000000607e00000| Untracked 
|  35|0x0000000608000000, 0x0000000608000000, 0x0000000608200000|  0%| F|  |TAMS 0x0000000608000000, 0x0000000608000000| Untracked 
|  36|0x0000000608200000, 0x0000000608200000, 0x0000000608400000|  0%| F|  |TAMS 0x0000000608200000, 0x0000000608200000| Untracked 
|  37|0x0000000608400000, 0x0000000608400000, 0x0000000608600000|  0%| F|  |TAMS 0x0000000608400000, 0x0000000608400000| Untracked 
|  38|0x0000000608600000, 0x0000000608600000, 0x0000000608800000|  0%| F|  |TAMS 0x0000000608600000, 0x0000000608600000| Untracked 
|  39|0x0000000608800000, 0x0000000608800000, 0x0000000608a00000|  0%| F|  |TAMS 0x0000000608800000, 0x0000000608800000| Untracked 
|  40|0x0000000608a00000, 0x0000000608a00000, 0x0000000608c00000|  0%| F|  |TAMS 0x0000000608a00000, 0x0000000608a00000| Untracked 
|  41|0x0000000608c00000, 0x0000000608c00000, 0x0000000608e00000|  0%| F|  |TAMS 0x0000000608c00000, 0x0000000608c00000| Untracked 
|  42|0x0000000608e00000, 0x0000000608e00000, 0x0000000609000000|  0%| F|  |TAMS 0x0000000608e00000, 0x0000000608e00000| Untracked 
|  43|0x0000000609000000, 0x0000000609000000, 0x0000000609200000|  0%| F|  |TAMS 0x0000000609000000, 0x0000000609000000| Untracked 
|  44|0x0000000609200000, 0x0000000609200000, 0x0000000609400000|  0%| F|  |TAMS 0x0000000609200000, 0x0000000609200000| Untracked 
|  45|0x0000000609400000, 0x0000000609400000, 0x0000000609600000|  0%| F|  |TAMS 0x0000000609400000, 0x0000000609400000| Untracked 
|  46|0x0000000609600000, 0x0000000609600000, 0x0000000609800000|  0%| F|  |TAMS 0x0000000609600000, 0x0000000609600000| Untracked 
|  47|0x0000000609800000, 0x0000000609800000, 0x0000000609a00000|  0%| F|  |TAMS 0x0000000609800000, 0x0000000609800000| Untracked 
|  48|0x0000000609a00000, 0x0000000609a00000, 0x0000000609c00000|  0%| F|  |TAMS 0x0000000609a00000, 0x0000000609a00000| Untracked 
|  49|0x0000000609c00000, 0x0000000609c00000, 0x0000000609e00000|  0%| F|  |TAMS 0x0000000609c00000, 0x0000000609c00000| Untracked 
|  50|0x0000000609e00000, 0x0000000609e00000, 0x000000060a000000|  0%| F|  |TAMS 0x0000000609e00000, 0x0000000609e00000| Untracked 
|  51|0x000000060a000000, 0x000000060a000000, 0x000000060a200000|  0%| F|  |TAMS 0x000000060a000000, 0x000000060a000000| Untracked 
|  52|0x000000060a200000, 0x000000060a200000, 0x000000060a400000|  0%| F|  |TAMS 0x000000060a200000, 0x000000060a200000| Untracked 
|  53|0x000000060a400000, 0x000000060a400000, 0x000000060a600000|  0%| F|  |TAMS 0x000000060a400000, 0x000000060a400000| Untracked 
|  54|0x000000060a600000, 0x000000060a600000, 0x000000060a800000|  0%| F|  |TAMS 0x000000060a600000, 0x000000060a600000| Untracked 
|  55|0x000000060a800000, 0x000000060a800000, 0x000000060aa00000|  0%| F|  |TAMS 0x000000060a800000, 0x000000060a800000| Untracked 
|  56|0x000000060aa00000, 0x000000060aa00000, 0x000000060ac00000|  0%| F|  |TAMS 0x000000060aa00000, 0x000000060aa00000| Untracked 
|  57|0x000000060ac00000, 0x000000060ac00000, 0x000000060ae00000|  0%| F|  |TAMS 0x000000060ac00000, 0x000000060ac00000| Untracked 
|  58|0x000000060ae00000, 0x000000060ae00000, 0x000000060b000000|  0%| F|  |TAMS 0x000000060ae00000, 0x000000060ae00000| Untracked 
|  59|0x000000060b000000, 0x000000060b000000, 0x000000060b200000|  0%| F|  |TAMS 0x000000060b000000, 0x000000060b000000| Untracked 
|  60|0x000000060b200000, 0x000000060b200000, 0x000000060b400000|  0%| F|  |TAMS 0x000000060b200000, 0x000000060b200000| Untracked 
|  61|0x000000060b400000, 0x000000060b400000, 0x000000060b600000|  0%| F|  |TAMS 0x000000060b400000, 0x000000060b400000| Untracked 
|  62|0x000000060b600000, 0x000000060b600000, 0x000000060b800000|  0%| F|  |TAMS 0x000000060b600000, 0x000000060b600000| Untracked 
|  63|0x000000060b800000, 0x000000060b800000, 0x000000060ba00000|  0%| F|  |TAMS 0x000000060b800000, 0x000000060b800000| Untracked 
|  64|0x000000060ba00000, 0x000000060ba00000, 0x000000060bc00000|  0%| F|  |TAMS 0x000000060ba00000, 0x000000060ba00000| Untracked 
|  65|0x000000060bc00000, 0x000000060bc00000, 0x000000060be00000|  0%| F|  |TAMS 0x000000060bc00000, 0x000000060bc00000| Untracked 
|  66|0x000000060be00000, 0x000000060be00000, 0x000000060c000000|  0%| F|  |TAMS 0x000000060be00000, 0x000000060be00000| Untracked 
|  67|0x000000060c000000, 0x000000060c000000, 0x000000060c200000|  0%| F|  |TAMS 0x000000060c000000, 0x000000060c000000| Untracked 
|  68|0x000000060c200000, 0x000000060c200000, 0x000000060c400000|  0%| F|  |TAMS 0x000000060c200000, 0x000000060c200000| Untracked 
|  69|0x000000060c400000, 0x000000060c400000, 0x000000060c600000|  0%| F|  |TAMS 0x000000060c400000, 0x000000060c400000| Untracked 
|  70|0x000000060c600000, 0x000000060c600000, 0x000000060c800000|  0%| F|  |TAMS 0x000000060c600000, 0x000000060c600000| Untracked 
|  71|0x000000060c800000, 0x000000060c800000, 0x000000060ca00000|  0%| F|  |TAMS 0x000000060c800000, 0x000000060c800000| Untracked 
|  72|0x000000060ca00000, 0x000000060ca00000, 0x000000060cc00000|  0%| F|  |TAMS 0x000000060ca00000, 0x000000060ca00000| Untracked 
|  73|0x000000060cc00000, 0x000000060cc00000, 0x000000060ce00000|  0%| F|  |TAMS 0x000000060cc00000, 0x000000060cc00000| Untracked 
|  74|0x000000060ce00000, 0x000000060ce00000, 0x000000060d000000|  0%| F|  |TAMS 0x000000060ce00000, 0x000000060ce00000| Untracked 
|  75|0x000000060d000000, 0x000000060d000000, 0x000000060d200000|  0%| F|  |TAMS 0x000000060d000000, 0x000000060d000000| Untracked 
|  76|0x000000060d200000, 0x000000060d200000, 0x000000060d400000|  0%| F|  |TAMS 0x000000060d200000, 0x000000060d200000| Untracked 
|  77|0x000000060d400000, 0x000000060d400000, 0x000000060d600000|  0%| F|  |TAMS 0x000000060d400000, 0x000000060d400000| Untracked 
|  78|0x000000060d600000, 0x000000060d600000, 0x000000060d800000|  0%| F|  |TAMS 0x000000060d600000, 0x000000060d600000| Untracked 
|  79|0x000000060d800000, 0x000000060d800000, 0x000000060da00000|  0%| F|  |TAMS 0x000000060d800000, 0x000000060d800000| Untracked 
|  80|0x000000060da00000, 0x000000060da00000, 0x000000060dc00000|  0%| F|  |TAMS 0x000000060da00000, 0x000000060da00000| Untracked 
|  81|0x000000060dc00000, 0x000000060dc00000, 0x000000060de00000|  0%| F|  |TAMS 0x000000060dc00000, 0x000000060dc00000| Untracked 
|  82|0x000000060de00000, 0x000000060de00000, 0x000000060e000000|  0%| F|  |TAMS 0x000000060de00000, 0x000000060de00000| Untracked 
|  83|0x000000060e000000, 0x000000060e000000, 0x000000060e200000|  0%| F|  |TAMS 0x000000060e000000, 0x000000060e000000| Untracked 
|  84|0x000000060e200000, 0x000000060e200000, 0x000000060e400000|  0%| F|  |TAMS 0x000000060e200000, 0x000000060e200000| Untracked 
|  85|0x000000060e400000, 0x000000060e400000, 0x000000060e600000|  0%| F|  |TAMS 0x000000060e400000, 0x000000060e400000| Untracked 
|  86|0x000000060e600000, 0x000000060e600000, 0x000000060e800000|  0%| F|  |TAMS 0x000000060e600000, 0x000000060e600000| Untracked 
|  87|0x000000060e800000, 0x000000060e800000, 0x000000060ea00000|  0%| F|  |TAMS 0x000000060e800000, 0x000000060e800000| Untracked 
|  88|0x000000060ea00000, 0x000000060ea00000, 0x000000060ec00000|  0%| F|  |TAMS 0x000000060ea00000, 0x000000060ea00000| Untracked 
|  89|0x000000060ec00000, 0x000000060ec00000, 0x000000060ee00000|  0%| F|  |TAMS 0x000000060ec00000, 0x000000060ec00000| Untracked 
|  90|0x000000060ee00000, 0x000000060ee00000, 0x000000060f000000|  0%| F|  |TAMS 0x000000060ee00000, 0x000000060ee00000| Untracked 
|  91|0x000000060f000000, 0x000000060f000000, 0x000000060f200000|  0%| F|  |TAMS 0x000000060f000000, 0x000000060f000000| Untracked 
|  92|0x000000060f200000, 0x000000060f200000, 0x000000060f400000|  0%| F|  |TAMS 0x000000060f200000, 0x000000060f200000| Untracked 
|  93|0x000000060f400000, 0x000000060f400000, 0x000000060f600000|  0%| F|  |TAMS 0x000000060f400000, 0x000000060f400000| Untracked 
|  94|0x000000060f600000, 0x000000060f600000, 0x000000060f800000|  0%| F|  |TAMS 0x000000060f600000, 0x000000060f600000| Untracked 
|  95|0x000000060f800000, 0x000000060f800000, 0x000000060fa00000|  0%| F|  |TAMS 0x000000060f800000, 0x000000060f800000| Untracked 
|  96|0x000000060fa00000, 0x000000060fa00000, 0x000000060fc00000|  0%| F|  |TAMS 0x000000060fa00000, 0x000000060fa00000| Untracked 
|  97|0x000000060fc00000, 0x000000060fc00000, 0x000000060fe00000|  0%| F|  |TAMS 0x000000060fc00000, 0x000000060fc00000| Untracked 
|  98|0x000000060fe00000, 0x000000060fe00000, 0x0000000610000000|  0%| F|  |TAMS 0x000000060fe00000, 0x000000060fe00000| Untracked 
|  99|0x0000000610000000, 0x0000000610000000, 0x0000000610200000|  0%| F|  |TAMS 0x0000000610000000, 0x0000000610000000| Untracked 
| 100|0x0000000610200000, 0x0000000610200000, 0x0000000610400000|  0%| F|  |TAMS 0x0000000610200000, 0x0000000610200000| Untracked 
| 101|0x0000000610400000, 0x0000000610400000, 0x0000000610600000|  0%| F|  |TAMS 0x0000000610400000, 0x0000000610400000| Untracked 
| 102|0x0000000610600000, 0x0000000610600000, 0x0000000610800000|  0%| F|  |TAMS 0x0000000610600000, 0x0000000610600000| Untracked 
| 103|0x0000000610800000, 0x0000000610800000, 0x0000000610a00000|  0%| F|  |TAMS 0x0000000610800000, 0x0000000610800000| Untracked 
| 104|0x0000000610a00000, 0x0000000610a00000, 0x0000000610c00000|  0%| F|  |TAMS 0x0000000610a00000, 0x0000000610a00000| Untracked 
| 105|0x0000000610c00000, 0x0000000610c00000, 0x0000000610e00000|  0%| F|  |TAMS 0x0000000610c00000, 0x0000000610c00000| Untracked 
| 106|0x0000000610e00000, 0x0000000610e00000, 0x0000000611000000|  0%| F|  |TAMS 0x0000000610e00000, 0x0000000610e00000| Untracked 
| 107|0x0000000611000000, 0x0000000611000000, 0x0000000611200000|  0%| F|  |TAMS 0x0000000611000000, 0x0000000611000000| Untracked 
| 108|0x0000000611200000, 0x0000000611200000, 0x0000000611400000|  0%| F|  |TAMS 0x0000000611200000, 0x0000000611200000| Untracked 
| 109|0x0000000611400000, 0x0000000611400000, 0x0000000611600000|  0%| F|  |TAMS 0x0000000611400000, 0x0000000611400000| Untracked 
| 110|0x0000000611600000, 0x0000000611600000, 0x0000000611800000|  0%| F|  |TAMS 0x0000000611600000, 0x0000000611600000| Untracked 
| 111|0x0000000611800000, 0x0000000611800000, 0x0000000611a00000|  0%| F|  |TAMS 0x0000000611800000, 0x0000000611800000| Untracked 
| 112|0x0000000611a00000, 0x0000000611a00000, 0x0000000611c00000|  0%| F|  |TAMS 0x0000000611a00000, 0x0000000611a00000| Untracked 
| 113|0x0000000611c00000, 0x0000000611c00000, 0x0000000611e00000|  0%| F|  |TAMS 0x0000000611c00000, 0x0000000611c00000| Untracked 
| 114|0x0000000611e00000, 0x0000000611e00000, 0x0000000612000000|  0%| F|  |TAMS 0x0000000611e00000, 0x0000000611e00000| Untracked 
| 115|0x0000000612000000, 0x0000000612000000, 0x0000000612200000|  0%| F|  |TAMS 0x0000000612000000, 0x0000000612000000| Untracked 
| 116|0x0000000612200000, 0x0000000612200000, 0x0000000612400000|  0%| F|  |TAMS 0x0000000612200000, 0x0000000612200000| Untracked 
| 117|0x0000000612400000, 0x0000000612400000, 0x0000000612600000|  0%| F|  |TAMS 0x0000000612400000, 0x0000000612400000| Untracked 
| 118|0x0000000612600000, 0x0000000612600000, 0x0000000612800000|  0%| F|  |TAMS 0x0000000612600000, 0x0000000612600000| Untracked 
| 119|0x0000000612800000, 0x0000000612800000, 0x0000000612a00000|  0%| F|  |TAMS 0x0000000612800000, 0x0000000612800000| Untracked 
| 120|0x0000000612a00000, 0x0000000612a00000, 0x0000000612c00000|  0%| F|  |TAMS 0x0000000612a00000, 0x0000000612a00000| Untracked 
| 121|0x0000000612c00000, 0x0000000612c00000, 0x0000000612e00000|  0%| F|  |TAMS 0x0000000612c00000, 0x0000000612c00000| Untracked 
| 122|0x0000000612e00000, 0x0000000612e00000, 0x0000000613000000|  0%| F|  |TAMS 0x0000000612e00000, 0x0000000612e00000| Untracked 
| 123|0x0000000613000000, 0x0000000613000000, 0x0000000613200000|  0%| F|  |TAMS 0x0000000613000000, 0x0000000613000000| Untracked 
| 124|0x0000000613200000, 0x0000000613200000, 0x0000000613400000|  0%| F|  |TAMS 0x0000000613200000, 0x0000000613200000| Untracked 
| 125|0x0000000613400000, 0x0000000613400000, 0x0000000613600000|  0%| F|  |TAMS 0x0000000613400000, 0x0000000613400000| Untracked 
| 126|0x0000000613600000, 0x0000000613600000, 0x0000000613800000|  0%| F|  |TAMS 0x0000000613600000, 0x0000000613600000| Untracked 
| 127|0x0000000613800000, 0x0000000613800000, 0x0000000613a00000|  0%| F|  |TAMS 0x0000000613800000, 0x0000000613800000| Untracked 
| 128|0x0000000613a00000, 0x0000000613a00000, 0x0000000613c00000|  0%| F|  |TAMS 0x0000000613a00000, 0x0000000613a00000| Untracked 
| 129|0x0000000613c00000, 0x0000000613c00000, 0x0000000613e00000|  0%| F|  |TAMS 0x0000000613c00000, 0x0000000613c00000| Untracked 
| 130|0x0000000613e00000, 0x0000000613e00000, 0x0000000614000000|  0%| F|  |TAMS 0x0000000613e00000, 0x0000000613e00000| Untracked 
| 131|0x0000000614000000, 0x0000000614000000, 0x0000000614200000|  0%| F|  |TAMS 0x0000000614000000, 0x0000000614000000| Untracked 
| 132|0x0000000614200000, 0x0000000614200000, 0x0000000614400000|  0%| F|  |TAMS 0x0000000614200000, 0x0000000614200000| Untracked 
| 133|0x0000000614400000, 0x0000000614400000, 0x0000000614600000|  0%| F|  |TAMS 0x0000000614400000, 0x0000000614400000| Untracked 
| 134|0x0000000614600000, 0x0000000614600000, 0x0000000614800000|  0%| F|  |TAMS 0x0000000614600000, 0x0000000614600000| Untracked 
| 135|0x0000000614800000, 0x0000000614800000, 0x0000000614a00000|  0%| F|  |TAMS 0x0000000614800000, 0x0000000614800000| Untracked 
| 136|0x0000000614a00000, 0x0000000614a00000, 0x0000000614c00000|  0%| F|  |TAMS 0x0000000614a00000, 0x0000000614a00000| Untracked 
| 137|0x0000000614c00000, 0x0000000614c00000, 0x0000000614e00000|  0%| F|  |TAMS 0x0000000614c00000, 0x0000000614c00000| Untracked 
| 138|0x0000000614e00000, 0x0000000614e00000, 0x0000000615000000|  0%| F|  |TAMS 0x0000000614e00000, 0x0000000614e00000| Untracked 
| 139|0x0000000615000000, 0x0000000615000000, 0x0000000615200000|  0%| F|  |TAMS 0x0000000615000000, 0x0000000615000000| Untracked 
| 140|0x0000000615200000, 0x0000000615200000, 0x0000000615400000|  0%| F|  |TAMS 0x0000000615200000, 0x0000000615200000| Untracked 
| 141|0x0000000615400000, 0x0000000615400000, 0x0000000615600000|  0%| F|  |TAMS 0x0000000615400000, 0x0000000615400000| Untracked 
| 142|0x0000000615600000, 0x0000000615600000, 0x0000000615800000|  0%| F|  |TAMS 0x0000000615600000, 0x0000000615600000| Untracked 
| 143|0x0000000615800000, 0x0000000615800000, 0x0000000615a00000|  0%| F|  |TAMS 0x0000000615800000, 0x0000000615800000| Untracked 
| 144|0x0000000615a00000, 0x0000000615a00000, 0x0000000615c00000|  0%| F|  |TAMS 0x0000000615a00000, 0x0000000615a00000| Untracked 
| 145|0x0000000615c00000, 0x0000000615c00000, 0x0000000615e00000|  0%| F|  |TAMS 0x0000000615c00000, 0x0000000615c00000| Untracked 
| 146|0x0000000615e00000, 0x0000000615e00000, 0x0000000616000000|  0%| F|  |TAMS 0x0000000615e00000, 0x0000000615e00000| Untracked 
| 147|0x0000000616000000, 0x0000000616000000, 0x0000000616200000|  0%| F|  |TAMS 0x0000000616000000, 0x0000000616000000| Untracked 
| 148|0x0000000616200000, 0x0000000616200000, 0x0000000616400000|  0%| F|  |TAMS 0x0000000616200000, 0x0000000616200000| Untracked 
| 149|0x0000000616400000, 0x0000000616400000, 0x0000000616600000|  0%| F|  |TAMS 0x0000000616400000, 0x0000000616400000| Untracked 
| 150|0x0000000616600000, 0x0000000616600000, 0x0000000616800000|  0%| F|  |TAMS 0x0000000616600000, 0x0000000616600000| Untracked 
| 151|0x0000000616800000, 0x0000000616800000, 0x0000000616a00000|  0%| F|  |TAMS 0x0000000616800000, 0x0000000616800000| Untracked 
| 152|0x0000000616a00000, 0x0000000616a00000, 0x0000000616c00000|  0%| F|  |TAMS 0x0000000616a00000, 0x0000000616a00000| Untracked 
| 153|0x0000000616c00000, 0x0000000616c00000, 0x0000000616e00000|  0%| F|  |TAMS 0x0000000616c00000, 0x0000000616c00000| Untracked 
| 154|0x0000000616e00000, 0x0000000616e00000, 0x0000000617000000|  0%| F|  |TAMS 0x0000000616e00000, 0x0000000616e00000| Untracked 
| 155|0x0000000617000000, 0x0000000617000000, 0x0000000617200000|  0%| F|  |TAMS 0x0000000617000000, 0x0000000617000000| Untracked 
| 156|0x0000000617200000, 0x0000000617200000, 0x0000000617400000|  0%| F|  |TAMS 0x0000000617200000, 0x0000000617200000| Untracked 
| 157|0x0000000617400000, 0x0000000617400000, 0x0000000617600000|  0%| F|  |TAMS 0x0000000617400000, 0x0000000617400000| Untracked 
| 158|0x0000000617600000, 0x0000000617600000, 0x0000000617800000|  0%| F|  |TAMS 0x0000000617600000, 0x0000000617600000| Untracked 
| 159|0x0000000617800000, 0x0000000617800000, 0x0000000617a00000|  0%| F|  |TAMS 0x0000000617800000, 0x0000000617800000| Untracked 
| 160|0x0000000617a00000, 0x0000000617a00000, 0x0000000617c00000|  0%| F|  |TAMS 0x0000000617a00000, 0x0000000617a00000| Untracked 
| 161|0x0000000617c00000, 0x0000000617c00000, 0x0000000617e00000|  0%| F|  |TAMS 0x0000000617c00000, 0x0000000617c00000| Untracked 
| 162|0x0000000617e00000, 0x0000000617e00000, 0x0000000618000000|  0%| F|  |TAMS 0x0000000617e00000, 0x0000000617e00000| Untracked 
| 163|0x0000000618000000, 0x0000000618000000, 0x0000000618200000|  0%| F|  |TAMS 0x0000000618000000, 0x0000000618000000| Untracked 
| 164|0x0000000618200000, 0x0000000618200000, 0x0000000618400000|  0%| F|  |TAMS 0x0000000618200000, 0x0000000618200000| Untracked 
| 165|0x0000000618400000, 0x0000000618400000, 0x0000000618600000|  0%| F|  |TAMS 0x0000000618400000, 0x0000000618400000| Untracked 
| 166|0x0000000618600000, 0x0000000618600000, 0x0000000618800000|  0%| F|  |TAMS 0x0000000618600000, 0x0000000618600000| Untracked 
| 167|0x0000000618800000, 0x0000000618800000, 0x0000000618a00000|  0%| F|  |TAMS 0x0000000618800000, 0x0000000618800000| Untracked 
| 168|0x0000000618a00000, 0x0000000618a00000, 0x0000000618c00000|  0%| F|  |TAMS 0x0000000618a00000, 0x0000000618a00000| Untracked 
| 169|0x0000000618c00000, 0x0000000618c00000, 0x0000000618e00000|  0%| F|  |TAMS 0x0000000618c00000, 0x0000000618c00000| Untracked 
| 170|0x0000000618e00000, 0x0000000618e00000, 0x0000000619000000|  0%| F|  |TAMS 0x0000000618e00000, 0x0000000618e00000| Untracked 
| 171|0x0000000619000000, 0x0000000619000000, 0x0000000619200000|  0%| F|  |TAMS 0x0000000619000000, 0x0000000619000000| Untracked 
| 172|0x0000000619200000, 0x0000000619200000, 0x0000000619400000|  0%| F|  |TAMS 0x0000000619200000, 0x0000000619200000| Untracked 
| 173|0x0000000619400000, 0x0000000619400000, 0x0000000619600000|  0%| F|  |TAMS 0x0000000619400000, 0x0000000619400000| Untracked 
| 174|0x0000000619600000, 0x0000000619600000, 0x0000000619800000|  0%| F|  |TAMS 0x0000000619600000, 0x0000000619600000| Untracked 
| 175|0x0000000619800000, 0x0000000619800000, 0x0000000619a00000|  0%| F|  |TAMS 0x0000000619800000, 0x0000000619800000| Untracked 
| 176|0x0000000619a00000, 0x0000000619a00000, 0x0000000619c00000|  0%| F|  |TAMS 0x0000000619a00000, 0x0000000619a00000| Untracked 
| 177|0x0000000619c00000, 0x0000000619c00000, 0x0000000619e00000|  0%| F|  |TAMS 0x0000000619c00000, 0x0000000619c00000| Untracked 
| 178|0x0000000619e00000, 0x0000000619e00000, 0x000000061a000000|  0%| F|  |TAMS 0x0000000619e00000, 0x0000000619e00000| Untracked 
| 179|0x000000061a000000, 0x000000061a000000, 0x000000061a200000|  0%| F|  |TAMS 0x000000061a000000, 0x000000061a000000| Untracked 
| 180|0x000000061a200000, 0x000000061a200000, 0x000000061a400000|  0%| F|  |TAMS 0x000000061a200000, 0x000000061a200000| Untracked 
| 181|0x000000061a400000, 0x000000061a400000, 0x000000061a600000|  0%| F|  |TAMS 0x000000061a400000, 0x000000061a400000| Untracked 
| 182|0x000000061a600000, 0x000000061a600000, 0x000000061a800000|  0%| F|  |TAMS 0x000000061a600000, 0x000000061a600000| Untracked 
| 183|0x000000061a800000, 0x000000061a800000, 0x000000061aa00000|  0%| F|  |TAMS 0x000000061a800000, 0x000000061a800000| Untracked 
| 184|0x000000061aa00000, 0x000000061aa00000, 0x000000061ac00000|  0%| F|  |TAMS 0x000000061aa00000, 0x000000061aa00000| Untracked 
| 185|0x000000061ac00000, 0x000000061ac00000, 0x000000061ae00000|  0%| F|  |TAMS 0x000000061ac00000, 0x000000061ac00000| Untracked 
| 186|0x000000061ae00000, 0x000000061ae00000, 0x000000061b000000|  0%| F|  |TAMS 0x000000061ae00000, 0x000000061ae00000| Untracked 
| 187|0x000000061b000000, 0x000000061b000000, 0x000000061b200000|  0%| F|  |TAMS 0x000000061b000000, 0x000000061b000000| Untracked 
| 188|0x000000061b200000, 0x000000061b200000, 0x000000061b400000|  0%| F|  |TAMS 0x000000061b200000, 0x000000061b200000| Untracked 
| 189|0x000000061b400000, 0x000000061b400000, 0x000000061b600000|  0%| F|  |TAMS 0x000000061b400000, 0x000000061b400000| Untracked 
| 190|0x000000061b600000, 0x000000061b600000, 0x000000061b800000|  0%| F|  |TAMS 0x000000061b600000, 0x000000061b600000| Untracked 
| 191|0x000000061b800000, 0x000000061b800000, 0x000000061ba00000|  0%| F|  |TAMS 0x000000061b800000, 0x000000061b800000| Untracked 
| 192|0x000000061ba00000, 0x000000061ba00000, 0x000000061bc00000|  0%| F|  |TAMS 0x000000061ba00000, 0x000000061ba00000| Untracked 
| 193|0x000000061bc00000, 0x000000061bc00000, 0x000000061be00000|  0%| F|  |TAMS 0x000000061bc00000, 0x000000061bc00000| Untracked 
| 194|0x000000061be00000, 0x000000061be00000, 0x000000061c000000|  0%| F|  |TAMS 0x000000061be00000, 0x000000061be00000| Untracked 
| 195|0x000000061c000000, 0x000000061c000000, 0x000000061c200000|  0%| F|  |TAMS 0x000000061c000000, 0x000000061c000000| Untracked 
| 196|0x000000061c200000, 0x000000061c200000, 0x000000061c400000|  0%| F|  |TAMS 0x000000061c200000, 0x000000061c200000| Untracked 
| 197|0x000000061c400000, 0x000000061c400000, 0x000000061c600000|  0%| F|  |TAMS 0x000000061c400000, 0x000000061c400000| Untracked 
| 198|0x000000061c600000, 0x000000061c600000, 0x000000061c800000|  0%| F|  |TAMS 0x000000061c600000, 0x000000061c600000| Untracked 
| 199|0x000000061c800000, 0x000000061c800000, 0x000000061ca00000|  0%| F|  |TAMS 0x000000061c800000, 0x000000061c800000| Untracked 
| 200|0x000000061ca00000, 0x000000061ca00000, 0x000000061cc00000|  0%| F|  |TAMS 0x000000061ca00000, 0x000000061ca00000| Untracked 
| 201|0x000000061cc00000, 0x000000061cc00000, 0x000000061ce00000|  0%| F|  |TAMS 0x000000061cc00000, 0x000000061cc00000| Untracked 
| 202|0x000000061ce00000, 0x000000061ce00000, 0x000000061d000000|  0%| F|  |TAMS 0x000000061ce00000, 0x000000061ce00000| Untracked 
| 203|0x000000061d000000, 0x000000061d000000, 0x000000061d200000|  0%| F|  |TAMS 0x000000061d000000, 0x000000061d000000| Untracked 
| 204|0x000000061d200000, 0x000000061d200000, 0x000000061d400000|  0%| F|  |TAMS 0x000000061d200000, 0x000000061d200000| Untracked 
| 205|0x000000061d400000, 0x000000061d400000, 0x000000061d600000|  0%| F|  |TAMS 0x000000061d400000, 0x000000061d400000| Untracked 
| 206|0x000000061d600000, 0x000000061d600000, 0x000000061d800000|  0%| F|  |TAMS 0x000000061d600000, 0x000000061d600000| Untracked 
| 207|0x000000061d800000, 0x000000061d800000, 0x000000061da00000|  0%| F|  |TAMS 0x000000061d800000, 0x000000061d800000| Untracked 
| 208|0x000000061da00000, 0x000000061da00000, 0x000000061dc00000|  0%| F|  |TAMS 0x000000061da00000, 0x000000061da00000| Untracked 
| 209|0x000000061dc00000, 0x000000061dc00000, 0x000000061de00000|  0%| F|  |TAMS 0x000000061dc00000, 0x000000061dc00000| Untracked 
| 210|0x000000061de00000, 0x000000061de00000, 0x000000061e000000|  0%| F|  |TAMS 0x000000061de00000, 0x000000061de00000| Untracked 
| 211|0x000000061e000000, 0x000000061e000000, 0x000000061e200000|  0%| F|  |TAMS 0x000000061e000000, 0x000000061e000000| Untracked 
| 212|0x000000061e200000, 0x000000061e200000, 0x000000061e400000|  0%| F|  |TAMS 0x000000061e200000, 0x000000061e200000| Untracked 
| 213|0x000000061e400000, 0x000000061e400000, 0x000000061e600000|  0%| F|  |TAMS 0x000000061e400000, 0x000000061e400000| Untracked 
| 214|0x000000061e600000, 0x000000061e600000, 0x000000061e800000|  0%| F|  |TAMS 0x000000061e600000, 0x000000061e600000| Untracked 
| 215|0x000000061e800000, 0x000000061e800000, 0x000000061ea00000|  0%| F|  |TAMS 0x000000061e800000, 0x000000061e800000| Untracked 
| 216|0x000000061ea00000, 0x000000061ea00000, 0x000000061ec00000|  0%| F|  |TAMS 0x000000061ea00000, 0x000000061ea00000| Untracked 
| 217|0x000000061ec00000, 0x000000061ec00000, 0x000000061ee00000|  0%| F|  |TAMS 0x000000061ec00000, 0x000000061ec00000| Untracked 
| 218|0x000000061ee00000, 0x000000061ee00000, 0x000000061f000000|  0%| F|  |TAMS 0x000000061ee00000, 0x000000061ee00000| Untracked 
| 219|0x000000061f000000, 0x000000061f000000, 0x000000061f200000|  0%| F|  |TAMS 0x000000061f000000, 0x000000061f000000| Untracked 
| 220|0x000000061f200000, 0x000000061f200000, 0x000000061f400000|  0%| F|  |TAMS 0x000000061f200000, 0x000000061f200000| Untracked 
| 221|0x000000061f400000, 0x000000061f400000, 0x000000061f600000|  0%| F|  |TAMS 0x000000061f400000, 0x000000061f400000| Untracked 
| 222|0x000000061f600000, 0x000000061f600000, 0x000000061f800000|  0%| F|  |TAMS 0x000000061f600000, 0x000000061f600000| Untracked 
| 223|0x000000061f800000, 0x000000061f800000, 0x000000061fa00000|  0%| F|  |TAMS 0x000000061f800000, 0x000000061f800000| Untracked 
| 224|0x000000061fa00000, 0x000000061fa00000, 0x000000061fc00000|  0%| F|  |TAMS 0x000000061fa00000, 0x000000061fa00000| Untracked 
| 225|0x000000061fc00000, 0x000000061fc00000, 0x000000061fe00000|  0%| F|  |TAMS 0x000000061fc00000, 0x000000061fc00000| Untracked 
| 226|0x000000061fe00000, 0x000000061fe00000, 0x0000000620000000|  0%| F|  |TAMS 0x000000061fe00000, 0x000000061fe00000| Untracked 
| 227|0x0000000620000000, 0x0000000620000000, 0x0000000620200000|  0%| F|  |TAMS 0x0000000620000000, 0x0000000620000000| Untracked 
| 228|0x0000000620200000, 0x0000000620200000, 0x0000000620400000|  0%| F|  |TAMS 0x0000000620200000, 0x0000000620200000| Untracked 
| 229|0x0000000620400000, 0x0000000620400000, 0x0000000620600000|  0%| F|  |TAMS 0x0000000620400000, 0x0000000620400000| Untracked 
| 230|0x0000000620600000, 0x0000000620600000, 0x0000000620800000|  0%| F|  |TAMS 0x0000000620600000, 0x0000000620600000| Untracked 
| 231|0x0000000620800000, 0x0000000620800000, 0x0000000620a00000|  0%| F|  |TAMS 0x0000000620800000, 0x0000000620800000| Untracked 
| 232|0x0000000620a00000, 0x0000000620a00000, 0x0000000620c00000|  0%| F|  |TAMS 0x0000000620a00000, 0x0000000620a00000| Untracked 
| 233|0x0000000620c00000, 0x0000000620c00000, 0x0000000620e00000|  0%| F|  |TAMS 0x0000000620c00000, 0x0000000620c00000| Untracked 
| 234|0x0000000620e00000, 0x0000000620e00000, 0x0000000621000000|  0%| F|  |TAMS 0x0000000620e00000, 0x0000000620e00000| Untracked 
| 235|0x0000000621000000, 0x0000000621000000, 0x0000000621200000|  0%| F|  |TAMS 0x0000000621000000, 0x0000000621000000| Untracked 
| 236|0x0000000621200000, 0x0000000621200000, 0x0000000621400000|  0%| F|  |TAMS 0x0000000621200000, 0x0000000621200000| Untracked 
| 237|0x0000000621400000, 0x0000000621400000, 0x0000000621600000|  0%| F|  |TAMS 0x0000000621400000, 0x0000000621400000| Untracked 
| 238|0x0000000621600000, 0x0000000621600000, 0x0000000621800000|  0%| F|  |TAMS 0x0000000621600000, 0x0000000621600000| Untracked 
| 239|0x0000000621800000, 0x0000000621800000, 0x0000000621a00000|  0%| F|  |TAMS 0x0000000621800000, 0x0000000621800000| Untracked 
| 240|0x0000000621a00000, 0x0000000621a00000, 0x0000000621c00000|  0%| F|  |TAMS 0x0000000621a00000, 0x0000000621a00000| Untracked 
| 241|0x0000000621c00000, 0x0000000621c8e990, 0x0000000621e00000| 27%| S|CS|TAMS 0x0000000621c00000, 0x0000000621c00000| Complete 
| 242|0x0000000621e00000, 0x0000000622000000, 0x0000000622000000|100%| S|CS|TAMS 0x0000000621e00000, 0x0000000621e00000| Complete 
| 243|0x0000000622000000, 0x0000000622000000, 0x0000000622200000|  0%| F|  |TAMS 0x0000000622000000, 0x0000000622000000| Untracked 
| 244|0x0000000622200000, 0x0000000622200000, 0x0000000622400000|  0%| F|  |TAMS 0x0000000622200000, 0x0000000622200000| Untracked 
| 245|0x0000000622400000, 0x0000000622400000, 0x0000000622600000|  0%| F|  |TAMS 0x0000000622400000, 0x0000000622400000| Untracked 
| 246|0x0000000622600000, 0x0000000622600000, 0x0000000622800000|  0%| F|  |TAMS 0x0000000622600000, 0x0000000622600000| Untracked 
| 247|0x0000000622800000, 0x0000000622800000, 0x0000000622a00000|  0%| F|  |TAMS 0x0000000622800000, 0x0000000622800000| Untracked 
| 248|0x0000000622a00000, 0x0000000622b00800, 0x0000000622c00000| 50%| E|  |TAMS 0x0000000622a00000, 0x0000000622a00000| Complete 
| 249|0x0000000622c00000, 0x0000000622e00000, 0x0000000622e00000|100%| E|CS|TAMS 0x0000000622c00000, 0x0000000622c00000| Complete 
| 250|0x0000000622e00000, 0x0000000623000000, 0x0000000623000000|100%| E|CS|TAMS 0x0000000622e00000, 0x0000000622e00000| Complete 
| 251|0x0000000623000000, 0x0000000623200000, 0x0000000623200000|100%| E|CS|TAMS 0x0000000623000000, 0x0000000623000000| Complete 
| 252|0x0000000623200000, 0x0000000623400000, 0x0000000623400000|100%| E|CS|TAMS 0x0000000623200000, 0x0000000623200000| Complete 
| 253|0x0000000623400000, 0x0000000623600000, 0x0000000623600000|100%| E|CS|TAMS 0x0000000623400000, 0x0000000623400000| Complete 
| 254|0x0000000623600000, 0x0000000623800000, 0x0000000623800000|100%| E|CS|TAMS 0x0000000623600000, 0x0000000623600000| Complete 

Card table byte_map: [0x000001bcc2140000,0x000001bcc3130000] _byte_map_base: 0x000001bcbf123000

Marking Bits (Prev, Next): (CMBitMap*) 0x000001bca8fbacb8, (CMBitMap*) 0x000001bca8fbacf0
 Prev Bits: [0x000001bcc4120000, 0x000001bccc038000)
 Next Bits: [0x000001bccc040000, 0x000001bcd3f58000)

Polling page: 0x000001bca6f30000

Metaspace:

Usage:
  Non-class:     12.69 MB capacity,    12.57 MB (>99%) used,   106.57 KB ( <1%) free+waste,    15.38 KB ( <1%) overhead. 
      Class:      1.14 MB capacity,     1.07 MB ( 94%) used,    64.79 KB (  6%) free+waste,     5.88 KB ( <1%) overhead. 
       Both:     13.83 MB capacity,    13.64 MB ( 99%) used,   171.36 KB (  1%) free+waste,    21.25 KB ( <1%) overhead. 

Virtual space:
  Non-class space:       14.00 MB reserved,      12.75 MB ( 91%) committed 
      Class space:        1.00 GB reserved,       1.25 MB ( <1%) committed 
             Both:        1.01 GB reserved,      14.00 MB (  1%) committed 

Chunk freelists:
   Non-Class:  66.00 KB
       Class:  17.00 KB
        Both:  83.00 KB

MaxMetaspaceSize: 17179869184.00 GB
CompressedClassSpaceSize: 1.00 GB
Initial GC threshold: 20.80 MB
Current GC threshold: 20.80 MB
CDS: off

CodeHeap 'non-profiled nmethods': size=119168Kb used=599Kb max_used=599Kb free=118568Kb
 bounds [0x000001bcb9250000, 0x000001bcb94c0000, 0x000001bcc06b0000]
CodeHeap 'profiled nmethods': size=119168Kb used=3181Kb max_used=3181Kb free=115986Kb
 bounds [0x000001bcb1df0000, 0x000001bcb2110000, 0x000001bcb9250000]
CodeHeap 'non-nmethods': size=7424Kb used=3337Kb max_used=3357Kb free=4086Kb
 bounds [0x000001bcb16b0000, 0x000001bcb1a00000, 0x000001bcb1df0000]
 total_blobs=2639 nmethods=1572 adapters=977
 compilation: enabled
              stopped_count=0, restarted_count=0
 full_count=0

Compilation events (20 events):
Event: 4.462 Thread 0x000001bcd7d3e000 1563       3       com.badlogic.gdx.utils.reflect.Field::getElementType (117 bytes)
Event: 4.463 Thread 0x000001bce0c53000 nmethod 1561 0x000001bcb2103390 code [0x000001bcb21035a0, 0x000001bcb2103b88]
Event: 4.463 Thread 0x000001bce0c53000 1564       3       java.lang.reflect.Field::getGenericType (20 bytes)
Event: 4.463 Thread 0x000001bce096a000 1565       3       com.badlogic.gdx.utils.reflect.Field::isAnnotationPresent (9 bytes)
Event: 4.463 Thread 0x000001bcd7d3e000 nmethod 1563 0x000001bcb2103d90 code [0x000001bcb2104080, 0x000001bcb2105578]
Event: 4.463 Thread 0x000001bcd7d3e000 1566       3       java.lang.reflect.AccessibleObject::isAnnotationPresent (6 bytes)
Event: 4.463 Thread 0x000001bce0c53000 nmethod 1564 0x000001bcb2105990 code [0x000001bcb2105b80, 0x000001bcb2105f38]
Event: 4.463 Thread 0x000001bce0c53000 1567       3       java.lang.reflect.AnnotatedElement::isAnnotationPresent (16 bytes)
Event: 4.463 Thread 0x000001bce0c53800 nmethod 1562 0x000001bcb2106090 code [0x000001bcb2106340, 0x000001bcb2107048]
Event: 4.463 Thread 0x000001bce0c53800 1568       3       java.lang.reflect.Field::getAnnotation (23 bytes)
Event: 4.463 Thread 0x000001bcd7d3e000 nmethod 1566 0x000001bcb2107490 code [0x000001bcb2107660, 0x000001bcb21078e8]
Event: 4.463 Thread 0x000001bcd7d3e000 1569       3       com.badlogic.gdx.utils.OrderedMap::put (86 bytes)
Event: 4.463 Thread 0x000001bce0c53000 nmethod 1567 0x000001bcb2107990 code [0x000001bcb2107b40, 0x000001bcb2107d68]
Event: 4.463 Thread 0x000001bce0c53000 1555       3       com.badlogic.gdx.graphics.g2d.NinePatch::add (255 bytes)
Event: 4.463 Thread 0x000001bce0c53800 nmethod 1568 0x000001bcb2107e10 code [0x000001bcb2108040, 0x000001bcb21086e8]
Event: 4.463 Thread 0x000001bce096a000 nmethod 1565 0x000001bcb2108910 code [0x000001bcb2108b60, 0x000001bcb2109468]
Event: 4.463 Thread 0x000001bcd7d3e000 nmethod 1569 0x000001bcb2109710 code [0x000001bcb2109940, 0x000001bcb210a228]
Event: 4.463 Thread 0x000001bce0c53800 1551       1       java.lang.Float::floatValue (5 bytes)
Event: 4.463 Thread 0x000001bce0c53800 nmethod 1551 0x000001bcb92e1990 code [0x000001bcb92e1b40, 0x000001bcb92e1bf8]
Event: 4.463 Thread 0x000001bce0c53000 nmethod 1555 0x000001bcb210a510 code [0x000001bcb210a760, 0x000001bcb210b108]

GC Heap History (2 events):
Event: 0.431 GC heap before
{Heap before GC invocations=0 (full 0):
 garbage-first heap   total 522240K, used 24576K [0x0000000603a00000, 0x0000000800000000)
  region size 2048K, 12 young (24576K), 0 survivors (0K)
 Metaspace       used 12188K, capacity 12292K, committed 12544K, reserved 1060864K
  class space    used 938K, capacity 973K, committed 1024K, reserved 1048576K
}
Event: 0.433 GC heap after
{Heap after GC invocations=1 (full 0):
 garbage-first heap   total 522240K, used 2618K [0x0000000603a00000, 0x0000000800000000)
  region size 2048K, 2 young (4096K), 2 survivors (4096K)
 Metaspace       used 12188K, capacity 12292K, committed 12544K, reserved 1060864K
  class space    used 938K, capacity 973K, committed 1024K, reserved 1048576K
}

Deoptimization events (20 events):
Event: 1.624 Thread 0x000001bca8f31800 DEOPT PACKING pc=0x000001bcb20b994e sp=0x00000055d76ff300
Event: 1.624 Thread 0x000001bca8f31800 DEOPT UNPACKING pc=0x000001bcb16fa95e sp=0x00000055d76fe728 mode 0
Event: 1.624 Thread 0x000001bca8f31800 DEOPT PACKING pc=0x000001bcb20b994e sp=0x00000055d76ff300
Event: 1.624 Thread 0x000001bca8f31800 DEOPT UNPACKING pc=0x000001bcb16fa95e sp=0x00000055d76fe728 mode 0
Event: 4.460 Thread 0x000001bca8f31800 Uncommon trap: trap_request=0xffffffd6 fr.pc=0x000001bcb92deb2c relative=0x00000000000001cc
Event: 4.460 Thread 0x000001bca8f31800 Uncommon trap: reason=array_check action=maybe_recompile pc=0x000001bcb92deb2c method=com.badlogic.gdx.utils.Array.add(Ljava/lang/Object;)V @ 46 c2
Event: 4.460 Thread 0x000001bca8f31800 DEOPT PACKING pc=0x000001bcb92deb2c sp=0x00000055d76ff190
Event: 4.460 Thread 0x000001bca8f31800 DEOPT UNPACKING pc=0x000001bcb16fa1af sp=0x00000055d76ff138 mode 2
Event: 4.462 Thread 0x000001bca8f31800 Uncommon trap: trap_request=0xffffffd6 fr.pc=0x000001bcb92deb2c relative=0x00000000000001cc
Event: 4.462 Thread 0x000001bca8f31800 Uncommon trap: reason=array_check action=maybe_recompile pc=0x000001bcb92deb2c method=com.badlogic.gdx.utils.Array.add(Ljava/lang/Object;)V @ 46 c2
Event: 4.462 Thread 0x000001bca8f31800 DEOPT PACKING pc=0x000001bcb92deb2c sp=0x00000055d76ff070
Event: 4.462 Thread 0x000001bca8f31800 DEOPT UNPACKING pc=0x000001bcb16fa1af sp=0x00000055d76ff018 mode 2
Event: 4.462 Thread 0x000001bca8f31800 Uncommon trap: trap_request=0xffffffd6 fr.pc=0x000001bcb92deb2c relative=0x00000000000001cc
Event: 4.462 Thread 0x000001bca8f31800 Uncommon trap: reason=array_check action=maybe_recompile pc=0x000001bcb92deb2c method=com.badlogic.gdx.utils.Array.add(Ljava/lang/Object;)V @ 46 c2
Event: 4.462 Thread 0x000001bca8f31800 DEOPT PACKING pc=0x000001bcb92deb2c sp=0x00000055d76ff070
Event: 4.462 Thread 0x000001bca8f31800 DEOPT UNPACKING pc=0x000001bcb16fa1af sp=0x00000055d76ff018 mode 2
Event: 4.462 Thread 0x000001bca8f31800 Uncommon trap: trap_request=0xffffffd6 fr.pc=0x000001bcb92deb2c relative=0x00000000000001cc
Event: 4.462 Thread 0x000001bca8f31800 Uncommon trap: reason=array_check action=maybe_recompile pc=0x000001bcb92deb2c method=com.badlogic.gdx.utils.Array.add(Ljava/lang/Object;)V @ 46 c2
Event: 4.462 Thread 0x000001bca8f31800 DEOPT PACKING pc=0x000001bcb92deb2c sp=0x00000055d76ff150
Event: 4.462 Thread 0x000001bca8f31800 DEOPT UNPACKING pc=0x000001bcb16fa1af sp=0x00000055d76ff0f8 mode 2

Classes redefined (0 events):
No events

Internal exceptions (20 events):
Event: 4.395 Thread 0x000001bca8f31800 Exception <a 'java/lang/NullPointerException'{0x0000000622dd6220}> (0x0000000622dd6220) thrown at [s\src\hotspot\share\interpreter\linkResolver.cpp, line 1358]
Event: 4.395 Thread 0x000001bca8f31800 Exception <a 'java/lang/NullPointerException'{0x0000000622dd64f0}> (0x0000000622dd64f0) thrown at [s\src\hotspot\share\interpreter\linkResolver.cpp, line 1358]
Event: 4.402 Thread 0x000001bca8f31800 Exception <a 'java/lang/NullPointerException'{0x0000000622dd6848}> (0x0000000622dd6848) thrown at [s\src\hotspot\share\interpreter\linkResolver.cpp, line 1358]
Event: 4.402 Thread 0x000001bca8f31800 Exception <a 'java/lang/NullPointerException'{0x0000000622dd6b18}> (0x0000000622dd6b18) thrown at [s\src\hotspot\share\interpreter\linkResolver.cpp, line 1358]
Event: 4.409 Thread 0x000001bca8f31800 Exception <a 'java/lang/NullPointerException'{0x0000000622dd6e70}> (0x0000000622dd6e70) thrown at [s\src\hotspot\share\interpreter\linkResolver.cpp, line 1358]
Event: 4.409 Thread 0x000001bca8f31800 Exception <a 'java/lang/NullPointerException'{0x0000000622dd7140}> (0x0000000622dd7140) thrown at [s\src\hotspot\share\interpreter\linkResolver.cpp, line 1358]
Event: 4.416 Thread 0x000001bca8f31800 Exception <a 'java/lang/NullPointerException'{0x0000000622dd7498}> (0x0000000622dd7498) thrown at [s\src\hotspot\share\interpreter\linkResolver.cpp, line 1358]
Event: 4.416 Thread 0x000001bca8f31800 Exception <a 'java/lang/NullPointerException'{0x0000000622dd7768}> (0x0000000622dd7768) thrown at [s\src\hotspot\share\interpreter\linkResolver.cpp, line 1358]
Event: 4.422 Thread 0x000001bca8f31800 Exception <a 'java/lang/NullPointerException'{0x0000000622dd7ac0}> (0x0000000622dd7ac0) thrown at [s\src\hotspot\share\interpreter\linkResolver.cpp, line 1358]
Event: 4.422 Thread 0x000001bca8f31800 Exception <a 'java/lang/NullPointerException'{0x0000000622dd7d90}> (0x0000000622dd7d90) thrown at [s\src\hotspot\share\interpreter\linkResolver.cpp, line 1358]
Event: 4.429 Thread 0x000001bca8f31800 Exception <a 'java/lang/NullPointerException'{0x0000000622dd80e8}> (0x0000000622dd80e8) thrown at [s\src\hotspot\share\interpreter\linkResolver.cpp, line 1358]
Event: 4.429 Thread 0x000001bca8f31800 Exception <a 'java/lang/NullPointerException'{0x0000000622dd83b8}> (0x0000000622dd83b8) thrown at [s\src\hotspot\share\interpreter\linkResolver.cpp, line 1358]
Event: 4.436 Thread 0x000001bca8f31800 Exception <a 'java/lang/NullPointerException'{0x0000000622dd8710}> (0x0000000622dd8710) thrown at [s\src\hotspot\share\interpreter\linkResolver.cpp, line 1358]
Event: 4.436 Thread 0x000001bca8f31800 Exception <a 'java/lang/NullPointerException'{0x0000000622dd89e0}> (0x0000000622dd89e0) thrown at [s\src\hotspot\share\interpreter\linkResolver.cpp, line 1358]
Event: 4.443 Thread 0x000001bca8f31800 Exception <a 'java/lang/NullPointerException'{0x0000000622dd8d38}> (0x0000000622dd8d38) thrown at [s\src\hotspot\share\interpreter\linkResolver.cpp, line 1358]
Event: 4.443 Thread 0x000001bca8f31800 Exception <a 'java/lang/NullPointerException'{0x0000000622dd9008}> (0x0000000622dd9008) thrown at [s\src\hotspot\share\interpreter\linkResolver.cpp, line 1358]
Event: 4.450 Thread 0x000001bca8f31800 Exception <a 'java/lang/NullPointerException'{0x0000000622dd9360}> (0x0000000622dd9360) thrown at [s\src\hotspot\share\interpreter\linkResolver.cpp, line 1358]
Event: 4.450 Thread 0x000001bca8f31800 Exception <a 'java/lang/NullPointerException'{0x0000000622dd9630}> (0x0000000622dd9630) thrown at [s\src\hotspot\share\interpreter\linkResolver.cpp, line 1358]
Event: 4.457 Thread 0x000001bca8f31800 Exception <a 'java/lang/NullPointerException'{0x0000000622dd9988}> (0x0000000622dd9988) thrown at [s\src\hotspot\share\interpreter\linkResolver.cpp, line 1358]
Event: 4.457 Thread 0x000001bca8f31800 Exception <a 'java/lang/NullPointerException'{0x0000000622dd9c58}> (0x0000000622dd9c58) thrown at [s\src\hotspot\share\interpreter\linkResolver.cpp, line 1358]

Events (20 events):
Event: 2.020 Thread 0x000001bcd938f800 Thread exited: 0x000001bcd938f800
Event: 2.299 Loaded shared library C:\Users\james\AppData\Local\Temp\lwjgl_james\3.3.3+5\x64\lwjgl_opengl.dll
Event: 2.300 Loaded shared library C:\Users\james\AppData\Local\Temp\lwjgl_james\3.3.3+5\x64\lwjgl_opengl.dll
Event: 2.305 Loaded shared library C:\Users\james\AppData\Local\Temp\lwjgl_james\3.3.3+5\x64\lwjgl.dll
Event: 2.305 Loaded shared library C:\Users\james\AppData\Local\Temp\lwjgl_james\3.3.3+5\x64\lwjgl.dll
Event: 2.381 Loaded shared library C:\Users\james\.jdks\corretto-11.0.22\bin\java.dll
Event: 3.027 Thread 0x000001bcd89c0000 Thread exited: 0x000001bcd89c0000
Event: 3.027 Thread 0x000001bcd6ade000 Thread exited: 0x000001bcd6ade000
Event: 3.159 Loaded shared library C:\Users\james\AppData\Local\Temp\libgdxjames\2a9d7f76\gdx64.dll
Event: 4.457 loading class com/heslington_hustle/screens/ActivityScreen
Event: 4.457 loading class com/heslington_hustle/screens/ActivityScreen done
Event: 4.459 loading class com/badlogic/gdx/utils/ObjectSet$ObjectSetIterator
Event: 4.459 loading class com/badlogic/gdx/utils/ObjectSet$ObjectSetIterator done
Event: 4.462 Thread 0x000001bce096a000 Thread added: 0x000001bce096a000
Event: 4.462 loading class com/heslington_hustle/screens/ActivityScreen$1
Event: 4.462 loading class com/heslington_hustle/screens/ActivityScreen$1 done
Event: 4.462 Thread 0x000001bce0c53000 Thread added: 0x000001bce0c53000
Event: 4.462 Thread 0x000001bce0c53800 Thread added: 0x000001bce0c53800
Event: 4.462 loading class com/heslington_hustle/screens/ActivityScreen$2
Event: 4.462 loading class com/heslington_hustle/screens/ActivityScreen$2 done


Dynamic libraries:
0x00007ff7e54f0000 - 0x00007ff7e54fe000 	C:\Users\james\.jdks\corretto-11.0.22\bin\java.exe
0x00007ff9f4470000 - 0x00007ff9f4687000 	C:\Windows\SYSTEM32\ntdll.dll
0x00007ff9f36b0000 - 0x00007ff9f3774000 	C:\Windows\System32\KERNEL32.DLL
0x00007ff9f1b80000 - 0x00007ff9f1f26000 	C:\Windows\System32\KERNELBASE.dll
0x00007ff9f20a0000 - 0x00007ff9f21b1000 	C:\Windows\System32\ucrtbase.dll
0x00007ff9e4210000 - 0x00007ff9e4227000 	C:\Users\james\.jdks\corretto-11.0.22\bin\jli.dll
0x00007ff9e4740000 - 0x00007ff9e475b000 	C:\Users\james\.jdks\corretto-11.0.22\bin\VCRUNTIME140.dll
0x00007ff9f3e90000 - 0x00007ff9f403e000 	C:\Windows\System32\USER32.dll
0x00007ff9f18c0000 - 0x00007ff9f18e6000 	C:\Windows\System32\win32u.dll
0x00007ff9f3580000 - 0x00007ff9f35a9000 	C:\Windows\System32\GDI32.dll
0x00007ff9e4cb0000 - 0x00007ff9e4f43000 	C:\Windows\WinSxS\amd64_microsoft.windows.common-controls_6595b64144ccf1df_6.0.22621.2506_none_270c5ae97388e100\COMCTL32.dll
0x00007ff9f18f0000 - 0x00007ff9f1a08000 	C:\Windows\System32\gdi32full.dll
0x00007ff9f4380000 - 0x00007ff9f4427000 	C:\Windows\System32\msvcrt.dll
0x00007ff9f1820000 - 0x00007ff9f18ba000 	C:\Windows\System32\msvcp_win.dll
0x00007ff9f4340000 - 0x00007ff9f4371000 	C:\Windows\System32\IMM32.DLL
0x00007ff9e47d0000 - 0x00007ff9e47dc000 	C:\Users\james\.jdks\corretto-11.0.22\bin\vcruntime140_1.dll
0x00007ff9c8b90000 - 0x00007ff9c8c1d000 	C:\Users\james\.jdks\corretto-11.0.22\bin\msvcp140.dll
0x00007ff9786d0000 - 0x00007ff979293000 	C:\Users\james\.jdks\corretto-11.0.22\bin\server\jvm.dll
0x00007ff9f3430000 - 0x00007ff9f34e3000 	C:\Windows\System32\ADVAPI32.dll
0x00007ff9f4040000 - 0x00007ff9f40e8000 	C:\Windows\System32\sechost.dll
0x00007ff9f2070000 - 0x00007ff9f2098000 	C:\Windows\System32\bcrypt.dll
0x00007ff9f3bb0000 - 0x00007ff9f3cc7000 	C:\Windows\System32\RPCRT4.dll
0x00007ff9f3ba0000 - 0x00007ff9f3ba8000 	C:\Windows\System32\PSAPI.DLL
0x00007ff9e8710000 - 0x00007ff9e871a000 	C:\Windows\SYSTEM32\VERSION.dll
0x00007ff9ea190000 - 0x00007ff9ea1c4000 	C:\Windows\SYSTEM32\WINMM.dll
0x00007ff9ee440000 - 0x00007ff9ee449000 	C:\Windows\SYSTEM32\WSOCK32.dll
0x00007ff9f3780000 - 0x00007ff9f37f1000 	C:\Windows\System32\WS2_32.dll
0x00007ff9f08a0000 - 0x00007ff9f08b8000 	C:\Windows\SYSTEM32\kernel.appcore.dll
0x00007ff9e4730000 - 0x00007ff9e4740000 	C:\Users\james\.jdks\corretto-11.0.22\bin\verify.dll
0x00007ff9e2f10000 - 0x00007ff9e3143000 	C:\Windows\SYSTEM32\DBGHELP.DLL
0x00007ff9f30a0000 - 0x00007ff9f3429000 	C:\Windows\System32\combase.dll
0x00007ff9f40f0000 - 0x00007ff9f41c7000 	C:\Windows\System32\OLEAUT32.dll
0x00007ff9d49d0000 - 0x00007ff9d4a02000 	C:\Windows\SYSTEM32\dbgcore.DLL
0x00007ff9f1ff0000 - 0x00007ff9f206a000 	C:\Windows\System32\bcryptPrimitives.dll
0x00007ff9e41e0000 - 0x00007ff9e4208000 	C:\Users\james\.jdks\corretto-11.0.22\bin\java.dll
0x00007ff9e41d0000 - 0x00007ff9e41da000 	C:\Users\james\.jdks\corretto-11.0.22\bin\jimage.dll
0x00007ff9e3fe0000 - 0x00007ff9e3ff8000 	C:\Users\james\.jdks\corretto-11.0.22\bin\zip.dll
0x00007ff9f2350000 - 0x00007ff9f2bab000 	C:\Windows\System32\SHELL32.dll
0x00007ff9ef6d0000 - 0x00007ff9effc6000 	C:\Windows\SYSTEM32\windows.storage.dll
0x00007ff9ef590000 - 0x00007ff9ef6ce000 	C:\Windows\SYSTEM32\wintypes.dll
0x00007ff9f35b0000 - 0x00007ff9f36a3000 	C:\Windows\System32\SHCORE.dll
0x00007ff9f3800000 - 0x00007ff9f385e000 	C:\Windows\System32\shlwapi.dll
0x00007ff9f16e0000 - 0x00007ff9f1706000 	C:\Windows\SYSTEM32\profapi.dll
0x00007ff9e3fc0000 - 0x00007ff9e3fd9000 	C:\Users\james\.jdks\corretto-11.0.22\bin\net.dll
0x00007ff9eb7c0000 - 0x00007ff9eb8f7000 	C:\Windows\SYSTEM32\WINHTTP.dll
0x00007ff9f0d20000 - 0x00007ff9f0d89000 	C:\Windows\system32\mswsock.dll
0x00007ff9e3fa0000 - 0x00007ff9e3fb2000 	C:\Users\james\.jdks\corretto-11.0.22\bin\nio.dll
0x000000006e700000 - 0x000000006e72d000 	C:\Users\james\AppData\Local\Temp\libgdxjames\2a9d7f76\gdx64.dll
0x00007ff9cfb00000 - 0x00007ff9cfb7b000 	C:\Users\james\AppData\Local\Temp\lwjgl_james\3.3.3+5\x64\lwjgl.dll
0x00007ff988db0000 - 0x00007ff989020000 	C:\Users\james\AppData\Local\Temp\lwjgl_james\3.3.3+5\x64\jemalloc.dll
0x00007ff9c89a0000 - 0x00007ff9c8a22000 	C:\Users\james\AppData\Local\Temp\lwjgl_james\3.3.3+5\x64\glfw.dll
0x00007ff9cfa90000 - 0x00007ff9cfad6000 	C:\Windows\SYSTEM32\dinput8.dll
0x00007ff9aa240000 - 0x00007ff9aa251000 	C:\Windows\SYSTEM32\xinput1_4.dll
0x00007ff9f14a0000 - 0x00007ff9f14ee000 	C:\Windows\SYSTEM32\cfgmgr32.dll
0x00007ff9f1470000 - 0x00007ff9f149c000 	C:\Windows\SYSTEM32\DEVOBJ.dll
0x00007ff9eee90000 - 0x00007ff9eeebb000 	C:\Windows\SYSTEM32\dwmapi.dll
0x00007ff9cd4b0000 - 0x00007ff9cd6ba000 	C:\Windows\SYSTEM32\inputhost.dll
0x00007ff9ee0a0000 - 0x00007ff9ee1d4000 	C:\Windows\SYSTEM32\CoreMessaging.dll
0x00007ff9eec50000 - 0x00007ff9eecfb000 	C:\Windows\system32\uxtheme.dll
0x00007ff9f41d0000 - 0x00007ff9f4321000 	C:\Windows\System32\MSCTF.dll
0x00007ff9f0f60000 - 0x00007ff9f0f6c000 	C:\Windows\SYSTEM32\CRYPTBASE.DLL
0x00007ff988be0000 - 0x00007ff988da7000 	C:\Users\james\AppData\Local\Temp\lwjgl_james\3.3.3+5\x64\OpenAL.dll
0x00007ff9f3cd0000 - 0x00007ff9f3e70000 	C:\Windows\System32\ole32.dll
0x00007ff9f3860000 - 0x00007ff9f3910000 	C:\Windows\System32\clbcatq.dll
0x00007ff9e79c0000 - 0x00007ff9e7a5d000 	C:\Windows\System32\MMDevApi.dll
0x00007ff9e3710000 - 0x00007ff9e38fc000 	C:\Windows\SYSTEM32\AUDIOSES.DLL
0x00007ff9ef1a0000 - 0x00007ff9ef1b5000 	C:\Windows\SYSTEM32\resourcepolicyclient.dll
0x00007ff9f0600000 - 0x00007ff9f064d000 	C:\Windows\SYSTEM32\powrprof.dll
0x00007ff9f05e0000 - 0x00007ff9f05f3000 	C:\Windows\SYSTEM32\UMPDC.dll
0x00007ff9a6970000 - 0x00007ff9a6a70000 	C:\Windows\SYSTEM32\opengl32.dll
0x00007ff9a9730000 - 0x00007ff9a975d000 	C:\Windows\SYSTEM32\GLU32.dll
0x00007ff9eef00000 - 0x00007ff9eef39000 	C:\Windows\SYSTEM32\dxcore.dll
0x00007ff9eaa80000 - 0x00007ff9eabb5000 	C:\Windows\System32\AppXDeploymentClient.dll
0x00007ff9957c0000 - 0x00007ff998462000 	C:\Windows\System32\DriverStore\FileRepository\nvmdi.inf_amd64_92b25561841a09dd\nvoglv64.dll
0x00007ff9f2c00000 - 0x00007ff9f3074000 	C:\Windows\System32\SETUPAPI.dll
0x00007ff9f0650000 - 0x00007ff9f0664000 	C:\Windows\SYSTEM32\WTSAPI32.dll
0x00007ff9f1450000 - 0x00007ff9f1462000 	C:\Windows\SYSTEM32\msasn1.dll
0x00007ff9e86d0000 - 0x00007ff9e8702000 	C:\Windows\SYSTEM32\cryptnet.dll
0x00007ff9f1a10000 - 0x00007ff9f1b76000 	C:\Windows\System32\CRYPT32.dll
0x00007ff9e8420000 - 0x00007ff9e8578000 	C:\Windows\SYSTEM32\drvstore.dll
0x00007ff9f1060000 - 0x00007ff9f10ab000 	C:\Windows\SYSTEM32\wldp.dll
0x00007ff9f17b0000 - 0x00007ff9f181b000 	C:\Windows\System32\WINTRUST.dll
0x00007ff9f08c0000 - 0x00007ff9f08f4000 	C:\Windows\SYSTEM32\ntmarta.dll
0x00007ff9f3080000 - 0x00007ff9f309f000 	C:\Windows\System32\imagehlp.dll
0x00007ff9f0f40000 - 0x00007ff9f0f5b000 	C:\Windows\SYSTEM32\CRYPTSP.dll
0x00007ff9f0800000 - 0x00007ff9f0835000 	C:\Windows\system32\rsaenh.dll
0x00007ff9e0620000 - 0x00007ff9e283d000 	C:\Windows\System32\DriverStore\FileRepository\nvmdi.inf_amd64_92b25561841a09dd\nvgpucomp64.dll
0x00007ff9d5af0000 - 0x00007ff9d5dc1000 	C:\Windows\system32\nvspcap64.dll
0x00007ff9f0220000 - 0x00007ff9f0286000 	C:\Windows\SYSTEM32\WINSTA.dll
0x00007ff9c97a0000 - 0x00007ff9c97fe000 	C:\Users\james\AppData\Local\Temp\lwjgl_james\3.3.3+5\x64\lwjgl_opengl.dll
0x00007ff9cb870000 - 0x00007ff9cb9ba000 	C:\Windows\SYSTEM32\textinputframework.dll
0x00007ff9e97b0000 - 0x00007ff9e9b1c000 	C:\Windows\SYSTEM32\CoreUIComponents.dll

dbghelp: loaded successfully - version: 4.0.5 - missing functions: none
symbol engine: initialized successfully - sym options: 0x614 - pdb path: .;C:\Users\james\.jdks\corretto-11.0.22\bin;C:\Windows\SYSTEM32;C:\Windows\WinSxS\amd64_microsoft.windows.common-controls_6595b64144ccf1df_6.0.22621.2506_none_270c5ae97388e100;C:\Users\james\.jdks\corretto-11.0.22\bin\server;C:\Users\james\AppData\Local\Temp\libgdxjames\2a9d7f76;C:\Users\james\AppData\Local\Temp\lwjgl_james\3.3.3+5\x64;C:\Windows\System32\DriverStore\FileRepository\nvmdi.inf_amd64_92b25561841a09dd

VM Arguments:
jvm_args: -Dfile.encoding=windows-1252 -Duser.country=GB -Duser.language=en -Duser.variant 
java_command: com.heslington_hustle.game.DesktopLauncher
java_class_path (initial): C:\Users\james\Downloads\Group-12-ENG1\Heslington_hustle\desktop\build\classes\java\main;C:\Users\james\Downloads\Group-12-ENG1\Heslington_hustle\desktop\build\resources\main;C:\Users\james\.gradle\caches\modules-2\files-2.1\com.badlogicgames.gdx\gdx-backend-lwjgl3\1.12.1\12a144cacb34f0392cd8354f798d99e4836a51a8\gdx-backend-lwjgl3-1.12.1.jar;C:\Users\james\.gradle\caches\modules-2\files-2.1\com.badlogicgames.gdx\gdx-platform\1.12.1\5737be5ce3a4e8f9f77c2d9ab95ab479f9c3705f\gdx-platform-1.12.1-natives-desktop.jar;C:\Users\james\.gradle\caches\modules-2\files-2.1\com.badlogicgames.gdx\gdx-box2d-platform\1.12.1\4e82228fcdd2e8a7673fe7952588acfdb33d7820\gdx-box2d-platform-1.12.1-natives-desktop.jar;C:\Users\james\.gradle\caches\modules-2\files-2.1\com.badlogicgames.gdx\gdx-freetype-platform\1.12.1\a32f9ecca13ae01370d9649e48a30201080d4c18\gdx-freetype-platform-1.12.1-natives-desktop.jar;C:\Users\james\Downloads\Group-12-ENG1\Heslington_hustle\core\build\libs\core-1.0.jar;C:\Users\james\.gradle\caches\modules-2\files-2.1\com.badlogicgames.gdx\gdx-box2d\1.12.1\6c37ed04f97d062f1bdc4afe1f583182e539a269\gdx-box2d-1.12.1.jar;C:\Users\james\.gradle\caches\modules-2\files-2.1\com.badlogicgames.ashley\ashley\1.7.4\21a3a8932919099c4e5006a7d8378dcbe76ef8a5\ashley-1.7.4.jar;C:\Users\james\.gradle\caches\modules-2\files-2.1\com.badlogicgames.gdx\gdx-freetype\1.12.1\d5826997b0cfa595a72889610fadb18405056c1c\gdx-freetype-1.12.1.jar;C:\Users\james\.gradle\caches\modules-2\files-2.1\com.badlogicgames.gdx\gdx\1.12.1\a2d066c09329c457045c284c42d6f37122840aa\gdx-1.12.1.jar;C:\Users\james\.gradle\caches\modules-2\files-2.1\org.lwjgl\lwjgl-glfw\3.3.3\efa1eb78c5ccd840e9f329717109b5e892d72f8e\lwjgl-glfw-3.3.3.jar;C:\Users\james\.gradle\caches\modules-2\files-2.1\org.lwjgl\lwjgl-glfw\3.3.3\a03684c5e4b1b1dbbe0d29dbbdc27b985b6840f2\lwjgl-glfw-3.3.3-natives-linux.jar;C:\Users\james\.gradle\caches\modules-2\files-2.1\org.lwjgl\lwjgl-glfw\3.3.3\d9af485c32545b37dd5359b163161d4
Launcher Type: SUN_STANDARD

[Global flags]
     intx CICompilerCount                          = 12                                        {product} {ergonomic}
     uint ConcGCThreads                            = 4                                         {product} {ergonomic}
     uint G1ConcRefinementThreads                  = 15                                        {product} {ergonomic}
   size_t G1HeapRegionSize                         = 2097152                                   {product} {ergonomic}
    uintx GCDrainStackTargetSize                   = 64                                        {product} {ergonomic}
   size_t InitialHeapSize                          = 534773760                                 {product} {ergonomic}
   size_t MarkStackSize                            = 4194304                                   {product} {ergonomic}
   size_t MaxHeapSize                              = 8529117184                                {product} {ergonomic}
   size_t MaxNewSize                               = 5117050880                                {product} {ergonomic}
   size_t MinHeapDeltaBytes                        = 2097152                                   {product} {ergonomic}
    uintx NonNMethodCodeHeapSize                   = 7594288                                {pd product} {ergonomic}
    uintx NonProfiledCodeHeapSize                  = 122031976                              {pd product} {ergonomic}
    uintx ProfiledCodeHeapSize                     = 122031976                              {pd product} {ergonomic}
    uintx ReservedCodeCacheSize                    = 251658240                              {pd product} {ergonomic}
     bool SegmentedCodeCache                       = true                                      {product} {ergonomic}
     bool UseCompressedClassPointers               = true                                 {lp64_product} {ergonomic}
     bool UseCompressedOops                        = true                                 {lp64_product} {ergonomic}
     bool UseG1GC                                  = true                                      {product} {ergonomic}
     bool UseLargePagesIndividualAllocation        = false                                  {pd product} {ergonomic}

Logging:
Log output configuration:
 #0: stdout all=warning uptime,level,tags
 #1: stderr all=off uptime,level,tags

Environment Variables:
JAVA_HOME=C:\Program Files\Eclipse Adoptium\jdk-21.0.2.13-hotspot\
PATH=C:\Program Files\Eclipse Adoptium\jdk-21.0.2.13-hotspot\bin;C:\Windows\system32;C:\Windows;C:\Windows\System32\Wbem;C:\Windows\System32\WindowsPowerShell\v1.0\;C:\Windows\System32\OpenSSH\;C:\Program Files\NVIDIA Corporation\NVIDIA NvDLISR;C:\Program Files (x86)\NVIDIA Corporation\PhysX\Common;C:\Program Files\Git\cmd;C:\Users\james\AppData\Local\Microsoft\WindowsApps;C:\Program Files\JetBrains\IntelliJ IDEA 2023.3.4\bin;;C:\Users\james\AppData\Local\GitHubDesktop\bin
USERNAME=james
OS=Windows_NT
PROCESSOR_IDENTIFIER=Intel64 Family 6 Model 183 Stepping 1, GenuineIntel
TMP=C:\Users\james\AppData\Local\Temp
TEMP=C:\Users\james\AppData\Local\Temp



---------------  S Y S T E M  ---------------

OS: Windows 11 , 64 bit Build 22621 (10.0.22621.3085)
OS uptime: 5 days 3:20 hours
Hyper-V role detected

CPU:total 20 (initial active 20) (10 cores per cpu, 2 threads per core) family 6 model 183 stepping 1 microcode 0x11f, cmov, cx8, fxsr, mmx, sse, sse2, sse3, ssse3, sse4.1, sse4.2, popcnt, avx, avx2, aes, clmul, erms, 3dnowpref, lzcnt, ht, tsc, tscinvbit, bmi1, bmi2, adx, sha, fma

Memory: 4k page, system-wide physical 32535M (18888M free)
TotalPageFile size 34583M (AvailPageFile size 15499M)
current process WorkingSet (physical memory assigned to process): 170M, peak: 170M
current process commit charge ("private bytes"): 769M, peak: 769M

vm_info: OpenJDK 64-Bit Server VM (11.0.22+7-LTS) for windows-amd64 JRE (11.0.22+7-LTS), built on Jan 10 2024 19:54:00 by "Administrator" with MS VC++ 16.10 / 16.11 (VS2019)

END.
